[2025-05-16T06:33:46.964+0100] {processor.py:157} INFO - Started process (PID=8487) to work on /Users/saber/airflow_project/airflow_venv/lib/python3.10/site-packages/airflow/example_dags/subdags/subdag.py
[2025-05-16T06:33:46.964+0100] {processor.py:829} INFO - Processing file /Users/saber/airflow_project/airflow_venv/lib/python3.10/site-packages/airflow/example_dags/subdags/subdag.py for tasks to queue
[2025-05-16T06:33:46.965+0100] {logging_mixin.py:154} INFO - [2025-05-16T06:33:46.965+0100] {dagbag.py:536} INFO - Filling up the DagBag from /Users/saber/airflow_project/airflow_venv/lib/python3.10/site-packages/airflow/example_dags/subdags/subdag.py
[2025-05-16T06:33:46.965+0100] {processor.py:841} WARNING - No viable dags retrieved from /Users/saber/airflow_project/airflow_venv/lib/python3.10/site-packages/airflow/example_dags/subdags/subdag.py
[2025-05-16T06:33:46.999+0100] {processor.py:179} INFO - Processing /Users/saber/airflow_project/airflow_venv/lib/python3.10/site-packages/airflow/example_dags/subdags/subdag.py took 0.035 seconds
[2025-05-16T06:37:00.062+0100] {processor.py:157} INFO - Started process (PID=8703) to work on /Users/saber/airflow_project/airflow_venv/lib/python3.10/site-packages/airflow/example_dags/subdags/subdag.py
[2025-05-16T06:37:00.062+0100] {processor.py:829} INFO - Processing file /Users/saber/airflow_project/airflow_venv/lib/python3.10/site-packages/airflow/example_dags/subdags/subdag.py for tasks to queue
[2025-05-16T06:37:00.063+0100] {logging_mixin.py:154} INFO - [2025-05-16T06:37:00.063+0100] {dagbag.py:536} INFO - Filling up the DagBag from /Users/saber/airflow_project/airflow_venv/lib/python3.10/site-packages/airflow/example_dags/subdags/subdag.py
[2025-05-16T06:37:00.063+0100] {processor.py:841} WARNING - No viable dags retrieved from /Users/saber/airflow_project/airflow_venv/lib/python3.10/site-packages/airflow/example_dags/subdags/subdag.py
[2025-05-16T06:37:00.098+0100] {processor.py:179} INFO - Processing /Users/saber/airflow_project/airflow_venv/lib/python3.10/site-packages/airflow/example_dags/subdags/subdag.py took 0.036 seconds
[2025-05-16T06:37:13.342+0100] {processor.py:157} INFO - Started process (PID=8722) to work on /Users/saber/airflow_project/airflow_venv/lib/python3.10/site-packages/airflow/example_dags/subdags/subdag.py
[2025-05-16T06:37:13.342+0100] {processor.py:829} INFO - Processing file /Users/saber/airflow_project/airflow_venv/lib/python3.10/site-packages/airflow/example_dags/subdags/subdag.py for tasks to queue
[2025-05-16T06:37:13.343+0100] {logging_mixin.py:154} INFO - [2025-05-16T06:37:13.343+0100] {dagbag.py:536} INFO - Filling up the DagBag from /Users/saber/airflow_project/airflow_venv/lib/python3.10/site-packages/airflow/example_dags/subdags/subdag.py
[2025-05-16T06:37:13.343+0100] {processor.py:841} WARNING - No viable dags retrieved from /Users/saber/airflow_project/airflow_venv/lib/python3.10/site-packages/airflow/example_dags/subdags/subdag.py
[2025-05-16T06:37:13.377+0100] {processor.py:179} INFO - Processing /Users/saber/airflow_project/airflow_venv/lib/python3.10/site-packages/airflow/example_dags/subdags/subdag.py took 0.035 seconds
[2025-05-16T06:38:16.965+0100] {processor.py:157} INFO - Started process (PID=8773) to work on /Users/saber/airflow_project/airflow_venv/lib/python3.10/site-packages/airflow/example_dags/subdags/subdag.py
[2025-05-16T06:38:16.965+0100] {processor.py:829} INFO - Processing file /Users/saber/airflow_project/airflow_venv/lib/python3.10/site-packages/airflow/example_dags/subdags/subdag.py for tasks to queue
[2025-05-16T06:38:16.966+0100] {logging_mixin.py:154} INFO - [2025-05-16T06:38:16.966+0100] {dagbag.py:536} INFO - Filling up the DagBag from /Users/saber/airflow_project/airflow_venv/lib/python3.10/site-packages/airflow/example_dags/subdags/subdag.py
[2025-05-16T06:38:16.967+0100] {processor.py:841} WARNING - No viable dags retrieved from /Users/saber/airflow_project/airflow_venv/lib/python3.10/site-packages/airflow/example_dags/subdags/subdag.py
[2025-05-16T06:38:17.002+0100] {processor.py:179} INFO - Processing /Users/saber/airflow_project/airflow_venv/lib/python3.10/site-packages/airflow/example_dags/subdags/subdag.py took 0.037 seconds
[2025-05-16T06:39:13.684+0100] {processor.py:157} INFO - Started process (PID=8827) to work on /Users/saber/airflow_project/airflow_venv/lib/python3.10/site-packages/airflow/example_dags/subdags/subdag.py
[2025-05-16T06:39:13.684+0100] {processor.py:829} INFO - Processing file /Users/saber/airflow_project/airflow_venv/lib/python3.10/site-packages/airflow/example_dags/subdags/subdag.py for tasks to queue
[2025-05-16T06:39:13.684+0100] {logging_mixin.py:154} INFO - [2025-05-16T06:39:13.684+0100] {dagbag.py:536} INFO - Filling up the DagBag from /Users/saber/airflow_project/airflow_venv/lib/python3.10/site-packages/airflow/example_dags/subdags/subdag.py
[2025-05-16T06:39:13.685+0100] {processor.py:841} WARNING - No viable dags retrieved from /Users/saber/airflow_project/airflow_venv/lib/python3.10/site-packages/airflow/example_dags/subdags/subdag.py
[2025-05-16T06:39:13.719+0100] {processor.py:179} INFO - Processing /Users/saber/airflow_project/airflow_venv/lib/python3.10/site-packages/airflow/example_dags/subdags/subdag.py took 0.036 seconds
[2025-05-16T06:40:08.267+0100] {processor.py:157} INFO - Started process (PID=8888) to work on /Users/saber/airflow_project/airflow_venv/lib/python3.10/site-packages/airflow/example_dags/subdags/subdag.py
[2025-05-16T06:40:08.267+0100] {processor.py:829} INFO - Processing file /Users/saber/airflow_project/airflow_venv/lib/python3.10/site-packages/airflow/example_dags/subdags/subdag.py for tasks to queue
[2025-05-16T06:40:08.268+0100] {logging_mixin.py:154} INFO - [2025-05-16T06:40:08.268+0100] {dagbag.py:536} INFO - Filling up the DagBag from /Users/saber/airflow_project/airflow_venv/lib/python3.10/site-packages/airflow/example_dags/subdags/subdag.py
[2025-05-16T06:40:08.268+0100] {processor.py:841} WARNING - No viable dags retrieved from /Users/saber/airflow_project/airflow_venv/lib/python3.10/site-packages/airflow/example_dags/subdags/subdag.py
[2025-05-16T06:40:08.302+0100] {processor.py:179} INFO - Processing /Users/saber/airflow_project/airflow_venv/lib/python3.10/site-packages/airflow/example_dags/subdags/subdag.py took 0.036 seconds
[2025-05-16T06:41:05.984+0100] {processor.py:157} INFO - Started process (PID=8936) to work on /Users/saber/airflow_project/airflow_venv/lib/python3.10/site-packages/airflow/example_dags/subdags/subdag.py
[2025-05-16T06:41:05.984+0100] {processor.py:829} INFO - Processing file /Users/saber/airflow_project/airflow_venv/lib/python3.10/site-packages/airflow/example_dags/subdags/subdag.py for tasks to queue
[2025-05-16T06:41:05.985+0100] {logging_mixin.py:154} INFO - [2025-05-16T06:41:05.985+0100] {dagbag.py:536} INFO - Filling up the DagBag from /Users/saber/airflow_project/airflow_venv/lib/python3.10/site-packages/airflow/example_dags/subdags/subdag.py
[2025-05-16T06:41:05.985+0100] {processor.py:841} WARNING - No viable dags retrieved from /Users/saber/airflow_project/airflow_venv/lib/python3.10/site-packages/airflow/example_dags/subdags/subdag.py
[2025-05-16T06:41:06.019+0100] {processor.py:179} INFO - Processing /Users/saber/airflow_project/airflow_venv/lib/python3.10/site-packages/airflow/example_dags/subdags/subdag.py took 0.036 seconds
[2025-05-16T06:42:07.220+0100] {processor.py:157} INFO - Started process (PID=8989) to work on /Users/saber/airflow_project/airflow_venv/lib/python3.10/site-packages/airflow/example_dags/subdags/subdag.py
[2025-05-16T06:42:07.221+0100] {processor.py:829} INFO - Processing file /Users/saber/airflow_project/airflow_venv/lib/python3.10/site-packages/airflow/example_dags/subdags/subdag.py for tasks to queue
[2025-05-16T06:42:07.221+0100] {logging_mixin.py:154} INFO - [2025-05-16T06:42:07.221+0100] {dagbag.py:536} INFO - Filling up the DagBag from /Users/saber/airflow_project/airflow_venv/lib/python3.10/site-packages/airflow/example_dags/subdags/subdag.py
[2025-05-16T06:42:07.222+0100] {processor.py:841} WARNING - No viable dags retrieved from /Users/saber/airflow_project/airflow_venv/lib/python3.10/site-packages/airflow/example_dags/subdags/subdag.py
[2025-05-16T06:42:07.256+0100] {processor.py:179} INFO - Processing /Users/saber/airflow_project/airflow_venv/lib/python3.10/site-packages/airflow/example_dags/subdags/subdag.py took 0.036 seconds
[2025-05-16T06:43:04.946+0100] {processor.py:157} INFO - Started process (PID=9038) to work on /Users/saber/airflow_project/airflow_venv/lib/python3.10/site-packages/airflow/example_dags/subdags/subdag.py
[2025-05-16T06:43:04.946+0100] {processor.py:829} INFO - Processing file /Users/saber/airflow_project/airflow_venv/lib/python3.10/site-packages/airflow/example_dags/subdags/subdag.py for tasks to queue
[2025-05-16T06:43:04.946+0100] {logging_mixin.py:154} INFO - [2025-05-16T06:43:04.946+0100] {dagbag.py:536} INFO - Filling up the DagBag from /Users/saber/airflow_project/airflow_venv/lib/python3.10/site-packages/airflow/example_dags/subdags/subdag.py
[2025-05-16T06:43:04.947+0100] {processor.py:841} WARNING - No viable dags retrieved from /Users/saber/airflow_project/airflow_venv/lib/python3.10/site-packages/airflow/example_dags/subdags/subdag.py
[2025-05-16T06:43:04.981+0100] {processor.py:179} INFO - Processing /Users/saber/airflow_project/airflow_venv/lib/python3.10/site-packages/airflow/example_dags/subdags/subdag.py took 0.035 seconds
[2025-05-16T06:44:00.621+0100] {processor.py:157} INFO - Started process (PID=9086) to work on /Users/saber/airflow_project/airflow_venv/lib/python3.10/site-packages/airflow/example_dags/subdags/subdag.py
[2025-05-16T06:44:00.621+0100] {processor.py:829} INFO - Processing file /Users/saber/airflow_project/airflow_venv/lib/python3.10/site-packages/airflow/example_dags/subdags/subdag.py for tasks to queue
[2025-05-16T06:44:00.621+0100] {logging_mixin.py:154} INFO - [2025-05-16T06:44:00.621+0100] {dagbag.py:536} INFO - Filling up the DagBag from /Users/saber/airflow_project/airflow_venv/lib/python3.10/site-packages/airflow/example_dags/subdags/subdag.py
[2025-05-16T06:44:00.622+0100] {processor.py:841} WARNING - No viable dags retrieved from /Users/saber/airflow_project/airflow_venv/lib/python3.10/site-packages/airflow/example_dags/subdags/subdag.py
[2025-05-16T06:44:00.656+0100] {processor.py:179} INFO - Processing /Users/saber/airflow_project/airflow_venv/lib/python3.10/site-packages/airflow/example_dags/subdags/subdag.py took 0.036 seconds
[2025-05-16T06:44:59.737+0100] {processor.py:157} INFO - Started process (PID=9143) to work on /Users/saber/airflow_project/airflow_venv/lib/python3.10/site-packages/airflow/example_dags/subdags/subdag.py
[2025-05-16T06:44:59.738+0100] {processor.py:829} INFO - Processing file /Users/saber/airflow_project/airflow_venv/lib/python3.10/site-packages/airflow/example_dags/subdags/subdag.py for tasks to queue
[2025-05-16T06:44:59.738+0100] {logging_mixin.py:154} INFO - [2025-05-16T06:44:59.738+0100] {dagbag.py:536} INFO - Filling up the DagBag from /Users/saber/airflow_project/airflow_venv/lib/python3.10/site-packages/airflow/example_dags/subdags/subdag.py
[2025-05-16T06:44:59.739+0100] {processor.py:841} WARNING - No viable dags retrieved from /Users/saber/airflow_project/airflow_venv/lib/python3.10/site-packages/airflow/example_dags/subdags/subdag.py
[2025-05-16T06:44:59.773+0100] {processor.py:179} INFO - Processing /Users/saber/airflow_project/airflow_venv/lib/python3.10/site-packages/airflow/example_dags/subdags/subdag.py took 0.036 seconds
[2025-05-16T06:45:56.751+0100] {processor.py:157} INFO - Started process (PID=9210) to work on /Users/saber/airflow_project/airflow_venv/lib/python3.10/site-packages/airflow/example_dags/subdags/subdag.py
[2025-05-16T06:45:56.752+0100] {processor.py:829} INFO - Processing file /Users/saber/airflow_project/airflow_venv/lib/python3.10/site-packages/airflow/example_dags/subdags/subdag.py for tasks to queue
[2025-05-16T06:45:56.752+0100] {logging_mixin.py:154} INFO - [2025-05-16T06:45:56.752+0100] {dagbag.py:536} INFO - Filling up the DagBag from /Users/saber/airflow_project/airflow_venv/lib/python3.10/site-packages/airflow/example_dags/subdags/subdag.py
[2025-05-16T06:45:56.753+0100] {processor.py:841} WARNING - No viable dags retrieved from /Users/saber/airflow_project/airflow_venv/lib/python3.10/site-packages/airflow/example_dags/subdags/subdag.py
[2025-05-16T06:45:56.787+0100] {processor.py:179} INFO - Processing /Users/saber/airflow_project/airflow_venv/lib/python3.10/site-packages/airflow/example_dags/subdags/subdag.py took 0.036 seconds
[2025-05-16T06:46:56.305+0100] {processor.py:157} INFO - Started process (PID=9259) to work on /Users/saber/airflow_project/airflow_venv/lib/python3.10/site-packages/airflow/example_dags/subdags/subdag.py
[2025-05-16T06:46:56.305+0100] {processor.py:829} INFO - Processing file /Users/saber/airflow_project/airflow_venv/lib/python3.10/site-packages/airflow/example_dags/subdags/subdag.py for tasks to queue
[2025-05-16T06:46:56.306+0100] {logging_mixin.py:154} INFO - [2025-05-16T06:46:56.306+0100] {dagbag.py:536} INFO - Filling up the DagBag from /Users/saber/airflow_project/airflow_venv/lib/python3.10/site-packages/airflow/example_dags/subdags/subdag.py
[2025-05-16T06:46:56.307+0100] {processor.py:841} WARNING - No viable dags retrieved from /Users/saber/airflow_project/airflow_venv/lib/python3.10/site-packages/airflow/example_dags/subdags/subdag.py
[2025-05-16T06:46:56.340+0100] {processor.py:179} INFO - Processing /Users/saber/airflow_project/airflow_venv/lib/python3.10/site-packages/airflow/example_dags/subdags/subdag.py took 0.036 seconds
[2025-05-16T06:47:53.661+0100] {processor.py:157} INFO - Started process (PID=9308) to work on /Users/saber/airflow_project/airflow_venv/lib/python3.10/site-packages/airflow/example_dags/subdags/subdag.py
[2025-05-16T06:47:53.661+0100] {processor.py:829} INFO - Processing file /Users/saber/airflow_project/airflow_venv/lib/python3.10/site-packages/airflow/example_dags/subdags/subdag.py for tasks to queue
[2025-05-16T06:47:53.662+0100] {logging_mixin.py:154} INFO - [2025-05-16T06:47:53.662+0100] {dagbag.py:536} INFO - Filling up the DagBag from /Users/saber/airflow_project/airflow_venv/lib/python3.10/site-packages/airflow/example_dags/subdags/subdag.py
[2025-05-16T06:47:53.662+0100] {processor.py:841} WARNING - No viable dags retrieved from /Users/saber/airflow_project/airflow_venv/lib/python3.10/site-packages/airflow/example_dags/subdags/subdag.py
[2025-05-16T06:47:53.696+0100] {processor.py:179} INFO - Processing /Users/saber/airflow_project/airflow_venv/lib/python3.10/site-packages/airflow/example_dags/subdags/subdag.py took 0.036 seconds
[2025-05-16T06:48:49.708+0100] {processor.py:157} INFO - Started process (PID=9355) to work on /Users/saber/airflow_project/airflow_venv/lib/python3.10/site-packages/airflow/example_dags/subdags/subdag.py
[2025-05-16T06:48:49.708+0100] {processor.py:829} INFO - Processing file /Users/saber/airflow_project/airflow_venv/lib/python3.10/site-packages/airflow/example_dags/subdags/subdag.py for tasks to queue
[2025-05-16T06:48:49.709+0100] {logging_mixin.py:154} INFO - [2025-05-16T06:48:49.709+0100] {dagbag.py:536} INFO - Filling up the DagBag from /Users/saber/airflow_project/airflow_venv/lib/python3.10/site-packages/airflow/example_dags/subdags/subdag.py
[2025-05-16T06:48:49.709+0100] {processor.py:841} WARNING - No viable dags retrieved from /Users/saber/airflow_project/airflow_venv/lib/python3.10/site-packages/airflow/example_dags/subdags/subdag.py
[2025-05-16T06:48:49.743+0100] {processor.py:179} INFO - Processing /Users/saber/airflow_project/airflow_venv/lib/python3.10/site-packages/airflow/example_dags/subdags/subdag.py took 0.035 seconds
[2025-05-16T06:49:20.214+0100] {processor.py:157} INFO - Started process (PID=9383) to work on /Users/saber/airflow_project/airflow_venv/lib/python3.10/site-packages/airflow/example_dags/subdags/subdag.py
[2025-05-16T06:49:20.214+0100] {processor.py:829} INFO - Processing file /Users/saber/airflow_project/airflow_venv/lib/python3.10/site-packages/airflow/example_dags/subdags/subdag.py for tasks to queue
[2025-05-16T06:49:20.215+0100] {logging_mixin.py:154} INFO - [2025-05-16T06:49:20.215+0100] {dagbag.py:536} INFO - Filling up the DagBag from /Users/saber/airflow_project/airflow_venv/lib/python3.10/site-packages/airflow/example_dags/subdags/subdag.py
[2025-05-16T06:49:20.215+0100] {processor.py:841} WARNING - No viable dags retrieved from /Users/saber/airflow_project/airflow_venv/lib/python3.10/site-packages/airflow/example_dags/subdags/subdag.py
[2025-05-16T06:49:20.249+0100] {processor.py:179} INFO - Processing /Users/saber/airflow_project/airflow_venv/lib/python3.10/site-packages/airflow/example_dags/subdags/subdag.py took 0.036 seconds
[2025-05-16T06:50:19.399+0100] {processor.py:157} INFO - Started process (PID=9434) to work on /Users/saber/airflow_project/airflow_venv/lib/python3.10/site-packages/airflow/example_dags/subdags/subdag.py
[2025-05-16T06:50:19.399+0100] {processor.py:829} INFO - Processing file /Users/saber/airflow_project/airflow_venv/lib/python3.10/site-packages/airflow/example_dags/subdags/subdag.py for tasks to queue
[2025-05-16T06:50:19.400+0100] {logging_mixin.py:154} INFO - [2025-05-16T06:50:19.400+0100] {dagbag.py:536} INFO - Filling up the DagBag from /Users/saber/airflow_project/airflow_venv/lib/python3.10/site-packages/airflow/example_dags/subdags/subdag.py
[2025-05-16T06:50:19.400+0100] {processor.py:841} WARNING - No viable dags retrieved from /Users/saber/airflow_project/airflow_venv/lib/python3.10/site-packages/airflow/example_dags/subdags/subdag.py
[2025-05-16T06:50:19.436+0100] {processor.py:179} INFO - Processing /Users/saber/airflow_project/airflow_venv/lib/python3.10/site-packages/airflow/example_dags/subdags/subdag.py took 0.037 seconds
[2025-05-16T06:51:17.572+0100] {processor.py:157} INFO - Started process (PID=9489) to work on /Users/saber/airflow_project/airflow_venv/lib/python3.10/site-packages/airflow/example_dags/subdags/subdag.py
[2025-05-16T06:51:17.572+0100] {processor.py:829} INFO - Processing file /Users/saber/airflow_project/airflow_venv/lib/python3.10/site-packages/airflow/example_dags/subdags/subdag.py for tasks to queue
[2025-05-16T06:51:17.573+0100] {logging_mixin.py:154} INFO - [2025-05-16T06:51:17.573+0100] {dagbag.py:536} INFO - Filling up the DagBag from /Users/saber/airflow_project/airflow_venv/lib/python3.10/site-packages/airflow/example_dags/subdags/subdag.py
[2025-05-16T06:51:17.573+0100] {processor.py:841} WARNING - No viable dags retrieved from /Users/saber/airflow_project/airflow_venv/lib/python3.10/site-packages/airflow/example_dags/subdags/subdag.py
[2025-05-16T06:51:17.607+0100] {processor.py:179} INFO - Processing /Users/saber/airflow_project/airflow_venv/lib/python3.10/site-packages/airflow/example_dags/subdags/subdag.py took 0.036 seconds
