[2025-05-16T06:37:58.649+0100] {processor.py:157} INFO - Started process (PID=8759) to work on /Users/saber/airflow_project/airflow_venv/lib/python3.10/site-packages/airflow/example_dags/example_external_task_marker_dag.py
[2025-05-16T06:37:58.649+0100] {processor.py:829} INFO - Processing file /Users/saber/airflow_project/airflow_venv/lib/python3.10/site-packages/airflow/example_dags/example_external_task_marker_dag.py for tasks to queue
[2025-05-16T06:37:58.650+0100] {logging_mixin.py:154} INFO - [2025-05-16T06:37:58.650+0100] {dagbag.py:536} INFO - Filling up the DagBag from /Users/saber/airflow_project/airflow_venv/lib/python3.10/site-packages/airflow/example_dags/example_external_task_marker_dag.py
[2025-05-16T06:37:58.657+0100] {processor.py:839} INFO - DAG(s) dict_keys(['example_external_task_marker_parent', 'example_external_task_marker_child']) retrieved from /Users/saber/airflow_project/airflow_venv/lib/python3.10/site-packages/airflow/example_dags/example_external_task_marker_dag.py
[2025-05-16T06:37:58.810+0100] {logging_mixin.py:154} INFO - [2025-05-16T06:37:58.810+0100] {manager.py:499} INFO - Created Permission View: %s
[2025-05-16T06:37:58.812+0100] {logging_mixin.py:154} INFO - [2025-05-16T06:37:58.812+0100] {manager.py:499} INFO - Created Permission View: %s
[2025-05-16T06:37:58.813+0100] {logging_mixin.py:154} INFO - [2025-05-16T06:37:58.813+0100] {manager.py:499} INFO - Created Permission View: %s
[2025-05-16T06:37:58.818+0100] {logging_mixin.py:154} INFO - [2025-05-16T06:37:58.818+0100] {manager.py:499} INFO - Created Permission View: %s
[2025-05-16T06:37:58.819+0100] {logging_mixin.py:154} INFO - [2025-05-16T06:37:58.819+0100] {manager.py:499} INFO - Created Permission View: %s
[2025-05-16T06:37:58.820+0100] {logging_mixin.py:154} INFO - [2025-05-16T06:37:58.820+0100] {manager.py:499} INFO - Created Permission View: %s
[2025-05-16T06:37:58.821+0100] {logging_mixin.py:154} INFO - [2025-05-16T06:37:58.820+0100] {dag.py:2941} INFO - Sync 2 DAGs
[2025-05-16T06:37:58.823+0100] {logging_mixin.py:154} INFO - [2025-05-16T06:37:58.823+0100] {dag.py:2963} INFO - Creating ORM DAG for example_external_task_marker_parent
[2025-05-16T06:37:58.823+0100] {logging_mixin.py:154} INFO - [2025-05-16T06:37:58.823+0100] {dag.py:2963} INFO - Creating ORM DAG for example_external_task_marker_child
[2025-05-16T06:37:58.823+0100] {logging_mixin.py:154} INFO - [2025-05-16T06:37:58.823+0100] {dag.py:3722} INFO - Setting next_dagrun for example_external_task_marker_child to None, run_after=None
[2025-05-16T06:37:58.823+0100] {logging_mixin.py:154} INFO - [2025-05-16T06:37:58.823+0100] {dag.py:3722} INFO - Setting next_dagrun for example_external_task_marker_parent to None, run_after=None
[2025-05-16T06:37:58.828+0100] {processor.py:179} INFO - Processing /Users/saber/airflow_project/airflow_venv/lib/python3.10/site-packages/airflow/example_dags/example_external_task_marker_dag.py took 0.179 seconds
[2025-05-16T06:38:58.695+0100] {processor.py:157} INFO - Started process (PID=8814) to work on /Users/saber/airflow_project/airflow_venv/lib/python3.10/site-packages/airflow/example_dags/example_external_task_marker_dag.py
[2025-05-16T06:38:58.696+0100] {processor.py:829} INFO - Processing file /Users/saber/airflow_project/airflow_venv/lib/python3.10/site-packages/airflow/example_dags/example_external_task_marker_dag.py for tasks to queue
[2025-05-16T06:38:58.696+0100] {logging_mixin.py:154} INFO - [2025-05-16T06:38:58.696+0100] {dagbag.py:536} INFO - Filling up the DagBag from /Users/saber/airflow_project/airflow_venv/lib/python3.10/site-packages/airflow/example_dags/example_external_task_marker_dag.py
[2025-05-16T06:38:58.704+0100] {processor.py:839} INFO - DAG(s) dict_keys(['example_external_task_marker_parent', 'example_external_task_marker_child']) retrieved from /Users/saber/airflow_project/airflow_venv/lib/python3.10/site-packages/airflow/example_dags/example_external_task_marker_dag.py
[2025-05-16T06:38:58.749+0100] {logging_mixin.py:154} INFO - [2025-05-16T06:38:58.749+0100] {dag.py:2941} INFO - Sync 2 DAGs
[2025-05-16T06:38:58.752+0100] {logging_mixin.py:154} INFO - [2025-05-16T06:38:58.752+0100] {dag.py:3722} INFO - Setting next_dagrun for example_external_task_marker_child to None, run_after=None
[2025-05-16T06:38:58.752+0100] {logging_mixin.py:154} INFO - [2025-05-16T06:38:58.752+0100] {dag.py:3722} INFO - Setting next_dagrun for example_external_task_marker_parent to None, run_after=None
[2025-05-16T06:38:58.757+0100] {processor.py:179} INFO - Processing /Users/saber/airflow_project/airflow_venv/lib/python3.10/site-packages/airflow/example_dags/example_external_task_marker_dag.py took 0.061 seconds
[2025-05-16T06:39:54.851+0100] {processor.py:157} INFO - Started process (PID=8876) to work on /Users/saber/airflow_project/airflow_venv/lib/python3.10/site-packages/airflow/example_dags/example_external_task_marker_dag.py
[2025-05-16T06:39:54.851+0100] {processor.py:829} INFO - Processing file /Users/saber/airflow_project/airflow_venv/lib/python3.10/site-packages/airflow/example_dags/example_external_task_marker_dag.py for tasks to queue
[2025-05-16T06:39:54.852+0100] {logging_mixin.py:154} INFO - [2025-05-16T06:39:54.852+0100] {dagbag.py:536} INFO - Filling up the DagBag from /Users/saber/airflow_project/airflow_venv/lib/python3.10/site-packages/airflow/example_dags/example_external_task_marker_dag.py
[2025-05-16T06:39:54.860+0100] {processor.py:839} INFO - DAG(s) dict_keys(['example_external_task_marker_parent', 'example_external_task_marker_child']) retrieved from /Users/saber/airflow_project/airflow_venv/lib/python3.10/site-packages/airflow/example_dags/example_external_task_marker_dag.py
[2025-05-16T06:39:54.908+0100] {logging_mixin.py:154} INFO - [2025-05-16T06:39:54.908+0100] {dag.py:2941} INFO - Sync 2 DAGs
[2025-05-16T06:39:54.911+0100] {logging_mixin.py:154} INFO - [2025-05-16T06:39:54.911+0100] {dag.py:3722} INFO - Setting next_dagrun for example_external_task_marker_child to None, run_after=None
[2025-05-16T06:39:54.912+0100] {logging_mixin.py:154} INFO - [2025-05-16T06:39:54.912+0100] {dag.py:3722} INFO - Setting next_dagrun for example_external_task_marker_parent to None, run_after=None
[2025-05-16T06:39:54.916+0100] {processor.py:179} INFO - Processing /Users/saber/airflow_project/airflow_venv/lib/python3.10/site-packages/airflow/example_dags/example_external_task_marker_dag.py took 0.065 seconds
[2025-05-16T06:40:54.923+0100] {processor.py:157} INFO - Started process (PID=8927) to work on /Users/saber/airflow_project/airflow_venv/lib/python3.10/site-packages/airflow/example_dags/example_external_task_marker_dag.py
[2025-05-16T06:40:54.923+0100] {processor.py:829} INFO - Processing file /Users/saber/airflow_project/airflow_venv/lib/python3.10/site-packages/airflow/example_dags/example_external_task_marker_dag.py for tasks to queue
[2025-05-16T06:40:54.924+0100] {logging_mixin.py:154} INFO - [2025-05-16T06:40:54.924+0100] {dagbag.py:536} INFO - Filling up the DagBag from /Users/saber/airflow_project/airflow_venv/lib/python3.10/site-packages/airflow/example_dags/example_external_task_marker_dag.py
[2025-05-16T06:40:54.932+0100] {processor.py:839} INFO - DAG(s) dict_keys(['example_external_task_marker_parent', 'example_external_task_marker_child']) retrieved from /Users/saber/airflow_project/airflow_venv/lib/python3.10/site-packages/airflow/example_dags/example_external_task_marker_dag.py
[2025-05-16T06:40:54.976+0100] {logging_mixin.py:154} INFO - [2025-05-16T06:40:54.976+0100] {dag.py:2941} INFO - Sync 2 DAGs
[2025-05-16T06:40:54.979+0100] {logging_mixin.py:154} INFO - [2025-05-16T06:40:54.979+0100] {dag.py:3722} INFO - Setting next_dagrun for example_external_task_marker_child to None, run_after=None
[2025-05-16T06:40:54.980+0100] {logging_mixin.py:154} INFO - [2025-05-16T06:40:54.979+0100] {dag.py:3722} INFO - Setting next_dagrun for example_external_task_marker_parent to None, run_after=None
[2025-05-16T06:40:54.984+0100] {processor.py:179} INFO - Processing /Users/saber/airflow_project/airflow_venv/lib/python3.10/site-packages/airflow/example_dags/example_external_task_marker_dag.py took 0.061 seconds
[2025-05-16T06:41:54.716+0100] {processor.py:157} INFO - Started process (PID=8978) to work on /Users/saber/airflow_project/airflow_venv/lib/python3.10/site-packages/airflow/example_dags/example_external_task_marker_dag.py
[2025-05-16T06:41:54.716+0100] {processor.py:829} INFO - Processing file /Users/saber/airflow_project/airflow_venv/lib/python3.10/site-packages/airflow/example_dags/example_external_task_marker_dag.py for tasks to queue
[2025-05-16T06:41:54.717+0100] {logging_mixin.py:154} INFO - [2025-05-16T06:41:54.717+0100] {dagbag.py:536} INFO - Filling up the DagBag from /Users/saber/airflow_project/airflow_venv/lib/python3.10/site-packages/airflow/example_dags/example_external_task_marker_dag.py
[2025-05-16T06:41:54.725+0100] {processor.py:839} INFO - DAG(s) dict_keys(['example_external_task_marker_child', 'example_external_task_marker_parent']) retrieved from /Users/saber/airflow_project/airflow_venv/lib/python3.10/site-packages/airflow/example_dags/example_external_task_marker_dag.py
[2025-05-16T06:41:54.770+0100] {logging_mixin.py:154} INFO - [2025-05-16T06:41:54.770+0100] {dag.py:2941} INFO - Sync 2 DAGs
[2025-05-16T06:41:54.773+0100] {logging_mixin.py:154} INFO - [2025-05-16T06:41:54.773+0100] {dag.py:3722} INFO - Setting next_dagrun for example_external_task_marker_child to None, run_after=None
[2025-05-16T06:41:54.774+0100] {logging_mixin.py:154} INFO - [2025-05-16T06:41:54.774+0100] {dag.py:3722} INFO - Setting next_dagrun for example_external_task_marker_parent to None, run_after=None
[2025-05-16T06:41:54.778+0100] {processor.py:179} INFO - Processing /Users/saber/airflow_project/airflow_venv/lib/python3.10/site-packages/airflow/example_dags/example_external_task_marker_dag.py took 0.062 seconds
[2025-05-16T06:42:53.587+0100] {processor.py:157} INFO - Started process (PID=9028) to work on /Users/saber/airflow_project/airflow_venv/lib/python3.10/site-packages/airflow/example_dags/example_external_task_marker_dag.py
[2025-05-16T06:42:53.588+0100] {processor.py:829} INFO - Processing file /Users/saber/airflow_project/airflow_venv/lib/python3.10/site-packages/airflow/example_dags/example_external_task_marker_dag.py for tasks to queue
[2025-05-16T06:42:53.588+0100] {logging_mixin.py:154} INFO - [2025-05-16T06:42:53.588+0100] {dagbag.py:536} INFO - Filling up the DagBag from /Users/saber/airflow_project/airflow_venv/lib/python3.10/site-packages/airflow/example_dags/example_external_task_marker_dag.py
[2025-05-16T06:42:53.596+0100] {processor.py:839} INFO - DAG(s) dict_keys(['example_external_task_marker_parent', 'example_external_task_marker_child']) retrieved from /Users/saber/airflow_project/airflow_venv/lib/python3.10/site-packages/airflow/example_dags/example_external_task_marker_dag.py
[2025-05-16T06:42:53.642+0100] {logging_mixin.py:154} INFO - [2025-05-16T06:42:53.641+0100] {dag.py:2941} INFO - Sync 2 DAGs
[2025-05-16T06:42:53.644+0100] {logging_mixin.py:154} INFO - [2025-05-16T06:42:53.644+0100] {dag.py:3722} INFO - Setting next_dagrun for example_external_task_marker_child to None, run_after=None
[2025-05-16T06:42:53.645+0100] {logging_mixin.py:154} INFO - [2025-05-16T06:42:53.645+0100] {dag.py:3722} INFO - Setting next_dagrun for example_external_task_marker_parent to None, run_after=None
[2025-05-16T06:42:53.649+0100] {processor.py:179} INFO - Processing /Users/saber/airflow_project/airflow_venv/lib/python3.10/site-packages/airflow/example_dags/example_external_task_marker_dag.py took 0.062 seconds
[2025-05-16T06:43:48.700+0100] {processor.py:157} INFO - Started process (PID=9075) to work on /Users/saber/airflow_project/airflow_venv/lib/python3.10/site-packages/airflow/example_dags/example_external_task_marker_dag.py
[2025-05-16T06:43:48.700+0100] {processor.py:829} INFO - Processing file /Users/saber/airflow_project/airflow_venv/lib/python3.10/site-packages/airflow/example_dags/example_external_task_marker_dag.py for tasks to queue
[2025-05-16T06:43:48.700+0100] {logging_mixin.py:154} INFO - [2025-05-16T06:43:48.700+0100] {dagbag.py:536} INFO - Filling up the DagBag from /Users/saber/airflow_project/airflow_venv/lib/python3.10/site-packages/airflow/example_dags/example_external_task_marker_dag.py
[2025-05-16T06:43:48.708+0100] {processor.py:839} INFO - DAG(s) dict_keys(['example_external_task_marker_child', 'example_external_task_marker_parent']) retrieved from /Users/saber/airflow_project/airflow_venv/lib/python3.10/site-packages/airflow/example_dags/example_external_task_marker_dag.py
[2025-05-16T06:43:48.754+0100] {logging_mixin.py:154} INFO - [2025-05-16T06:43:48.754+0100] {dag.py:2941} INFO - Sync 2 DAGs
[2025-05-16T06:43:48.757+0100] {logging_mixin.py:154} INFO - [2025-05-16T06:43:48.757+0100] {dag.py:3722} INFO - Setting next_dagrun for example_external_task_marker_child to None, run_after=None
[2025-05-16T06:43:48.758+0100] {logging_mixin.py:154} INFO - [2025-05-16T06:43:48.758+0100] {dag.py:3722} INFO - Setting next_dagrun for example_external_task_marker_parent to None, run_after=None
[2025-05-16T06:43:48.762+0100] {processor.py:179} INFO - Processing /Users/saber/airflow_project/airflow_venv/lib/python3.10/site-packages/airflow/example_dags/example_external_task_marker_dag.py took 0.063 seconds
[2025-05-16T06:44:46.313+0100] {processor.py:157} INFO - Started process (PID=9132) to work on /Users/saber/airflow_project/airflow_venv/lib/python3.10/site-packages/airflow/example_dags/example_external_task_marker_dag.py
[2025-05-16T06:44:46.313+0100] {processor.py:829} INFO - Processing file /Users/saber/airflow_project/airflow_venv/lib/python3.10/site-packages/airflow/example_dags/example_external_task_marker_dag.py for tasks to queue
[2025-05-16T06:44:46.313+0100] {logging_mixin.py:154} INFO - [2025-05-16T06:44:46.313+0100] {dagbag.py:536} INFO - Filling up the DagBag from /Users/saber/airflow_project/airflow_venv/lib/python3.10/site-packages/airflow/example_dags/example_external_task_marker_dag.py
[2025-05-16T06:44:46.321+0100] {processor.py:839} INFO - DAG(s) dict_keys(['example_external_task_marker_child', 'example_external_task_marker_parent']) retrieved from /Users/saber/airflow_project/airflow_venv/lib/python3.10/site-packages/airflow/example_dags/example_external_task_marker_dag.py
[2025-05-16T06:44:46.367+0100] {logging_mixin.py:154} INFO - [2025-05-16T06:44:46.367+0100] {dag.py:2941} INFO - Sync 2 DAGs
[2025-05-16T06:44:46.370+0100] {logging_mixin.py:154} INFO - [2025-05-16T06:44:46.370+0100] {dag.py:3722} INFO - Setting next_dagrun for example_external_task_marker_child to None, run_after=None
[2025-05-16T06:44:46.371+0100] {logging_mixin.py:154} INFO - [2025-05-16T06:44:46.371+0100] {dag.py:3722} INFO - Setting next_dagrun for example_external_task_marker_parent to None, run_after=None
[2025-05-16T06:44:46.375+0100] {processor.py:179} INFO - Processing /Users/saber/airflow_project/airflow_venv/lib/python3.10/site-packages/airflow/example_dags/example_external_task_marker_dag.py took 0.063 seconds
[2025-05-16T06:45:43.756+0100] {processor.py:157} INFO - Started process (PID=9198) to work on /Users/saber/airflow_project/airflow_venv/lib/python3.10/site-packages/airflow/example_dags/example_external_task_marker_dag.py
[2025-05-16T06:45:43.756+0100] {processor.py:829} INFO - Processing file /Users/saber/airflow_project/airflow_venv/lib/python3.10/site-packages/airflow/example_dags/example_external_task_marker_dag.py for tasks to queue
[2025-05-16T06:45:43.757+0100] {logging_mixin.py:154} INFO - [2025-05-16T06:45:43.757+0100] {dagbag.py:536} INFO - Filling up the DagBag from /Users/saber/airflow_project/airflow_venv/lib/python3.10/site-packages/airflow/example_dags/example_external_task_marker_dag.py
[2025-05-16T06:45:43.765+0100] {processor.py:839} INFO - DAG(s) dict_keys(['example_external_task_marker_child', 'example_external_task_marker_parent']) retrieved from /Users/saber/airflow_project/airflow_venv/lib/python3.10/site-packages/airflow/example_dags/example_external_task_marker_dag.py
[2025-05-16T06:45:43.811+0100] {logging_mixin.py:154} INFO - [2025-05-16T06:45:43.811+0100] {dag.py:2941} INFO - Sync 2 DAGs
[2025-05-16T06:45:43.813+0100] {logging_mixin.py:154} INFO - [2025-05-16T06:45:43.813+0100] {dag.py:3722} INFO - Setting next_dagrun for example_external_task_marker_child to None, run_after=None
[2025-05-16T06:45:43.814+0100] {logging_mixin.py:154} INFO - [2025-05-16T06:45:43.814+0100] {dag.py:3722} INFO - Setting next_dagrun for example_external_task_marker_parent to None, run_after=None
[2025-05-16T06:45:43.818+0100] {processor.py:179} INFO - Processing /Users/saber/airflow_project/airflow_venv/lib/python3.10/site-packages/airflow/example_dags/example_external_task_marker_dag.py took 0.062 seconds
[2025-05-16T06:46:43.094+0100] {processor.py:157} INFO - Started process (PID=9249) to work on /Users/saber/airflow_project/airflow_venv/lib/python3.10/site-packages/airflow/example_dags/example_external_task_marker_dag.py
[2025-05-16T06:46:43.094+0100] {processor.py:829} INFO - Processing file /Users/saber/airflow_project/airflow_venv/lib/python3.10/site-packages/airflow/example_dags/example_external_task_marker_dag.py for tasks to queue
[2025-05-16T06:46:43.095+0100] {logging_mixin.py:154} INFO - [2025-05-16T06:46:43.095+0100] {dagbag.py:536} INFO - Filling up the DagBag from /Users/saber/airflow_project/airflow_venv/lib/python3.10/site-packages/airflow/example_dags/example_external_task_marker_dag.py
[2025-05-16T06:46:43.103+0100] {processor.py:839} INFO - DAG(s) dict_keys(['example_external_task_marker_child', 'example_external_task_marker_parent']) retrieved from /Users/saber/airflow_project/airflow_venv/lib/python3.10/site-packages/airflow/example_dags/example_external_task_marker_dag.py
[2025-05-16T06:46:43.149+0100] {logging_mixin.py:154} INFO - [2025-05-16T06:46:43.149+0100] {dag.py:2941} INFO - Sync 2 DAGs
[2025-05-16T06:46:43.152+0100] {logging_mixin.py:154} INFO - [2025-05-16T06:46:43.152+0100] {dag.py:3722} INFO - Setting next_dagrun for example_external_task_marker_child to None, run_after=None
[2025-05-16T06:46:43.153+0100] {logging_mixin.py:154} INFO - [2025-05-16T06:46:43.153+0100] {dag.py:3722} INFO - Setting next_dagrun for example_external_task_marker_parent to None, run_after=None
[2025-05-16T06:46:43.157+0100] {processor.py:179} INFO - Processing /Users/saber/airflow_project/airflow_venv/lib/python3.10/site-packages/airflow/example_dags/example_external_task_marker_dag.py took 0.063 seconds
[2025-05-16T06:47:41.070+0100] {processor.py:157} INFO - Started process (PID=9298) to work on /Users/saber/airflow_project/airflow_venv/lib/python3.10/site-packages/airflow/example_dags/example_external_task_marker_dag.py
[2025-05-16T06:47:41.071+0100] {processor.py:829} INFO - Processing file /Users/saber/airflow_project/airflow_venv/lib/python3.10/site-packages/airflow/example_dags/example_external_task_marker_dag.py for tasks to queue
[2025-05-16T06:47:41.071+0100] {logging_mixin.py:154} INFO - [2025-05-16T06:47:41.071+0100] {dagbag.py:536} INFO - Filling up the DagBag from /Users/saber/airflow_project/airflow_venv/lib/python3.10/site-packages/airflow/example_dags/example_external_task_marker_dag.py
[2025-05-16T06:47:41.079+0100] {processor.py:839} INFO - DAG(s) dict_keys(['example_external_task_marker_parent', 'example_external_task_marker_child']) retrieved from /Users/saber/airflow_project/airflow_venv/lib/python3.10/site-packages/airflow/example_dags/example_external_task_marker_dag.py
[2025-05-16T06:47:41.127+0100] {logging_mixin.py:154} INFO - [2025-05-16T06:47:41.126+0100] {dag.py:2941} INFO - Sync 2 DAGs
[2025-05-16T06:47:41.129+0100] {logging_mixin.py:154} INFO - [2025-05-16T06:47:41.129+0100] {dag.py:3722} INFO - Setting next_dagrun for example_external_task_marker_child to None, run_after=None
[2025-05-16T06:47:41.130+0100] {logging_mixin.py:154} INFO - [2025-05-16T06:47:41.130+0100] {dag.py:3722} INFO - Setting next_dagrun for example_external_task_marker_parent to None, run_after=None
[2025-05-16T06:47:41.134+0100] {processor.py:179} INFO - Processing /Users/saber/airflow_project/airflow_venv/lib/python3.10/site-packages/airflow/example_dags/example_external_task_marker_dag.py took 0.064 seconds
[2025-05-16T06:48:38.751+0100] {processor.py:157} INFO - Started process (PID=9347) to work on /Users/saber/airflow_project/airflow_venv/lib/python3.10/site-packages/airflow/example_dags/example_external_task_marker_dag.py
[2025-05-16T06:48:38.752+0100] {processor.py:829} INFO - Processing file /Users/saber/airflow_project/airflow_venv/lib/python3.10/site-packages/airflow/example_dags/example_external_task_marker_dag.py for tasks to queue
[2025-05-16T06:48:38.752+0100] {logging_mixin.py:154} INFO - [2025-05-16T06:48:38.752+0100] {dagbag.py:536} INFO - Filling up the DagBag from /Users/saber/airflow_project/airflow_venv/lib/python3.10/site-packages/airflow/example_dags/example_external_task_marker_dag.py
[2025-05-16T06:48:38.760+0100] {processor.py:839} INFO - DAG(s) dict_keys(['example_external_task_marker_parent', 'example_external_task_marker_child']) retrieved from /Users/saber/airflow_project/airflow_venv/lib/python3.10/site-packages/airflow/example_dags/example_external_task_marker_dag.py
[2025-05-16T06:48:38.807+0100] {logging_mixin.py:154} INFO - [2025-05-16T06:48:38.806+0100] {dag.py:2941} INFO - Sync 2 DAGs
[2025-05-16T06:48:38.809+0100] {logging_mixin.py:154} INFO - [2025-05-16T06:48:38.809+0100] {dag.py:3722} INFO - Setting next_dagrun for example_external_task_marker_child to None, run_after=None
[2025-05-16T06:48:38.810+0100] {logging_mixin.py:154} INFO - [2025-05-16T06:48:38.810+0100] {dag.py:3722} INFO - Setting next_dagrun for example_external_task_marker_parent to None, run_after=None
[2025-05-16T06:48:38.814+0100] {processor.py:179} INFO - Processing /Users/saber/airflow_project/airflow_venv/lib/python3.10/site-packages/airflow/example_dags/example_external_task_marker_dag.py took 0.063 seconds
[2025-05-16T06:49:37.925+0100] {processor.py:157} INFO - Started process (PID=9398) to work on /Users/saber/airflow_project/airflow_venv/lib/python3.10/site-packages/airflow/example_dags/example_external_task_marker_dag.py
[2025-05-16T06:49:37.925+0100] {processor.py:829} INFO - Processing file /Users/saber/airflow_project/airflow_venv/lib/python3.10/site-packages/airflow/example_dags/example_external_task_marker_dag.py for tasks to queue
[2025-05-16T06:49:37.926+0100] {logging_mixin.py:154} INFO - [2025-05-16T06:49:37.926+0100] {dagbag.py:536} INFO - Filling up the DagBag from /Users/saber/airflow_project/airflow_venv/lib/python3.10/site-packages/airflow/example_dags/example_external_task_marker_dag.py
[2025-05-16T06:49:37.933+0100] {processor.py:839} INFO - DAG(s) dict_keys(['example_external_task_marker_parent', 'example_external_task_marker_child']) retrieved from /Users/saber/airflow_project/airflow_venv/lib/python3.10/site-packages/airflow/example_dags/example_external_task_marker_dag.py
[2025-05-16T06:49:37.980+0100] {logging_mixin.py:154} INFO - [2025-05-16T06:49:37.979+0100] {dag.py:2941} INFO - Sync 2 DAGs
[2025-05-16T06:49:37.982+0100] {logging_mixin.py:154} INFO - [2025-05-16T06:49:37.982+0100] {dag.py:3722} INFO - Setting next_dagrun for example_external_task_marker_child to None, run_after=None
[2025-05-16T06:49:37.983+0100] {logging_mixin.py:154} INFO - [2025-05-16T06:49:37.983+0100] {dag.py:3722} INFO - Setting next_dagrun for example_external_task_marker_parent to None, run_after=None
[2025-05-16T06:49:37.987+0100] {processor.py:179} INFO - Processing /Users/saber/airflow_project/airflow_venv/lib/python3.10/site-packages/airflow/example_dags/example_external_task_marker_dag.py took 0.062 seconds
[2025-05-16T06:50:37.717+0100] {processor.py:157} INFO - Started process (PID=9455) to work on /Users/saber/airflow_project/airflow_venv/lib/python3.10/site-packages/airflow/example_dags/example_external_task_marker_dag.py
[2025-05-16T06:50:37.717+0100] {processor.py:829} INFO - Processing file /Users/saber/airflow_project/airflow_venv/lib/python3.10/site-packages/airflow/example_dags/example_external_task_marker_dag.py for tasks to queue
[2025-05-16T06:50:37.717+0100] {logging_mixin.py:154} INFO - [2025-05-16T06:50:37.717+0100] {dagbag.py:536} INFO - Filling up the DagBag from /Users/saber/airflow_project/airflow_venv/lib/python3.10/site-packages/airflow/example_dags/example_external_task_marker_dag.py
[2025-05-16T06:50:37.725+0100] {processor.py:839} INFO - DAG(s) dict_keys(['example_external_task_marker_child', 'example_external_task_marker_parent']) retrieved from /Users/saber/airflow_project/airflow_venv/lib/python3.10/site-packages/airflow/example_dags/example_external_task_marker_dag.py
[2025-05-16T06:50:37.772+0100] {logging_mixin.py:154} INFO - [2025-05-16T06:50:37.771+0100] {dag.py:2941} INFO - Sync 2 DAGs
[2025-05-16T06:50:37.774+0100] {logging_mixin.py:154} INFO - [2025-05-16T06:50:37.774+0100] {dag.py:3722} INFO - Setting next_dagrun for example_external_task_marker_child to None, run_after=None
[2025-05-16T06:50:37.775+0100] {logging_mixin.py:154} INFO - [2025-05-16T06:50:37.775+0100] {dag.py:3722} INFO - Setting next_dagrun for example_external_task_marker_parent to None, run_after=None
[2025-05-16T06:50:37.779+0100] {processor.py:179} INFO - Processing /Users/saber/airflow_project/airflow_venv/lib/python3.10/site-packages/airflow/example_dags/example_external_task_marker_dag.py took 0.063 seconds
[2025-05-16T06:51:36.406+0100] {processor.py:157} INFO - Started process (PID=9505) to work on /Users/saber/airflow_project/airflow_venv/lib/python3.10/site-packages/airflow/example_dags/example_external_task_marker_dag.py
[2025-05-16T06:51:36.406+0100] {processor.py:829} INFO - Processing file /Users/saber/airflow_project/airflow_venv/lib/python3.10/site-packages/airflow/example_dags/example_external_task_marker_dag.py for tasks to queue
[2025-05-16T06:51:36.407+0100] {logging_mixin.py:154} INFO - [2025-05-16T06:51:36.407+0100] {dagbag.py:536} INFO - Filling up the DagBag from /Users/saber/airflow_project/airflow_venv/lib/python3.10/site-packages/airflow/example_dags/example_external_task_marker_dag.py
[2025-05-16T06:51:36.415+0100] {processor.py:839} INFO - DAG(s) dict_keys(['example_external_task_marker_parent', 'example_external_task_marker_child']) retrieved from /Users/saber/airflow_project/airflow_venv/lib/python3.10/site-packages/airflow/example_dags/example_external_task_marker_dag.py
[2025-05-16T06:51:36.461+0100] {logging_mixin.py:154} INFO - [2025-05-16T06:51:36.461+0100] {dag.py:2941} INFO - Sync 2 DAGs
[2025-05-16T06:51:36.463+0100] {logging_mixin.py:154} INFO - [2025-05-16T06:51:36.463+0100] {dag.py:3722} INFO - Setting next_dagrun for example_external_task_marker_child to None, run_after=None
[2025-05-16T06:51:36.464+0100] {logging_mixin.py:154} INFO - [2025-05-16T06:51:36.464+0100] {dag.py:3722} INFO - Setting next_dagrun for example_external_task_marker_parent to None, run_after=None
[2025-05-16T06:51:36.468+0100] {processor.py:179} INFO - Processing /Users/saber/airflow_project/airflow_venv/lib/python3.10/site-packages/airflow/example_dags/example_external_task_marker_dag.py took 0.063 seconds
