[2025-05-16T06:37:28.648+0100] {processor.py:157} INFO - Started process (PID=8733) to work on /Users/saber/airflow_project/airflow_venv/lib/python3.10/site-packages/airflow/example_dags/example_trigger_controller_dag.py
[2025-05-16T06:37:28.648+0100] {processor.py:829} INFO - Processing file /Users/saber/airflow_project/airflow_venv/lib/python3.10/site-packages/airflow/example_dags/example_trigger_controller_dag.py for tasks to queue
[2025-05-16T06:37:28.649+0100] {logging_mixin.py:154} INFO - [2025-05-16T06:37:28.649+0100] {dagbag.py:536} INFO - Filling up the DagBag from /Users/saber/airflow_project/airflow_venv/lib/python3.10/site-packages/airflow/example_dags/example_trigger_controller_dag.py
[2025-05-16T06:37:28.656+0100] {processor.py:839} INFO - DAG(s) dict_keys(['example_trigger_controller_dag']) retrieved from /Users/saber/airflow_project/airflow_venv/lib/python3.10/site-packages/airflow/example_dags/example_trigger_controller_dag.py
[2025-05-16T06:37:28.803+0100] {logging_mixin.py:154} INFO - [2025-05-16T06:37:28.803+0100] {manager.py:499} INFO - Created Permission View: %s
[2025-05-16T06:37:28.805+0100] {logging_mixin.py:154} INFO - [2025-05-16T06:37:28.805+0100] {manager.py:499} INFO - Created Permission View: %s
[2025-05-16T06:37:28.806+0100] {logging_mixin.py:154} INFO - [2025-05-16T06:37:28.806+0100] {manager.py:499} INFO - Created Permission View: %s
[2025-05-16T06:37:28.806+0100] {logging_mixin.py:154} INFO - [2025-05-16T06:37:28.806+0100] {dag.py:2941} INFO - Sync 1 DAGs
[2025-05-16T06:37:28.808+0100] {logging_mixin.py:154} INFO - [2025-05-16T06:37:28.808+0100] {dag.py:2963} INFO - Creating ORM DAG for example_trigger_controller_dag
[2025-05-16T06:37:28.810+0100] {logging_mixin.py:154} INFO - [2025-05-16T06:37:28.810+0100] {dag.py:3722} INFO - Setting next_dagrun for example_trigger_controller_dag to 2021-01-01T00:00:00+00:00, run_after=2021-01-01T00:00:00+00:00
[2025-05-16T06:37:28.814+0100] {processor.py:179} INFO - Processing /Users/saber/airflow_project/airflow_venv/lib/python3.10/site-packages/airflow/example_dags/example_trigger_controller_dag.py took 0.167 seconds
[2025-05-16T06:38:29.847+0100] {processor.py:157} INFO - Started process (PID=8790) to work on /Users/saber/airflow_project/airflow_venv/lib/python3.10/site-packages/airflow/example_dags/example_trigger_controller_dag.py
[2025-05-16T06:38:29.847+0100] {processor.py:829} INFO - Processing file /Users/saber/airflow_project/airflow_venv/lib/python3.10/site-packages/airflow/example_dags/example_trigger_controller_dag.py for tasks to queue
[2025-05-16T06:38:29.848+0100] {logging_mixin.py:154} INFO - [2025-05-16T06:38:29.848+0100] {dagbag.py:536} INFO - Filling up the DagBag from /Users/saber/airflow_project/airflow_venv/lib/python3.10/site-packages/airflow/example_dags/example_trigger_controller_dag.py
[2025-05-16T06:38:29.854+0100] {processor.py:839} INFO - DAG(s) dict_keys(['example_trigger_controller_dag']) retrieved from /Users/saber/airflow_project/airflow_venv/lib/python3.10/site-packages/airflow/example_dags/example_trigger_controller_dag.py
[2025-05-16T06:38:29.897+0100] {logging_mixin.py:154} INFO - [2025-05-16T06:38:29.897+0100] {dag.py:2941} INFO - Sync 1 DAGs
[2025-05-16T06:38:29.902+0100] {logging_mixin.py:154} INFO - [2025-05-16T06:38:29.902+0100] {dag.py:3722} INFO - Setting next_dagrun for example_trigger_controller_dag to 2021-01-01T00:00:00+00:00, run_after=2021-01-01T00:00:00+00:00
[2025-05-16T06:38:29.906+0100] {processor.py:179} INFO - Processing /Users/saber/airflow_project/airflow_venv/lib/python3.10/site-packages/airflow/example_dags/example_trigger_controller_dag.py took 0.060 seconds
[2025-05-16T06:39:27.491+0100] {processor.py:157} INFO - Started process (PID=8838) to work on /Users/saber/airflow_project/airflow_venv/lib/python3.10/site-packages/airflow/example_dags/example_trigger_controller_dag.py
[2025-05-16T06:39:27.492+0100] {processor.py:829} INFO - Processing file /Users/saber/airflow_project/airflow_venv/lib/python3.10/site-packages/airflow/example_dags/example_trigger_controller_dag.py for tasks to queue
[2025-05-16T06:39:27.492+0100] {logging_mixin.py:154} INFO - [2025-05-16T06:39:27.492+0100] {dagbag.py:536} INFO - Filling up the DagBag from /Users/saber/airflow_project/airflow_venv/lib/python3.10/site-packages/airflow/example_dags/example_trigger_controller_dag.py
[2025-05-16T06:39:27.499+0100] {processor.py:839} INFO - DAG(s) dict_keys(['example_trigger_controller_dag']) retrieved from /Users/saber/airflow_project/airflow_venv/lib/python3.10/site-packages/airflow/example_dags/example_trigger_controller_dag.py
[2025-05-16T06:39:27.542+0100] {logging_mixin.py:154} INFO - [2025-05-16T06:39:27.542+0100] {dag.py:2941} INFO - Sync 1 DAGs
[2025-05-16T06:39:27.546+0100] {logging_mixin.py:154} INFO - [2025-05-16T06:39:27.546+0100] {dag.py:3722} INFO - Setting next_dagrun for example_trigger_controller_dag to 2021-01-01T00:00:00+00:00, run_after=2021-01-01T00:00:00+00:00
[2025-05-16T06:39:27.550+0100] {processor.py:179} INFO - Processing /Users/saber/airflow_project/airflow_venv/lib/python3.10/site-packages/airflow/example_dags/example_trigger_controller_dag.py took 0.059 seconds
[2025-05-16T06:40:22.286+0100] {processor.py:157} INFO - Started process (PID=8899) to work on /Users/saber/airflow_project/airflow_venv/lib/python3.10/site-packages/airflow/example_dags/example_trigger_controller_dag.py
[2025-05-16T06:40:22.286+0100] {processor.py:829} INFO - Processing file /Users/saber/airflow_project/airflow_venv/lib/python3.10/site-packages/airflow/example_dags/example_trigger_controller_dag.py for tasks to queue
[2025-05-16T06:40:22.287+0100] {logging_mixin.py:154} INFO - [2025-05-16T06:40:22.287+0100] {dagbag.py:536} INFO - Filling up the DagBag from /Users/saber/airflow_project/airflow_venv/lib/python3.10/site-packages/airflow/example_dags/example_trigger_controller_dag.py
[2025-05-16T06:40:22.294+0100] {processor.py:839} INFO - DAG(s) dict_keys(['example_trigger_controller_dag']) retrieved from /Users/saber/airflow_project/airflow_venv/lib/python3.10/site-packages/airflow/example_dags/example_trigger_controller_dag.py
[2025-05-16T06:40:22.337+0100] {logging_mixin.py:154} INFO - [2025-05-16T06:40:22.337+0100] {dag.py:2941} INFO - Sync 1 DAGs
[2025-05-16T06:40:22.342+0100] {logging_mixin.py:154} INFO - [2025-05-16T06:40:22.342+0100] {dag.py:3722} INFO - Setting next_dagrun for example_trigger_controller_dag to 2021-01-01T00:00:00+00:00, run_after=2021-01-01T00:00:00+00:00
[2025-05-16T06:40:22.347+0100] {processor.py:179} INFO - Processing /Users/saber/airflow_project/airflow_venv/lib/python3.10/site-packages/airflow/example_dags/example_trigger_controller_dag.py took 0.061 seconds
[2025-05-16T06:41:20.847+0100] {processor.py:157} INFO - Started process (PID=8949) to work on /Users/saber/airflow_project/airflow_venv/lib/python3.10/site-packages/airflow/example_dags/example_trigger_controller_dag.py
[2025-05-16T06:41:20.847+0100] {processor.py:829} INFO - Processing file /Users/saber/airflow_project/airflow_venv/lib/python3.10/site-packages/airflow/example_dags/example_trigger_controller_dag.py for tasks to queue
[2025-05-16T06:41:20.848+0100] {logging_mixin.py:154} INFO - [2025-05-16T06:41:20.848+0100] {dagbag.py:536} INFO - Filling up the DagBag from /Users/saber/airflow_project/airflow_venv/lib/python3.10/site-packages/airflow/example_dags/example_trigger_controller_dag.py
[2025-05-16T06:41:20.855+0100] {processor.py:839} INFO - DAG(s) dict_keys(['example_trigger_controller_dag']) retrieved from /Users/saber/airflow_project/airflow_venv/lib/python3.10/site-packages/airflow/example_dags/example_trigger_controller_dag.py
[2025-05-16T06:41:20.898+0100] {logging_mixin.py:154} INFO - [2025-05-16T06:41:20.897+0100] {dag.py:2941} INFO - Sync 1 DAGs
[2025-05-16T06:41:20.902+0100] {logging_mixin.py:154} INFO - [2025-05-16T06:41:20.902+0100] {dag.py:3722} INFO - Setting next_dagrun for example_trigger_controller_dag to 2021-01-01T00:00:00+00:00, run_after=2021-01-01T00:00:00+00:00
[2025-05-16T06:41:20.906+0100] {processor.py:179} INFO - Processing /Users/saber/airflow_project/airflow_venv/lib/python3.10/site-packages/airflow/example_dags/example_trigger_controller_dag.py took 0.059 seconds
[2025-05-16T06:42:21.200+0100] {processor.py:157} INFO - Started process (PID=9000) to work on /Users/saber/airflow_project/airflow_venv/lib/python3.10/site-packages/airflow/example_dags/example_trigger_controller_dag.py
[2025-05-16T06:42:21.200+0100] {processor.py:829} INFO - Processing file /Users/saber/airflow_project/airflow_venv/lib/python3.10/site-packages/airflow/example_dags/example_trigger_controller_dag.py for tasks to queue
[2025-05-16T06:42:21.201+0100] {logging_mixin.py:154} INFO - [2025-05-16T06:42:21.201+0100] {dagbag.py:536} INFO - Filling up the DagBag from /Users/saber/airflow_project/airflow_venv/lib/python3.10/site-packages/airflow/example_dags/example_trigger_controller_dag.py
[2025-05-16T06:42:21.209+0100] {processor.py:839} INFO - DAG(s) dict_keys(['example_trigger_controller_dag']) retrieved from /Users/saber/airflow_project/airflow_venv/lib/python3.10/site-packages/airflow/example_dags/example_trigger_controller_dag.py
[2025-05-16T06:42:21.261+0100] {logging_mixin.py:154} INFO - [2025-05-16T06:42:21.261+0100] {dag.py:2941} INFO - Sync 1 DAGs
[2025-05-16T06:42:21.267+0100] {logging_mixin.py:154} INFO - [2025-05-16T06:42:21.267+0100] {dag.py:3722} INFO - Setting next_dagrun for example_trigger_controller_dag to 2021-01-01T00:00:00+00:00, run_after=2021-01-01T00:00:00+00:00
[2025-05-16T06:42:21.271+0100] {processor.py:179} INFO - Processing /Users/saber/airflow_project/airflow_venv/lib/python3.10/site-packages/airflow/example_dags/example_trigger_controller_dag.py took 0.072 seconds
[2025-05-16T06:43:17.313+0100] {processor.py:157} INFO - Started process (PID=9050) to work on /Users/saber/airflow_project/airflow_venv/lib/python3.10/site-packages/airflow/example_dags/example_trigger_controller_dag.py
[2025-05-16T06:43:17.313+0100] {processor.py:829} INFO - Processing file /Users/saber/airflow_project/airflow_venv/lib/python3.10/site-packages/airflow/example_dags/example_trigger_controller_dag.py for tasks to queue
[2025-05-16T06:43:17.314+0100] {logging_mixin.py:154} INFO - [2025-05-16T06:43:17.314+0100] {dagbag.py:536} INFO - Filling up the DagBag from /Users/saber/airflow_project/airflow_venv/lib/python3.10/site-packages/airflow/example_dags/example_trigger_controller_dag.py
[2025-05-16T06:43:17.322+0100] {processor.py:839} INFO - DAG(s) dict_keys(['example_trigger_controller_dag']) retrieved from /Users/saber/airflow_project/airflow_venv/lib/python3.10/site-packages/airflow/example_dags/example_trigger_controller_dag.py
[2025-05-16T06:43:17.370+0100] {logging_mixin.py:154} INFO - [2025-05-16T06:43:17.370+0100] {dag.py:2941} INFO - Sync 1 DAGs
[2025-05-16T06:43:17.375+0100] {logging_mixin.py:154} INFO - [2025-05-16T06:43:17.375+0100] {dag.py:3722} INFO - Setting next_dagrun for example_trigger_controller_dag to 2021-01-01T00:00:00+00:00, run_after=2021-01-01T00:00:00+00:00
[2025-05-16T06:43:17.379+0100] {processor.py:179} INFO - Processing /Users/saber/airflow_project/airflow_venv/lib/python3.10/site-packages/airflow/example_dags/example_trigger_controller_dag.py took 0.067 seconds
[2025-05-16T06:44:15.066+0100] {processor.py:157} INFO - Started process (PID=9105) to work on /Users/saber/airflow_project/airflow_venv/lib/python3.10/site-packages/airflow/example_dags/example_trigger_controller_dag.py
[2025-05-16T06:44:15.067+0100] {processor.py:829} INFO - Processing file /Users/saber/airflow_project/airflow_venv/lib/python3.10/site-packages/airflow/example_dags/example_trigger_controller_dag.py for tasks to queue
[2025-05-16T06:44:15.067+0100] {logging_mixin.py:154} INFO - [2025-05-16T06:44:15.067+0100] {dagbag.py:536} INFO - Filling up the DagBag from /Users/saber/airflow_project/airflow_venv/lib/python3.10/site-packages/airflow/example_dags/example_trigger_controller_dag.py
[2025-05-16T06:44:15.074+0100] {processor.py:839} INFO - DAG(s) dict_keys(['example_trigger_controller_dag']) retrieved from /Users/saber/airflow_project/airflow_venv/lib/python3.10/site-packages/airflow/example_dags/example_trigger_controller_dag.py
[2025-05-16T06:44:15.117+0100] {logging_mixin.py:154} INFO - [2025-05-16T06:44:15.117+0100] {dag.py:2941} INFO - Sync 1 DAGs
[2025-05-16T06:44:15.121+0100] {logging_mixin.py:154} INFO - [2025-05-16T06:44:15.121+0100] {dag.py:3722} INFO - Setting next_dagrun for example_trigger_controller_dag to 2021-01-01T00:00:00+00:00, run_after=2021-01-01T00:00:00+00:00
[2025-05-16T06:44:15.126+0100] {processor.py:179} INFO - Processing /Users/saber/airflow_project/airflow_venv/lib/python3.10/site-packages/airflow/example_dags/example_trigger_controller_dag.py took 0.060 seconds
[2025-05-16T06:45:13.781+0100] {processor.py:157} INFO - Started process (PID=9155) to work on /Users/saber/airflow_project/airflow_venv/lib/python3.10/site-packages/airflow/example_dags/example_trigger_controller_dag.py
[2025-05-16T06:45:13.781+0100] {processor.py:829} INFO - Processing file /Users/saber/airflow_project/airflow_venv/lib/python3.10/site-packages/airflow/example_dags/example_trigger_controller_dag.py for tasks to queue
[2025-05-16T06:45:13.782+0100] {logging_mixin.py:154} INFO - [2025-05-16T06:45:13.782+0100] {dagbag.py:536} INFO - Filling up the DagBag from /Users/saber/airflow_project/airflow_venv/lib/python3.10/site-packages/airflow/example_dags/example_trigger_controller_dag.py
[2025-05-16T06:45:13.790+0100] {processor.py:839} INFO - DAG(s) dict_keys(['example_trigger_controller_dag']) retrieved from /Users/saber/airflow_project/airflow_venv/lib/python3.10/site-packages/airflow/example_dags/example_trigger_controller_dag.py
[2025-05-16T06:45:13.839+0100] {logging_mixin.py:154} INFO - [2025-05-16T06:45:13.839+0100] {dag.py:2941} INFO - Sync 1 DAGs
[2025-05-16T06:45:13.844+0100] {logging_mixin.py:154} INFO - [2025-05-16T06:45:13.844+0100] {dag.py:3722} INFO - Setting next_dagrun for example_trigger_controller_dag to 2021-01-01T00:00:00+00:00, run_after=2021-01-01T00:00:00+00:00
[2025-05-16T06:45:13.849+0100] {processor.py:179} INFO - Processing /Users/saber/airflow_project/airflow_venv/lib/python3.10/site-packages/airflow/example_dags/example_trigger_controller_dag.py took 0.068 seconds
[2025-05-16T06:46:11.521+0100] {processor.py:157} INFO - Started process (PID=9222) to work on /Users/saber/airflow_project/airflow_venv/lib/python3.10/site-packages/airflow/example_dags/example_trigger_controller_dag.py
[2025-05-16T06:46:11.521+0100] {processor.py:829} INFO - Processing file /Users/saber/airflow_project/airflow_venv/lib/python3.10/site-packages/airflow/example_dags/example_trigger_controller_dag.py for tasks to queue
[2025-05-16T06:46:11.522+0100] {logging_mixin.py:154} INFO - [2025-05-16T06:46:11.521+0100] {dagbag.py:536} INFO - Filling up the DagBag from /Users/saber/airflow_project/airflow_venv/lib/python3.10/site-packages/airflow/example_dags/example_trigger_controller_dag.py
[2025-05-16T06:46:11.529+0100] {processor.py:839} INFO - DAG(s) dict_keys(['example_trigger_controller_dag']) retrieved from /Users/saber/airflow_project/airflow_venv/lib/python3.10/site-packages/airflow/example_dags/example_trigger_controller_dag.py
[2025-05-16T06:46:11.573+0100] {logging_mixin.py:154} INFO - [2025-05-16T06:46:11.573+0100] {dag.py:2941} INFO - Sync 1 DAGs
[2025-05-16T06:46:11.578+0100] {logging_mixin.py:154} INFO - [2025-05-16T06:46:11.578+0100] {dag.py:3722} INFO - Setting next_dagrun for example_trigger_controller_dag to 2021-01-01T00:00:00+00:00, run_after=2021-01-01T00:00:00+00:00
[2025-05-16T06:46:11.583+0100] {processor.py:179} INFO - Processing /Users/saber/airflow_project/airflow_venv/lib/python3.10/site-packages/airflow/example_dags/example_trigger_controller_dag.py took 0.062 seconds
[2025-05-16T06:47:11.164+0100] {processor.py:157} INFO - Started process (PID=9270) to work on /Users/saber/airflow_project/airflow_venv/lib/python3.10/site-packages/airflow/example_dags/example_trigger_controller_dag.py
[2025-05-16T06:47:11.164+0100] {processor.py:829} INFO - Processing file /Users/saber/airflow_project/airflow_venv/lib/python3.10/site-packages/airflow/example_dags/example_trigger_controller_dag.py for tasks to queue
[2025-05-16T06:47:11.165+0100] {logging_mixin.py:154} INFO - [2025-05-16T06:47:11.165+0100] {dagbag.py:536} INFO - Filling up the DagBag from /Users/saber/airflow_project/airflow_venv/lib/python3.10/site-packages/airflow/example_dags/example_trigger_controller_dag.py
[2025-05-16T06:47:11.172+0100] {processor.py:839} INFO - DAG(s) dict_keys(['example_trigger_controller_dag']) retrieved from /Users/saber/airflow_project/airflow_venv/lib/python3.10/site-packages/airflow/example_dags/example_trigger_controller_dag.py
[2025-05-16T06:47:11.215+0100] {logging_mixin.py:154} INFO - [2025-05-16T06:47:11.215+0100] {dag.py:2941} INFO - Sync 1 DAGs
[2025-05-16T06:47:11.220+0100] {logging_mixin.py:154} INFO - [2025-05-16T06:47:11.220+0100] {dag.py:3722} INFO - Setting next_dagrun for example_trigger_controller_dag to 2021-01-01T00:00:00+00:00, run_after=2021-01-01T00:00:00+00:00
[2025-05-16T06:47:11.224+0100] {processor.py:179} INFO - Processing /Users/saber/airflow_project/airflow_venv/lib/python3.10/site-packages/airflow/example_dags/example_trigger_controller_dag.py took 0.060 seconds
[2025-05-16T06:48:07.482+0100] {processor.py:157} INFO - Started process (PID=9319) to work on /Users/saber/airflow_project/airflow_venv/lib/python3.10/site-packages/airflow/example_dags/example_trigger_controller_dag.py
[2025-05-16T06:48:07.483+0100] {processor.py:829} INFO - Processing file /Users/saber/airflow_project/airflow_venv/lib/python3.10/site-packages/airflow/example_dags/example_trigger_controller_dag.py for tasks to queue
[2025-05-16T06:48:07.483+0100] {logging_mixin.py:154} INFO - [2025-05-16T06:48:07.483+0100] {dagbag.py:536} INFO - Filling up the DagBag from /Users/saber/airflow_project/airflow_venv/lib/python3.10/site-packages/airflow/example_dags/example_trigger_controller_dag.py
[2025-05-16T06:48:07.490+0100] {processor.py:839} INFO - DAG(s) dict_keys(['example_trigger_controller_dag']) retrieved from /Users/saber/airflow_project/airflow_venv/lib/python3.10/site-packages/airflow/example_dags/example_trigger_controller_dag.py
[2025-05-16T06:48:07.533+0100] {logging_mixin.py:154} INFO - [2025-05-16T06:48:07.533+0100] {dag.py:2941} INFO - Sync 1 DAGs
[2025-05-16T06:48:07.538+0100] {logging_mixin.py:154} INFO - [2025-05-16T06:48:07.537+0100] {dag.py:3722} INFO - Setting next_dagrun for example_trigger_controller_dag to 2021-01-01T00:00:00+00:00, run_after=2021-01-01T00:00:00+00:00
[2025-05-16T06:48:07.542+0100] {processor.py:179} INFO - Processing /Users/saber/airflow_project/airflow_venv/lib/python3.10/site-packages/airflow/example_dags/example_trigger_controller_dag.py took 0.060 seconds
[2025-05-16T06:49:03.860+0100] {processor.py:157} INFO - Started process (PID=9366) to work on /Users/saber/airflow_project/airflow_venv/lib/python3.10/site-packages/airflow/example_dags/example_trigger_controller_dag.py
[2025-05-16T06:49:03.860+0100] {processor.py:829} INFO - Processing file /Users/saber/airflow_project/airflow_venv/lib/python3.10/site-packages/airflow/example_dags/example_trigger_controller_dag.py for tasks to queue
[2025-05-16T06:49:03.860+0100] {logging_mixin.py:154} INFO - [2025-05-16T06:49:03.860+0100] {dagbag.py:536} INFO - Filling up the DagBag from /Users/saber/airflow_project/airflow_venv/lib/python3.10/site-packages/airflow/example_dags/example_trigger_controller_dag.py
[2025-05-16T06:49:03.867+0100] {processor.py:839} INFO - DAG(s) dict_keys(['example_trigger_controller_dag']) retrieved from /Users/saber/airflow_project/airflow_venv/lib/python3.10/site-packages/airflow/example_dags/example_trigger_controller_dag.py
[2025-05-16T06:49:03.910+0100] {logging_mixin.py:154} INFO - [2025-05-16T06:49:03.910+0100] {dag.py:2941} INFO - Sync 1 DAGs
[2025-05-16T06:49:03.914+0100] {logging_mixin.py:154} INFO - [2025-05-16T06:49:03.914+0100] {dag.py:3722} INFO - Setting next_dagrun for example_trigger_controller_dag to 2021-01-01T00:00:00+00:00, run_after=2021-01-01T00:00:00+00:00
[2025-05-16T06:49:03.918+0100] {processor.py:179} INFO - Processing /Users/saber/airflow_project/airflow_venv/lib/python3.10/site-packages/airflow/example_dags/example_trigger_controller_dag.py took 0.059 seconds
[2025-05-16T06:50:02.554+0100] {processor.py:157} INFO - Started process (PID=9417) to work on /Users/saber/airflow_project/airflow_venv/lib/python3.10/site-packages/airflow/example_dags/example_trigger_controller_dag.py
[2025-05-16T06:50:02.554+0100] {processor.py:829} INFO - Processing file /Users/saber/airflow_project/airflow_venv/lib/python3.10/site-packages/airflow/example_dags/example_trigger_controller_dag.py for tasks to queue
[2025-05-16T06:50:02.555+0100] {logging_mixin.py:154} INFO - [2025-05-16T06:50:02.555+0100] {dagbag.py:536} INFO - Filling up the DagBag from /Users/saber/airflow_project/airflow_venv/lib/python3.10/site-packages/airflow/example_dags/example_trigger_controller_dag.py
[2025-05-16T06:50:02.562+0100] {processor.py:839} INFO - DAG(s) dict_keys(['example_trigger_controller_dag']) retrieved from /Users/saber/airflow_project/airflow_venv/lib/python3.10/site-packages/airflow/example_dags/example_trigger_controller_dag.py
[2025-05-16T06:50:02.604+0100] {logging_mixin.py:154} INFO - [2025-05-16T06:50:02.604+0100] {dag.py:2941} INFO - Sync 1 DAGs
[2025-05-16T06:50:02.609+0100] {logging_mixin.py:154} INFO - [2025-05-16T06:50:02.609+0100] {dag.py:3722} INFO - Setting next_dagrun for example_trigger_controller_dag to 2021-01-01T00:00:00+00:00, run_after=2021-01-01T00:00:00+00:00
[2025-05-16T06:50:02.613+0100] {processor.py:179} INFO - Processing /Users/saber/airflow_project/airflow_venv/lib/python3.10/site-packages/airflow/example_dags/example_trigger_controller_dag.py took 0.059 seconds
[2025-05-16T06:51:01.207+0100] {processor.py:157} INFO - Started process (PID=9474) to work on /Users/saber/airflow_project/airflow_venv/lib/python3.10/site-packages/airflow/example_dags/example_trigger_controller_dag.py
[2025-05-16T06:51:01.207+0100] {processor.py:829} INFO - Processing file /Users/saber/airflow_project/airflow_venv/lib/python3.10/site-packages/airflow/example_dags/example_trigger_controller_dag.py for tasks to queue
[2025-05-16T06:51:01.208+0100] {logging_mixin.py:154} INFO - [2025-05-16T06:51:01.208+0100] {dagbag.py:536} INFO - Filling up the DagBag from /Users/saber/airflow_project/airflow_venv/lib/python3.10/site-packages/airflow/example_dags/example_trigger_controller_dag.py
[2025-05-16T06:51:01.215+0100] {processor.py:839} INFO - DAG(s) dict_keys(['example_trigger_controller_dag']) retrieved from /Users/saber/airflow_project/airflow_venv/lib/python3.10/site-packages/airflow/example_dags/example_trigger_controller_dag.py
[2025-05-16T06:51:01.258+0100] {logging_mixin.py:154} INFO - [2025-05-16T06:51:01.258+0100] {dag.py:2941} INFO - Sync 1 DAGs
[2025-05-16T06:51:01.262+0100] {logging_mixin.py:154} INFO - [2025-05-16T06:51:01.262+0100] {dag.py:3722} INFO - Setting next_dagrun for example_trigger_controller_dag to 2021-01-01T00:00:00+00:00, run_after=2021-01-01T00:00:00+00:00
[2025-05-16T06:51:01.267+0100] {processor.py:179} INFO - Processing /Users/saber/airflow_project/airflow_venv/lib/python3.10/site-packages/airflow/example_dags/example_trigger_controller_dag.py took 0.060 seconds
