[2025-05-16T06:38:03.475+0100] {processor.py:157} INFO - Started process (PID=8762) to work on /Users/saber/airflow_project/airflow_venv/lib/python3.10/site-packages/airflow/example_dags/example_datasets.py
[2025-05-16T06:38:03.475+0100] {processor.py:829} INFO - Processing file /Users/saber/airflow_project/airflow_venv/lib/python3.10/site-packages/airflow/example_dags/example_datasets.py for tasks to queue
[2025-05-16T06:38:03.476+0100] {logging_mixin.py:154} INFO - [2025-05-16T06:38:03.476+0100] {dagbag.py:536} INFO - Filling up the DagBag from /Users/saber/airflow_project/airflow_venv/lib/python3.10/site-packages/airflow/example_dags/example_datasets.py
[2025-05-16T06:38:03.484+0100] {processor.py:839} INFO - DAG(s) dict_keys(['dataset_consumes_1', 'dataset_consumes_1_and_2', 'dataset_consumes_1_never_scheduled', 'dataset_produces_1', 'dataset_consumes_unknown_never_scheduled', 'dataset_produces_2']) retrieved from /Users/saber/airflow_project/airflow_venv/lib/python3.10/site-packages/airflow/example_dags/example_datasets.py
[2025-05-16T06:38:03.638+0100] {logging_mixin.py:154} INFO - [2025-05-16T06:38:03.638+0100] {manager.py:499} INFO - Created Permission View: %s
[2025-05-16T06:38:03.640+0100] {logging_mixin.py:154} INFO - [2025-05-16T06:38:03.640+0100] {manager.py:499} INFO - Created Permission View: %s
[2025-05-16T06:38:03.642+0100] {logging_mixin.py:154} INFO - [2025-05-16T06:38:03.642+0100] {manager.py:499} INFO - Created Permission View: %s
[2025-05-16T06:38:03.645+0100] {logging_mixin.py:154} INFO - [2025-05-16T06:38:03.645+0100] {manager.py:499} INFO - Created Permission View: %s
[2025-05-16T06:38:03.647+0100] {logging_mixin.py:154} INFO - [2025-05-16T06:38:03.647+0100] {manager.py:499} INFO - Created Permission View: %s
[2025-05-16T06:38:03.648+0100] {logging_mixin.py:154} INFO - [2025-05-16T06:38:03.648+0100] {manager.py:499} INFO - Created Permission View: %s
[2025-05-16T06:38:03.650+0100] {logging_mixin.py:154} INFO - [2025-05-16T06:38:03.650+0100] {manager.py:499} INFO - Created Permission View: %s
[2025-05-16T06:38:03.651+0100] {logging_mixin.py:154} INFO - [2025-05-16T06:38:03.651+0100] {manager.py:499} INFO - Created Permission View: %s
[2025-05-16T06:38:03.653+0100] {logging_mixin.py:154} INFO - [2025-05-16T06:38:03.653+0100] {manager.py:499} INFO - Created Permission View: %s
[2025-05-16T06:38:03.655+0100] {logging_mixin.py:154} INFO - [2025-05-16T06:38:03.655+0100] {manager.py:499} INFO - Created Permission View: %s
[2025-05-16T06:38:03.656+0100] {logging_mixin.py:154} INFO - [2025-05-16T06:38:03.656+0100] {manager.py:499} INFO - Created Permission View: %s
[2025-05-16T06:38:03.657+0100] {logging_mixin.py:154} INFO - [2025-05-16T06:38:03.657+0100] {manager.py:499} INFO - Created Permission View: %s
[2025-05-16T06:38:03.659+0100] {logging_mixin.py:154} INFO - [2025-05-16T06:38:03.659+0100] {manager.py:499} INFO - Created Permission View: %s
[2025-05-16T06:38:03.660+0100] {logging_mixin.py:154} INFO - [2025-05-16T06:38:03.660+0100] {manager.py:499} INFO - Created Permission View: %s
[2025-05-16T06:38:03.661+0100] {logging_mixin.py:154} INFO - [2025-05-16T06:38:03.661+0100] {manager.py:499} INFO - Created Permission View: %s
[2025-05-16T06:38:03.664+0100] {logging_mixin.py:154} INFO - [2025-05-16T06:38:03.664+0100] {manager.py:499} INFO - Created Permission View: %s
[2025-05-16T06:38:03.665+0100] {logging_mixin.py:154} INFO - [2025-05-16T06:38:03.665+0100] {manager.py:499} INFO - Created Permission View: %s
[2025-05-16T06:38:03.666+0100] {logging_mixin.py:154} INFO - [2025-05-16T06:38:03.666+0100] {manager.py:499} INFO - Created Permission View: %s
[2025-05-16T06:38:03.666+0100] {logging_mixin.py:154} INFO - [2025-05-16T06:38:03.666+0100] {dag.py:2941} INFO - Sync 6 DAGs
[2025-05-16T06:38:03.669+0100] {logging_mixin.py:154} INFO - [2025-05-16T06:38:03.669+0100] {dag.py:2963} INFO - Creating ORM DAG for dataset_consumes_1_and_2
[2025-05-16T06:38:03.669+0100] {logging_mixin.py:154} INFO - [2025-05-16T06:38:03.669+0100] {dag.py:2963} INFO - Creating ORM DAG for dataset_produces_2
[2025-05-16T06:38:03.669+0100] {logging_mixin.py:154} INFO - [2025-05-16T06:38:03.669+0100] {dag.py:2963} INFO - Creating ORM DAG for dataset_consumes_1_never_scheduled
[2025-05-16T06:38:03.669+0100] {logging_mixin.py:154} INFO - [2025-05-16T06:38:03.669+0100] {dag.py:2963} INFO - Creating ORM DAG for dataset_produces_1
[2025-05-16T06:38:03.669+0100] {logging_mixin.py:154} INFO - [2025-05-16T06:38:03.669+0100] {dag.py:2963} INFO - Creating ORM DAG for dataset_consumes_1
[2025-05-16T06:38:03.670+0100] {logging_mixin.py:154} INFO - [2025-05-16T06:38:03.669+0100] {dag.py:2963} INFO - Creating ORM DAG for dataset_consumes_unknown_never_scheduled
[2025-05-16T06:38:03.672+0100] {logging_mixin.py:154} INFO - [2025-05-16T06:38:03.672+0100] {dag.py:3722} INFO - Setting next_dagrun for dataset_consumes_1 to None, run_after=None
[2025-05-16T06:38:03.672+0100] {logging_mixin.py:154} INFO - [2025-05-16T06:38:03.672+0100] {dag.py:3722} INFO - Setting next_dagrun for dataset_consumes_1_and_2 to None, run_after=None
[2025-05-16T06:38:03.672+0100] {logging_mixin.py:154} INFO - [2025-05-16T06:38:03.672+0100] {dag.py:3722} INFO - Setting next_dagrun for dataset_consumes_1_never_scheduled to None, run_after=None
[2025-05-16T06:38:03.672+0100] {logging_mixin.py:154} INFO - [2025-05-16T06:38:03.672+0100] {dag.py:3722} INFO - Setting next_dagrun for dataset_consumes_unknown_never_scheduled to None, run_after=None
[2025-05-16T06:38:03.673+0100] {logging_mixin.py:154} INFO - [2025-05-16T06:38:03.673+0100] {dag.py:3722} INFO - Setting next_dagrun for dataset_produces_1 to 2025-05-15T00:00:00+00:00, run_after=2025-05-16T00:00:00+00:00
[2025-05-16T06:38:03.673+0100] {logging_mixin.py:154} INFO - [2025-05-16T06:38:03.673+0100] {dag.py:3722} INFO - Setting next_dagrun for dataset_produces_2 to None, run_after=None
[2025-05-16T06:38:03.680+0100] {processor.py:179} INFO - Processing /Users/saber/airflow_project/airflow_venv/lib/python3.10/site-packages/airflow/example_dags/example_datasets.py took 0.205 seconds
[2025-05-16T06:39:01.700+0100] {processor.py:157} INFO - Started process (PID=8817) to work on /Users/saber/airflow_project/airflow_venv/lib/python3.10/site-packages/airflow/example_dags/example_datasets.py
[2025-05-16T06:39:01.700+0100] {processor.py:829} INFO - Processing file /Users/saber/airflow_project/airflow_venv/lib/python3.10/site-packages/airflow/example_dags/example_datasets.py for tasks to queue
[2025-05-16T06:39:01.701+0100] {logging_mixin.py:154} INFO - [2025-05-16T06:39:01.701+0100] {dagbag.py:536} INFO - Filling up the DagBag from /Users/saber/airflow_project/airflow_venv/lib/python3.10/site-packages/airflow/example_dags/example_datasets.py
[2025-05-16T06:39:01.709+0100] {processor.py:839} INFO - DAG(s) dict_keys(['dataset_produces_1', 'dataset_consumes_1_never_scheduled', 'dataset_produces_2', 'dataset_consumes_1_and_2', 'dataset_consumes_1', 'dataset_consumes_unknown_never_scheduled']) retrieved from /Users/saber/airflow_project/airflow_venv/lib/python3.10/site-packages/airflow/example_dags/example_datasets.py
[2025-05-16T06:39:01.764+0100] {logging_mixin.py:154} INFO - [2025-05-16T06:39:01.764+0100] {dag.py:2941} INFO - Sync 6 DAGs
[2025-05-16T06:39:01.769+0100] {logging_mixin.py:154} INFO - [2025-05-16T06:39:01.769+0100] {dag.py:3722} INFO - Setting next_dagrun for dataset_consumes_1 to None, run_after=None
[2025-05-16T06:39:01.769+0100] {logging_mixin.py:154} INFO - [2025-05-16T06:39:01.769+0100] {dag.py:3722} INFO - Setting next_dagrun for dataset_consumes_1_and_2 to None, run_after=None
[2025-05-16T06:39:01.769+0100] {logging_mixin.py:154} INFO - [2025-05-16T06:39:01.769+0100] {dag.py:3722} INFO - Setting next_dagrun for dataset_consumes_1_never_scheduled to None, run_after=None
[2025-05-16T06:39:01.770+0100] {logging_mixin.py:154} INFO - [2025-05-16T06:39:01.770+0100] {dag.py:3722} INFO - Setting next_dagrun for dataset_consumes_unknown_never_scheduled to None, run_after=None
[2025-05-16T06:39:01.770+0100] {logging_mixin.py:154} INFO - [2025-05-16T06:39:01.770+0100] {dag.py:3722} INFO - Setting next_dagrun for dataset_produces_1 to 2025-05-15T00:00:00+00:00, run_after=2025-05-16T00:00:00+00:00
[2025-05-16T06:39:01.770+0100] {logging_mixin.py:154} INFO - [2025-05-16T06:39:01.770+0100] {dag.py:3722} INFO - Setting next_dagrun for dataset_produces_2 to None, run_after=None
[2025-05-16T06:39:01.777+0100] {processor.py:179} INFO - Processing /Users/saber/airflow_project/airflow_venv/lib/python3.10/site-packages/airflow/example_dags/example_datasets.py took 0.077 seconds
[2025-05-16T06:39:58.846+0100] {processor.py:157} INFO - Started process (PID=8881) to work on /Users/saber/airflow_project/airflow_venv/lib/python3.10/site-packages/airflow/example_dags/example_datasets.py
[2025-05-16T06:39:58.847+0100] {processor.py:829} INFO - Processing file /Users/saber/airflow_project/airflow_venv/lib/python3.10/site-packages/airflow/example_dags/example_datasets.py for tasks to queue
[2025-05-16T06:39:58.847+0100] {logging_mixin.py:154} INFO - [2025-05-16T06:39:58.847+0100] {dagbag.py:536} INFO - Filling up the DagBag from /Users/saber/airflow_project/airflow_venv/lib/python3.10/site-packages/airflow/example_dags/example_datasets.py
[2025-05-16T06:39:58.855+0100] {processor.py:839} INFO - DAG(s) dict_keys(['dataset_consumes_1', 'dataset_consumes_1_and_2', 'dataset_produces_2', 'dataset_consumes_unknown_never_scheduled', 'dataset_consumes_1_never_scheduled', 'dataset_produces_1']) retrieved from /Users/saber/airflow_project/airflow_venv/lib/python3.10/site-packages/airflow/example_dags/example_datasets.py
[2025-05-16T06:39:58.902+0100] {logging_mixin.py:154} INFO - [2025-05-16T06:39:58.902+0100] {dag.py:2941} INFO - Sync 6 DAGs
[2025-05-16T06:39:58.906+0100] {logging_mixin.py:154} INFO - [2025-05-16T06:39:58.906+0100] {dag.py:3722} INFO - Setting next_dagrun for dataset_consumes_1 to None, run_after=None
[2025-05-16T06:39:58.907+0100] {logging_mixin.py:154} INFO - [2025-05-16T06:39:58.907+0100] {dag.py:3722} INFO - Setting next_dagrun for dataset_consumes_1_and_2 to None, run_after=None
[2025-05-16T06:39:58.907+0100] {logging_mixin.py:154} INFO - [2025-05-16T06:39:58.907+0100] {dag.py:3722} INFO - Setting next_dagrun for dataset_consumes_1_never_scheduled to None, run_after=None
[2025-05-16T06:39:58.907+0100] {logging_mixin.py:154} INFO - [2025-05-16T06:39:58.907+0100] {dag.py:3722} INFO - Setting next_dagrun for dataset_consumes_unknown_never_scheduled to None, run_after=None
[2025-05-16T06:39:58.908+0100] {logging_mixin.py:154} INFO - [2025-05-16T06:39:58.908+0100] {dag.py:3722} INFO - Setting next_dagrun for dataset_produces_1 to 2025-05-15T00:00:00+00:00, run_after=2025-05-16T00:00:00+00:00
[2025-05-16T06:39:58.908+0100] {logging_mixin.py:154} INFO - [2025-05-16T06:39:58.908+0100] {dag.py:3722} INFO - Setting next_dagrun for dataset_produces_2 to None, run_after=None
[2025-05-16T06:39:58.915+0100] {processor.py:179} INFO - Processing /Users/saber/airflow_project/airflow_venv/lib/python3.10/site-packages/airflow/example_dags/example_datasets.py took 0.068 seconds
[2025-05-16T06:40:59.304+0100] {processor.py:157} INFO - Started process (PID=8930) to work on /Users/saber/airflow_project/airflow_venv/lib/python3.10/site-packages/airflow/example_dags/example_datasets.py
[2025-05-16T06:40:59.304+0100] {processor.py:829} INFO - Processing file /Users/saber/airflow_project/airflow_venv/lib/python3.10/site-packages/airflow/example_dags/example_datasets.py for tasks to queue
[2025-05-16T06:40:59.305+0100] {logging_mixin.py:154} INFO - [2025-05-16T06:40:59.305+0100] {dagbag.py:536} INFO - Filling up the DagBag from /Users/saber/airflow_project/airflow_venv/lib/python3.10/site-packages/airflow/example_dags/example_datasets.py
[2025-05-16T06:40:59.312+0100] {processor.py:839} INFO - DAG(s) dict_keys(['dataset_produces_1', 'dataset_consumes_1', 'dataset_produces_2', 'dataset_consumes_unknown_never_scheduled', 'dataset_consumes_1_never_scheduled', 'dataset_consumes_1_and_2']) retrieved from /Users/saber/airflow_project/airflow_venv/lib/python3.10/site-packages/airflow/example_dags/example_datasets.py
[2025-05-16T06:40:59.359+0100] {logging_mixin.py:154} INFO - [2025-05-16T06:40:59.359+0100] {dag.py:2941} INFO - Sync 6 DAGs
[2025-05-16T06:40:59.363+0100] {logging_mixin.py:154} INFO - [2025-05-16T06:40:59.363+0100] {dag.py:3722} INFO - Setting next_dagrun for dataset_consumes_1 to None, run_after=None
[2025-05-16T06:40:59.364+0100] {logging_mixin.py:154} INFO - [2025-05-16T06:40:59.364+0100] {dag.py:3722} INFO - Setting next_dagrun for dataset_consumes_1_and_2 to None, run_after=None
[2025-05-16T06:40:59.364+0100] {logging_mixin.py:154} INFO - [2025-05-16T06:40:59.364+0100] {dag.py:3722} INFO - Setting next_dagrun for dataset_consumes_1_never_scheduled to None, run_after=None
[2025-05-16T06:40:59.364+0100] {logging_mixin.py:154} INFO - [2025-05-16T06:40:59.364+0100] {dag.py:3722} INFO - Setting next_dagrun for dataset_consumes_unknown_never_scheduled to None, run_after=None
[2025-05-16T06:40:59.365+0100] {logging_mixin.py:154} INFO - [2025-05-16T06:40:59.365+0100] {dag.py:3722} INFO - Setting next_dagrun for dataset_produces_1 to 2025-05-15T00:00:00+00:00, run_after=2025-05-16T00:00:00+00:00
[2025-05-16T06:40:59.365+0100] {logging_mixin.py:154} INFO - [2025-05-16T06:40:59.365+0100] {dag.py:3722} INFO - Setting next_dagrun for dataset_produces_2 to None, run_after=None
[2025-05-16T06:40:59.371+0100] {processor.py:179} INFO - Processing /Users/saber/airflow_project/airflow_venv/lib/python3.10/site-packages/airflow/example_dags/example_datasets.py took 0.068 seconds
[2025-05-16T06:41:59.131+0100] {processor.py:157} INFO - Started process (PID=8983) to work on /Users/saber/airflow_project/airflow_venv/lib/python3.10/site-packages/airflow/example_dags/example_datasets.py
[2025-05-16T06:41:59.132+0100] {processor.py:829} INFO - Processing file /Users/saber/airflow_project/airflow_venv/lib/python3.10/site-packages/airflow/example_dags/example_datasets.py for tasks to queue
[2025-05-16T06:41:59.132+0100] {logging_mixin.py:154} INFO - [2025-05-16T06:41:59.132+0100] {dagbag.py:536} INFO - Filling up the DagBag from /Users/saber/airflow_project/airflow_venv/lib/python3.10/site-packages/airflow/example_dags/example_datasets.py
[2025-05-16T06:41:59.140+0100] {processor.py:839} INFO - DAG(s) dict_keys(['dataset_consumes_1', 'dataset_consumes_1_and_2', 'dataset_consumes_unknown_never_scheduled', 'dataset_produces_1', 'dataset_produces_2', 'dataset_consumes_1_never_scheduled']) retrieved from /Users/saber/airflow_project/airflow_venv/lib/python3.10/site-packages/airflow/example_dags/example_datasets.py
[2025-05-16T06:41:59.192+0100] {logging_mixin.py:154} INFO - [2025-05-16T06:41:59.192+0100] {dag.py:2941} INFO - Sync 6 DAGs
[2025-05-16T06:41:59.197+0100] {logging_mixin.py:154} INFO - [2025-05-16T06:41:59.197+0100] {dag.py:3722} INFO - Setting next_dagrun for dataset_consumes_1 to None, run_after=None
[2025-05-16T06:41:59.199+0100] {logging_mixin.py:154} INFO - [2025-05-16T06:41:59.199+0100] {dag.py:3722} INFO - Setting next_dagrun for dataset_consumes_1_and_2 to None, run_after=None
[2025-05-16T06:41:59.199+0100] {logging_mixin.py:154} INFO - [2025-05-16T06:41:59.199+0100] {dag.py:3722} INFO - Setting next_dagrun for dataset_consumes_1_never_scheduled to None, run_after=None
[2025-05-16T06:41:59.199+0100] {logging_mixin.py:154} INFO - [2025-05-16T06:41:59.199+0100] {dag.py:3722} INFO - Setting next_dagrun for dataset_consumes_unknown_never_scheduled to None, run_after=None
[2025-05-16T06:41:59.200+0100] {logging_mixin.py:154} INFO - [2025-05-16T06:41:59.200+0100] {dag.py:3722} INFO - Setting next_dagrun for dataset_produces_1 to 2025-05-15T00:00:00+00:00, run_after=2025-05-16T00:00:00+00:00
[2025-05-16T06:41:59.200+0100] {logging_mixin.py:154} INFO - [2025-05-16T06:41:59.200+0100] {dag.py:3722} INFO - Setting next_dagrun for dataset_produces_2 to None, run_after=None
[2025-05-16T06:41:59.207+0100] {processor.py:179} INFO - Processing /Users/saber/airflow_project/airflow_venv/lib/python3.10/site-packages/airflow/example_dags/example_datasets.py took 0.076 seconds
[2025-05-16T06:42:56.606+0100] {processor.py:157} INFO - Started process (PID=9031) to work on /Users/saber/airflow_project/airflow_venv/lib/python3.10/site-packages/airflow/example_dags/example_datasets.py
[2025-05-16T06:42:56.606+0100] {processor.py:829} INFO - Processing file /Users/saber/airflow_project/airflow_venv/lib/python3.10/site-packages/airflow/example_dags/example_datasets.py for tasks to queue
[2025-05-16T06:42:56.607+0100] {logging_mixin.py:154} INFO - [2025-05-16T06:42:56.607+0100] {dagbag.py:536} INFO - Filling up the DagBag from /Users/saber/airflow_project/airflow_venv/lib/python3.10/site-packages/airflow/example_dags/example_datasets.py
[2025-05-16T06:42:56.614+0100] {processor.py:839} INFO - DAG(s) dict_keys(['dataset_consumes_1', 'dataset_consumes_unknown_never_scheduled', 'dataset_produces_1', 'dataset_produces_2', 'dataset_consumes_1_never_scheduled', 'dataset_consumes_1_and_2']) retrieved from /Users/saber/airflow_project/airflow_venv/lib/python3.10/site-packages/airflow/example_dags/example_datasets.py
[2025-05-16T06:42:56.662+0100] {logging_mixin.py:154} INFO - [2025-05-16T06:42:56.661+0100] {dag.py:2941} INFO - Sync 6 DAGs
[2025-05-16T06:42:56.666+0100] {logging_mixin.py:154} INFO - [2025-05-16T06:42:56.666+0100] {dag.py:3722} INFO - Setting next_dagrun for dataset_consumes_1 to None, run_after=None
[2025-05-16T06:42:56.667+0100] {logging_mixin.py:154} INFO - [2025-05-16T06:42:56.667+0100] {dag.py:3722} INFO - Setting next_dagrun for dataset_consumes_1_and_2 to None, run_after=None
[2025-05-16T06:42:56.667+0100] {logging_mixin.py:154} INFO - [2025-05-16T06:42:56.667+0100] {dag.py:3722} INFO - Setting next_dagrun for dataset_consumes_1_never_scheduled to None, run_after=None
[2025-05-16T06:42:56.667+0100] {logging_mixin.py:154} INFO - [2025-05-16T06:42:56.667+0100] {dag.py:3722} INFO - Setting next_dagrun for dataset_consumes_unknown_never_scheduled to None, run_after=None
[2025-05-16T06:42:56.668+0100] {logging_mixin.py:154} INFO - [2025-05-16T06:42:56.668+0100] {dag.py:3722} INFO - Setting next_dagrun for dataset_produces_1 to 2025-05-15T00:00:00+00:00, run_after=2025-05-16T00:00:00+00:00
[2025-05-16T06:42:56.668+0100] {logging_mixin.py:154} INFO - [2025-05-16T06:42:56.668+0100] {dag.py:3722} INFO - Setting next_dagrun for dataset_produces_2 to None, run_after=None
[2025-05-16T06:42:56.674+0100] {processor.py:179} INFO - Processing /Users/saber/airflow_project/airflow_venv/lib/python3.10/site-packages/airflow/example_dags/example_datasets.py took 0.068 seconds
[2025-05-16T06:43:53.175+0100] {processor.py:157} INFO - Started process (PID=9079) to work on /Users/saber/airflow_project/airflow_venv/lib/python3.10/site-packages/airflow/example_dags/example_datasets.py
[2025-05-16T06:43:53.175+0100] {processor.py:829} INFO - Processing file /Users/saber/airflow_project/airflow_venv/lib/python3.10/site-packages/airflow/example_dags/example_datasets.py for tasks to queue
[2025-05-16T06:43:53.176+0100] {logging_mixin.py:154} INFO - [2025-05-16T06:43:53.176+0100] {dagbag.py:536} INFO - Filling up the DagBag from /Users/saber/airflow_project/airflow_venv/lib/python3.10/site-packages/airflow/example_dags/example_datasets.py
[2025-05-16T06:43:53.183+0100] {processor.py:839} INFO - DAG(s) dict_keys(['dataset_produces_2', 'dataset_produces_1', 'dataset_consumes_1_never_scheduled', 'dataset_consumes_1_and_2', 'dataset_consumes_unknown_never_scheduled', 'dataset_consumes_1']) retrieved from /Users/saber/airflow_project/airflow_venv/lib/python3.10/site-packages/airflow/example_dags/example_datasets.py
[2025-05-16T06:43:53.231+0100] {logging_mixin.py:154} INFO - [2025-05-16T06:43:53.231+0100] {dag.py:2941} INFO - Sync 6 DAGs
[2025-05-16T06:43:53.235+0100] {logging_mixin.py:154} INFO - [2025-05-16T06:43:53.235+0100] {dag.py:3722} INFO - Setting next_dagrun for dataset_consumes_1 to None, run_after=None
[2025-05-16T06:43:53.236+0100] {logging_mixin.py:154} INFO - [2025-05-16T06:43:53.236+0100] {dag.py:3722} INFO - Setting next_dagrun for dataset_consumes_1_and_2 to None, run_after=None
[2025-05-16T06:43:53.236+0100] {logging_mixin.py:154} INFO - [2025-05-16T06:43:53.236+0100] {dag.py:3722} INFO - Setting next_dagrun for dataset_consumes_1_never_scheduled to None, run_after=None
[2025-05-16T06:43:53.236+0100] {logging_mixin.py:154} INFO - [2025-05-16T06:43:53.236+0100] {dag.py:3722} INFO - Setting next_dagrun for dataset_consumes_unknown_never_scheduled to None, run_after=None
[2025-05-16T06:43:53.237+0100] {logging_mixin.py:154} INFO - [2025-05-16T06:43:53.237+0100] {dag.py:3722} INFO - Setting next_dagrun for dataset_produces_1 to 2025-05-15T00:00:00+00:00, run_after=2025-05-16T00:00:00+00:00
[2025-05-16T06:43:53.237+0100] {logging_mixin.py:154} INFO - [2025-05-16T06:43:53.237+0100] {dag.py:3722} INFO - Setting next_dagrun for dataset_produces_2 to None, run_after=None
[2025-05-16T06:43:53.243+0100] {processor.py:179} INFO - Processing /Users/saber/airflow_project/airflow_venv/lib/python3.10/site-packages/airflow/example_dags/example_datasets.py took 0.069 seconds
[2025-05-16T06:44:50.308+0100] {processor.py:157} INFO - Started process (PID=9135) to work on /Users/saber/airflow_project/airflow_venv/lib/python3.10/site-packages/airflow/example_dags/example_datasets.py
[2025-05-16T06:44:50.308+0100] {processor.py:829} INFO - Processing file /Users/saber/airflow_project/airflow_venv/lib/python3.10/site-packages/airflow/example_dags/example_datasets.py for tasks to queue
[2025-05-16T06:44:50.309+0100] {logging_mixin.py:154} INFO - [2025-05-16T06:44:50.309+0100] {dagbag.py:536} INFO - Filling up the DagBag from /Users/saber/airflow_project/airflow_venv/lib/python3.10/site-packages/airflow/example_dags/example_datasets.py
[2025-05-16T06:44:50.316+0100] {processor.py:839} INFO - DAG(s) dict_keys(['dataset_produces_2', 'dataset_consumes_unknown_never_scheduled', 'dataset_consumes_1', 'dataset_consumes_1_and_2', 'dataset_consumes_1_never_scheduled', 'dataset_produces_1']) retrieved from /Users/saber/airflow_project/airflow_venv/lib/python3.10/site-packages/airflow/example_dags/example_datasets.py
[2025-05-16T06:44:50.363+0100] {logging_mixin.py:154} INFO - [2025-05-16T06:44:50.363+0100] {dag.py:2941} INFO - Sync 6 DAGs
[2025-05-16T06:44:50.367+0100] {logging_mixin.py:154} INFO - [2025-05-16T06:44:50.367+0100] {dag.py:3722} INFO - Setting next_dagrun for dataset_consumes_1 to None, run_after=None
[2025-05-16T06:44:50.368+0100] {logging_mixin.py:154} INFO - [2025-05-16T06:44:50.368+0100] {dag.py:3722} INFO - Setting next_dagrun for dataset_consumes_1_and_2 to None, run_after=None
[2025-05-16T06:44:50.368+0100] {logging_mixin.py:154} INFO - [2025-05-16T06:44:50.368+0100] {dag.py:3722} INFO - Setting next_dagrun for dataset_consumes_1_never_scheduled to None, run_after=None
[2025-05-16T06:44:50.368+0100] {logging_mixin.py:154} INFO - [2025-05-16T06:44:50.368+0100] {dag.py:3722} INFO - Setting next_dagrun for dataset_consumes_unknown_never_scheduled to None, run_after=None
[2025-05-16T06:44:50.369+0100] {logging_mixin.py:154} INFO - [2025-05-16T06:44:50.369+0100] {dag.py:3722} INFO - Setting next_dagrun for dataset_produces_1 to 2025-05-15T00:00:00+00:00, run_after=2025-05-16T00:00:00+00:00
[2025-05-16T06:44:50.369+0100] {logging_mixin.py:154} INFO - [2025-05-16T06:44:50.369+0100] {dag.py:3722} INFO - Setting next_dagrun for dataset_produces_2 to None, run_after=None
[2025-05-16T06:44:50.375+0100] {processor.py:179} INFO - Processing /Users/saber/airflow_project/airflow_venv/lib/python3.10/site-packages/airflow/example_dags/example_datasets.py took 0.068 seconds
[2025-05-16T06:45:48.146+0100] {processor.py:157} INFO - Started process (PID=9202) to work on /Users/saber/airflow_project/airflow_venv/lib/python3.10/site-packages/airflow/example_dags/example_datasets.py
[2025-05-16T06:45:48.146+0100] {processor.py:829} INFO - Processing file /Users/saber/airflow_project/airflow_venv/lib/python3.10/site-packages/airflow/example_dags/example_datasets.py for tasks to queue
[2025-05-16T06:45:48.147+0100] {logging_mixin.py:154} INFO - [2025-05-16T06:45:48.147+0100] {dagbag.py:536} INFO - Filling up the DagBag from /Users/saber/airflow_project/airflow_venv/lib/python3.10/site-packages/airflow/example_dags/example_datasets.py
[2025-05-16T06:45:48.155+0100] {processor.py:839} INFO - DAG(s) dict_keys(['dataset_consumes_1_never_scheduled', 'dataset_produces_1', 'dataset_consumes_unknown_never_scheduled', 'dataset_produces_2', 'dataset_consumes_1_and_2', 'dataset_consumes_1']) retrieved from /Users/saber/airflow_project/airflow_venv/lib/python3.10/site-packages/airflow/example_dags/example_datasets.py
[2025-05-16T06:45:48.201+0100] {logging_mixin.py:154} INFO - [2025-05-16T06:45:48.201+0100] {dag.py:2941} INFO - Sync 6 DAGs
[2025-05-16T06:45:48.206+0100] {logging_mixin.py:154} INFO - [2025-05-16T06:45:48.206+0100] {dag.py:3722} INFO - Setting next_dagrun for dataset_consumes_1 to None, run_after=None
[2025-05-16T06:45:48.206+0100] {logging_mixin.py:154} INFO - [2025-05-16T06:45:48.206+0100] {dag.py:3722} INFO - Setting next_dagrun for dataset_consumes_1_and_2 to None, run_after=None
[2025-05-16T06:45:48.207+0100] {logging_mixin.py:154} INFO - [2025-05-16T06:45:48.207+0100] {dag.py:3722} INFO - Setting next_dagrun for dataset_consumes_1_never_scheduled to None, run_after=None
[2025-05-16T06:45:48.207+0100] {logging_mixin.py:154} INFO - [2025-05-16T06:45:48.207+0100] {dag.py:3722} INFO - Setting next_dagrun for dataset_consumes_unknown_never_scheduled to None, run_after=None
[2025-05-16T06:45:48.207+0100] {logging_mixin.py:154} INFO - [2025-05-16T06:45:48.207+0100] {dag.py:3722} INFO - Setting next_dagrun for dataset_produces_1 to 2025-05-15T00:00:00+00:00, run_after=2025-05-16T00:00:00+00:00
[2025-05-16T06:45:48.208+0100] {logging_mixin.py:154} INFO - [2025-05-16T06:45:48.208+0100] {dag.py:3722} INFO - Setting next_dagrun for dataset_produces_2 to None, run_after=None
[2025-05-16T06:45:48.214+0100] {processor.py:179} INFO - Processing /Users/saber/airflow_project/airflow_venv/lib/python3.10/site-packages/airflow/example_dags/example_datasets.py took 0.068 seconds
[2025-05-16T06:46:46.448+0100] {processor.py:157} INFO - Started process (PID=9252) to work on /Users/saber/airflow_project/airflow_venv/lib/python3.10/site-packages/airflow/example_dags/example_datasets.py
[2025-05-16T06:46:46.448+0100] {processor.py:829} INFO - Processing file /Users/saber/airflow_project/airflow_venv/lib/python3.10/site-packages/airflow/example_dags/example_datasets.py for tasks to queue
[2025-05-16T06:46:46.448+0100] {logging_mixin.py:154} INFO - [2025-05-16T06:46:46.448+0100] {dagbag.py:536} INFO - Filling up the DagBag from /Users/saber/airflow_project/airflow_venv/lib/python3.10/site-packages/airflow/example_dags/example_datasets.py
[2025-05-16T06:46:46.456+0100] {processor.py:839} INFO - DAG(s) dict_keys(['dataset_produces_1', 'dataset_consumes_unknown_never_scheduled', 'dataset_consumes_1_and_2', 'dataset_consumes_1', 'dataset_consumes_1_never_scheduled', 'dataset_produces_2']) retrieved from /Users/saber/airflow_project/airflow_venv/lib/python3.10/site-packages/airflow/example_dags/example_datasets.py
[2025-05-16T06:46:46.504+0100] {logging_mixin.py:154} INFO - [2025-05-16T06:46:46.504+0100] {dag.py:2941} INFO - Sync 6 DAGs
[2025-05-16T06:46:46.508+0100] {logging_mixin.py:154} INFO - [2025-05-16T06:46:46.508+0100] {dag.py:3722} INFO - Setting next_dagrun for dataset_consumes_1 to None, run_after=None
[2025-05-16T06:46:46.509+0100] {logging_mixin.py:154} INFO - [2025-05-16T06:46:46.509+0100] {dag.py:3722} INFO - Setting next_dagrun for dataset_consumes_1_and_2 to None, run_after=None
[2025-05-16T06:46:46.509+0100] {logging_mixin.py:154} INFO - [2025-05-16T06:46:46.509+0100] {dag.py:3722} INFO - Setting next_dagrun for dataset_consumes_1_never_scheduled to None, run_after=None
[2025-05-16T06:46:46.509+0100] {logging_mixin.py:154} INFO - [2025-05-16T06:46:46.509+0100] {dag.py:3722} INFO - Setting next_dagrun for dataset_consumes_unknown_never_scheduled to None, run_after=None
[2025-05-16T06:46:46.510+0100] {logging_mixin.py:154} INFO - [2025-05-16T06:46:46.510+0100] {dag.py:3722} INFO - Setting next_dagrun for dataset_produces_1 to 2025-05-15T00:00:00+00:00, run_after=2025-05-16T00:00:00+00:00
[2025-05-16T06:46:46.510+0100] {logging_mixin.py:154} INFO - [2025-05-16T06:46:46.510+0100] {dag.py:3722} INFO - Setting next_dagrun for dataset_produces_2 to None, run_after=None
[2025-05-16T06:46:46.516+0100] {processor.py:179} INFO - Processing /Users/saber/airflow_project/airflow_venv/lib/python3.10/site-packages/airflow/example_dags/example_datasets.py took 0.069 seconds
[2025-05-16T06:47:45.508+0100] {processor.py:157} INFO - Started process (PID=9301) to work on /Users/saber/airflow_project/airflow_venv/lib/python3.10/site-packages/airflow/example_dags/example_datasets.py
[2025-05-16T06:47:45.508+0100] {processor.py:829} INFO - Processing file /Users/saber/airflow_project/airflow_venv/lib/python3.10/site-packages/airflow/example_dags/example_datasets.py for tasks to queue
[2025-05-16T06:47:45.509+0100] {logging_mixin.py:154} INFO - [2025-05-16T06:47:45.509+0100] {dagbag.py:536} INFO - Filling up the DagBag from /Users/saber/airflow_project/airflow_venv/lib/python3.10/site-packages/airflow/example_dags/example_datasets.py
[2025-05-16T06:47:45.516+0100] {processor.py:839} INFO - DAG(s) dict_keys(['dataset_produces_2', 'dataset_consumes_1_never_scheduled', 'dataset_produces_1', 'dataset_consumes_1', 'dataset_consumes_1_and_2', 'dataset_consumes_unknown_never_scheduled']) retrieved from /Users/saber/airflow_project/airflow_venv/lib/python3.10/site-packages/airflow/example_dags/example_datasets.py
[2025-05-16T06:47:45.563+0100] {logging_mixin.py:154} INFO - [2025-05-16T06:47:45.563+0100] {dag.py:2941} INFO - Sync 6 DAGs
[2025-05-16T06:47:45.568+0100] {logging_mixin.py:154} INFO - [2025-05-16T06:47:45.568+0100] {dag.py:3722} INFO - Setting next_dagrun for dataset_consumes_1 to None, run_after=None
[2025-05-16T06:47:45.568+0100] {logging_mixin.py:154} INFO - [2025-05-16T06:47:45.568+0100] {dag.py:3722} INFO - Setting next_dagrun for dataset_consumes_1_and_2 to None, run_after=None
[2025-05-16T06:47:45.568+0100] {logging_mixin.py:154} INFO - [2025-05-16T06:47:45.568+0100] {dag.py:3722} INFO - Setting next_dagrun for dataset_consumes_1_never_scheduled to None, run_after=None
[2025-05-16T06:47:45.569+0100] {logging_mixin.py:154} INFO - [2025-05-16T06:47:45.569+0100] {dag.py:3722} INFO - Setting next_dagrun for dataset_consumes_unknown_never_scheduled to None, run_after=None
[2025-05-16T06:47:45.569+0100] {logging_mixin.py:154} INFO - [2025-05-16T06:47:45.569+0100] {dag.py:3722} INFO - Setting next_dagrun for dataset_produces_1 to 2025-05-15T00:00:00+00:00, run_after=2025-05-16T00:00:00+00:00
[2025-05-16T06:47:45.569+0100] {logging_mixin.py:154} INFO - [2025-05-16T06:47:45.569+0100] {dag.py:3722} INFO - Setting next_dagrun for dataset_produces_2 to None, run_after=None
[2025-05-16T06:47:45.576+0100] {processor.py:179} INFO - Processing /Users/saber/airflow_project/airflow_venv/lib/python3.10/site-packages/airflow/example_dags/example_datasets.py took 0.068 seconds
[2025-05-16T06:48:42.782+0100] {processor.py:157} INFO - Started process (PID=9350) to work on /Users/saber/airflow_project/airflow_venv/lib/python3.10/site-packages/airflow/example_dags/example_datasets.py
[2025-05-16T06:48:42.782+0100] {processor.py:829} INFO - Processing file /Users/saber/airflow_project/airflow_venv/lib/python3.10/site-packages/airflow/example_dags/example_datasets.py for tasks to queue
[2025-05-16T06:48:42.782+0100] {logging_mixin.py:154} INFO - [2025-05-16T06:48:42.782+0100] {dagbag.py:536} INFO - Filling up the DagBag from /Users/saber/airflow_project/airflow_venv/lib/python3.10/site-packages/airflow/example_dags/example_datasets.py
[2025-05-16T06:48:42.790+0100] {processor.py:839} INFO - DAG(s) dict_keys(['dataset_consumes_unknown_never_scheduled', 'dataset_consumes_1', 'dataset_consumes_1_never_scheduled', 'dataset_produces_1', 'dataset_produces_2', 'dataset_consumes_1_and_2']) retrieved from /Users/saber/airflow_project/airflow_venv/lib/python3.10/site-packages/airflow/example_dags/example_datasets.py
[2025-05-16T06:48:42.839+0100] {logging_mixin.py:154} INFO - [2025-05-16T06:48:42.839+0100] {dag.py:2941} INFO - Sync 6 DAGs
[2025-05-16T06:48:42.844+0100] {logging_mixin.py:154} INFO - [2025-05-16T06:48:42.844+0100] {dag.py:3722} INFO - Setting next_dagrun for dataset_consumes_1 to None, run_after=None
[2025-05-16T06:48:42.845+0100] {logging_mixin.py:154} INFO - [2025-05-16T06:48:42.845+0100] {dag.py:3722} INFO - Setting next_dagrun for dataset_consumes_1_and_2 to None, run_after=None
[2025-05-16T06:48:42.845+0100] {logging_mixin.py:154} INFO - [2025-05-16T06:48:42.845+0100] {dag.py:3722} INFO - Setting next_dagrun for dataset_consumes_1_never_scheduled to None, run_after=None
[2025-05-16T06:48:42.845+0100] {logging_mixin.py:154} INFO - [2025-05-16T06:48:42.845+0100] {dag.py:3722} INFO - Setting next_dagrun for dataset_consumes_unknown_never_scheduled to None, run_after=None
[2025-05-16T06:48:42.846+0100] {logging_mixin.py:154} INFO - [2025-05-16T06:48:42.846+0100] {dag.py:3722} INFO - Setting next_dagrun for dataset_produces_1 to 2025-05-15T00:00:00+00:00, run_after=2025-05-16T00:00:00+00:00
[2025-05-16T06:48:42.846+0100] {logging_mixin.py:154} INFO - [2025-05-16T06:48:42.846+0100] {dag.py:3722} INFO - Setting next_dagrun for dataset_produces_2 to None, run_after=None
[2025-05-16T06:48:42.853+0100] {processor.py:179} INFO - Processing /Users/saber/airflow_project/airflow_venv/lib/python3.10/site-packages/airflow/example_dags/example_datasets.py took 0.071 seconds
[2025-05-16T06:49:41.961+0100] {processor.py:157} INFO - Started process (PID=9401) to work on /Users/saber/airflow_project/airflow_venv/lib/python3.10/site-packages/airflow/example_dags/example_datasets.py
[2025-05-16T06:49:41.961+0100] {processor.py:829} INFO - Processing file /Users/saber/airflow_project/airflow_venv/lib/python3.10/site-packages/airflow/example_dags/example_datasets.py for tasks to queue
[2025-05-16T06:49:41.962+0100] {logging_mixin.py:154} INFO - [2025-05-16T06:49:41.962+0100] {dagbag.py:536} INFO - Filling up the DagBag from /Users/saber/airflow_project/airflow_venv/lib/python3.10/site-packages/airflow/example_dags/example_datasets.py
[2025-05-16T06:49:41.969+0100] {processor.py:839} INFO - DAG(s) dict_keys(['dataset_consumes_1_never_scheduled', 'dataset_produces_2', 'dataset_consumes_1', 'dataset_produces_1', 'dataset_consumes_unknown_never_scheduled', 'dataset_consumes_1_and_2']) retrieved from /Users/saber/airflow_project/airflow_venv/lib/python3.10/site-packages/airflow/example_dags/example_datasets.py
[2025-05-16T06:49:42.016+0100] {logging_mixin.py:154} INFO - [2025-05-16T06:49:42.016+0100] {dag.py:2941} INFO - Sync 6 DAGs
[2025-05-16T06:49:42.021+0100] {logging_mixin.py:154} INFO - [2025-05-16T06:49:42.021+0100] {dag.py:3722} INFO - Setting next_dagrun for dataset_consumes_1 to None, run_after=None
[2025-05-16T06:49:42.021+0100] {logging_mixin.py:154} INFO - [2025-05-16T06:49:42.021+0100] {dag.py:3722} INFO - Setting next_dagrun for dataset_consumes_1_and_2 to None, run_after=None
[2025-05-16T06:49:42.022+0100] {logging_mixin.py:154} INFO - [2025-05-16T06:49:42.022+0100] {dag.py:3722} INFO - Setting next_dagrun for dataset_consumes_1_never_scheduled to None, run_after=None
[2025-05-16T06:49:42.022+0100] {logging_mixin.py:154} INFO - [2025-05-16T06:49:42.022+0100] {dag.py:3722} INFO - Setting next_dagrun for dataset_consumes_unknown_never_scheduled to None, run_after=None
[2025-05-16T06:49:42.022+0100] {logging_mixin.py:154} INFO - [2025-05-16T06:49:42.022+0100] {dag.py:3722} INFO - Setting next_dagrun for dataset_produces_1 to 2025-05-15T00:00:00+00:00, run_after=2025-05-16T00:00:00+00:00
[2025-05-16T06:49:42.022+0100] {logging_mixin.py:154} INFO - [2025-05-16T06:49:42.022+0100] {dag.py:3722} INFO - Setting next_dagrun for dataset_produces_2 to None, run_after=None
[2025-05-16T06:49:42.029+0100] {processor.py:179} INFO - Processing /Users/saber/airflow_project/airflow_venv/lib/python3.10/site-packages/airflow/example_dags/example_datasets.py took 0.068 seconds
[2025-05-16T06:50:41.261+0100] {processor.py:157} INFO - Started process (PID=9458) to work on /Users/saber/airflow_project/airflow_venv/lib/python3.10/site-packages/airflow/example_dags/example_datasets.py
[2025-05-16T06:50:41.262+0100] {processor.py:829} INFO - Processing file /Users/saber/airflow_project/airflow_venv/lib/python3.10/site-packages/airflow/example_dags/example_datasets.py for tasks to queue
[2025-05-16T06:50:41.262+0100] {logging_mixin.py:154} INFO - [2025-05-16T06:50:41.262+0100] {dagbag.py:536} INFO - Filling up the DagBag from /Users/saber/airflow_project/airflow_venv/lib/python3.10/site-packages/airflow/example_dags/example_datasets.py
[2025-05-16T06:50:41.270+0100] {processor.py:839} INFO - DAG(s) dict_keys(['dataset_consumes_1', 'dataset_consumes_1_and_2', 'dataset_produces_1', 'dataset_consumes_unknown_never_scheduled', 'dataset_consumes_1_never_scheduled', 'dataset_produces_2']) retrieved from /Users/saber/airflow_project/airflow_venv/lib/python3.10/site-packages/airflow/example_dags/example_datasets.py
[2025-05-16T06:50:41.317+0100] {logging_mixin.py:154} INFO - [2025-05-16T06:50:41.317+0100] {dag.py:2941} INFO - Sync 6 DAGs
[2025-05-16T06:50:41.321+0100] {logging_mixin.py:154} INFO - [2025-05-16T06:50:41.321+0100] {dag.py:3722} INFO - Setting next_dagrun for dataset_consumes_1 to None, run_after=None
[2025-05-16T06:50:41.322+0100] {logging_mixin.py:154} INFO - [2025-05-16T06:50:41.322+0100] {dag.py:3722} INFO - Setting next_dagrun for dataset_consumes_1_and_2 to None, run_after=None
[2025-05-16T06:50:41.322+0100] {logging_mixin.py:154} INFO - [2025-05-16T06:50:41.322+0100] {dag.py:3722} INFO - Setting next_dagrun for dataset_consumes_1_never_scheduled to None, run_after=None
[2025-05-16T06:50:41.322+0100] {logging_mixin.py:154} INFO - [2025-05-16T06:50:41.322+0100] {dag.py:3722} INFO - Setting next_dagrun for dataset_consumes_unknown_never_scheduled to None, run_after=None
[2025-05-16T06:50:41.323+0100] {logging_mixin.py:154} INFO - [2025-05-16T06:50:41.323+0100] {dag.py:3722} INFO - Setting next_dagrun for dataset_produces_1 to 2025-05-15T00:00:00+00:00, run_after=2025-05-16T00:00:00+00:00
[2025-05-16T06:50:41.323+0100] {logging_mixin.py:154} INFO - [2025-05-16T06:50:41.323+0100] {dag.py:3722} INFO - Setting next_dagrun for dataset_produces_2 to None, run_after=None
[2025-05-16T06:50:41.330+0100] {processor.py:179} INFO - Processing /Users/saber/airflow_project/airflow_venv/lib/python3.10/site-packages/airflow/example_dags/example_datasets.py took 0.069 seconds
