[2025-05-16T06:37:39.844+0100] {processor.py:157} INFO - Started process (PID=8744) to work on /Users/saber/airflow_project/airflow_venv/lib/python3.10/site-packages/airflow/example_dags/example_short_circuit_decorator.py
[2025-05-16T06:37:39.844+0100] {processor.py:829} INFO - Processing file /Users/saber/airflow_project/airflow_venv/lib/python3.10/site-packages/airflow/example_dags/example_short_circuit_decorator.py for tasks to queue
[2025-05-16T06:37:39.845+0100] {logging_mixin.py:154} INFO - [2025-05-16T06:37:39.844+0100] {dagbag.py:536} INFO - Filling up the DagBag from /Users/saber/airflow_project/airflow_venv/lib/python3.10/site-packages/airflow/example_dags/example_short_circuit_decorator.py
[2025-05-16T06:37:39.859+0100] {processor.py:839} INFO - DAG(s) dict_keys(['example_short_circuit_decorator']) retrieved from /Users/saber/airflow_project/airflow_venv/lib/python3.10/site-packages/airflow/example_dags/example_short_circuit_decorator.py
[2025-05-16T06:37:40.008+0100] {logging_mixin.py:154} INFO - [2025-05-16T06:37:40.008+0100] {manager.py:499} INFO - Created Permission View: %s
[2025-05-16T06:37:40.010+0100] {logging_mixin.py:154} INFO - [2025-05-16T06:37:40.010+0100] {manager.py:499} INFO - Created Permission View: %s
[2025-05-16T06:37:40.011+0100] {logging_mixin.py:154} INFO - [2025-05-16T06:37:40.011+0100] {manager.py:499} INFO - Created Permission View: %s
[2025-05-16T06:37:40.011+0100] {logging_mixin.py:154} INFO - [2025-05-16T06:37:40.011+0100] {dag.py:2941} INFO - Sync 1 DAGs
[2025-05-16T06:37:40.014+0100] {logging_mixin.py:154} INFO - [2025-05-16T06:37:40.014+0100] {dag.py:2963} INFO - Creating ORM DAG for example_short_circuit_decorator
[2025-05-16T06:37:40.015+0100] {logging_mixin.py:154} INFO - [2025-05-16T06:37:40.015+0100] {dag.py:3722} INFO - Setting next_dagrun for example_short_circuit_decorator to 2025-05-15T05:37:40.015856+00:00, run_after=2025-05-16T05:37:40.015856+00:00
[2025-05-16T06:37:40.019+0100] {processor.py:179} INFO - Processing /Users/saber/airflow_project/airflow_venv/lib/python3.10/site-packages/airflow/example_dags/example_short_circuit_decorator.py took 0.176 seconds
[2025-05-16T06:38:40.198+0100] {processor.py:157} INFO - Started process (PID=8800) to work on /Users/saber/airflow_project/airflow_venv/lib/python3.10/site-packages/airflow/example_dags/example_short_circuit_decorator.py
[2025-05-16T06:38:40.198+0100] {processor.py:829} INFO - Processing file /Users/saber/airflow_project/airflow_venv/lib/python3.10/site-packages/airflow/example_dags/example_short_circuit_decorator.py for tasks to queue
[2025-05-16T06:38:40.199+0100] {logging_mixin.py:154} INFO - [2025-05-16T06:38:40.198+0100] {dagbag.py:536} INFO - Filling up the DagBag from /Users/saber/airflow_project/airflow_venv/lib/python3.10/site-packages/airflow/example_dags/example_short_circuit_decorator.py
[2025-05-16T06:38:40.214+0100] {processor.py:839} INFO - DAG(s) dict_keys(['example_short_circuit_decorator']) retrieved from /Users/saber/airflow_project/airflow_venv/lib/python3.10/site-packages/airflow/example_dags/example_short_circuit_decorator.py
[2025-05-16T06:38:40.260+0100] {logging_mixin.py:154} INFO - [2025-05-16T06:38:40.260+0100] {dag.py:2941} INFO - Sync 1 DAGs
[2025-05-16T06:38:40.264+0100] {logging_mixin.py:154} INFO - [2025-05-16T06:38:40.264+0100] {dag.py:3722} INFO - Setting next_dagrun for example_short_circuit_decorator to 2025-05-15T05:38:40.264519+00:00, run_after=2025-05-16T05:38:40.264519+00:00
[2025-05-16T06:38:40.269+0100] {processor.py:179} INFO - Processing /Users/saber/airflow_project/airflow_venv/lib/python3.10/site-packages/airflow/example_dags/example_short_circuit_decorator.py took 0.072 seconds
[2025-05-16T06:39:38.394+0100] {processor.py:157} INFO - Started process (PID=8847) to work on /Users/saber/airflow_project/airflow_venv/lib/python3.10/site-packages/airflow/example_dags/example_short_circuit_decorator.py
[2025-05-16T06:39:38.394+0100] {processor.py:829} INFO - Processing file /Users/saber/airflow_project/airflow_venv/lib/python3.10/site-packages/airflow/example_dags/example_short_circuit_decorator.py for tasks to queue
[2025-05-16T06:39:38.395+0100] {logging_mixin.py:154} INFO - [2025-05-16T06:39:38.395+0100] {dagbag.py:536} INFO - Filling up the DagBag from /Users/saber/airflow_project/airflow_venv/lib/python3.10/site-packages/airflow/example_dags/example_short_circuit_decorator.py
[2025-05-16T06:39:38.409+0100] {processor.py:839} INFO - DAG(s) dict_keys(['example_short_circuit_decorator']) retrieved from /Users/saber/airflow_project/airflow_venv/lib/python3.10/site-packages/airflow/example_dags/example_short_circuit_decorator.py
[2025-05-16T06:39:38.452+0100] {logging_mixin.py:154} INFO - [2025-05-16T06:39:38.451+0100] {dag.py:2941} INFO - Sync 1 DAGs
[2025-05-16T06:39:38.456+0100] {logging_mixin.py:154} INFO - [2025-05-16T06:39:38.456+0100] {dag.py:3722} INFO - Setting next_dagrun for example_short_circuit_decorator to 2025-05-15T05:39:38.456001+00:00, run_after=2025-05-16T05:39:38.456001+00:00
[2025-05-16T06:39:38.461+0100] {processor.py:179} INFO - Processing /Users/saber/airflow_project/airflow_venv/lib/python3.10/site-packages/airflow/example_dags/example_short_circuit_decorator.py took 0.067 seconds
[2025-05-16T06:40:36.112+0100] {processor.py:157} INFO - Started process (PID=8911) to work on /Users/saber/airflow_project/airflow_venv/lib/python3.10/site-packages/airflow/example_dags/example_short_circuit_decorator.py
[2025-05-16T06:40:36.113+0100] {processor.py:829} INFO - Processing file /Users/saber/airflow_project/airflow_venv/lib/python3.10/site-packages/airflow/example_dags/example_short_circuit_decorator.py for tasks to queue
[2025-05-16T06:40:36.113+0100] {logging_mixin.py:154} INFO - [2025-05-16T06:40:36.113+0100] {dagbag.py:536} INFO - Filling up the DagBag from /Users/saber/airflow_project/airflow_venv/lib/python3.10/site-packages/airflow/example_dags/example_short_circuit_decorator.py
[2025-05-16T06:40:36.128+0100] {processor.py:839} INFO - DAG(s) dict_keys(['example_short_circuit_decorator']) retrieved from /Users/saber/airflow_project/airflow_venv/lib/python3.10/site-packages/airflow/example_dags/example_short_circuit_decorator.py
[2025-05-16T06:40:36.170+0100] {logging_mixin.py:154} INFO - [2025-05-16T06:40:36.170+0100] {dag.py:2941} INFO - Sync 1 DAGs
[2025-05-16T06:40:36.174+0100] {logging_mixin.py:154} INFO - [2025-05-16T06:40:36.174+0100] {dag.py:3722} INFO - Setting next_dagrun for example_short_circuit_decorator to 2025-05-15T05:40:36.174817+00:00, run_after=2025-05-16T05:40:36.174817+00:00
[2025-05-16T06:40:36.179+0100] {processor.py:179} INFO - Processing /Users/saber/airflow_project/airflow_venv/lib/python3.10/site-packages/airflow/example_dags/example_short_circuit_decorator.py took 0.067 seconds
[2025-05-16T06:41:36.308+0100] {processor.py:157} INFO - Started process (PID=8962) to work on /Users/saber/airflow_project/airflow_venv/lib/python3.10/site-packages/airflow/example_dags/example_short_circuit_decorator.py
[2025-05-16T06:41:36.308+0100] {processor.py:829} INFO - Processing file /Users/saber/airflow_project/airflow_venv/lib/python3.10/site-packages/airflow/example_dags/example_short_circuit_decorator.py for tasks to queue
[2025-05-16T06:41:36.308+0100] {logging_mixin.py:154} INFO - [2025-05-16T06:41:36.308+0100] {dagbag.py:536} INFO - Filling up the DagBag from /Users/saber/airflow_project/airflow_venv/lib/python3.10/site-packages/airflow/example_dags/example_short_circuit_decorator.py
[2025-05-16T06:41:36.323+0100] {processor.py:839} INFO - DAG(s) dict_keys(['example_short_circuit_decorator']) retrieved from /Users/saber/airflow_project/airflow_venv/lib/python3.10/site-packages/airflow/example_dags/example_short_circuit_decorator.py
[2025-05-16T06:41:36.367+0100] {logging_mixin.py:154} INFO - [2025-05-16T06:41:36.367+0100] {dag.py:2941} INFO - Sync 1 DAGs
[2025-05-16T06:41:36.371+0100] {logging_mixin.py:154} INFO - [2025-05-16T06:41:36.371+0100] {dag.py:3722} INFO - Setting next_dagrun for example_short_circuit_decorator to 2025-05-15T05:41:36.371170+00:00, run_after=2025-05-16T05:41:36.371170+00:00
[2025-05-16T06:41:36.376+0100] {processor.py:179} INFO - Processing /Users/saber/airflow_project/airflow_venv/lib/python3.10/site-packages/airflow/example_dags/example_short_circuit_decorator.py took 0.069 seconds
[2025-05-16T06:42:31.129+0100] {processor.py:157} INFO - Started process (PID=9008) to work on /Users/saber/airflow_project/airflow_venv/lib/python3.10/site-packages/airflow/example_dags/example_short_circuit_decorator.py
[2025-05-16T06:42:31.130+0100] {processor.py:829} INFO - Processing file /Users/saber/airflow_project/airflow_venv/lib/python3.10/site-packages/airflow/example_dags/example_short_circuit_decorator.py for tasks to queue
[2025-05-16T06:42:31.130+0100] {logging_mixin.py:154} INFO - [2025-05-16T06:42:31.130+0100] {dagbag.py:536} INFO - Filling up the DagBag from /Users/saber/airflow_project/airflow_venv/lib/python3.10/site-packages/airflow/example_dags/example_short_circuit_decorator.py
[2025-05-16T06:42:31.145+0100] {processor.py:839} INFO - DAG(s) dict_keys(['example_short_circuit_decorator']) retrieved from /Users/saber/airflow_project/airflow_venv/lib/python3.10/site-packages/airflow/example_dags/example_short_circuit_decorator.py
[2025-05-16T06:42:31.188+0100] {logging_mixin.py:154} INFO - [2025-05-16T06:42:31.188+0100] {dag.py:2941} INFO - Sync 1 DAGs
[2025-05-16T06:42:31.192+0100] {logging_mixin.py:154} INFO - [2025-05-16T06:42:31.192+0100] {dag.py:3722} INFO - Setting next_dagrun for example_short_circuit_decorator to 2025-05-15T05:42:31.192287+00:00, run_after=2025-05-16T05:42:31.192287+00:00
[2025-05-16T06:42:31.197+0100] {processor.py:179} INFO - Processing /Users/saber/airflow_project/airflow_venv/lib/python3.10/site-packages/airflow/example_dags/example_short_circuit_decorator.py took 0.068 seconds
[2025-05-16T06:43:27.791+0100] {processor.py:157} INFO - Started process (PID=9058) to work on /Users/saber/airflow_project/airflow_venv/lib/python3.10/site-packages/airflow/example_dags/example_short_circuit_decorator.py
[2025-05-16T06:43:27.791+0100] {processor.py:829} INFO - Processing file /Users/saber/airflow_project/airflow_venv/lib/python3.10/site-packages/airflow/example_dags/example_short_circuit_decorator.py for tasks to queue
[2025-05-16T06:43:27.792+0100] {logging_mixin.py:154} INFO - [2025-05-16T06:43:27.791+0100] {dagbag.py:536} INFO - Filling up the DagBag from /Users/saber/airflow_project/airflow_venv/lib/python3.10/site-packages/airflow/example_dags/example_short_circuit_decorator.py
[2025-05-16T06:43:27.806+0100] {processor.py:839} INFO - DAG(s) dict_keys(['example_short_circuit_decorator']) retrieved from /Users/saber/airflow_project/airflow_venv/lib/python3.10/site-packages/airflow/example_dags/example_short_circuit_decorator.py
[2025-05-16T06:43:27.849+0100] {logging_mixin.py:154} INFO - [2025-05-16T06:43:27.849+0100] {dag.py:2941} INFO - Sync 1 DAGs
[2025-05-16T06:43:27.853+0100] {logging_mixin.py:154} INFO - [2025-05-16T06:43:27.853+0100] {dag.py:3722} INFO - Setting next_dagrun for example_short_circuit_decorator to 2025-05-15T05:43:27.853665+00:00, run_after=2025-05-16T05:43:27.853665+00:00
[2025-05-16T06:43:27.858+0100] {processor.py:179} INFO - Processing /Users/saber/airflow_project/airflow_venv/lib/python3.10/site-packages/airflow/example_dags/example_short_circuit_decorator.py took 0.068 seconds
[2025-05-16T06:44:25.548+0100] {processor.py:157} INFO - Started process (PID=9113) to work on /Users/saber/airflow_project/airflow_venv/lib/python3.10/site-packages/airflow/example_dags/example_short_circuit_decorator.py
[2025-05-16T06:44:25.549+0100] {processor.py:829} INFO - Processing file /Users/saber/airflow_project/airflow_venv/lib/python3.10/site-packages/airflow/example_dags/example_short_circuit_decorator.py for tasks to queue
[2025-05-16T06:44:25.549+0100] {logging_mixin.py:154} INFO - [2025-05-16T06:44:25.549+0100] {dagbag.py:536} INFO - Filling up the DagBag from /Users/saber/airflow_project/airflow_venv/lib/python3.10/site-packages/airflow/example_dags/example_short_circuit_decorator.py
[2025-05-16T06:44:25.564+0100] {processor.py:839} INFO - DAG(s) dict_keys(['example_short_circuit_decorator']) retrieved from /Users/saber/airflow_project/airflow_venv/lib/python3.10/site-packages/airflow/example_dags/example_short_circuit_decorator.py
[2025-05-16T06:44:25.606+0100] {logging_mixin.py:154} INFO - [2025-05-16T06:44:25.606+0100] {dag.py:2941} INFO - Sync 1 DAGs
[2025-05-16T06:44:25.610+0100] {logging_mixin.py:154} INFO - [2025-05-16T06:44:25.610+0100] {dag.py:3722} INFO - Setting next_dagrun for example_short_circuit_decorator to 2025-05-15T05:44:25.610671+00:00, run_after=2025-05-16T05:44:25.610671+00:00
[2025-05-16T06:44:25.615+0100] {processor.py:179} INFO - Processing /Users/saber/airflow_project/airflow_venv/lib/python3.10/site-packages/airflow/example_dags/example_short_circuit_decorator.py took 0.067 seconds
[2025-05-16T06:45:24.288+0100] {processor.py:157} INFO - Started process (PID=9163) to work on /Users/saber/airflow_project/airflow_venv/lib/python3.10/site-packages/airflow/example_dags/example_short_circuit_decorator.py
[2025-05-16T06:45:24.289+0100] {processor.py:829} INFO - Processing file /Users/saber/airflow_project/airflow_venv/lib/python3.10/site-packages/airflow/example_dags/example_short_circuit_decorator.py for tasks to queue
[2025-05-16T06:45:24.289+0100] {logging_mixin.py:154} INFO - [2025-05-16T06:45:24.289+0100] {dagbag.py:536} INFO - Filling up the DagBag from /Users/saber/airflow_project/airflow_venv/lib/python3.10/site-packages/airflow/example_dags/example_short_circuit_decorator.py
[2025-05-16T06:45:24.304+0100] {processor.py:839} INFO - DAG(s) dict_keys(['example_short_circuit_decorator']) retrieved from /Users/saber/airflow_project/airflow_venv/lib/python3.10/site-packages/airflow/example_dags/example_short_circuit_decorator.py
[2025-05-16T06:45:24.347+0100] {logging_mixin.py:154} INFO - [2025-05-16T06:45:24.347+0100] {dag.py:2941} INFO - Sync 1 DAGs
[2025-05-16T06:45:24.351+0100] {logging_mixin.py:154} INFO - [2025-05-16T06:45:24.351+0100] {dag.py:3722} INFO - Setting next_dagrun for example_short_circuit_decorator to 2025-05-15T05:45:24.351136+00:00, run_after=2025-05-16T05:45:24.351136+00:00
[2025-05-16T06:45:24.356+0100] {processor.py:179} INFO - Processing /Users/saber/airflow_project/airflow_venv/lib/python3.10/site-packages/airflow/example_dags/example_short_circuit_decorator.py took 0.068 seconds
[2025-05-16T06:46:22.044+0100] {processor.py:157} INFO - Started process (PID=9230) to work on /Users/saber/airflow_project/airflow_venv/lib/python3.10/site-packages/airflow/example_dags/example_short_circuit_decorator.py
[2025-05-16T06:46:22.045+0100] {processor.py:829} INFO - Processing file /Users/saber/airflow_project/airflow_venv/lib/python3.10/site-packages/airflow/example_dags/example_short_circuit_decorator.py for tasks to queue
[2025-05-16T06:46:22.045+0100] {logging_mixin.py:154} INFO - [2025-05-16T06:46:22.045+0100] {dagbag.py:536} INFO - Filling up the DagBag from /Users/saber/airflow_project/airflow_venv/lib/python3.10/site-packages/airflow/example_dags/example_short_circuit_decorator.py
[2025-05-16T06:46:22.060+0100] {processor.py:839} INFO - DAG(s) dict_keys(['example_short_circuit_decorator']) retrieved from /Users/saber/airflow_project/airflow_venv/lib/python3.10/site-packages/airflow/example_dags/example_short_circuit_decorator.py
[2025-05-16T06:46:22.104+0100] {logging_mixin.py:154} INFO - [2025-05-16T06:46:22.104+0100] {dag.py:2941} INFO - Sync 1 DAGs
[2025-05-16T06:46:22.108+0100] {logging_mixin.py:154} INFO - [2025-05-16T06:46:22.108+0100] {dag.py:3722} INFO - Setting next_dagrun for example_short_circuit_decorator to 2025-05-15T05:46:22.108288+00:00, run_after=2025-05-16T05:46:22.108288+00:00
[2025-05-16T06:46:22.113+0100] {processor.py:179} INFO - Processing /Users/saber/airflow_project/airflow_venv/lib/python3.10/site-packages/airflow/example_dags/example_short_circuit_decorator.py took 0.069 seconds
[2025-05-16T06:47:19.101+0100] {processor.py:157} INFO - Started process (PID=9278) to work on /Users/saber/airflow_project/airflow_venv/lib/python3.10/site-packages/airflow/example_dags/example_short_circuit_decorator.py
[2025-05-16T06:47:19.101+0100] {processor.py:829} INFO - Processing file /Users/saber/airflow_project/airflow_venv/lib/python3.10/site-packages/airflow/example_dags/example_short_circuit_decorator.py for tasks to queue
[2025-05-16T06:47:19.102+0100] {logging_mixin.py:154} INFO - [2025-05-16T06:47:19.101+0100] {dagbag.py:536} INFO - Filling up the DagBag from /Users/saber/airflow_project/airflow_venv/lib/python3.10/site-packages/airflow/example_dags/example_short_circuit_decorator.py
[2025-05-16T06:47:19.116+0100] {processor.py:839} INFO - DAG(s) dict_keys(['example_short_circuit_decorator']) retrieved from /Users/saber/airflow_project/airflow_venv/lib/python3.10/site-packages/airflow/example_dags/example_short_circuit_decorator.py
[2025-05-16T06:47:19.159+0100] {logging_mixin.py:154} INFO - [2025-05-16T06:47:19.159+0100] {dag.py:2941} INFO - Sync 1 DAGs
[2025-05-16T06:47:19.163+0100] {logging_mixin.py:154} INFO - [2025-05-16T06:47:19.163+0100] {dag.py:3722} INFO - Setting next_dagrun for example_short_circuit_decorator to 2025-05-15T05:47:19.163879+00:00, run_after=2025-05-16T05:47:19.163879+00:00
[2025-05-16T06:47:19.168+0100] {processor.py:179} INFO - Processing /Users/saber/airflow_project/airflow_venv/lib/python3.10/site-packages/airflow/example_dags/example_short_circuit_decorator.py took 0.068 seconds
[2025-05-16T06:48:16.422+0100] {processor.py:157} INFO - Started process (PID=9327) to work on /Users/saber/airflow_project/airflow_venv/lib/python3.10/site-packages/airflow/example_dags/example_short_circuit_decorator.py
[2025-05-16T06:48:16.423+0100] {processor.py:829} INFO - Processing file /Users/saber/airflow_project/airflow_venv/lib/python3.10/site-packages/airflow/example_dags/example_short_circuit_decorator.py for tasks to queue
[2025-05-16T06:48:16.423+0100] {logging_mixin.py:154} INFO - [2025-05-16T06:48:16.423+0100] {dagbag.py:536} INFO - Filling up the DagBag from /Users/saber/airflow_project/airflow_venv/lib/python3.10/site-packages/airflow/example_dags/example_short_circuit_decorator.py
[2025-05-16T06:48:16.438+0100] {processor.py:839} INFO - DAG(s) dict_keys(['example_short_circuit_decorator']) retrieved from /Users/saber/airflow_project/airflow_venv/lib/python3.10/site-packages/airflow/example_dags/example_short_circuit_decorator.py
[2025-05-16T06:48:16.480+0100] {logging_mixin.py:154} INFO - [2025-05-16T06:48:16.480+0100] {dag.py:2941} INFO - Sync 1 DAGs
[2025-05-16T06:48:16.485+0100] {logging_mixin.py:154} INFO - [2025-05-16T06:48:16.484+0100] {dag.py:3722} INFO - Setting next_dagrun for example_short_circuit_decorator to 2025-05-15T05:48:16.484945+00:00, run_after=2025-05-16T05:48:16.484945+00:00
[2025-05-16T06:48:16.490+0100] {processor.py:179} INFO - Processing /Users/saber/airflow_project/airflow_venv/lib/python3.10/site-packages/airflow/example_dags/example_short_circuit_decorator.py took 0.068 seconds
[2025-05-16T06:49:13.268+0100] {processor.py:157} INFO - Started process (PID=9377) to work on /Users/saber/airflow_project/airflow_venv/lib/python3.10/site-packages/airflow/example_dags/example_short_circuit_decorator.py
[2025-05-16T06:49:13.268+0100] {processor.py:829} INFO - Processing file /Users/saber/airflow_project/airflow_venv/lib/python3.10/site-packages/airflow/example_dags/example_short_circuit_decorator.py for tasks to queue
[2025-05-16T06:49:13.269+0100] {logging_mixin.py:154} INFO - [2025-05-16T06:49:13.269+0100] {dagbag.py:536} INFO - Filling up the DagBag from /Users/saber/airflow_project/airflow_venv/lib/python3.10/site-packages/airflow/example_dags/example_short_circuit_decorator.py
[2025-05-16T06:49:13.284+0100] {processor.py:839} INFO - DAG(s) dict_keys(['example_short_circuit_decorator']) retrieved from /Users/saber/airflow_project/airflow_venv/lib/python3.10/site-packages/airflow/example_dags/example_short_circuit_decorator.py
[2025-05-16T06:49:13.327+0100] {logging_mixin.py:154} INFO - [2025-05-16T06:49:13.327+0100] {dag.py:2941} INFO - Sync 1 DAGs
[2025-05-16T06:49:13.331+0100] {logging_mixin.py:154} INFO - [2025-05-16T06:49:13.331+0100] {dag.py:3722} INFO - Setting next_dagrun for example_short_circuit_decorator to 2025-05-15T05:49:13.331364+00:00, run_after=2025-05-16T05:49:13.331364+00:00
[2025-05-16T06:49:13.337+0100] {processor.py:179} INFO - Processing /Users/saber/airflow_project/airflow_venv/lib/python3.10/site-packages/airflow/example_dags/example_short_circuit_decorator.py took 0.069 seconds
[2025-05-16T06:50:12.431+0100] {processor.py:157} INFO - Started process (PID=9425) to work on /Users/saber/airflow_project/airflow_venv/lib/python3.10/site-packages/airflow/example_dags/example_short_circuit_decorator.py
[2025-05-16T06:50:12.431+0100] {processor.py:829} INFO - Processing file /Users/saber/airflow_project/airflow_venv/lib/python3.10/site-packages/airflow/example_dags/example_short_circuit_decorator.py for tasks to queue
[2025-05-16T06:50:12.431+0100] {logging_mixin.py:154} INFO - [2025-05-16T06:50:12.431+0100] {dagbag.py:536} INFO - Filling up the DagBag from /Users/saber/airflow_project/airflow_venv/lib/python3.10/site-packages/airflow/example_dags/example_short_circuit_decorator.py
[2025-05-16T06:50:12.446+0100] {processor.py:839} INFO - DAG(s) dict_keys(['example_short_circuit_decorator']) retrieved from /Users/saber/airflow_project/airflow_venv/lib/python3.10/site-packages/airflow/example_dags/example_short_circuit_decorator.py
[2025-05-16T06:50:12.489+0100] {logging_mixin.py:154} INFO - [2025-05-16T06:50:12.489+0100] {dag.py:2941} INFO - Sync 1 DAGs
[2025-05-16T06:50:12.493+0100] {logging_mixin.py:154} INFO - [2025-05-16T06:50:12.493+0100] {dag.py:3722} INFO - Setting next_dagrun for example_short_circuit_decorator to 2025-05-15T05:50:12.493250+00:00, run_after=2025-05-16T05:50:12.493250+00:00
[2025-05-16T06:50:12.498+0100] {processor.py:179} INFO - Processing /Users/saber/airflow_project/airflow_venv/lib/python3.10/site-packages/airflow/example_dags/example_short_circuit_decorator.py took 0.068 seconds
[2025-05-16T06:51:11.025+0100] {processor.py:157} INFO - Started process (PID=9482) to work on /Users/saber/airflow_project/airflow_venv/lib/python3.10/site-packages/airflow/example_dags/example_short_circuit_decorator.py
[2025-05-16T06:51:11.025+0100] {processor.py:829} INFO - Processing file /Users/saber/airflow_project/airflow_venv/lib/python3.10/site-packages/airflow/example_dags/example_short_circuit_decorator.py for tasks to queue
[2025-05-16T06:51:11.026+0100] {logging_mixin.py:154} INFO - [2025-05-16T06:51:11.026+0100] {dagbag.py:536} INFO - Filling up the DagBag from /Users/saber/airflow_project/airflow_venv/lib/python3.10/site-packages/airflow/example_dags/example_short_circuit_decorator.py
[2025-05-16T06:51:11.041+0100] {processor.py:839} INFO - DAG(s) dict_keys(['example_short_circuit_decorator']) retrieved from /Users/saber/airflow_project/airflow_venv/lib/python3.10/site-packages/airflow/example_dags/example_short_circuit_decorator.py
[2025-05-16T06:51:11.084+0100] {logging_mixin.py:154} INFO - [2025-05-16T06:51:11.084+0100] {dag.py:2941} INFO - Sync 1 DAGs
[2025-05-16T06:51:11.088+0100] {logging_mixin.py:154} INFO - [2025-05-16T06:51:11.088+0100] {dag.py:3722} INFO - Setting next_dagrun for example_short_circuit_decorator to 2025-05-15T05:51:11.088637+00:00, run_after=2025-05-16T05:51:11.088637+00:00
[2025-05-16T06:51:11.093+0100] {processor.py:179} INFO - Processing /Users/saber/airflow_project/airflow_venv/lib/python3.10/site-packages/airflow/example_dags/example_short_circuit_decorator.py took 0.068 seconds
