[2025-05-16T06:38:10.701+0100] {processor.py:157} INFO - Started process (PID=8768) to work on /Users/saber/airflow_project/airflow_venv/lib/python3.10/site-packages/airflow/example_dags/example_branch_operator.py
[2025-05-16T06:38:10.701+0100] {processor.py:829} INFO - Processing file /Users/saber/airflow_project/airflow_venv/lib/python3.10/site-packages/airflow/example_dags/example_branch_operator.py for tasks to queue
[2025-05-16T06:38:10.702+0100] {logging_mixin.py:154} INFO - [2025-05-16T06:38:10.702+0100] {dagbag.py:536} INFO - Filling up the DagBag from /Users/saber/airflow_project/airflow_venv/lib/python3.10/site-packages/airflow/example_dags/example_branch_operator.py
[2025-05-16T06:38:10.712+0100] {processor.py:839} INFO - DAG(s) dict_keys(['example_branch_operator']) retrieved from /Users/saber/airflow_project/airflow_venv/lib/python3.10/site-packages/airflow/example_dags/example_branch_operator.py
[2025-05-16T06:38:10.863+0100] {logging_mixin.py:154} INFO - [2025-05-16T06:38:10.863+0100] {manager.py:499} INFO - Created Permission View: %s
[2025-05-16T06:38:10.865+0100] {logging_mixin.py:154} INFO - [2025-05-16T06:38:10.865+0100] {manager.py:499} INFO - Created Permission View: %s
[2025-05-16T06:38:10.867+0100] {logging_mixin.py:154} INFO - [2025-05-16T06:38:10.867+0100] {manager.py:499} INFO - Created Permission View: %s
[2025-05-16T06:38:10.867+0100] {logging_mixin.py:154} INFO - [2025-05-16T06:38:10.867+0100] {dag.py:2941} INFO - Sync 1 DAGs
[2025-05-16T06:38:10.871+0100] {logging_mixin.py:154} INFO - [2025-05-16T06:38:10.871+0100] {dag.py:2963} INFO - Creating ORM DAG for example_branch_operator
[2025-05-16T06:38:10.873+0100] {logging_mixin.py:154} INFO - [2025-05-16T06:38:10.873+0100] {dag.py:3722} INFO - Setting next_dagrun for example_branch_operator to 2025-05-15T00:00:00+00:00, run_after=2025-05-16T00:00:00+00:00
[2025-05-16T06:38:10.878+0100] {processor.py:179} INFO - Processing /Users/saber/airflow_project/airflow_venv/lib/python3.10/site-packages/airflow/example_dags/example_branch_operator.py took 0.177 seconds
[2025-05-16T06:39:07.658+0100] {processor.py:157} INFO - Started process (PID=8822) to work on /Users/saber/airflow_project/airflow_venv/lib/python3.10/site-packages/airflow/example_dags/example_branch_operator.py
[2025-05-16T06:39:07.659+0100] {processor.py:829} INFO - Processing file /Users/saber/airflow_project/airflow_venv/lib/python3.10/site-packages/airflow/example_dags/example_branch_operator.py for tasks to queue
[2025-05-16T06:39:07.659+0100] {logging_mixin.py:154} INFO - [2025-05-16T06:39:07.659+0100] {dagbag.py:536} INFO - Filling up the DagBag from /Users/saber/airflow_project/airflow_venv/lib/python3.10/site-packages/airflow/example_dags/example_branch_operator.py
[2025-05-16T06:39:07.670+0100] {processor.py:839} INFO - DAG(s) dict_keys(['example_branch_operator']) retrieved from /Users/saber/airflow_project/airflow_venv/lib/python3.10/site-packages/airflow/example_dags/example_branch_operator.py
[2025-05-16T06:39:07.715+0100] {logging_mixin.py:154} INFO - [2025-05-16T06:39:07.715+0100] {dag.py:2941} INFO - Sync 1 DAGs
[2025-05-16T06:39:07.720+0100] {logging_mixin.py:154} INFO - [2025-05-16T06:39:07.720+0100] {dag.py:3722} INFO - Setting next_dagrun for example_branch_operator to 2025-05-15T00:00:00+00:00, run_after=2025-05-16T00:00:00+00:00
[2025-05-16T06:39:07.724+0100] {processor.py:179} INFO - Processing /Users/saber/airflow_project/airflow_venv/lib/python3.10/site-packages/airflow/example_dags/example_branch_operator.py took 0.066 seconds
[2025-05-16T06:40:05.350+0100] {processor.py:157} INFO - Started process (PID=8886) to work on /Users/saber/airflow_project/airflow_venv/lib/python3.10/site-packages/airflow/example_dags/example_branch_operator.py
[2025-05-16T06:40:05.350+0100] {processor.py:829} INFO - Processing file /Users/saber/airflow_project/airflow_venv/lib/python3.10/site-packages/airflow/example_dags/example_branch_operator.py for tasks to queue
[2025-05-16T06:40:05.351+0100] {logging_mixin.py:154} INFO - [2025-05-16T06:40:05.351+0100] {dagbag.py:536} INFO - Filling up the DagBag from /Users/saber/airflow_project/airflow_venv/lib/python3.10/site-packages/airflow/example_dags/example_branch_operator.py
[2025-05-16T06:40:05.362+0100] {processor.py:839} INFO - DAG(s) dict_keys(['example_branch_operator']) retrieved from /Users/saber/airflow_project/airflow_venv/lib/python3.10/site-packages/airflow/example_dags/example_branch_operator.py
[2025-05-16T06:40:05.408+0100] {logging_mixin.py:154} INFO - [2025-05-16T06:40:05.408+0100] {dag.py:2941} INFO - Sync 1 DAGs
[2025-05-16T06:40:05.412+0100] {logging_mixin.py:154} INFO - [2025-05-16T06:40:05.412+0100] {dag.py:3722} INFO - Setting next_dagrun for example_branch_operator to 2025-05-15T00:00:00+00:00, run_after=2025-05-16T00:00:00+00:00
[2025-05-16T06:40:05.417+0100] {processor.py:179} INFO - Processing /Users/saber/airflow_project/airflow_venv/lib/python3.10/site-packages/airflow/example_dags/example_branch_operator.py took 0.067 seconds
[2025-05-16T06:41:05.380+0100] {processor.py:157} INFO - Started process (PID=8935) to work on /Users/saber/airflow_project/airflow_venv/lib/python3.10/site-packages/airflow/example_dags/example_branch_operator.py
[2025-05-16T06:41:05.380+0100] {processor.py:829} INFO - Processing file /Users/saber/airflow_project/airflow_venv/lib/python3.10/site-packages/airflow/example_dags/example_branch_operator.py for tasks to queue
[2025-05-16T06:41:05.381+0100] {logging_mixin.py:154} INFO - [2025-05-16T06:41:05.381+0100] {dagbag.py:536} INFO - Filling up the DagBag from /Users/saber/airflow_project/airflow_venv/lib/python3.10/site-packages/airflow/example_dags/example_branch_operator.py
[2025-05-16T06:41:05.392+0100] {processor.py:839} INFO - DAG(s) dict_keys(['example_branch_operator']) retrieved from /Users/saber/airflow_project/airflow_venv/lib/python3.10/site-packages/airflow/example_dags/example_branch_operator.py
[2025-05-16T06:41:05.436+0100] {logging_mixin.py:154} INFO - [2025-05-16T06:41:05.436+0100] {dag.py:2941} INFO - Sync 1 DAGs
[2025-05-16T06:41:05.441+0100] {logging_mixin.py:154} INFO - [2025-05-16T06:41:05.441+0100] {dag.py:3722} INFO - Setting next_dagrun for example_branch_operator to 2025-05-15T00:00:00+00:00, run_after=2025-05-16T00:00:00+00:00
[2025-05-16T06:41:05.445+0100] {processor.py:179} INFO - Processing /Users/saber/airflow_project/airflow_venv/lib/python3.10/site-packages/airflow/example_dags/example_branch_operator.py took 0.065 seconds
[2025-05-16T06:42:05.752+0100] {processor.py:157} INFO - Started process (PID=8988) to work on /Users/saber/airflow_project/airflow_venv/lib/python3.10/site-packages/airflow/example_dags/example_branch_operator.py
[2025-05-16T06:42:05.752+0100] {processor.py:829} INFO - Processing file /Users/saber/airflow_project/airflow_venv/lib/python3.10/site-packages/airflow/example_dags/example_branch_operator.py for tasks to queue
[2025-05-16T06:42:05.753+0100] {logging_mixin.py:154} INFO - [2025-05-16T06:42:05.753+0100] {dagbag.py:536} INFO - Filling up the DagBag from /Users/saber/airflow_project/airflow_venv/lib/python3.10/site-packages/airflow/example_dags/example_branch_operator.py
[2025-05-16T06:42:05.763+0100] {processor.py:839} INFO - DAG(s) dict_keys(['example_branch_operator']) retrieved from /Users/saber/airflow_project/airflow_venv/lib/python3.10/site-packages/airflow/example_dags/example_branch_operator.py
[2025-05-16T06:42:05.808+0100] {logging_mixin.py:154} INFO - [2025-05-16T06:42:05.808+0100] {dag.py:2941} INFO - Sync 1 DAGs
[2025-05-16T06:42:05.812+0100] {logging_mixin.py:154} INFO - [2025-05-16T06:42:05.812+0100] {dag.py:3722} INFO - Setting next_dagrun for example_branch_operator to 2025-05-15T00:00:00+00:00, run_after=2025-05-16T00:00:00+00:00
[2025-05-16T06:42:05.817+0100] {processor.py:179} INFO - Processing /Users/saber/airflow_project/airflow_venv/lib/python3.10/site-packages/airflow/example_dags/example_branch_operator.py took 0.065 seconds
[2025-05-16T06:43:03.912+0100] {processor.py:157} INFO - Started process (PID=9037) to work on /Users/saber/airflow_project/airflow_venv/lib/python3.10/site-packages/airflow/example_dags/example_branch_operator.py
[2025-05-16T06:43:03.912+0100] {processor.py:829} INFO - Processing file /Users/saber/airflow_project/airflow_venv/lib/python3.10/site-packages/airflow/example_dags/example_branch_operator.py for tasks to queue
[2025-05-16T06:43:03.913+0100] {logging_mixin.py:154} INFO - [2025-05-16T06:43:03.912+0100] {dagbag.py:536} INFO - Filling up the DagBag from /Users/saber/airflow_project/airflow_venv/lib/python3.10/site-packages/airflow/example_dags/example_branch_operator.py
[2025-05-16T06:43:03.923+0100] {processor.py:839} INFO - DAG(s) dict_keys(['example_branch_operator']) retrieved from /Users/saber/airflow_project/airflow_venv/lib/python3.10/site-packages/airflow/example_dags/example_branch_operator.py
[2025-05-16T06:43:03.967+0100] {logging_mixin.py:154} INFO - [2025-05-16T06:43:03.967+0100] {dag.py:2941} INFO - Sync 1 DAGs
[2025-05-16T06:43:03.972+0100] {logging_mixin.py:154} INFO - [2025-05-16T06:43:03.972+0100] {dag.py:3722} INFO - Setting next_dagrun for example_branch_operator to 2025-05-15T00:00:00+00:00, run_after=2025-05-16T00:00:00+00:00
[2025-05-16T06:43:03.976+0100] {processor.py:179} INFO - Processing /Users/saber/airflow_project/airflow_venv/lib/python3.10/site-packages/airflow/example_dags/example_branch_operator.py took 0.065 seconds
[2025-05-16T06:44:28.483+0100] {processor.py:157} INFO - Started process (PID=9115) to work on /Users/saber/airflow_project/airflow_venv/lib/python3.10/site-packages/airflow/example_dags/example_branch_operator.py
[2025-05-16T06:44:28.483+0100] {processor.py:829} INFO - Processing file /Users/saber/airflow_project/airflow_venv/lib/python3.10/site-packages/airflow/example_dags/example_branch_operator.py for tasks to queue
[2025-05-16T06:44:28.484+0100] {logging_mixin.py:154} INFO - [2025-05-16T06:44:28.484+0100] {dagbag.py:536} INFO - Filling up the DagBag from /Users/saber/airflow_project/airflow_venv/lib/python3.10/site-packages/airflow/example_dags/example_branch_operator.py
[2025-05-16T06:44:28.494+0100] {processor.py:839} INFO - DAG(s) dict_keys(['example_branch_operator']) retrieved from /Users/saber/airflow_project/airflow_venv/lib/python3.10/site-packages/airflow/example_dags/example_branch_operator.py
[2025-05-16T06:44:28.539+0100] {logging_mixin.py:154} INFO - [2025-05-16T06:44:28.539+0100] {dag.py:2941} INFO - Sync 1 DAGs
[2025-05-16T06:44:28.543+0100] {logging_mixin.py:154} INFO - [2025-05-16T06:44:28.543+0100] {dag.py:3722} INFO - Setting next_dagrun for example_branch_operator to 2025-05-15T00:00:00+00:00, run_after=2025-05-16T00:00:00+00:00
[2025-05-16T06:44:28.548+0100] {processor.py:179} INFO - Processing /Users/saber/airflow_project/airflow_venv/lib/python3.10/site-packages/airflow/example_dags/example_branch_operator.py took 0.065 seconds
[2025-05-16T06:45:25.826+0100] {processor.py:157} INFO - Started process (PID=9165) to work on /Users/saber/airflow_project/airflow_venv/lib/python3.10/site-packages/airflow/example_dags/example_branch_operator.py
[2025-05-16T06:45:25.826+0100] {processor.py:829} INFO - Processing file /Users/saber/airflow_project/airflow_venv/lib/python3.10/site-packages/airflow/example_dags/example_branch_operator.py for tasks to queue
[2025-05-16T06:45:25.827+0100] {logging_mixin.py:154} INFO - [2025-05-16T06:45:25.827+0100] {dagbag.py:536} INFO - Filling up the DagBag from /Users/saber/airflow_project/airflow_venv/lib/python3.10/site-packages/airflow/example_dags/example_branch_operator.py
[2025-05-16T06:45:25.837+0100] {processor.py:839} INFO - DAG(s) dict_keys(['example_branch_operator']) retrieved from /Users/saber/airflow_project/airflow_venv/lib/python3.10/site-packages/airflow/example_dags/example_branch_operator.py
[2025-05-16T06:45:25.881+0100] {logging_mixin.py:154} INFO - [2025-05-16T06:45:25.881+0100] {dag.py:2941} INFO - Sync 1 DAGs
[2025-05-16T06:45:25.886+0100] {logging_mixin.py:154} INFO - [2025-05-16T06:45:25.886+0100] {dag.py:3722} INFO - Setting next_dagrun for example_branch_operator to 2025-05-15T00:00:00+00:00, run_after=2025-05-16T00:00:00+00:00
[2025-05-16T06:45:25.890+0100] {processor.py:179} INFO - Processing /Users/saber/airflow_project/airflow_venv/lib/python3.10/site-packages/airflow/example_dags/example_branch_operator.py took 0.065 seconds
[2025-05-16T06:46:24.585+0100] {processor.py:157} INFO - Started process (PID=9232) to work on /Users/saber/airflow_project/airflow_venv/lib/python3.10/site-packages/airflow/example_dags/example_branch_operator.py
[2025-05-16T06:46:24.585+0100] {processor.py:829} INFO - Processing file /Users/saber/airflow_project/airflow_venv/lib/python3.10/site-packages/airflow/example_dags/example_branch_operator.py for tasks to queue
[2025-05-16T06:46:24.586+0100] {logging_mixin.py:154} INFO - [2025-05-16T06:46:24.586+0100] {dagbag.py:536} INFO - Filling up the DagBag from /Users/saber/airflow_project/airflow_venv/lib/python3.10/site-packages/airflow/example_dags/example_branch_operator.py
[2025-05-16T06:46:24.596+0100] {processor.py:839} INFO - DAG(s) dict_keys(['example_branch_operator']) retrieved from /Users/saber/airflow_project/airflow_venv/lib/python3.10/site-packages/airflow/example_dags/example_branch_operator.py
[2025-05-16T06:46:24.641+0100] {logging_mixin.py:154} INFO - [2025-05-16T06:46:24.641+0100] {dag.py:2941} INFO - Sync 1 DAGs
[2025-05-16T06:46:24.645+0100] {logging_mixin.py:154} INFO - [2025-05-16T06:46:24.645+0100] {dag.py:3722} INFO - Setting next_dagrun for example_branch_operator to 2025-05-15T00:00:00+00:00, run_after=2025-05-16T00:00:00+00:00
[2025-05-16T06:46:24.650+0100] {processor.py:179} INFO - Processing /Users/saber/airflow_project/airflow_venv/lib/python3.10/site-packages/airflow/example_dags/example_branch_operator.py took 0.065 seconds
[2025-05-16T06:47:22.073+0100] {processor.py:157} INFO - Started process (PID=9280) to work on /Users/saber/airflow_project/airflow_venv/lib/python3.10/site-packages/airflow/example_dags/example_branch_operator.py
[2025-05-16T06:47:22.073+0100] {processor.py:829} INFO - Processing file /Users/saber/airflow_project/airflow_venv/lib/python3.10/site-packages/airflow/example_dags/example_branch_operator.py for tasks to queue
[2025-05-16T06:47:22.073+0100] {logging_mixin.py:154} INFO - [2025-05-16T06:47:22.073+0100] {dagbag.py:536} INFO - Filling up the DagBag from /Users/saber/airflow_project/airflow_venv/lib/python3.10/site-packages/airflow/example_dags/example_branch_operator.py
[2025-05-16T06:47:22.084+0100] {processor.py:839} INFO - DAG(s) dict_keys(['example_branch_operator']) retrieved from /Users/saber/airflow_project/airflow_venv/lib/python3.10/site-packages/airflow/example_dags/example_branch_operator.py
[2025-05-16T06:47:22.129+0100] {logging_mixin.py:154} INFO - [2025-05-16T06:47:22.129+0100] {dag.py:2941} INFO - Sync 1 DAGs
[2025-05-16T06:47:22.134+0100] {logging_mixin.py:154} INFO - [2025-05-16T06:47:22.134+0100] {dag.py:3722} INFO - Setting next_dagrun for example_branch_operator to 2025-05-15T00:00:00+00:00, run_after=2025-05-16T00:00:00+00:00
[2025-05-16T06:47:22.138+0100] {processor.py:179} INFO - Processing /Users/saber/airflow_project/airflow_venv/lib/python3.10/site-packages/airflow/example_dags/example_branch_operator.py took 0.066 seconds
[2025-05-16T06:48:18.727+0100] {processor.py:157} INFO - Started process (PID=9329) to work on /Users/saber/airflow_project/airflow_venv/lib/python3.10/site-packages/airflow/example_dags/example_branch_operator.py
[2025-05-16T06:48:18.727+0100] {processor.py:829} INFO - Processing file /Users/saber/airflow_project/airflow_venv/lib/python3.10/site-packages/airflow/example_dags/example_branch_operator.py for tasks to queue
[2025-05-16T06:48:18.728+0100] {logging_mixin.py:154} INFO - [2025-05-16T06:48:18.728+0100] {dagbag.py:536} INFO - Filling up the DagBag from /Users/saber/airflow_project/airflow_venv/lib/python3.10/site-packages/airflow/example_dags/example_branch_operator.py
[2025-05-16T06:48:18.738+0100] {processor.py:839} INFO - DAG(s) dict_keys(['example_branch_operator']) retrieved from /Users/saber/airflow_project/airflow_venv/lib/python3.10/site-packages/airflow/example_dags/example_branch_operator.py
[2025-05-16T06:48:18.784+0100] {logging_mixin.py:154} INFO - [2025-05-16T06:48:18.783+0100] {dag.py:2941} INFO - Sync 1 DAGs
[2025-05-16T06:48:18.788+0100] {logging_mixin.py:154} INFO - [2025-05-16T06:48:18.788+0100] {dag.py:3722} INFO - Setting next_dagrun for example_branch_operator to 2025-05-15T00:00:00+00:00, run_after=2025-05-16T00:00:00+00:00
[2025-05-16T06:48:18.793+0100] {processor.py:179} INFO - Processing /Users/saber/airflow_project/airflow_venv/lib/python3.10/site-packages/airflow/example_dags/example_branch_operator.py took 0.066 seconds
[2025-05-16T06:49:16.227+0100] {processor.py:157} INFO - Started process (PID=9380) to work on /Users/saber/airflow_project/airflow_venv/lib/python3.10/site-packages/airflow/example_dags/example_branch_operator.py
[2025-05-16T06:49:16.228+0100] {processor.py:829} INFO - Processing file /Users/saber/airflow_project/airflow_venv/lib/python3.10/site-packages/airflow/example_dags/example_branch_operator.py for tasks to queue
[2025-05-16T06:49:16.228+0100] {logging_mixin.py:154} INFO - [2025-05-16T06:49:16.228+0100] {dagbag.py:536} INFO - Filling up the DagBag from /Users/saber/airflow_project/airflow_venv/lib/python3.10/site-packages/airflow/example_dags/example_branch_operator.py
[2025-05-16T06:49:16.239+0100] {processor.py:839} INFO - DAG(s) dict_keys(['example_branch_operator']) retrieved from /Users/saber/airflow_project/airflow_venv/lib/python3.10/site-packages/airflow/example_dags/example_branch_operator.py
[2025-05-16T06:49:16.283+0100] {logging_mixin.py:154} INFO - [2025-05-16T06:49:16.283+0100] {dag.py:2941} INFO - Sync 1 DAGs
[2025-05-16T06:49:16.287+0100] {logging_mixin.py:154} INFO - [2025-05-16T06:49:16.287+0100] {dag.py:3722} INFO - Setting next_dagrun for example_branch_operator to 2025-05-15T00:00:00+00:00, run_after=2025-05-16T00:00:00+00:00
[2025-05-16T06:49:16.292+0100] {processor.py:179} INFO - Processing /Users/saber/airflow_project/airflow_venv/lib/python3.10/site-packages/airflow/example_dags/example_branch_operator.py took 0.065 seconds
[2025-05-16T06:50:15.362+0100] {processor.py:157} INFO - Started process (PID=9427) to work on /Users/saber/airflow_project/airflow_venv/lib/python3.10/site-packages/airflow/example_dags/example_branch_operator.py
[2025-05-16T06:50:15.362+0100] {processor.py:829} INFO - Processing file /Users/saber/airflow_project/airflow_venv/lib/python3.10/site-packages/airflow/example_dags/example_branch_operator.py for tasks to queue
[2025-05-16T06:50:15.362+0100] {logging_mixin.py:154} INFO - [2025-05-16T06:50:15.362+0100] {dagbag.py:536} INFO - Filling up the DagBag from /Users/saber/airflow_project/airflow_venv/lib/python3.10/site-packages/airflow/example_dags/example_branch_operator.py
[2025-05-16T06:50:15.373+0100] {processor.py:839} INFO - DAG(s) dict_keys(['example_branch_operator']) retrieved from /Users/saber/airflow_project/airflow_venv/lib/python3.10/site-packages/airflow/example_dags/example_branch_operator.py
[2025-05-16T06:50:15.417+0100] {logging_mixin.py:154} INFO - [2025-05-16T06:50:15.417+0100] {dag.py:2941} INFO - Sync 1 DAGs
[2025-05-16T06:50:15.422+0100] {logging_mixin.py:154} INFO - [2025-05-16T06:50:15.422+0100] {dag.py:3722} INFO - Setting next_dagrun for example_branch_operator to 2025-05-15T00:00:00+00:00, run_after=2025-05-16T00:00:00+00:00
[2025-05-16T06:50:15.426+0100] {processor.py:179} INFO - Processing /Users/saber/airflow_project/airflow_venv/lib/python3.10/site-packages/airflow/example_dags/example_branch_operator.py took 0.065 seconds
[2025-05-16T06:51:13.571+0100] {processor.py:157} INFO - Started process (PID=9486) to work on /Users/saber/airflow_project/airflow_venv/lib/python3.10/site-packages/airflow/example_dags/example_branch_operator.py
[2025-05-16T06:51:13.571+0100] {processor.py:829} INFO - Processing file /Users/saber/airflow_project/airflow_venv/lib/python3.10/site-packages/airflow/example_dags/example_branch_operator.py for tasks to queue
[2025-05-16T06:51:13.571+0100] {logging_mixin.py:154} INFO - [2025-05-16T06:51:13.571+0100] {dagbag.py:536} INFO - Filling up the DagBag from /Users/saber/airflow_project/airflow_venv/lib/python3.10/site-packages/airflow/example_dags/example_branch_operator.py
[2025-05-16T06:51:13.582+0100] {processor.py:839} INFO - DAG(s) dict_keys(['example_branch_operator']) retrieved from /Users/saber/airflow_project/airflow_venv/lib/python3.10/site-packages/airflow/example_dags/example_branch_operator.py
[2025-05-16T06:51:13.627+0100] {logging_mixin.py:154} INFO - [2025-05-16T06:51:13.627+0100] {dag.py:2941} INFO - Sync 1 DAGs
[2025-05-16T06:51:13.632+0100] {logging_mixin.py:154} INFO - [2025-05-16T06:51:13.632+0100] {dag.py:3722} INFO - Setting next_dagrun for example_branch_operator to 2025-05-15T00:00:00+00:00, run_after=2025-05-16T00:00:00+00:00
[2025-05-16T06:51:13.636+0100] {processor.py:179} INFO - Processing /Users/saber/airflow_project/airflow_venv/lib/python3.10/site-packages/airflow/example_dags/example_branch_operator.py took 0.066 seconds
