[2025-05-16T06:38:15.357+0100] {processor.py:157} INFO - Started process (PID=8772) to work on /Users/saber/airflow_project/airflow_venv/lib/python3.10/site-packages/airflow/example_dags/example_bash_operator.py
[2025-05-16T06:38:15.357+0100] {processor.py:829} INFO - Processing file /Users/saber/airflow_project/airflow_venv/lib/python3.10/site-packages/airflow/example_dags/example_bash_operator.py for tasks to queue
[2025-05-16T06:38:15.358+0100] {logging_mixin.py:154} INFO - [2025-05-16T06:38:15.358+0100] {dagbag.py:536} INFO - Filling up the DagBag from /Users/saber/airflow_project/airflow_venv/lib/python3.10/site-packages/airflow/example_dags/example_bash_operator.py
[2025-05-16T06:38:15.376+0100] {processor.py:839} INFO - DAG(s) dict_keys(['example_bash_operator']) retrieved from /Users/saber/airflow_project/airflow_venv/lib/python3.10/site-packages/airflow/example_dags/example_bash_operator.py
[2025-05-16T06:38:15.520+0100] {logging_mixin.py:154} INFO - [2025-05-16T06:38:15.520+0100] {manager.py:499} INFO - Created Permission View: %s
[2025-05-16T06:38:15.522+0100] {logging_mixin.py:154} INFO - [2025-05-16T06:38:15.522+0100] {manager.py:499} INFO - Created Permission View: %s
[2025-05-16T06:38:15.523+0100] {logging_mixin.py:154} INFO - [2025-05-16T06:38:15.523+0100] {manager.py:499} INFO - Created Permission View: %s
[2025-05-16T06:38:15.523+0100] {logging_mixin.py:154} INFO - [2025-05-16T06:38:15.523+0100] {dag.py:2941} INFO - Sync 1 DAGs
[2025-05-16T06:38:15.526+0100] {logging_mixin.py:154} INFO - [2025-05-16T06:38:15.525+0100] {dag.py:2963} INFO - Creating ORM DAG for example_bash_operator
[2025-05-16T06:38:15.528+0100] {logging_mixin.py:154} INFO - [2025-05-16T06:38:15.528+0100] {dag.py:3722} INFO - Setting next_dagrun for example_bash_operator to 2025-05-15T00:00:00+00:00, run_after=2025-05-16T00:00:00+00:00
[2025-05-16T06:38:15.532+0100] {processor.py:179} INFO - Processing /Users/saber/airflow_project/airflow_venv/lib/python3.10/site-packages/airflow/example_dags/example_bash_operator.py took 0.176 seconds
[2025-05-16T06:39:12.626+0100] {processor.py:157} INFO - Started process (PID=8826) to work on /Users/saber/airflow_project/airflow_venv/lib/python3.10/site-packages/airflow/example_dags/example_bash_operator.py
[2025-05-16T06:39:12.626+0100] {processor.py:829} INFO - Processing file /Users/saber/airflow_project/airflow_venv/lib/python3.10/site-packages/airflow/example_dags/example_bash_operator.py for tasks to queue
[2025-05-16T06:39:12.627+0100] {logging_mixin.py:154} INFO - [2025-05-16T06:39:12.626+0100] {dagbag.py:536} INFO - Filling up the DagBag from /Users/saber/airflow_project/airflow_venv/lib/python3.10/site-packages/airflow/example_dags/example_bash_operator.py
[2025-05-16T06:39:12.644+0100] {processor.py:839} INFO - DAG(s) dict_keys(['example_bash_operator']) retrieved from /Users/saber/airflow_project/airflow_venv/lib/python3.10/site-packages/airflow/example_dags/example_bash_operator.py
[2025-05-16T06:39:12.680+0100] {logging_mixin.py:154} INFO - [2025-05-16T06:39:12.680+0100] {dag.py:2941} INFO - Sync 1 DAGs
[2025-05-16T06:39:12.685+0100] {logging_mixin.py:154} INFO - [2025-05-16T06:39:12.684+0100] {dag.py:3722} INFO - Setting next_dagrun for example_bash_operator to 2025-05-15T00:00:00+00:00, run_after=2025-05-16T00:00:00+00:00
[2025-05-16T06:39:12.689+0100] {processor.py:179} INFO - Processing /Users/saber/airflow_project/airflow_venv/lib/python3.10/site-packages/airflow/example_dags/example_bash_operator.py took 0.064 seconds
[2025-05-16T06:40:34.644+0100] {processor.py:157} INFO - Started process (PID=8910) to work on /Users/saber/airflow_project/airflow_venv/lib/python3.10/site-packages/airflow/example_dags/example_bash_operator.py
[2025-05-16T06:40:34.645+0100] {processor.py:829} INFO - Processing file /Users/saber/airflow_project/airflow_venv/lib/python3.10/site-packages/airflow/example_dags/example_bash_operator.py for tasks to queue
[2025-05-16T06:40:34.645+0100] {logging_mixin.py:154} INFO - [2025-05-16T06:40:34.645+0100] {dagbag.py:536} INFO - Filling up the DagBag from /Users/saber/airflow_project/airflow_venv/lib/python3.10/site-packages/airflow/example_dags/example_bash_operator.py
[2025-05-16T06:40:34.663+0100] {processor.py:839} INFO - DAG(s) dict_keys(['example_bash_operator']) retrieved from /Users/saber/airflow_project/airflow_venv/lib/python3.10/site-packages/airflow/example_dags/example_bash_operator.py
[2025-05-16T06:40:34.699+0100] {logging_mixin.py:154} INFO - [2025-05-16T06:40:34.699+0100] {dag.py:2941} INFO - Sync 1 DAGs
[2025-05-16T06:40:34.704+0100] {logging_mixin.py:154} INFO - [2025-05-16T06:40:34.704+0100] {dag.py:3722} INFO - Setting next_dagrun for example_bash_operator to 2025-05-15T00:00:00+00:00, run_after=2025-05-16T00:00:00+00:00
[2025-05-16T06:40:34.708+0100] {processor.py:179} INFO - Processing /Users/saber/airflow_project/airflow_venv/lib/python3.10/site-packages/airflow/example_dags/example_bash_operator.py took 0.064 seconds
[2025-05-16T06:41:34.848+0100] {processor.py:157} INFO - Started process (PID=8961) to work on /Users/saber/airflow_project/airflow_venv/lib/python3.10/site-packages/airflow/example_dags/example_bash_operator.py
[2025-05-16T06:41:34.849+0100] {processor.py:829} INFO - Processing file /Users/saber/airflow_project/airflow_venv/lib/python3.10/site-packages/airflow/example_dags/example_bash_operator.py for tasks to queue
[2025-05-16T06:41:34.849+0100] {logging_mixin.py:154} INFO - [2025-05-16T06:41:34.849+0100] {dagbag.py:536} INFO - Filling up the DagBag from /Users/saber/airflow_project/airflow_venv/lib/python3.10/site-packages/airflow/example_dags/example_bash_operator.py
[2025-05-16T06:41:34.867+0100] {processor.py:839} INFO - DAG(s) dict_keys(['example_bash_operator']) retrieved from /Users/saber/airflow_project/airflow_venv/lib/python3.10/site-packages/airflow/example_dags/example_bash_operator.py
[2025-05-16T06:41:34.903+0100] {logging_mixin.py:154} INFO - [2025-05-16T06:41:34.903+0100] {dag.py:2941} INFO - Sync 1 DAGs
[2025-05-16T06:41:34.907+0100] {logging_mixin.py:154} INFO - [2025-05-16T06:41:34.907+0100] {dag.py:3722} INFO - Setting next_dagrun for example_bash_operator to 2025-05-15T00:00:00+00:00, run_after=2025-05-16T00:00:00+00:00
[2025-05-16T06:41:34.912+0100] {processor.py:179} INFO - Processing /Users/saber/airflow_project/airflow_venv/lib/python3.10/site-packages/airflow/example_dags/example_bash_operator.py took 0.064 seconds
[2025-05-16T06:42:35.723+0100] {processor.py:157} INFO - Started process (PID=9013) to work on /Users/saber/airflow_project/airflow_venv/lib/python3.10/site-packages/airflow/example_dags/example_bash_operator.py
[2025-05-16T06:42:35.723+0100] {processor.py:829} INFO - Processing file /Users/saber/airflow_project/airflow_venv/lib/python3.10/site-packages/airflow/example_dags/example_bash_operator.py for tasks to queue
[2025-05-16T06:42:35.723+0100] {logging_mixin.py:154} INFO - [2025-05-16T06:42:35.723+0100] {dagbag.py:536} INFO - Filling up the DagBag from /Users/saber/airflow_project/airflow_venv/lib/python3.10/site-packages/airflow/example_dags/example_bash_operator.py
[2025-05-16T06:42:35.741+0100] {processor.py:839} INFO - DAG(s) dict_keys(['example_bash_operator']) retrieved from /Users/saber/airflow_project/airflow_venv/lib/python3.10/site-packages/airflow/example_dags/example_bash_operator.py
[2025-05-16T06:42:35.777+0100] {logging_mixin.py:154} INFO - [2025-05-16T06:42:35.777+0100] {dag.py:2941} INFO - Sync 1 DAGs
[2025-05-16T06:42:35.782+0100] {logging_mixin.py:154} INFO - [2025-05-16T06:42:35.782+0100] {dag.py:3722} INFO - Setting next_dagrun for example_bash_operator to 2025-05-15T00:00:00+00:00, run_after=2025-05-16T00:00:00+00:00
[2025-05-16T06:42:35.786+0100] {processor.py:179} INFO - Processing /Users/saber/airflow_project/airflow_venv/lib/python3.10/site-packages/airflow/example_dags/example_bash_operator.py took 0.064 seconds
[2025-05-16T06:43:59.161+0100] {processor.py:157} INFO - Started process (PID=9085) to work on /Users/saber/airflow_project/airflow_venv/lib/python3.10/site-packages/airflow/example_dags/example_bash_operator.py
[2025-05-16T06:43:59.161+0100] {processor.py:829} INFO - Processing file /Users/saber/airflow_project/airflow_venv/lib/python3.10/site-packages/airflow/example_dags/example_bash_operator.py for tasks to queue
[2025-05-16T06:43:59.162+0100] {logging_mixin.py:154} INFO - [2025-05-16T06:43:59.162+0100] {dagbag.py:536} INFO - Filling up the DagBag from /Users/saber/airflow_project/airflow_venv/lib/python3.10/site-packages/airflow/example_dags/example_bash_operator.py
[2025-05-16T06:43:59.179+0100] {processor.py:839} INFO - DAG(s) dict_keys(['example_bash_operator']) retrieved from /Users/saber/airflow_project/airflow_venv/lib/python3.10/site-packages/airflow/example_dags/example_bash_operator.py
[2025-05-16T06:43:59.215+0100] {logging_mixin.py:154} INFO - [2025-05-16T06:43:59.215+0100] {dag.py:2941} INFO - Sync 1 DAGs
[2025-05-16T06:43:59.220+0100] {logging_mixin.py:154} INFO - [2025-05-16T06:43:59.220+0100] {dag.py:3722} INFO - Setting next_dagrun for example_bash_operator to 2025-05-15T00:00:00+00:00, run_after=2025-05-16T00:00:00+00:00
[2025-05-16T06:43:59.224+0100] {processor.py:179} INFO - Processing /Users/saber/airflow_project/airflow_venv/lib/python3.10/site-packages/airflow/example_dags/example_bash_operator.py took 0.064 seconds
[2025-05-16T06:44:58.272+0100] {processor.py:157} INFO - Started process (PID=9142) to work on /Users/saber/airflow_project/airflow_venv/lib/python3.10/site-packages/airflow/example_dags/example_bash_operator.py
[2025-05-16T06:44:58.273+0100] {processor.py:829} INFO - Processing file /Users/saber/airflow_project/airflow_venv/lib/python3.10/site-packages/airflow/example_dags/example_bash_operator.py for tasks to queue
[2025-05-16T06:44:58.273+0100] {logging_mixin.py:154} INFO - [2025-05-16T06:44:58.273+0100] {dagbag.py:536} INFO - Filling up the DagBag from /Users/saber/airflow_project/airflow_venv/lib/python3.10/site-packages/airflow/example_dags/example_bash_operator.py
[2025-05-16T06:44:58.291+0100] {processor.py:839} INFO - DAG(s) dict_keys(['example_bash_operator']) retrieved from /Users/saber/airflow_project/airflow_venv/lib/python3.10/site-packages/airflow/example_dags/example_bash_operator.py
[2025-05-16T06:44:58.327+0100] {logging_mixin.py:154} INFO - [2025-05-16T06:44:58.326+0100] {dag.py:2941} INFO - Sync 1 DAGs
[2025-05-16T06:44:58.331+0100] {logging_mixin.py:154} INFO - [2025-05-16T06:44:58.331+0100] {dag.py:3722} INFO - Setting next_dagrun for example_bash_operator to 2025-05-15T00:00:00+00:00, run_after=2025-05-16T00:00:00+00:00
[2025-05-16T06:44:58.336+0100] {processor.py:179} INFO - Processing /Users/saber/airflow_project/airflow_venv/lib/python3.10/site-packages/airflow/example_dags/example_bash_operator.py took 0.064 seconds
[2025-05-16T06:46:25.448+0100] {processor.py:157} INFO - Started process (PID=9233) to work on /Users/saber/airflow_project/airflow_venv/lib/python3.10/site-packages/airflow/example_dags/example_bash_operator.py
[2025-05-16T06:46:25.449+0100] {processor.py:829} INFO - Processing file /Users/saber/airflow_project/airflow_venv/lib/python3.10/site-packages/airflow/example_dags/example_bash_operator.py for tasks to queue
[2025-05-16T06:46:25.449+0100] {logging_mixin.py:154} INFO - [2025-05-16T06:46:25.449+0100] {dagbag.py:536} INFO - Filling up the DagBag from /Users/saber/airflow_project/airflow_venv/lib/python3.10/site-packages/airflow/example_dags/example_bash_operator.py
[2025-05-16T06:46:25.467+0100] {processor.py:839} INFO - DAG(s) dict_keys(['example_bash_operator']) retrieved from /Users/saber/airflow_project/airflow_venv/lib/python3.10/site-packages/airflow/example_dags/example_bash_operator.py
[2025-05-16T06:46:25.503+0100] {logging_mixin.py:154} INFO - [2025-05-16T06:46:25.503+0100] {dag.py:2941} INFO - Sync 1 DAGs
[2025-05-16T06:46:25.508+0100] {logging_mixin.py:154} INFO - [2025-05-16T06:46:25.508+0100] {dag.py:3722} INFO - Setting next_dagrun for example_bash_operator to 2025-05-15T00:00:00+00:00, run_after=2025-05-16T00:00:00+00:00
[2025-05-16T06:46:25.512+0100] {processor.py:179} INFO - Processing /Users/saber/airflow_project/airflow_venv/lib/python3.10/site-packages/airflow/example_dags/example_bash_operator.py took 0.064 seconds
[2025-05-16T06:47:23.552+0100] {processor.py:157} INFO - Started process (PID=9281) to work on /Users/saber/airflow_project/airflow_venv/lib/python3.10/site-packages/airflow/example_dags/example_bash_operator.py
[2025-05-16T06:47:23.552+0100] {processor.py:829} INFO - Processing file /Users/saber/airflow_project/airflow_venv/lib/python3.10/site-packages/airflow/example_dags/example_bash_operator.py for tasks to queue
[2025-05-16T06:47:23.553+0100] {logging_mixin.py:154} INFO - [2025-05-16T06:47:23.553+0100] {dagbag.py:536} INFO - Filling up the DagBag from /Users/saber/airflow_project/airflow_venv/lib/python3.10/site-packages/airflow/example_dags/example_bash_operator.py
[2025-05-16T06:47:23.571+0100] {processor.py:839} INFO - DAG(s) dict_keys(['example_bash_operator']) retrieved from /Users/saber/airflow_project/airflow_venv/lib/python3.10/site-packages/airflow/example_dags/example_bash_operator.py
[2025-05-16T06:47:23.607+0100] {logging_mixin.py:154} INFO - [2025-05-16T06:47:23.607+0100] {dag.py:2941} INFO - Sync 1 DAGs
[2025-05-16T06:47:23.612+0100] {logging_mixin.py:154} INFO - [2025-05-16T06:47:23.612+0100] {dag.py:3722} INFO - Setting next_dagrun for example_bash_operator to 2025-05-15T00:00:00+00:00, run_after=2025-05-16T00:00:00+00:00
[2025-05-16T06:47:23.617+0100] {processor.py:179} INFO - Processing /Users/saber/airflow_project/airflow_venv/lib/python3.10/site-packages/airflow/example_dags/example_bash_operator.py took 0.065 seconds
[2025-05-16T06:48:48.246+0100] {processor.py:157} INFO - Started process (PID=9354) to work on /Users/saber/airflow_project/airflow_venv/lib/python3.10/site-packages/airflow/example_dags/example_bash_operator.py
[2025-05-16T06:48:48.247+0100] {processor.py:829} INFO - Processing file /Users/saber/airflow_project/airflow_venv/lib/python3.10/site-packages/airflow/example_dags/example_bash_operator.py for tasks to queue
[2025-05-16T06:48:48.247+0100] {logging_mixin.py:154} INFO - [2025-05-16T06:48:48.247+0100] {dagbag.py:536} INFO - Filling up the DagBag from /Users/saber/airflow_project/airflow_venv/lib/python3.10/site-packages/airflow/example_dags/example_bash_operator.py
[2025-05-16T06:48:48.265+0100] {processor.py:839} INFO - DAG(s) dict_keys(['example_bash_operator']) retrieved from /Users/saber/airflow_project/airflow_venv/lib/python3.10/site-packages/airflow/example_dags/example_bash_operator.py
[2025-05-16T06:48:48.301+0100] {logging_mixin.py:154} INFO - [2025-05-16T06:48:48.301+0100] {dag.py:2941} INFO - Sync 1 DAGs
[2025-05-16T06:48:48.306+0100] {logging_mixin.py:154} INFO - [2025-05-16T06:48:48.306+0100] {dag.py:3722} INFO - Setting next_dagrun for example_bash_operator to 2025-05-15T00:00:00+00:00, run_after=2025-05-16T00:00:00+00:00
[2025-05-16T06:48:48.310+0100] {processor.py:179} INFO - Processing /Users/saber/airflow_project/airflow_venv/lib/python3.10/site-packages/airflow/example_dags/example_bash_operator.py took 0.064 seconds
[2025-05-16T06:49:48.561+0100] {processor.py:157} INFO - Started process (PID=9406) to work on /Users/saber/airflow_project/airflow_venv/lib/python3.10/site-packages/airflow/example_dags/example_bash_operator.py
[2025-05-16T06:49:48.562+0100] {processor.py:829} INFO - Processing file /Users/saber/airflow_project/airflow_venv/lib/python3.10/site-packages/airflow/example_dags/example_bash_operator.py for tasks to queue
[2025-05-16T06:49:48.562+0100] {logging_mixin.py:154} INFO - [2025-05-16T06:49:48.562+0100] {dagbag.py:536} INFO - Filling up the DagBag from /Users/saber/airflow_project/airflow_venv/lib/python3.10/site-packages/airflow/example_dags/example_bash_operator.py
[2025-05-16T06:49:48.581+0100] {processor.py:839} INFO - DAG(s) dict_keys(['example_bash_operator']) retrieved from /Users/saber/airflow_project/airflow_venv/lib/python3.10/site-packages/airflow/example_dags/example_bash_operator.py
[2025-05-16T06:49:48.616+0100] {logging_mixin.py:154} INFO - [2025-05-16T06:49:48.616+0100] {dag.py:2941} INFO - Sync 1 DAGs
[2025-05-16T06:49:48.621+0100] {logging_mixin.py:154} INFO - [2025-05-16T06:49:48.621+0100] {dag.py:3722} INFO - Setting next_dagrun for example_bash_operator to 2025-05-15T00:00:00+00:00, run_after=2025-05-16T00:00:00+00:00
[2025-05-16T06:49:48.626+0100] {processor.py:179} INFO - Processing /Users/saber/airflow_project/airflow_venv/lib/python3.10/site-packages/airflow/example_dags/example_bash_operator.py took 0.065 seconds
[2025-05-16T06:50:48.188+0100] {processor.py:157} INFO - Started process (PID=9463) to work on /Users/saber/airflow_project/airflow_venv/lib/python3.10/site-packages/airflow/example_dags/example_bash_operator.py
[2025-05-16T06:50:48.188+0100] {processor.py:829} INFO - Processing file /Users/saber/airflow_project/airflow_venv/lib/python3.10/site-packages/airflow/example_dags/example_bash_operator.py for tasks to queue
[2025-05-16T06:50:48.189+0100] {logging_mixin.py:154} INFO - [2025-05-16T06:50:48.189+0100] {dagbag.py:536} INFO - Filling up the DagBag from /Users/saber/airflow_project/airflow_venv/lib/python3.10/site-packages/airflow/example_dags/example_bash_operator.py
[2025-05-16T06:50:48.207+0100] {processor.py:839} INFO - DAG(s) dict_keys(['example_bash_operator']) retrieved from /Users/saber/airflow_project/airflow_venv/lib/python3.10/site-packages/airflow/example_dags/example_bash_operator.py
[2025-05-16T06:50:48.242+0100] {logging_mixin.py:154} INFO - [2025-05-16T06:50:48.242+0100] {dag.py:2941} INFO - Sync 1 DAGs
[2025-05-16T06:50:48.247+0100] {logging_mixin.py:154} INFO - [2025-05-16T06:50:48.247+0100] {dag.py:3722} INFO - Setting next_dagrun for example_bash_operator to 2025-05-15T00:00:00+00:00, run_after=2025-05-16T00:00:00+00:00
[2025-05-16T06:50:48.252+0100] {processor.py:179} INFO - Processing /Users/saber/airflow_project/airflow_venv/lib/python3.10/site-packages/airflow/example_dags/example_bash_operator.py took 0.064 seconds
