[2025-05-16T06:38:12.303+0100] {processor.py:157} INFO - Started process (PID=8769) to work on /Users/saber/airflow_project/airflow_venv/lib/python3.10/site-packages/airflow/example_dags/example_branch_labels.py
[2025-05-16T06:38:12.304+0100] {processor.py:829} INFO - Processing file /Users/saber/airflow_project/airflow_venv/lib/python3.10/site-packages/airflow/example_dags/example_branch_labels.py for tasks to queue
[2025-05-16T06:38:12.304+0100] {logging_mixin.py:154} INFO - [2025-05-16T06:38:12.304+0100] {dagbag.py:536} INFO - Filling up the DagBag from /Users/saber/airflow_project/airflow_venv/lib/python3.10/site-packages/airflow/example_dags/example_branch_labels.py
[2025-05-16T06:38:12.311+0100] {processor.py:839} INFO - DAG(s) dict_keys(['example_branch_labels']) retrieved from /Users/saber/airflow_project/airflow_venv/lib/python3.10/site-packages/airflow/example_dags/example_branch_labels.py
[2025-05-16T06:38:12.464+0100] {logging_mixin.py:154} INFO - [2025-05-16T06:38:12.464+0100] {manager.py:499} INFO - Created Permission View: %s
[2025-05-16T06:38:12.466+0100] {logging_mixin.py:154} INFO - [2025-05-16T06:38:12.466+0100] {manager.py:499} INFO - Created Permission View: %s
[2025-05-16T06:38:12.467+0100] {logging_mixin.py:154} INFO - [2025-05-16T06:38:12.467+0100] {manager.py:499} INFO - Created Permission View: %s
[2025-05-16T06:38:12.468+0100] {logging_mixin.py:154} INFO - [2025-05-16T06:38:12.467+0100] {dag.py:2941} INFO - Sync 1 DAGs
[2025-05-16T06:38:12.470+0100] {logging_mixin.py:154} INFO - [2025-05-16T06:38:12.470+0100] {dag.py:2963} INFO - Creating ORM DAG for example_branch_labels
[2025-05-16T06:38:12.472+0100] {logging_mixin.py:154} INFO - [2025-05-16T06:38:12.472+0100] {dag.py:3722} INFO - Setting next_dagrun for example_branch_labels to 2025-05-15T00:00:00+00:00, run_after=2025-05-16T00:00:00+00:00
[2025-05-16T06:38:12.476+0100] {processor.py:179} INFO - Processing /Users/saber/airflow_project/airflow_venv/lib/python3.10/site-packages/airflow/example_dags/example_branch_labels.py took 0.173 seconds
[2025-05-16T06:39:09.116+0100] {processor.py:157} INFO - Started process (PID=8823) to work on /Users/saber/airflow_project/airflow_venv/lib/python3.10/site-packages/airflow/example_dags/example_branch_labels.py
[2025-05-16T06:39:09.117+0100] {processor.py:829} INFO - Processing file /Users/saber/airflow_project/airflow_venv/lib/python3.10/site-packages/airflow/example_dags/example_branch_labels.py for tasks to queue
[2025-05-16T06:39:09.117+0100] {logging_mixin.py:154} INFO - [2025-05-16T06:39:09.117+0100] {dagbag.py:536} INFO - Filling up the DagBag from /Users/saber/airflow_project/airflow_venv/lib/python3.10/site-packages/airflow/example_dags/example_branch_labels.py
[2025-05-16T06:39:09.124+0100] {processor.py:839} INFO - DAG(s) dict_keys(['example_branch_labels']) retrieved from /Users/saber/airflow_project/airflow_venv/lib/python3.10/site-packages/airflow/example_dags/example_branch_labels.py
[2025-05-16T06:39:09.168+0100] {logging_mixin.py:154} INFO - [2025-05-16T06:39:09.167+0100] {dag.py:2941} INFO - Sync 1 DAGs
[2025-05-16T06:39:09.172+0100] {logging_mixin.py:154} INFO - [2025-05-16T06:39:09.172+0100] {dag.py:3722} INFO - Setting next_dagrun for example_branch_labels to 2025-05-15T00:00:00+00:00, run_after=2025-05-16T00:00:00+00:00
[2025-05-16T06:39:09.177+0100] {processor.py:179} INFO - Processing /Users/saber/airflow_project/airflow_venv/lib/python3.10/site-packages/airflow/example_dags/example_branch_labels.py took 0.061 seconds
[2025-05-16T06:40:06.811+0100] {processor.py:157} INFO - Started process (PID=8887) to work on /Users/saber/airflow_project/airflow_venv/lib/python3.10/site-packages/airflow/example_dags/example_branch_labels.py
[2025-05-16T06:40:06.811+0100] {processor.py:829} INFO - Processing file /Users/saber/airflow_project/airflow_venv/lib/python3.10/site-packages/airflow/example_dags/example_branch_labels.py for tasks to queue
[2025-05-16T06:40:06.811+0100] {logging_mixin.py:154} INFO - [2025-05-16T06:40:06.811+0100] {dagbag.py:536} INFO - Filling up the DagBag from /Users/saber/airflow_project/airflow_venv/lib/python3.10/site-packages/airflow/example_dags/example_branch_labels.py
[2025-05-16T06:40:06.819+0100] {processor.py:839} INFO - DAG(s) dict_keys(['example_branch_labels']) retrieved from /Users/saber/airflow_project/airflow_venv/lib/python3.10/site-packages/airflow/example_dags/example_branch_labels.py
[2025-05-16T06:40:06.862+0100] {logging_mixin.py:154} INFO - [2025-05-16T06:40:06.862+0100] {dag.py:2941} INFO - Sync 1 DAGs
[2025-05-16T06:40:06.867+0100] {logging_mixin.py:154} INFO - [2025-05-16T06:40:06.867+0100] {dag.py:3722} INFO - Setting next_dagrun for example_branch_labels to 2025-05-15T00:00:00+00:00, run_after=2025-05-16T00:00:00+00:00
[2025-05-16T06:40:06.872+0100] {processor.py:179} INFO - Processing /Users/saber/airflow_project/airflow_venv/lib/python3.10/site-packages/airflow/example_dags/example_branch_labels.py took 0.061 seconds
[2025-05-16T06:41:32.223+0100] {processor.py:157} INFO - Started process (PID=8957) to work on /Users/saber/airflow_project/airflow_venv/lib/python3.10/site-packages/airflow/example_dags/example_branch_labels.py
[2025-05-16T06:41:32.223+0100] {processor.py:829} INFO - Processing file /Users/saber/airflow_project/airflow_venv/lib/python3.10/site-packages/airflow/example_dags/example_branch_labels.py for tasks to queue
[2025-05-16T06:41:32.224+0100] {logging_mixin.py:154} INFO - [2025-05-16T06:41:32.224+0100] {dagbag.py:536} INFO - Filling up the DagBag from /Users/saber/airflow_project/airflow_venv/lib/python3.10/site-packages/airflow/example_dags/example_branch_labels.py
[2025-05-16T06:41:32.232+0100] {processor.py:839} INFO - DAG(s) dict_keys(['example_branch_labels']) retrieved from /Users/saber/airflow_project/airflow_venv/lib/python3.10/site-packages/airflow/example_dags/example_branch_labels.py
[2025-05-16T06:41:32.280+0100] {logging_mixin.py:154} INFO - [2025-05-16T06:41:32.280+0100] {dag.py:2941} INFO - Sync 1 DAGs
[2025-05-16T06:41:32.286+0100] {logging_mixin.py:154} INFO - [2025-05-16T06:41:32.286+0100] {dag.py:3722} INFO - Setting next_dagrun for example_branch_labels to 2025-05-15T00:00:00+00:00, run_after=2025-05-16T00:00:00+00:00
[2025-05-16T06:41:32.290+0100] {processor.py:179} INFO - Processing /Users/saber/airflow_project/airflow_venv/lib/python3.10/site-packages/airflow/example_dags/example_branch_labels.py took 0.068 seconds
[2025-05-16T06:42:32.203+0100] {processor.py:157} INFO - Started process (PID=9009) to work on /Users/saber/airflow_project/airflow_venv/lib/python3.10/site-packages/airflow/example_dags/example_branch_labels.py
[2025-05-16T06:42:32.204+0100] {processor.py:829} INFO - Processing file /Users/saber/airflow_project/airflow_venv/lib/python3.10/site-packages/airflow/example_dags/example_branch_labels.py for tasks to queue
[2025-05-16T06:42:32.204+0100] {logging_mixin.py:154} INFO - [2025-05-16T06:42:32.204+0100] {dagbag.py:536} INFO - Filling up the DagBag from /Users/saber/airflow_project/airflow_venv/lib/python3.10/site-packages/airflow/example_dags/example_branch_labels.py
[2025-05-16T06:42:32.211+0100] {processor.py:839} INFO - DAG(s) dict_keys(['example_branch_labels']) retrieved from /Users/saber/airflow_project/airflow_venv/lib/python3.10/site-packages/airflow/example_dags/example_branch_labels.py
[2025-05-16T06:42:32.255+0100] {logging_mixin.py:154} INFO - [2025-05-16T06:42:32.255+0100] {dag.py:2941} INFO - Sync 1 DAGs
[2025-05-16T06:42:32.259+0100] {logging_mixin.py:154} INFO - [2025-05-16T06:42:32.259+0100] {dag.py:3722} INFO - Setting next_dagrun for example_branch_labels to 2025-05-15T00:00:00+00:00, run_after=2025-05-16T00:00:00+00:00
[2025-05-16T06:42:32.264+0100] {processor.py:179} INFO - Processing /Users/saber/airflow_project/airflow_venv/lib/python3.10/site-packages/airflow/example_dags/example_branch_labels.py took 0.061 seconds
[2025-05-16T06:43:29.254+0100] {processor.py:157} INFO - Started process (PID=9059) to work on /Users/saber/airflow_project/airflow_venv/lib/python3.10/site-packages/airflow/example_dags/example_branch_labels.py
[2025-05-16T06:43:29.254+0100] {processor.py:829} INFO - Processing file /Users/saber/airflow_project/airflow_venv/lib/python3.10/site-packages/airflow/example_dags/example_branch_labels.py for tasks to queue
[2025-05-16T06:43:29.255+0100] {logging_mixin.py:154} INFO - [2025-05-16T06:43:29.255+0100] {dagbag.py:536} INFO - Filling up the DagBag from /Users/saber/airflow_project/airflow_venv/lib/python3.10/site-packages/airflow/example_dags/example_branch_labels.py
[2025-05-16T06:43:29.262+0100] {processor.py:839} INFO - DAG(s) dict_keys(['example_branch_labels']) retrieved from /Users/saber/airflow_project/airflow_venv/lib/python3.10/site-packages/airflow/example_dags/example_branch_labels.py
[2025-05-16T06:43:29.306+0100] {logging_mixin.py:154} INFO - [2025-05-16T06:43:29.306+0100] {dag.py:2941} INFO - Sync 1 DAGs
[2025-05-16T06:43:29.311+0100] {logging_mixin.py:154} INFO - [2025-05-16T06:43:29.310+0100] {dag.py:3722} INFO - Setting next_dagrun for example_branch_labels to 2025-05-15T00:00:00+00:00, run_after=2025-05-16T00:00:00+00:00
[2025-05-16T06:43:29.315+0100] {processor.py:179} INFO - Processing /Users/saber/airflow_project/airflow_venv/lib/python3.10/site-packages/airflow/example_dags/example_branch_labels.py took 0.061 seconds
[2025-05-16T06:44:29.971+0100] {processor.py:157} INFO - Started process (PID=9116) to work on /Users/saber/airflow_project/airflow_venv/lib/python3.10/site-packages/airflow/example_dags/example_branch_labels.py
[2025-05-16T06:44:29.971+0100] {processor.py:829} INFO - Processing file /Users/saber/airflow_project/airflow_venv/lib/python3.10/site-packages/airflow/example_dags/example_branch_labels.py for tasks to queue
[2025-05-16T06:44:29.972+0100] {logging_mixin.py:154} INFO - [2025-05-16T06:44:29.972+0100] {dagbag.py:536} INFO - Filling up the DagBag from /Users/saber/airflow_project/airflow_venv/lib/python3.10/site-packages/airflow/example_dags/example_branch_labels.py
[2025-05-16T06:44:29.979+0100] {processor.py:839} INFO - DAG(s) dict_keys(['example_branch_labels']) retrieved from /Users/saber/airflow_project/airflow_venv/lib/python3.10/site-packages/airflow/example_dags/example_branch_labels.py
[2025-05-16T06:44:30.024+0100] {logging_mixin.py:154} INFO - [2025-05-16T06:44:30.024+0100] {dag.py:2941} INFO - Sync 1 DAGs
[2025-05-16T06:44:30.028+0100] {logging_mixin.py:154} INFO - [2025-05-16T06:44:30.028+0100] {dag.py:3722} INFO - Setting next_dagrun for example_branch_labels to 2025-05-15T00:00:00+00:00, run_after=2025-05-16T00:00:00+00:00
[2025-05-16T06:44:30.033+0100] {processor.py:179} INFO - Processing /Users/saber/airflow_project/airflow_venv/lib/python3.10/site-packages/airflow/example_dags/example_branch_labels.py took 0.062 seconds
[2025-05-16T06:45:53.604+0100] {processor.py:157} INFO - Started process (PID=9207) to work on /Users/saber/airflow_project/airflow_venv/lib/python3.10/site-packages/airflow/example_dags/example_branch_labels.py
[2025-05-16T06:45:53.604+0100] {processor.py:829} INFO - Processing file /Users/saber/airflow_project/airflow_venv/lib/python3.10/site-packages/airflow/example_dags/example_branch_labels.py for tasks to queue
[2025-05-16T06:45:53.605+0100] {logging_mixin.py:154} INFO - [2025-05-16T06:45:53.605+0100] {dagbag.py:536} INFO - Filling up the DagBag from /Users/saber/airflow_project/airflow_venv/lib/python3.10/site-packages/airflow/example_dags/example_branch_labels.py
[2025-05-16T06:45:53.612+0100] {processor.py:839} INFO - DAG(s) dict_keys(['example_branch_labels']) retrieved from /Users/saber/airflow_project/airflow_venv/lib/python3.10/site-packages/airflow/example_dags/example_branch_labels.py
[2025-05-16T06:45:53.660+0100] {logging_mixin.py:154} INFO - [2025-05-16T06:45:53.660+0100] {dag.py:2941} INFO - Sync 1 DAGs
[2025-05-16T06:45:53.666+0100] {logging_mixin.py:154} INFO - [2025-05-16T06:45:53.666+0100] {dag.py:3722} INFO - Setting next_dagrun for example_branch_labels to 2025-05-15T00:00:00+00:00, run_after=2025-05-16T00:00:00+00:00
[2025-05-16T06:45:53.672+0100] {processor.py:179} INFO - Processing /Users/saber/airflow_project/airflow_venv/lib/python3.10/site-packages/airflow/example_dags/example_branch_labels.py took 0.068 seconds
[2025-05-16T06:46:51.915+0100] {processor.py:157} INFO - Started process (PID=9256) to work on /Users/saber/airflow_project/airflow_venv/lib/python3.10/site-packages/airflow/example_dags/example_branch_labels.py
[2025-05-16T06:46:51.916+0100] {processor.py:829} INFO - Processing file /Users/saber/airflow_project/airflow_venv/lib/python3.10/site-packages/airflow/example_dags/example_branch_labels.py for tasks to queue
[2025-05-16T06:46:51.916+0100] {logging_mixin.py:154} INFO - [2025-05-16T06:46:51.916+0100] {dagbag.py:536} INFO - Filling up the DagBag from /Users/saber/airflow_project/airflow_venv/lib/python3.10/site-packages/airflow/example_dags/example_branch_labels.py
[2025-05-16T06:46:51.923+0100] {processor.py:839} INFO - DAG(s) dict_keys(['example_branch_labels']) retrieved from /Users/saber/airflow_project/airflow_venv/lib/python3.10/site-packages/airflow/example_dags/example_branch_labels.py
[2025-05-16T06:46:51.968+0100] {logging_mixin.py:154} INFO - [2025-05-16T06:46:51.967+0100] {dag.py:2941} INFO - Sync 1 DAGs
[2025-05-16T06:46:51.972+0100] {logging_mixin.py:154} INFO - [2025-05-16T06:46:51.972+0100] {dag.py:3722} INFO - Setting next_dagrun for example_branch_labels to 2025-05-15T00:00:00+00:00, run_after=2025-05-16T00:00:00+00:00
[2025-05-16T06:46:51.977+0100] {processor.py:179} INFO - Processing /Users/saber/airflow_project/airflow_venv/lib/python3.10/site-packages/airflow/example_dags/example_branch_labels.py took 0.062 seconds
[2025-05-16T06:47:51.184+0100] {processor.py:157} INFO - Started process (PID=9306) to work on /Users/saber/airflow_project/airflow_venv/lib/python3.10/site-packages/airflow/example_dags/example_branch_labels.py
[2025-05-16T06:47:51.184+0100] {processor.py:829} INFO - Processing file /Users/saber/airflow_project/airflow_venv/lib/python3.10/site-packages/airflow/example_dags/example_branch_labels.py for tasks to queue
[2025-05-16T06:47:51.184+0100] {logging_mixin.py:154} INFO - [2025-05-16T06:47:51.184+0100] {dagbag.py:536} INFO - Filling up the DagBag from /Users/saber/airflow_project/airflow_venv/lib/python3.10/site-packages/airflow/example_dags/example_branch_labels.py
[2025-05-16T06:47:51.191+0100] {processor.py:839} INFO - DAG(s) dict_keys(['example_branch_labels']) retrieved from /Users/saber/airflow_project/airflow_venv/lib/python3.10/site-packages/airflow/example_dags/example_branch_labels.py
[2025-05-16T06:47:51.237+0100] {logging_mixin.py:154} INFO - [2025-05-16T06:47:51.237+0100] {dag.py:2941} INFO - Sync 1 DAGs
[2025-05-16T06:47:51.242+0100] {logging_mixin.py:154} INFO - [2025-05-16T06:47:51.242+0100] {dag.py:3722} INFO - Setting next_dagrun for example_branch_labels to 2025-05-15T00:00:00+00:00, run_after=2025-05-16T00:00:00+00:00
[2025-05-16T06:47:51.247+0100] {processor.py:179} INFO - Processing /Users/saber/airflow_project/airflow_venv/lib/python3.10/site-packages/airflow/example_dags/example_branch_labels.py took 0.064 seconds
[2025-05-16T06:49:17.689+0100] {processor.py:157} INFO - Started process (PID=9381) to work on /Users/saber/airflow_project/airflow_venv/lib/python3.10/site-packages/airflow/example_dags/example_branch_labels.py
[2025-05-16T06:49:17.689+0100] {processor.py:829} INFO - Processing file /Users/saber/airflow_project/airflow_venv/lib/python3.10/site-packages/airflow/example_dags/example_branch_labels.py for tasks to queue
[2025-05-16T06:49:17.690+0100] {logging_mixin.py:154} INFO - [2025-05-16T06:49:17.690+0100] {dagbag.py:536} INFO - Filling up the DagBag from /Users/saber/airflow_project/airflow_venv/lib/python3.10/site-packages/airflow/example_dags/example_branch_labels.py
[2025-05-16T06:49:17.697+0100] {processor.py:839} INFO - DAG(s) dict_keys(['example_branch_labels']) retrieved from /Users/saber/airflow_project/airflow_venv/lib/python3.10/site-packages/airflow/example_dags/example_branch_labels.py
[2025-05-16T06:49:17.745+0100] {logging_mixin.py:154} INFO - [2025-05-16T06:49:17.745+0100] {dag.py:2941} INFO - Sync 1 DAGs
[2025-05-16T06:49:17.751+0100] {logging_mixin.py:154} INFO - [2025-05-16T06:49:17.750+0100] {dag.py:3722} INFO - Setting next_dagrun for example_branch_labels to 2025-05-15T00:00:00+00:00, run_after=2025-05-16T00:00:00+00:00
[2025-05-16T06:49:17.755+0100] {processor.py:179} INFO - Processing /Users/saber/airflow_project/airflow_venv/lib/python3.10/site-packages/airflow/example_dags/example_branch_labels.py took 0.066 seconds
[2025-05-16T06:50:16.822+0100] {processor.py:157} INFO - Started process (PID=9428) to work on /Users/saber/airflow_project/airflow_venv/lib/python3.10/site-packages/airflow/example_dags/example_branch_labels.py
[2025-05-16T06:50:16.823+0100] {processor.py:829} INFO - Processing file /Users/saber/airflow_project/airflow_venv/lib/python3.10/site-packages/airflow/example_dags/example_branch_labels.py for tasks to queue
[2025-05-16T06:50:16.823+0100] {logging_mixin.py:154} INFO - [2025-05-16T06:50:16.823+0100] {dagbag.py:536} INFO - Filling up the DagBag from /Users/saber/airflow_project/airflow_venv/lib/python3.10/site-packages/airflow/example_dags/example_branch_labels.py
[2025-05-16T06:50:16.831+0100] {processor.py:839} INFO - DAG(s) dict_keys(['example_branch_labels']) retrieved from /Users/saber/airflow_project/airflow_venv/lib/python3.10/site-packages/airflow/example_dags/example_branch_labels.py
[2025-05-16T06:50:16.876+0100] {logging_mixin.py:154} INFO - [2025-05-16T06:50:16.875+0100] {dag.py:2941} INFO - Sync 1 DAGs
[2025-05-16T06:50:16.880+0100] {logging_mixin.py:154} INFO - [2025-05-16T06:50:16.880+0100] {dag.py:3722} INFO - Setting next_dagrun for example_branch_labels to 2025-05-15T00:00:00+00:00, run_after=2025-05-16T00:00:00+00:00
[2025-05-16T06:50:16.885+0100] {processor.py:179} INFO - Processing /Users/saber/airflow_project/airflow_venv/lib/python3.10/site-packages/airflow/example_dags/example_branch_labels.py took 0.063 seconds
[2025-05-16T06:51:15.036+0100] {processor.py:157} INFO - Started process (PID=9487) to work on /Users/saber/airflow_project/airflow_venv/lib/python3.10/site-packages/airflow/example_dags/example_branch_labels.py
[2025-05-16T06:51:15.036+0100] {processor.py:829} INFO - Processing file /Users/saber/airflow_project/airflow_venv/lib/python3.10/site-packages/airflow/example_dags/example_branch_labels.py for tasks to queue
[2025-05-16T06:51:15.037+0100] {logging_mixin.py:154} INFO - [2025-05-16T06:51:15.037+0100] {dagbag.py:536} INFO - Filling up the DagBag from /Users/saber/airflow_project/airflow_venv/lib/python3.10/site-packages/airflow/example_dags/example_branch_labels.py
[2025-05-16T06:51:15.044+0100] {processor.py:839} INFO - DAG(s) dict_keys(['example_branch_labels']) retrieved from /Users/saber/airflow_project/airflow_venv/lib/python3.10/site-packages/airflow/example_dags/example_branch_labels.py
[2025-05-16T06:51:15.088+0100] {logging_mixin.py:154} INFO - [2025-05-16T06:51:15.088+0100] {dag.py:2941} INFO - Sync 1 DAGs
[2025-05-16T06:51:15.093+0100] {logging_mixin.py:154} INFO - [2025-05-16T06:51:15.093+0100] {dag.py:3722} INFO - Setting next_dagrun for example_branch_labels to 2025-05-15T00:00:00+00:00, run_after=2025-05-16T00:00:00+00:00
[2025-05-16T06:51:15.098+0100] {processor.py:179} INFO - Processing /Users/saber/airflow_project/airflow_venv/lib/python3.10/site-packages/airflow/example_dags/example_branch_labels.py took 0.062 seconds
