[2025-05-16T06:38:07.481+0100] {processor.py:157} INFO - Started process (PID=8766) to work on /Users/saber/airflow_project/airflow_venv/lib/python3.10/site-packages/airflow/example_dags/example_branch_python_dop_operator_3.py
[2025-05-16T06:38:07.481+0100] {processor.py:829} INFO - Processing file /Users/saber/airflow_project/airflow_venv/lib/python3.10/site-packages/airflow/example_dags/example_branch_python_dop_operator_3.py for tasks to queue
[2025-05-16T06:38:07.482+0100] {logging_mixin.py:154} INFO - [2025-05-16T06:38:07.482+0100] {dagbag.py:536} INFO - Filling up the DagBag from /Users/saber/airflow_project/airflow_venv/lib/python3.10/site-packages/airflow/example_dags/example_branch_python_dop_operator_3.py
[2025-05-16T06:38:07.498+0100] {processor.py:839} INFO - DAG(s) dict_keys(['example_branch_dop_operator_v3']) retrieved from /Users/saber/airflow_project/airflow_venv/lib/python3.10/site-packages/airflow/example_dags/example_branch_python_dop_operator_3.py
[2025-05-16T06:38:07.657+0100] {logging_mixin.py:154} INFO - [2025-05-16T06:38:07.657+0100] {manager.py:499} INFO - Created Permission View: %s
[2025-05-16T06:38:07.659+0100] {logging_mixin.py:154} INFO - [2025-05-16T06:38:07.659+0100] {manager.py:499} INFO - Created Permission View: %s
[2025-05-16T06:38:07.660+0100] {logging_mixin.py:154} INFO - [2025-05-16T06:38:07.660+0100] {manager.py:499} INFO - Created Permission View: %s
[2025-05-16T06:38:07.660+0100] {logging_mixin.py:154} INFO - [2025-05-16T06:38:07.660+0100] {dag.py:2941} INFO - Sync 1 DAGs
[2025-05-16T06:38:07.663+0100] {logging_mixin.py:154} INFO - [2025-05-16T06:38:07.662+0100] {dag.py:2963} INFO - Creating ORM DAG for example_branch_dop_operator_v3
[2025-05-16T06:38:07.666+0100] {logging_mixin.py:154} INFO - [2025-05-16T06:38:07.665+0100] {dag.py:3722} INFO - Setting next_dagrun for example_branch_dop_operator_v3 to 2025-05-16T05:37:00+00:00, run_after=2025-05-16T05:38:00+00:00
[2025-05-16T06:38:07.669+0100] {processor.py:179} INFO - Processing /Users/saber/airflow_project/airflow_venv/lib/python3.10/site-packages/airflow/example_dags/example_branch_python_dop_operator_3.py took 0.189 seconds
[2025-05-16T06:39:06.245+0100] {processor.py:157} INFO - Started process (PID=8820) to work on /Users/saber/airflow_project/airflow_venv/lib/python3.10/site-packages/airflow/example_dags/example_branch_python_dop_operator_3.py
[2025-05-16T06:39:06.245+0100] {processor.py:829} INFO - Processing file /Users/saber/airflow_project/airflow_venv/lib/python3.10/site-packages/airflow/example_dags/example_branch_python_dop_operator_3.py for tasks to queue
[2025-05-16T06:39:06.245+0100] {logging_mixin.py:154} INFO - [2025-05-16T06:39:06.245+0100] {dagbag.py:536} INFO - Filling up the DagBag from /Users/saber/airflow_project/airflow_venv/lib/python3.10/site-packages/airflow/example_dags/example_branch_python_dop_operator_3.py
[2025-05-16T06:39:06.260+0100] {processor.py:839} INFO - DAG(s) dict_keys(['example_branch_dop_operator_v3']) retrieved from /Users/saber/airflow_project/airflow_venv/lib/python3.10/site-packages/airflow/example_dags/example_branch_python_dop_operator_3.py
[2025-05-16T06:39:06.302+0100] {logging_mixin.py:154} INFO - [2025-05-16T06:39:06.301+0100] {dag.py:2941} INFO - Sync 1 DAGs
[2025-05-16T06:39:06.307+0100] {logging_mixin.py:154} INFO - [2025-05-16T06:39:06.307+0100] {dag.py:3722} INFO - Setting next_dagrun for example_branch_dop_operator_v3 to 2025-05-16T05:38:00+00:00, run_after=2025-05-16T05:39:00+00:00
[2025-05-16T06:39:06.312+0100] {processor.py:179} INFO - Processing /Users/saber/airflow_project/airflow_venv/lib/python3.10/site-packages/airflow/example_dags/example_branch_python_dop_operator_3.py took 0.068 seconds
[2025-05-16T06:40:02.406+0100] {processor.py:157} INFO - Started process (PID=8884) to work on /Users/saber/airflow_project/airflow_venv/lib/python3.10/site-packages/airflow/example_dags/example_branch_python_dop_operator_3.py
[2025-05-16T06:40:02.406+0100] {processor.py:829} INFO - Processing file /Users/saber/airflow_project/airflow_venv/lib/python3.10/site-packages/airflow/example_dags/example_branch_python_dop_operator_3.py for tasks to queue
[2025-05-16T06:40:02.407+0100] {logging_mixin.py:154} INFO - [2025-05-16T06:40:02.407+0100] {dagbag.py:536} INFO - Filling up the DagBag from /Users/saber/airflow_project/airflow_venv/lib/python3.10/site-packages/airflow/example_dags/example_branch_python_dop_operator_3.py
[2025-05-16T06:40:02.421+0100] {processor.py:839} INFO - DAG(s) dict_keys(['example_branch_dop_operator_v3']) retrieved from /Users/saber/airflow_project/airflow_venv/lib/python3.10/site-packages/airflow/example_dags/example_branch_python_dop_operator_3.py
[2025-05-16T06:40:02.464+0100] {logging_mixin.py:154} INFO - [2025-05-16T06:40:02.464+0100] {dag.py:2941} INFO - Sync 1 DAGs
[2025-05-16T06:40:02.469+0100] {logging_mixin.py:154} INFO - [2025-05-16T06:40:02.469+0100] {dag.py:3722} INFO - Setting next_dagrun for example_branch_dop_operator_v3 to 2025-05-16T05:39:00+00:00, run_after=2025-05-16T05:40:00+00:00
[2025-05-16T06:40:02.474+0100] {processor.py:179} INFO - Processing /Users/saber/airflow_project/airflow_venv/lib/python3.10/site-packages/airflow/example_dags/example_branch_python_dop_operator_3.py took 0.069 seconds
[2025-05-16T06:41:02.429+0100] {processor.py:157} INFO - Started process (PID=8933) to work on /Users/saber/airflow_project/airflow_venv/lib/python3.10/site-packages/airflow/example_dags/example_branch_python_dop_operator_3.py
[2025-05-16T06:41:02.429+0100] {processor.py:829} INFO - Processing file /Users/saber/airflow_project/airflow_venv/lib/python3.10/site-packages/airflow/example_dags/example_branch_python_dop_operator_3.py for tasks to queue
[2025-05-16T06:41:02.430+0100] {logging_mixin.py:154} INFO - [2025-05-16T06:41:02.430+0100] {dagbag.py:536} INFO - Filling up the DagBag from /Users/saber/airflow_project/airflow_venv/lib/python3.10/site-packages/airflow/example_dags/example_branch_python_dop_operator_3.py
[2025-05-16T06:41:02.444+0100] {processor.py:839} INFO - DAG(s) dict_keys(['example_branch_dop_operator_v3']) retrieved from /Users/saber/airflow_project/airflow_venv/lib/python3.10/site-packages/airflow/example_dags/example_branch_python_dop_operator_3.py
[2025-05-16T06:41:02.486+0100] {logging_mixin.py:154} INFO - [2025-05-16T06:41:02.486+0100] {dag.py:2941} INFO - Sync 1 DAGs
[2025-05-16T06:41:02.491+0100] {logging_mixin.py:154} INFO - [2025-05-16T06:41:02.491+0100] {dag.py:3722} INFO - Setting next_dagrun for example_branch_dop_operator_v3 to 2025-05-16T05:40:00+00:00, run_after=2025-05-16T05:41:00+00:00
[2025-05-16T06:41:02.496+0100] {processor.py:179} INFO - Processing /Users/saber/airflow_project/airflow_venv/lib/python3.10/site-packages/airflow/example_dags/example_branch_python_dop_operator_3.py took 0.067 seconds
[2025-05-16T06:42:03.294+0100] {processor.py:157} INFO - Started process (PID=8986) to work on /Users/saber/airflow_project/airflow_venv/lib/python3.10/site-packages/airflow/example_dags/example_branch_python_dop_operator_3.py
[2025-05-16T06:42:03.294+0100] {processor.py:829} INFO - Processing file /Users/saber/airflow_project/airflow_venv/lib/python3.10/site-packages/airflow/example_dags/example_branch_python_dop_operator_3.py for tasks to queue
[2025-05-16T06:42:03.295+0100] {logging_mixin.py:154} INFO - [2025-05-16T06:42:03.295+0100] {dagbag.py:536} INFO - Filling up the DagBag from /Users/saber/airflow_project/airflow_venv/lib/python3.10/site-packages/airflow/example_dags/example_branch_python_dop_operator_3.py
[2025-05-16T06:42:03.309+0100] {processor.py:839} INFO - DAG(s) dict_keys(['example_branch_dop_operator_v3']) retrieved from /Users/saber/airflow_project/airflow_venv/lib/python3.10/site-packages/airflow/example_dags/example_branch_python_dop_operator_3.py
[2025-05-16T06:42:03.352+0100] {logging_mixin.py:154} INFO - [2025-05-16T06:42:03.352+0100] {dag.py:2941} INFO - Sync 1 DAGs
[2025-05-16T06:42:03.358+0100] {logging_mixin.py:154} INFO - [2025-05-16T06:42:03.358+0100] {dag.py:3722} INFO - Setting next_dagrun for example_branch_dop_operator_v3 to 2025-05-16T05:41:00+00:00, run_after=2025-05-16T05:42:00+00:00
[2025-05-16T06:42:03.363+0100] {processor.py:179} INFO - Processing /Users/saber/airflow_project/airflow_venv/lib/python3.10/site-packages/airflow/example_dags/example_branch_python_dop_operator_3.py took 0.069 seconds
[2025-05-16T06:43:00.940+0100] {processor.py:157} INFO - Started process (PID=9035) to work on /Users/saber/airflow_project/airflow_venv/lib/python3.10/site-packages/airflow/example_dags/example_branch_python_dop_operator_3.py
[2025-05-16T06:43:00.941+0100] {processor.py:829} INFO - Processing file /Users/saber/airflow_project/airflow_venv/lib/python3.10/site-packages/airflow/example_dags/example_branch_python_dop_operator_3.py for tasks to queue
[2025-05-16T06:43:00.941+0100] {logging_mixin.py:154} INFO - [2025-05-16T06:43:00.941+0100] {dagbag.py:536} INFO - Filling up the DagBag from /Users/saber/airflow_project/airflow_venv/lib/python3.10/site-packages/airflow/example_dags/example_branch_python_dop_operator_3.py
[2025-05-16T06:43:00.956+0100] {processor.py:839} INFO - DAG(s) dict_keys(['example_branch_dop_operator_v3']) retrieved from /Users/saber/airflow_project/airflow_venv/lib/python3.10/site-packages/airflow/example_dags/example_branch_python_dop_operator_3.py
[2025-05-16T06:43:00.998+0100] {logging_mixin.py:154} INFO - [2025-05-16T06:43:00.998+0100] {dag.py:2941} INFO - Sync 1 DAGs
[2025-05-16T06:43:01.003+0100] {logging_mixin.py:154} INFO - [2025-05-16T06:43:01.003+0100] {dag.py:3722} INFO - Setting next_dagrun for example_branch_dop_operator_v3 to 2025-05-16T05:42:00+00:00, run_after=2025-05-16T05:43:00+00:00
[2025-05-16T06:43:01.008+0100] {processor.py:179} INFO - Processing /Users/saber/airflow_project/airflow_venv/lib/python3.10/site-packages/airflow/example_dags/example_branch_python_dop_operator_3.py took 0.068 seconds
[2025-05-16T06:43:56.722+0100] {processor.py:157} INFO - Started process (PID=9082) to work on /Users/saber/airflow_project/airflow_venv/lib/python3.10/site-packages/airflow/example_dags/example_branch_python_dop_operator_3.py
[2025-05-16T06:43:56.722+0100] {processor.py:829} INFO - Processing file /Users/saber/airflow_project/airflow_venv/lib/python3.10/site-packages/airflow/example_dags/example_branch_python_dop_operator_3.py for tasks to queue
[2025-05-16T06:43:56.723+0100] {logging_mixin.py:154} INFO - [2025-05-16T06:43:56.723+0100] {dagbag.py:536} INFO - Filling up the DagBag from /Users/saber/airflow_project/airflow_venv/lib/python3.10/site-packages/airflow/example_dags/example_branch_python_dop_operator_3.py
[2025-05-16T06:43:56.738+0100] {processor.py:839} INFO - DAG(s) dict_keys(['example_branch_dop_operator_v3']) retrieved from /Users/saber/airflow_project/airflow_venv/lib/python3.10/site-packages/airflow/example_dags/example_branch_python_dop_operator_3.py
[2025-05-16T06:43:56.780+0100] {logging_mixin.py:154} INFO - [2025-05-16T06:43:56.780+0100] {dag.py:2941} INFO - Sync 1 DAGs
[2025-05-16T06:43:56.785+0100] {logging_mixin.py:154} INFO - [2025-05-16T06:43:56.785+0100] {dag.py:3722} INFO - Setting next_dagrun for example_branch_dop_operator_v3 to 2025-05-16T05:42:00+00:00, run_after=2025-05-16T05:43:00+00:00
[2025-05-16T06:43:56.790+0100] {processor.py:179} INFO - Processing /Users/saber/airflow_project/airflow_venv/lib/python3.10/site-packages/airflow/example_dags/example_branch_python_dop_operator_3.py took 0.068 seconds
[2025-05-16T06:44:54.314+0100] {processor.py:157} INFO - Started process (PID=9139) to work on /Users/saber/airflow_project/airflow_venv/lib/python3.10/site-packages/airflow/example_dags/example_branch_python_dop_operator_3.py
[2025-05-16T06:44:54.315+0100] {processor.py:829} INFO - Processing file /Users/saber/airflow_project/airflow_venv/lib/python3.10/site-packages/airflow/example_dags/example_branch_python_dop_operator_3.py for tasks to queue
[2025-05-16T06:44:54.315+0100] {logging_mixin.py:154} INFO - [2025-05-16T06:44:54.315+0100] {dagbag.py:536} INFO - Filling up the DagBag from /Users/saber/airflow_project/airflow_venv/lib/python3.10/site-packages/airflow/example_dags/example_branch_python_dop_operator_3.py
[2025-05-16T06:44:54.330+0100] {processor.py:839} INFO - DAG(s) dict_keys(['example_branch_dop_operator_v3']) retrieved from /Users/saber/airflow_project/airflow_venv/lib/python3.10/site-packages/airflow/example_dags/example_branch_python_dop_operator_3.py
[2025-05-16T06:44:54.372+0100] {logging_mixin.py:154} INFO - [2025-05-16T06:44:54.372+0100] {dag.py:2941} INFO - Sync 1 DAGs
[2025-05-16T06:44:54.377+0100] {logging_mixin.py:154} INFO - [2025-05-16T06:44:54.377+0100] {dag.py:3722} INFO - Setting next_dagrun for example_branch_dop_operator_v3 to 2025-05-16T05:43:00+00:00, run_after=2025-05-16T05:44:00+00:00
[2025-05-16T06:44:54.382+0100] {processor.py:179} INFO - Processing /Users/saber/airflow_project/airflow_venv/lib/python3.10/site-packages/airflow/example_dags/example_branch_python_dop_operator_3.py took 0.068 seconds
[2025-05-16T06:45:52.144+0100] {processor.py:157} INFO - Started process (PID=9206) to work on /Users/saber/airflow_project/airflow_venv/lib/python3.10/site-packages/airflow/example_dags/example_branch_python_dop_operator_3.py
[2025-05-16T06:45:52.144+0100] {processor.py:829} INFO - Processing file /Users/saber/airflow_project/airflow_venv/lib/python3.10/site-packages/airflow/example_dags/example_branch_python_dop_operator_3.py for tasks to queue
[2025-05-16T06:45:52.145+0100] {logging_mixin.py:154} INFO - [2025-05-16T06:45:52.145+0100] {dagbag.py:536} INFO - Filling up the DagBag from /Users/saber/airflow_project/airflow_venv/lib/python3.10/site-packages/airflow/example_dags/example_branch_python_dop_operator_3.py
[2025-05-16T06:45:52.160+0100] {processor.py:839} INFO - DAG(s) dict_keys(['example_branch_dop_operator_v3']) retrieved from /Users/saber/airflow_project/airflow_venv/lib/python3.10/site-packages/airflow/example_dags/example_branch_python_dop_operator_3.py
[2025-05-16T06:45:52.202+0100] {logging_mixin.py:154} INFO - [2025-05-16T06:45:52.202+0100] {dag.py:2941} INFO - Sync 1 DAGs
[2025-05-16T06:45:52.207+0100] {logging_mixin.py:154} INFO - [2025-05-16T06:45:52.207+0100] {dag.py:3722} INFO - Setting next_dagrun for example_branch_dop_operator_v3 to 2025-05-16T05:44:00+00:00, run_after=2025-05-16T05:45:00+00:00
[2025-05-16T06:45:52.212+0100] {processor.py:179} INFO - Processing /Users/saber/airflow_project/airflow_venv/lib/python3.10/site-packages/airflow/example_dags/example_branch_python_dop_operator_3.py took 0.068 seconds
[2025-05-16T06:46:51.009+0100] {processor.py:157} INFO - Started process (PID=9255) to work on /Users/saber/airflow_project/airflow_venv/lib/python3.10/site-packages/airflow/example_dags/example_branch_python_dop_operator_3.py
[2025-05-16T06:46:51.009+0100] {processor.py:829} INFO - Processing file /Users/saber/airflow_project/airflow_venv/lib/python3.10/site-packages/airflow/example_dags/example_branch_python_dop_operator_3.py for tasks to queue
[2025-05-16T06:46:51.010+0100] {logging_mixin.py:154} INFO - [2025-05-16T06:46:51.010+0100] {dagbag.py:536} INFO - Filling up the DagBag from /Users/saber/airflow_project/airflow_venv/lib/python3.10/site-packages/airflow/example_dags/example_branch_python_dop_operator_3.py
[2025-05-16T06:46:51.024+0100] {processor.py:839} INFO - DAG(s) dict_keys(['example_branch_dop_operator_v3']) retrieved from /Users/saber/airflow_project/airflow_venv/lib/python3.10/site-packages/airflow/example_dags/example_branch_python_dop_operator_3.py
[2025-05-16T06:46:51.066+0100] {logging_mixin.py:154} INFO - [2025-05-16T06:46:51.066+0100] {dag.py:2941} INFO - Sync 1 DAGs
[2025-05-16T06:46:51.071+0100] {logging_mixin.py:154} INFO - [2025-05-16T06:46:51.071+0100] {dag.py:3722} INFO - Setting next_dagrun for example_branch_dop_operator_v3 to 2025-05-16T05:45:00+00:00, run_after=2025-05-16T05:46:00+00:00
[2025-05-16T06:46:51.076+0100] {processor.py:179} INFO - Processing /Users/saber/airflow_project/airflow_venv/lib/python3.10/site-packages/airflow/example_dags/example_branch_python_dop_operator_3.py took 0.067 seconds
[2025-05-16T06:47:49.661+0100] {processor.py:157} INFO - Started process (PID=9304) to work on /Users/saber/airflow_project/airflow_venv/lib/python3.10/site-packages/airflow/example_dags/example_branch_python_dop_operator_3.py
[2025-05-16T06:47:49.661+0100] {processor.py:829} INFO - Processing file /Users/saber/airflow_project/airflow_venv/lib/python3.10/site-packages/airflow/example_dags/example_branch_python_dop_operator_3.py for tasks to queue
[2025-05-16T06:47:49.662+0100] {logging_mixin.py:154} INFO - [2025-05-16T06:47:49.662+0100] {dagbag.py:536} INFO - Filling up the DagBag from /Users/saber/airflow_project/airflow_venv/lib/python3.10/site-packages/airflow/example_dags/example_branch_python_dop_operator_3.py
[2025-05-16T06:47:49.679+0100] {processor.py:839} INFO - DAG(s) dict_keys(['example_branch_dop_operator_v3']) retrieved from /Users/saber/airflow_project/airflow_venv/lib/python3.10/site-packages/airflow/example_dags/example_branch_python_dop_operator_3.py
[2025-05-16T06:47:49.726+0100] {logging_mixin.py:154} INFO - [2025-05-16T06:47:49.726+0100] {dag.py:2941} INFO - Sync 1 DAGs
[2025-05-16T06:47:49.732+0100] {logging_mixin.py:154} INFO - [2025-05-16T06:47:49.732+0100] {dag.py:3722} INFO - Setting next_dagrun for example_branch_dop_operator_v3 to 2025-05-16T05:46:00+00:00, run_after=2025-05-16T05:47:00+00:00
[2025-05-16T06:47:49.738+0100] {processor.py:179} INFO - Processing /Users/saber/airflow_project/airflow_venv/lib/python3.10/site-packages/airflow/example_dags/example_branch_python_dop_operator_3.py took 0.077 seconds
[2025-05-16T06:48:46.782+0100] {processor.py:157} INFO - Started process (PID=9353) to work on /Users/saber/airflow_project/airflow_venv/lib/python3.10/site-packages/airflow/example_dags/example_branch_python_dop_operator_3.py
[2025-05-16T06:48:46.782+0100] {processor.py:829} INFO - Processing file /Users/saber/airflow_project/airflow_venv/lib/python3.10/site-packages/airflow/example_dags/example_branch_python_dop_operator_3.py for tasks to queue
[2025-05-16T06:48:46.783+0100] {logging_mixin.py:154} INFO - [2025-05-16T06:48:46.783+0100] {dagbag.py:536} INFO - Filling up the DagBag from /Users/saber/airflow_project/airflow_venv/lib/python3.10/site-packages/airflow/example_dags/example_branch_python_dop_operator_3.py
[2025-05-16T06:48:46.797+0100] {processor.py:839} INFO - DAG(s) dict_keys(['example_branch_dop_operator_v3']) retrieved from /Users/saber/airflow_project/airflow_venv/lib/python3.10/site-packages/airflow/example_dags/example_branch_python_dop_operator_3.py
[2025-05-16T06:48:46.840+0100] {logging_mixin.py:154} INFO - [2025-05-16T06:48:46.840+0100] {dag.py:2941} INFO - Sync 1 DAGs
[2025-05-16T06:48:46.845+0100] {logging_mixin.py:154} INFO - [2025-05-16T06:48:46.845+0100] {dag.py:3722} INFO - Setting next_dagrun for example_branch_dop_operator_v3 to 2025-05-16T05:47:00+00:00, run_after=2025-05-16T05:48:00+00:00
[2025-05-16T06:48:46.850+0100] {processor.py:179} INFO - Processing /Users/saber/airflow_project/airflow_venv/lib/python3.10/site-packages/airflow/example_dags/example_branch_python_dop_operator_3.py took 0.068 seconds
[2025-05-16T06:49:45.610+0100] {processor.py:157} INFO - Started process (PID=9404) to work on /Users/saber/airflow_project/airflow_venv/lib/python3.10/site-packages/airflow/example_dags/example_branch_python_dop_operator_3.py
[2025-05-16T06:49:45.610+0100] {processor.py:829} INFO - Processing file /Users/saber/airflow_project/airflow_venv/lib/python3.10/site-packages/airflow/example_dags/example_branch_python_dop_operator_3.py for tasks to queue
[2025-05-16T06:49:45.611+0100] {logging_mixin.py:154} INFO - [2025-05-16T06:49:45.611+0100] {dagbag.py:536} INFO - Filling up the DagBag from /Users/saber/airflow_project/airflow_venv/lib/python3.10/site-packages/airflow/example_dags/example_branch_python_dop_operator_3.py
[2025-05-16T06:49:45.625+0100] {processor.py:839} INFO - DAG(s) dict_keys(['example_branch_dop_operator_v3']) retrieved from /Users/saber/airflow_project/airflow_venv/lib/python3.10/site-packages/airflow/example_dags/example_branch_python_dop_operator_3.py
[2025-05-16T06:49:45.667+0100] {logging_mixin.py:154} INFO - [2025-05-16T06:49:45.667+0100] {dag.py:2941} INFO - Sync 1 DAGs
[2025-05-16T06:49:45.672+0100] {logging_mixin.py:154} INFO - [2025-05-16T06:49:45.672+0100] {dag.py:3722} INFO - Setting next_dagrun for example_branch_dop_operator_v3 to 2025-05-16T05:48:00+00:00, run_after=2025-05-16T05:49:00+00:00
[2025-05-16T06:49:45.677+0100] {processor.py:179} INFO - Processing /Users/saber/airflow_project/airflow_venv/lib/python3.10/site-packages/airflow/example_dags/example_branch_python_dop_operator_3.py took 0.067 seconds
[2025-05-16T06:50:45.264+0100] {processor.py:157} INFO - Started process (PID=9461) to work on /Users/saber/airflow_project/airflow_venv/lib/python3.10/site-packages/airflow/example_dags/example_branch_python_dop_operator_3.py
[2025-05-16T06:50:45.265+0100] {processor.py:829} INFO - Processing file /Users/saber/airflow_project/airflow_venv/lib/python3.10/site-packages/airflow/example_dags/example_branch_python_dop_operator_3.py for tasks to queue
[2025-05-16T06:50:45.265+0100] {logging_mixin.py:154} INFO - [2025-05-16T06:50:45.265+0100] {dagbag.py:536} INFO - Filling up the DagBag from /Users/saber/airflow_project/airflow_venv/lib/python3.10/site-packages/airflow/example_dags/example_branch_python_dop_operator_3.py
[2025-05-16T06:50:45.280+0100] {processor.py:839} INFO - DAG(s) dict_keys(['example_branch_dop_operator_v3']) retrieved from /Users/saber/airflow_project/airflow_venv/lib/python3.10/site-packages/airflow/example_dags/example_branch_python_dop_operator_3.py
[2025-05-16T06:50:45.323+0100] {logging_mixin.py:154} INFO - [2025-05-16T06:50:45.323+0100] {dag.py:2941} INFO - Sync 1 DAGs
[2025-05-16T06:50:45.328+0100] {logging_mixin.py:154} INFO - [2025-05-16T06:50:45.328+0100] {dag.py:3722} INFO - Setting next_dagrun for example_branch_dop_operator_v3 to 2025-05-16T05:49:00+00:00, run_after=2025-05-16T05:50:00+00:00
[2025-05-16T06:50:45.333+0100] {processor.py:179} INFO - Processing /Users/saber/airflow_project/airflow_venv/lib/python3.10/site-packages/airflow/example_dags/example_branch_python_dop_operator_3.py took 0.069 seconds
