[2025-05-16T06:38:13.073+0100] {processor.py:157} INFO - Started process (PID=8770) to work on /Users/saber/airflow_project/airflow_venv/lib/python3.10/site-packages/airflow/example_dags/example_branch_day_of_week_operator.py
[2025-05-16T06:38:13.073+0100] {processor.py:829} INFO - Processing file /Users/saber/airflow_project/airflow_venv/lib/python3.10/site-packages/airflow/example_dags/example_branch_day_of_week_operator.py for tasks to queue
[2025-05-16T06:38:13.074+0100] {logging_mixin.py:154} INFO - [2025-05-16T06:38:13.074+0100] {dagbag.py:536} INFO - Filling up the DagBag from /Users/saber/airflow_project/airflow_venv/lib/python3.10/site-packages/airflow/example_dags/example_branch_day_of_week_operator.py
[2025-05-16T06:38:13.081+0100] {processor.py:839} INFO - DAG(s) dict_keys(['example_weekday_branch_operator']) retrieved from /Users/saber/airflow_project/airflow_venv/lib/python3.10/site-packages/airflow/example_dags/example_branch_day_of_week_operator.py
[2025-05-16T06:38:13.246+0100] {logging_mixin.py:154} INFO - [2025-05-16T06:38:13.245+0100] {manager.py:499} INFO - Created Permission View: %s
[2025-05-16T06:38:13.248+0100] {logging_mixin.py:154} INFO - [2025-05-16T06:38:13.248+0100] {manager.py:499} INFO - Created Permission View: %s
[2025-05-16T06:38:13.249+0100] {logging_mixin.py:154} INFO - [2025-05-16T06:38:13.249+0100] {manager.py:499} INFO - Created Permission View: %s
[2025-05-16T06:38:13.249+0100] {logging_mixin.py:154} INFO - [2025-05-16T06:38:13.249+0100] {dag.py:2941} INFO - Sync 1 DAGs
[2025-05-16T06:38:13.252+0100] {logging_mixin.py:154} INFO - [2025-05-16T06:38:13.252+0100] {dag.py:2963} INFO - Creating ORM DAG for example_weekday_branch_operator
[2025-05-16T06:38:13.254+0100] {logging_mixin.py:154} INFO - [2025-05-16T06:38:13.254+0100] {dag.py:3722} INFO - Setting next_dagrun for example_weekday_branch_operator to 2025-05-15T00:00:00+00:00, run_after=2025-05-16T00:00:00+00:00
[2025-05-16T06:38:13.259+0100] {processor.py:179} INFO - Processing /Users/saber/airflow_project/airflow_venv/lib/python3.10/site-packages/airflow/example_dags/example_branch_day_of_week_operator.py took 0.186 seconds
[2025-05-16T06:39:10.569+0100] {processor.py:157} INFO - Started process (PID=8824) to work on /Users/saber/airflow_project/airflow_venv/lib/python3.10/site-packages/airflow/example_dags/example_branch_day_of_week_operator.py
[2025-05-16T06:39:10.569+0100] {processor.py:829} INFO - Processing file /Users/saber/airflow_project/airflow_venv/lib/python3.10/site-packages/airflow/example_dags/example_branch_day_of_week_operator.py for tasks to queue
[2025-05-16T06:39:10.570+0100] {logging_mixin.py:154} INFO - [2025-05-16T06:39:10.570+0100] {dagbag.py:536} INFO - Filling up the DagBag from /Users/saber/airflow_project/airflow_venv/lib/python3.10/site-packages/airflow/example_dags/example_branch_day_of_week_operator.py
[2025-05-16T06:39:10.577+0100] {processor.py:839} INFO - DAG(s) dict_keys(['example_weekday_branch_operator']) retrieved from /Users/saber/airflow_project/airflow_venv/lib/python3.10/site-packages/airflow/example_dags/example_branch_day_of_week_operator.py
[2025-05-16T06:39:10.621+0100] {logging_mixin.py:154} INFO - [2025-05-16T06:39:10.621+0100] {dag.py:2941} INFO - Sync 1 DAGs
[2025-05-16T06:39:10.625+0100] {logging_mixin.py:154} INFO - [2025-05-16T06:39:10.625+0100] {dag.py:3722} INFO - Setting next_dagrun for example_weekday_branch_operator to 2025-05-15T00:00:00+00:00, run_after=2025-05-16T00:00:00+00:00
[2025-05-16T06:39:10.630+0100] {processor.py:179} INFO - Processing /Users/saber/airflow_project/airflow_venv/lib/python3.10/site-packages/airflow/example_dags/example_branch_day_of_week_operator.py took 0.061 seconds
[2025-05-16T06:40:32.738+0100] {processor.py:157} INFO - Started process (PID=8908) to work on /Users/saber/airflow_project/airflow_venv/lib/python3.10/site-packages/airflow/example_dags/example_branch_day_of_week_operator.py
[2025-05-16T06:40:32.738+0100] {processor.py:829} INFO - Processing file /Users/saber/airflow_project/airflow_venv/lib/python3.10/site-packages/airflow/example_dags/example_branch_day_of_week_operator.py for tasks to queue
[2025-05-16T06:40:32.739+0100] {logging_mixin.py:154} INFO - [2025-05-16T06:40:32.739+0100] {dagbag.py:536} INFO - Filling up the DagBag from /Users/saber/airflow_project/airflow_venv/lib/python3.10/site-packages/airflow/example_dags/example_branch_day_of_week_operator.py
[2025-05-16T06:40:32.746+0100] {processor.py:839} INFO - DAG(s) dict_keys(['example_weekday_branch_operator']) retrieved from /Users/saber/airflow_project/airflow_venv/lib/python3.10/site-packages/airflow/example_dags/example_branch_day_of_week_operator.py
[2025-05-16T06:40:32.790+0100] {logging_mixin.py:154} INFO - [2025-05-16T06:40:32.790+0100] {dag.py:2941} INFO - Sync 1 DAGs
[2025-05-16T06:40:32.795+0100] {logging_mixin.py:154} INFO - [2025-05-16T06:40:32.794+0100] {dag.py:3722} INFO - Setting next_dagrun for example_weekday_branch_operator to 2025-05-15T00:00:00+00:00, run_after=2025-05-16T00:00:00+00:00
[2025-05-16T06:40:32.799+0100] {processor.py:179} INFO - Processing /Users/saber/airflow_project/airflow_venv/lib/python3.10/site-packages/airflow/example_dags/example_branch_day_of_week_operator.py took 0.061 seconds
[2025-05-16T06:41:33.238+0100] {processor.py:157} INFO - Started process (PID=8959) to work on /Users/saber/airflow_project/airflow_venv/lib/python3.10/site-packages/airflow/example_dags/example_branch_day_of_week_operator.py
[2025-05-16T06:41:33.238+0100] {processor.py:829} INFO - Processing file /Users/saber/airflow_project/airflow_venv/lib/python3.10/site-packages/airflow/example_dags/example_branch_day_of_week_operator.py for tasks to queue
[2025-05-16T06:41:33.239+0100] {logging_mixin.py:154} INFO - [2025-05-16T06:41:33.239+0100] {dagbag.py:536} INFO - Filling up the DagBag from /Users/saber/airflow_project/airflow_venv/lib/python3.10/site-packages/airflow/example_dags/example_branch_day_of_week_operator.py
[2025-05-16T06:41:33.246+0100] {processor.py:839} INFO - DAG(s) dict_keys(['example_weekday_branch_operator']) retrieved from /Users/saber/airflow_project/airflow_venv/lib/python3.10/site-packages/airflow/example_dags/example_branch_day_of_week_operator.py
[2025-05-16T06:41:33.290+0100] {logging_mixin.py:154} INFO - [2025-05-16T06:41:33.290+0100] {dag.py:2941} INFO - Sync 1 DAGs
[2025-05-16T06:41:33.295+0100] {logging_mixin.py:154} INFO - [2025-05-16T06:41:33.295+0100] {dag.py:3722} INFO - Setting next_dagrun for example_weekday_branch_operator to 2025-05-15T00:00:00+00:00, run_after=2025-05-16T00:00:00+00:00
[2025-05-16T06:41:33.300+0100] {processor.py:179} INFO - Processing /Users/saber/airflow_project/airflow_venv/lib/python3.10/site-packages/airflow/example_dags/example_branch_day_of_week_operator.py took 0.062 seconds
[2025-05-16T06:42:33.663+0100] {processor.py:157} INFO - Started process (PID=9011) to work on /Users/saber/airflow_project/airflow_venv/lib/python3.10/site-packages/airflow/example_dags/example_branch_day_of_week_operator.py
[2025-05-16T06:42:33.663+0100] {processor.py:829} INFO - Processing file /Users/saber/airflow_project/airflow_venv/lib/python3.10/site-packages/airflow/example_dags/example_branch_day_of_week_operator.py for tasks to queue
[2025-05-16T06:42:33.664+0100] {logging_mixin.py:154} INFO - [2025-05-16T06:42:33.664+0100] {dagbag.py:536} INFO - Filling up the DagBag from /Users/saber/airflow_project/airflow_venv/lib/python3.10/site-packages/airflow/example_dags/example_branch_day_of_week_operator.py
[2025-05-16T06:42:33.671+0100] {processor.py:839} INFO - DAG(s) dict_keys(['example_weekday_branch_operator']) retrieved from /Users/saber/airflow_project/airflow_venv/lib/python3.10/site-packages/airflow/example_dags/example_branch_day_of_week_operator.py
[2025-05-16T06:42:33.715+0100] {logging_mixin.py:154} INFO - [2025-05-16T06:42:33.715+0100] {dag.py:2941} INFO - Sync 1 DAGs
[2025-05-16T06:42:33.720+0100] {logging_mixin.py:154} INFO - [2025-05-16T06:42:33.720+0100] {dag.py:3722} INFO - Setting next_dagrun for example_weekday_branch_operator to 2025-05-15T00:00:00+00:00, run_after=2025-05-16T00:00:00+00:00
[2025-05-16T06:42:33.725+0100] {processor.py:179} INFO - Processing /Users/saber/airflow_project/airflow_venv/lib/python3.10/site-packages/airflow/example_dags/example_branch_day_of_week_operator.py took 0.062 seconds
[2025-05-16T06:43:30.716+0100] {processor.py:157} INFO - Started process (PID=9060) to work on /Users/saber/airflow_project/airflow_venv/lib/python3.10/site-packages/airflow/example_dags/example_branch_day_of_week_operator.py
[2025-05-16T06:43:30.716+0100] {processor.py:829} INFO - Processing file /Users/saber/airflow_project/airflow_venv/lib/python3.10/site-packages/airflow/example_dags/example_branch_day_of_week_operator.py for tasks to queue
[2025-05-16T06:43:30.717+0100] {logging_mixin.py:154} INFO - [2025-05-16T06:43:30.717+0100] {dagbag.py:536} INFO - Filling up the DagBag from /Users/saber/airflow_project/airflow_venv/lib/python3.10/site-packages/airflow/example_dags/example_branch_day_of_week_operator.py
[2025-05-16T06:43:30.724+0100] {processor.py:839} INFO - DAG(s) dict_keys(['example_weekday_branch_operator']) retrieved from /Users/saber/airflow_project/airflow_venv/lib/python3.10/site-packages/airflow/example_dags/example_branch_day_of_week_operator.py
[2025-05-16T06:43:30.768+0100] {logging_mixin.py:154} INFO - [2025-05-16T06:43:30.768+0100] {dag.py:2941} INFO - Sync 1 DAGs
[2025-05-16T06:43:30.773+0100] {logging_mixin.py:154} INFO - [2025-05-16T06:43:30.773+0100] {dag.py:3722} INFO - Setting next_dagrun for example_weekday_branch_operator to 2025-05-15T00:00:00+00:00, run_after=2025-05-16T00:00:00+00:00
[2025-05-16T06:43:30.777+0100] {processor.py:179} INFO - Processing /Users/saber/airflow_project/airflow_venv/lib/python3.10/site-packages/airflow/example_dags/example_branch_day_of_week_operator.py took 0.062 seconds
[2025-05-16T06:44:55.346+0100] {processor.py:157} INFO - Started process (PID=9140) to work on /Users/saber/airflow_project/airflow_venv/lib/python3.10/site-packages/airflow/example_dags/example_branch_day_of_week_operator.py
[2025-05-16T06:44:55.347+0100] {processor.py:829} INFO - Processing file /Users/saber/airflow_project/airflow_venv/lib/python3.10/site-packages/airflow/example_dags/example_branch_day_of_week_operator.py for tasks to queue
[2025-05-16T06:44:55.347+0100] {logging_mixin.py:154} INFO - [2025-05-16T06:44:55.347+0100] {dagbag.py:536} INFO - Filling up the DagBag from /Users/saber/airflow_project/airflow_venv/lib/python3.10/site-packages/airflow/example_dags/example_branch_day_of_week_operator.py
[2025-05-16T06:44:55.355+0100] {processor.py:839} INFO - DAG(s) dict_keys(['example_weekday_branch_operator']) retrieved from /Users/saber/airflow_project/airflow_venv/lib/python3.10/site-packages/airflow/example_dags/example_branch_day_of_week_operator.py
[2025-05-16T06:44:55.399+0100] {logging_mixin.py:154} INFO - [2025-05-16T06:44:55.399+0100] {dag.py:2941} INFO - Sync 1 DAGs
[2025-05-16T06:44:55.404+0100] {logging_mixin.py:154} INFO - [2025-05-16T06:44:55.403+0100] {dag.py:3722} INFO - Setting next_dagrun for example_weekday_branch_operator to 2025-05-15T00:00:00+00:00, run_after=2025-05-16T00:00:00+00:00
[2025-05-16T06:44:55.408+0100] {processor.py:179} INFO - Processing /Users/saber/airflow_project/airflow_venv/lib/python3.10/site-packages/airflow/example_dags/example_branch_day_of_week_operator.py took 0.062 seconds
[2025-05-16T06:45:54.193+0100] {processor.py:157} INFO - Started process (PID=9208) to work on /Users/saber/airflow_project/airflow_venv/lib/python3.10/site-packages/airflow/example_dags/example_branch_day_of_week_operator.py
[2025-05-16T06:45:54.194+0100] {processor.py:829} INFO - Processing file /Users/saber/airflow_project/airflow_venv/lib/python3.10/site-packages/airflow/example_dags/example_branch_day_of_week_operator.py for tasks to queue
[2025-05-16T06:45:54.194+0100] {logging_mixin.py:154} INFO - [2025-05-16T06:45:54.194+0100] {dagbag.py:536} INFO - Filling up the DagBag from /Users/saber/airflow_project/airflow_venv/lib/python3.10/site-packages/airflow/example_dags/example_branch_day_of_week_operator.py
[2025-05-16T06:45:54.201+0100] {processor.py:839} INFO - DAG(s) dict_keys(['example_weekday_branch_operator']) retrieved from /Users/saber/airflow_project/airflow_venv/lib/python3.10/site-packages/airflow/example_dags/example_branch_day_of_week_operator.py
[2025-05-16T06:45:54.245+0100] {logging_mixin.py:154} INFO - [2025-05-16T06:45:54.245+0100] {dag.py:2941} INFO - Sync 1 DAGs
[2025-05-16T06:45:54.250+0100] {logging_mixin.py:154} INFO - [2025-05-16T06:45:54.250+0100] {dag.py:3722} INFO - Setting next_dagrun for example_weekday_branch_operator to 2025-05-15T00:00:00+00:00, run_after=2025-05-16T00:00:00+00:00
[2025-05-16T06:45:54.254+0100] {processor.py:179} INFO - Processing /Users/saber/airflow_project/airflow_venv/lib/python3.10/site-packages/airflow/example_dags/example_branch_day_of_week_operator.py took 0.061 seconds
[2025-05-16T06:46:53.378+0100] {processor.py:157} INFO - Started process (PID=9257) to work on /Users/saber/airflow_project/airflow_venv/lib/python3.10/site-packages/airflow/example_dags/example_branch_day_of_week_operator.py
[2025-05-16T06:46:53.378+0100] {processor.py:829} INFO - Processing file /Users/saber/airflow_project/airflow_venv/lib/python3.10/site-packages/airflow/example_dags/example_branch_day_of_week_operator.py for tasks to queue
[2025-05-16T06:46:53.379+0100] {logging_mixin.py:154} INFO - [2025-05-16T06:46:53.379+0100] {dagbag.py:536} INFO - Filling up the DagBag from /Users/saber/airflow_project/airflow_venv/lib/python3.10/site-packages/airflow/example_dags/example_branch_day_of_week_operator.py
[2025-05-16T06:46:53.386+0100] {processor.py:839} INFO - DAG(s) dict_keys(['example_weekday_branch_operator']) retrieved from /Users/saber/airflow_project/airflow_venv/lib/python3.10/site-packages/airflow/example_dags/example_branch_day_of_week_operator.py
[2025-05-16T06:46:53.434+0100] {logging_mixin.py:154} INFO - [2025-05-16T06:46:53.434+0100] {dag.py:2941} INFO - Sync 1 DAGs
[2025-05-16T06:46:53.439+0100] {logging_mixin.py:154} INFO - [2025-05-16T06:46:53.439+0100] {dag.py:3722} INFO - Setting next_dagrun for example_weekday_branch_operator to 2025-05-15T00:00:00+00:00, run_after=2025-05-16T00:00:00+00:00
[2025-05-16T06:46:53.444+0100] {processor.py:179} INFO - Processing /Users/saber/airflow_project/airflow_venv/lib/python3.10/site-packages/airflow/example_dags/example_branch_day_of_week_operator.py took 0.066 seconds
[2025-05-16T06:47:52.191+0100] {processor.py:157} INFO - Started process (PID=9307) to work on /Users/saber/airflow_project/airflow_venv/lib/python3.10/site-packages/airflow/example_dags/example_branch_day_of_week_operator.py
[2025-05-16T06:47:52.192+0100] {processor.py:829} INFO - Processing file /Users/saber/airflow_project/airflow_venv/lib/python3.10/site-packages/airflow/example_dags/example_branch_day_of_week_operator.py for tasks to queue
[2025-05-16T06:47:52.192+0100] {logging_mixin.py:154} INFO - [2025-05-16T06:47:52.192+0100] {dagbag.py:536} INFO - Filling up the DagBag from /Users/saber/airflow_project/airflow_venv/lib/python3.10/site-packages/airflow/example_dags/example_branch_day_of_week_operator.py
[2025-05-16T06:47:52.199+0100] {processor.py:839} INFO - DAG(s) dict_keys(['example_weekday_branch_operator']) retrieved from /Users/saber/airflow_project/airflow_venv/lib/python3.10/site-packages/airflow/example_dags/example_branch_day_of_week_operator.py
[2025-05-16T06:47:52.244+0100] {logging_mixin.py:154} INFO - [2025-05-16T06:47:52.244+0100] {dag.py:2941} INFO - Sync 1 DAGs
[2025-05-16T06:47:52.249+0100] {logging_mixin.py:154} INFO - [2025-05-16T06:47:52.249+0100] {dag.py:3722} INFO - Setting next_dagrun for example_weekday_branch_operator to 2025-05-15T00:00:00+00:00, run_after=2025-05-16T00:00:00+00:00
[2025-05-16T06:47:52.253+0100] {processor.py:179} INFO - Processing /Users/saber/airflow_project/airflow_venv/lib/python3.10/site-packages/airflow/example_dags/example_branch_day_of_week_operator.py took 0.062 seconds
[2025-05-16T06:49:18.752+0100] {processor.py:157} INFO - Started process (PID=9382) to work on /Users/saber/airflow_project/airflow_venv/lib/python3.10/site-packages/airflow/example_dags/example_branch_day_of_week_operator.py
[2025-05-16T06:49:18.752+0100] {processor.py:829} INFO - Processing file /Users/saber/airflow_project/airflow_venv/lib/python3.10/site-packages/airflow/example_dags/example_branch_day_of_week_operator.py for tasks to queue
[2025-05-16T06:49:18.753+0100] {logging_mixin.py:154} INFO - [2025-05-16T06:49:18.753+0100] {dagbag.py:536} INFO - Filling up the DagBag from /Users/saber/airflow_project/airflow_venv/lib/python3.10/site-packages/airflow/example_dags/example_branch_day_of_week_operator.py
[2025-05-16T06:49:18.760+0100] {processor.py:839} INFO - DAG(s) dict_keys(['example_weekday_branch_operator']) retrieved from /Users/saber/airflow_project/airflow_venv/lib/python3.10/site-packages/airflow/example_dags/example_branch_day_of_week_operator.py
[2025-05-16T06:49:18.803+0100] {logging_mixin.py:154} INFO - [2025-05-16T06:49:18.803+0100] {dag.py:2941} INFO - Sync 1 DAGs
[2025-05-16T06:49:18.808+0100] {logging_mixin.py:154} INFO - [2025-05-16T06:49:18.808+0100] {dag.py:3722} INFO - Setting next_dagrun for example_weekday_branch_operator to 2025-05-15T00:00:00+00:00, run_after=2025-05-16T00:00:00+00:00
[2025-05-16T06:49:18.813+0100] {processor.py:179} INFO - Processing /Users/saber/airflow_project/airflow_venv/lib/python3.10/site-packages/airflow/example_dags/example_branch_day_of_week_operator.py took 0.061 seconds
[2025-05-16T06:50:17.916+0100] {processor.py:157} INFO - Started process (PID=9431) to work on /Users/saber/airflow_project/airflow_venv/lib/python3.10/site-packages/airflow/example_dags/example_branch_day_of_week_operator.py
[2025-05-16T06:50:17.917+0100] {processor.py:829} INFO - Processing file /Users/saber/airflow_project/airflow_venv/lib/python3.10/site-packages/airflow/example_dags/example_branch_day_of_week_operator.py for tasks to queue
[2025-05-16T06:50:17.917+0100] {logging_mixin.py:154} INFO - [2025-05-16T06:50:17.917+0100] {dagbag.py:536} INFO - Filling up the DagBag from /Users/saber/airflow_project/airflow_venv/lib/python3.10/site-packages/airflow/example_dags/example_branch_day_of_week_operator.py
[2025-05-16T06:50:17.925+0100] {processor.py:839} INFO - DAG(s) dict_keys(['example_weekday_branch_operator']) retrieved from /Users/saber/airflow_project/airflow_venv/lib/python3.10/site-packages/airflow/example_dags/example_branch_day_of_week_operator.py
[2025-05-16T06:50:17.974+0100] {logging_mixin.py:154} INFO - [2025-05-16T06:50:17.974+0100] {dag.py:2941} INFO - Sync 1 DAGs
[2025-05-16T06:50:17.979+0100] {logging_mixin.py:154} INFO - [2025-05-16T06:50:17.979+0100] {dag.py:3722} INFO - Setting next_dagrun for example_weekday_branch_operator to 2025-05-15T00:00:00+00:00, run_after=2025-05-16T00:00:00+00:00
[2025-05-16T06:50:17.984+0100] {processor.py:179} INFO - Processing /Users/saber/airflow_project/airflow_venv/lib/python3.10/site-packages/airflow/example_dags/example_branch_day_of_week_operator.py took 0.068 seconds
[2025-05-16T06:51:16.495+0100] {processor.py:157} INFO - Started process (PID=9488) to work on /Users/saber/airflow_project/airflow_venv/lib/python3.10/site-packages/airflow/example_dags/example_branch_day_of_week_operator.py
[2025-05-16T06:51:16.496+0100] {processor.py:829} INFO - Processing file /Users/saber/airflow_project/airflow_venv/lib/python3.10/site-packages/airflow/example_dags/example_branch_day_of_week_operator.py for tasks to queue
[2025-05-16T06:51:16.496+0100] {logging_mixin.py:154} INFO - [2025-05-16T06:51:16.496+0100] {dagbag.py:536} INFO - Filling up the DagBag from /Users/saber/airflow_project/airflow_venv/lib/python3.10/site-packages/airflow/example_dags/example_branch_day_of_week_operator.py
[2025-05-16T06:51:16.504+0100] {processor.py:839} INFO - DAG(s) dict_keys(['example_weekday_branch_operator']) retrieved from /Users/saber/airflow_project/airflow_venv/lib/python3.10/site-packages/airflow/example_dags/example_branch_day_of_week_operator.py
[2025-05-16T06:51:16.548+0100] {logging_mixin.py:154} INFO - [2025-05-16T06:51:16.548+0100] {dag.py:2941} INFO - Sync 1 DAGs
[2025-05-16T06:51:16.553+0100] {logging_mixin.py:154} INFO - [2025-05-16T06:51:16.553+0100] {dag.py:3722} INFO - Setting next_dagrun for example_weekday_branch_operator to 2025-05-15T00:00:00+00:00, run_after=2025-05-16T00:00:00+00:00
[2025-05-16T06:51:16.558+0100] {processor.py:179} INFO - Processing /Users/saber/airflow_project/airflow_venv/lib/python3.10/site-packages/airflow/example_dags/example_branch_day_of_week_operator.py took 0.063 seconds
