[2025-05-16T06:38:09.103+0100] {processor.py:157} INFO - Started process (PID=8767) to work on /Users/saber/airflow_project/airflow_venv/lib/python3.10/site-packages/airflow/example_dags/example_branch_operator_decorator.py
[2025-05-16T06:38:09.104+0100] {processor.py:829} INFO - Processing file /Users/saber/airflow_project/airflow_venv/lib/python3.10/site-packages/airflow/example_dags/example_branch_operator_decorator.py for tasks to queue
[2025-05-16T06:38:09.104+0100] {logging_mixin.py:154} INFO - [2025-05-16T06:38:09.104+0100] {dagbag.py:536} INFO - Filling up the DagBag from /Users/saber/airflow_project/airflow_venv/lib/python3.10/site-packages/airflow/example_dags/example_branch_operator_decorator.py
[2025-05-16T06:38:09.119+0100] {processor.py:839} INFO - DAG(s) dict_keys(['example_branch_python_operator_decorator']) retrieved from /Users/saber/airflow_project/airflow_venv/lib/python3.10/site-packages/airflow/example_dags/example_branch_operator_decorator.py
[2025-05-16T06:38:09.268+0100] {logging_mixin.py:154} INFO - [2025-05-16T06:38:09.267+0100] {manager.py:499} INFO - Created Permission View: %s
[2025-05-16T06:38:09.270+0100] {logging_mixin.py:154} INFO - [2025-05-16T06:38:09.269+0100] {manager.py:499} INFO - Created Permission View: %s
[2025-05-16T06:38:09.271+0100] {logging_mixin.py:154} INFO - [2025-05-16T06:38:09.271+0100] {manager.py:499} INFO - Created Permission View: %s
[2025-05-16T06:38:09.271+0100] {logging_mixin.py:154} INFO - [2025-05-16T06:38:09.271+0100] {dag.py:2941} INFO - Sync 1 DAGs
[2025-05-16T06:38:09.273+0100] {logging_mixin.py:154} INFO - [2025-05-16T06:38:09.273+0100] {dag.py:2963} INFO - Creating ORM DAG for example_branch_python_operator_decorator
[2025-05-16T06:38:09.276+0100] {logging_mixin.py:154} INFO - [2025-05-16T06:38:09.275+0100] {dag.py:3722} INFO - Setting next_dagrun for example_branch_python_operator_decorator to 2025-05-15T00:00:00+00:00, run_after=2025-05-16T00:00:00+00:00
[2025-05-16T06:38:09.280+0100] {processor.py:179} INFO - Processing /Users/saber/airflow_project/airflow_venv/lib/python3.10/site-packages/airflow/example_dags/example_branch_operator_decorator.py took 0.176 seconds
[2025-05-16T06:39:07.176+0100] {processor.py:157} INFO - Started process (PID=8821) to work on /Users/saber/airflow_project/airflow_venv/lib/python3.10/site-packages/airflow/example_dags/example_branch_operator_decorator.py
[2025-05-16T06:39:07.177+0100] {processor.py:829} INFO - Processing file /Users/saber/airflow_project/airflow_venv/lib/python3.10/site-packages/airflow/example_dags/example_branch_operator_decorator.py for tasks to queue
[2025-05-16T06:39:07.177+0100] {logging_mixin.py:154} INFO - [2025-05-16T06:39:07.177+0100] {dagbag.py:536} INFO - Filling up the DagBag from /Users/saber/airflow_project/airflow_venv/lib/python3.10/site-packages/airflow/example_dags/example_branch_operator_decorator.py
[2025-05-16T06:39:07.192+0100] {processor.py:839} INFO - DAG(s) dict_keys(['example_branch_python_operator_decorator']) retrieved from /Users/saber/airflow_project/airflow_venv/lib/python3.10/site-packages/airflow/example_dags/example_branch_operator_decorator.py
[2025-05-16T06:39:07.234+0100] {logging_mixin.py:154} INFO - [2025-05-16T06:39:07.234+0100] {dag.py:2941} INFO - Sync 1 DAGs
[2025-05-16T06:39:07.239+0100] {logging_mixin.py:154} INFO - [2025-05-16T06:39:07.239+0100] {dag.py:3722} INFO - Setting next_dagrun for example_branch_python_operator_decorator to 2025-05-15T00:00:00+00:00, run_after=2025-05-16T00:00:00+00:00
[2025-05-16T06:39:07.244+0100] {processor.py:179} INFO - Processing /Users/saber/airflow_project/airflow_venv/lib/python3.10/site-packages/airflow/example_dags/example_branch_operator_decorator.py took 0.068 seconds
[2025-05-16T06:40:03.875+0100] {processor.py:157} INFO - Started process (PID=8885) to work on /Users/saber/airflow_project/airflow_venv/lib/python3.10/site-packages/airflow/example_dags/example_branch_operator_decorator.py
[2025-05-16T06:40:03.875+0100] {processor.py:829} INFO - Processing file /Users/saber/airflow_project/airflow_venv/lib/python3.10/site-packages/airflow/example_dags/example_branch_operator_decorator.py for tasks to queue
[2025-05-16T06:40:03.876+0100] {logging_mixin.py:154} INFO - [2025-05-16T06:40:03.876+0100] {dagbag.py:536} INFO - Filling up the DagBag from /Users/saber/airflow_project/airflow_venv/lib/python3.10/site-packages/airflow/example_dags/example_branch_operator_decorator.py
[2025-05-16T06:40:03.891+0100] {processor.py:839} INFO - DAG(s) dict_keys(['example_branch_python_operator_decorator']) retrieved from /Users/saber/airflow_project/airflow_venv/lib/python3.10/site-packages/airflow/example_dags/example_branch_operator_decorator.py
[2025-05-16T06:40:03.934+0100] {logging_mixin.py:154} INFO - [2025-05-16T06:40:03.934+0100] {dag.py:2941} INFO - Sync 1 DAGs
[2025-05-16T06:40:03.938+0100] {logging_mixin.py:154} INFO - [2025-05-16T06:40:03.938+0100] {dag.py:3722} INFO - Setting next_dagrun for example_branch_python_operator_decorator to 2025-05-15T00:00:00+00:00, run_after=2025-05-16T00:00:00+00:00
[2025-05-16T06:40:03.944+0100] {processor.py:179} INFO - Processing /Users/saber/airflow_project/airflow_venv/lib/python3.10/site-packages/airflow/example_dags/example_branch_operator_decorator.py took 0.069 seconds
[2025-05-16T06:41:03.911+0100] {processor.py:157} INFO - Started process (PID=8934) to work on /Users/saber/airflow_project/airflow_venv/lib/python3.10/site-packages/airflow/example_dags/example_branch_operator_decorator.py
[2025-05-16T06:41:03.911+0100] {processor.py:829} INFO - Processing file /Users/saber/airflow_project/airflow_venv/lib/python3.10/site-packages/airflow/example_dags/example_branch_operator_decorator.py for tasks to queue
[2025-05-16T06:41:03.911+0100] {logging_mixin.py:154} INFO - [2025-05-16T06:41:03.911+0100] {dagbag.py:536} INFO - Filling up the DagBag from /Users/saber/airflow_project/airflow_venv/lib/python3.10/site-packages/airflow/example_dags/example_branch_operator_decorator.py
[2025-05-16T06:41:03.926+0100] {processor.py:839} INFO - DAG(s) dict_keys(['example_branch_python_operator_decorator']) retrieved from /Users/saber/airflow_project/airflow_venv/lib/python3.10/site-packages/airflow/example_dags/example_branch_operator_decorator.py
[2025-05-16T06:41:03.968+0100] {logging_mixin.py:154} INFO - [2025-05-16T06:41:03.968+0100] {dag.py:2941} INFO - Sync 1 DAGs
[2025-05-16T06:41:03.973+0100] {logging_mixin.py:154} INFO - [2025-05-16T06:41:03.973+0100] {dag.py:3722} INFO - Setting next_dagrun for example_branch_python_operator_decorator to 2025-05-15T00:00:00+00:00, run_after=2025-05-16T00:00:00+00:00
[2025-05-16T06:41:03.978+0100] {processor.py:179} INFO - Processing /Users/saber/airflow_project/airflow_venv/lib/python3.10/site-packages/airflow/example_dags/example_branch_operator_decorator.py took 0.068 seconds
[2025-05-16T06:42:04.758+0100] {processor.py:157} INFO - Started process (PID=8987) to work on /Users/saber/airflow_project/airflow_venv/lib/python3.10/site-packages/airflow/example_dags/example_branch_operator_decorator.py
[2025-05-16T06:42:04.758+0100] {processor.py:829} INFO - Processing file /Users/saber/airflow_project/airflow_venv/lib/python3.10/site-packages/airflow/example_dags/example_branch_operator_decorator.py for tasks to queue
[2025-05-16T06:42:04.759+0100] {logging_mixin.py:154} INFO - [2025-05-16T06:42:04.758+0100] {dagbag.py:536} INFO - Filling up the DagBag from /Users/saber/airflow_project/airflow_venv/lib/python3.10/site-packages/airflow/example_dags/example_branch_operator_decorator.py
[2025-05-16T06:42:04.774+0100] {processor.py:839} INFO - DAG(s) dict_keys(['example_branch_python_operator_decorator']) retrieved from /Users/saber/airflow_project/airflow_venv/lib/python3.10/site-packages/airflow/example_dags/example_branch_operator_decorator.py
[2025-05-16T06:42:04.817+0100] {logging_mixin.py:154} INFO - [2025-05-16T06:42:04.817+0100] {dag.py:2941} INFO - Sync 1 DAGs
[2025-05-16T06:42:04.821+0100] {logging_mixin.py:154} INFO - [2025-05-16T06:42:04.821+0100] {dag.py:3722} INFO - Setting next_dagrun for example_branch_python_operator_decorator to 2025-05-15T00:00:00+00:00, run_after=2025-05-16T00:00:00+00:00
[2025-05-16T06:42:04.826+0100] {processor.py:179} INFO - Processing /Users/saber/airflow_project/airflow_venv/lib/python3.10/site-packages/airflow/example_dags/example_branch_operator_decorator.py took 0.069 seconds
[2025-05-16T06:43:02.421+0100] {processor.py:157} INFO - Started process (PID=9036) to work on /Users/saber/airflow_project/airflow_venv/lib/python3.10/site-packages/airflow/example_dags/example_branch_operator_decorator.py
[2025-05-16T06:43:02.421+0100] {processor.py:829} INFO - Processing file /Users/saber/airflow_project/airflow_venv/lib/python3.10/site-packages/airflow/example_dags/example_branch_operator_decorator.py for tasks to queue
[2025-05-16T06:43:02.422+0100] {logging_mixin.py:154} INFO - [2025-05-16T06:43:02.422+0100] {dagbag.py:536} INFO - Filling up the DagBag from /Users/saber/airflow_project/airflow_venv/lib/python3.10/site-packages/airflow/example_dags/example_branch_operator_decorator.py
[2025-05-16T06:43:02.441+0100] {processor.py:839} INFO - DAG(s) dict_keys(['example_branch_python_operator_decorator']) retrieved from /Users/saber/airflow_project/airflow_venv/lib/python3.10/site-packages/airflow/example_dags/example_branch_operator_decorator.py
[2025-05-16T06:43:02.488+0100] {logging_mixin.py:154} INFO - [2025-05-16T06:43:02.488+0100] {dag.py:2941} INFO - Sync 1 DAGs
[2025-05-16T06:43:02.493+0100] {logging_mixin.py:154} INFO - [2025-05-16T06:43:02.493+0100] {dag.py:3722} INFO - Setting next_dagrun for example_branch_python_operator_decorator to 2025-05-15T00:00:00+00:00, run_after=2025-05-16T00:00:00+00:00
[2025-05-16T06:43:02.498+0100] {processor.py:179} INFO - Processing /Users/saber/airflow_project/airflow_venv/lib/python3.10/site-packages/airflow/example_dags/example_branch_operator_decorator.py took 0.077 seconds
[2025-05-16T06:44:27.014+0100] {processor.py:157} INFO - Started process (PID=9114) to work on /Users/saber/airflow_project/airflow_venv/lib/python3.10/site-packages/airflow/example_dags/example_branch_operator_decorator.py
[2025-05-16T06:44:27.014+0100] {processor.py:829} INFO - Processing file /Users/saber/airflow_project/airflow_venv/lib/python3.10/site-packages/airflow/example_dags/example_branch_operator_decorator.py for tasks to queue
[2025-05-16T06:44:27.015+0100] {logging_mixin.py:154} INFO - [2025-05-16T06:44:27.015+0100] {dagbag.py:536} INFO - Filling up the DagBag from /Users/saber/airflow_project/airflow_venv/lib/python3.10/site-packages/airflow/example_dags/example_branch_operator_decorator.py
[2025-05-16T06:44:27.030+0100] {processor.py:839} INFO - DAG(s) dict_keys(['example_branch_python_operator_decorator']) retrieved from /Users/saber/airflow_project/airflow_venv/lib/python3.10/site-packages/airflow/example_dags/example_branch_operator_decorator.py
[2025-05-16T06:44:27.073+0100] {logging_mixin.py:154} INFO - [2025-05-16T06:44:27.073+0100] {dag.py:2941} INFO - Sync 1 DAGs
[2025-05-16T06:44:27.077+0100] {logging_mixin.py:154} INFO - [2025-05-16T06:44:27.077+0100] {dag.py:3722} INFO - Setting next_dagrun for example_branch_python_operator_decorator to 2025-05-15T00:00:00+00:00, run_after=2025-05-16T00:00:00+00:00
[2025-05-16T06:44:27.082+0100] {processor.py:179} INFO - Processing /Users/saber/airflow_project/airflow_venv/lib/python3.10/site-packages/airflow/example_dags/example_branch_operator_decorator.py took 0.068 seconds
[2025-05-16T06:45:25.339+0100] {processor.py:157} INFO - Started process (PID=9164) to work on /Users/saber/airflow_project/airflow_venv/lib/python3.10/site-packages/airflow/example_dags/example_branch_operator_decorator.py
[2025-05-16T06:45:25.339+0100] {processor.py:829} INFO - Processing file /Users/saber/airflow_project/airflow_venv/lib/python3.10/site-packages/airflow/example_dags/example_branch_operator_decorator.py for tasks to queue
[2025-05-16T06:45:25.339+0100] {logging_mixin.py:154} INFO - [2025-05-16T06:45:25.339+0100] {dagbag.py:536} INFO - Filling up the DagBag from /Users/saber/airflow_project/airflow_venv/lib/python3.10/site-packages/airflow/example_dags/example_branch_operator_decorator.py
[2025-05-16T06:45:25.354+0100] {processor.py:839} INFO - DAG(s) dict_keys(['example_branch_python_operator_decorator']) retrieved from /Users/saber/airflow_project/airflow_venv/lib/python3.10/site-packages/airflow/example_dags/example_branch_operator_decorator.py
[2025-05-16T06:45:25.397+0100] {logging_mixin.py:154} INFO - [2025-05-16T06:45:25.397+0100] {dag.py:2941} INFO - Sync 1 DAGs
[2025-05-16T06:45:25.401+0100] {logging_mixin.py:154} INFO - [2025-05-16T06:45:25.401+0100] {dag.py:3722} INFO - Setting next_dagrun for example_branch_python_operator_decorator to 2025-05-15T00:00:00+00:00, run_after=2025-05-16T00:00:00+00:00
[2025-05-16T06:45:25.406+0100] {processor.py:179} INFO - Processing /Users/saber/airflow_project/airflow_venv/lib/python3.10/site-packages/airflow/example_dags/example_branch_operator_decorator.py took 0.068 seconds
[2025-05-16T06:46:23.512+0100] {processor.py:157} INFO - Started process (PID=9231) to work on /Users/saber/airflow_project/airflow_venv/lib/python3.10/site-packages/airflow/example_dags/example_branch_operator_decorator.py
[2025-05-16T06:46:23.513+0100] {processor.py:829} INFO - Processing file /Users/saber/airflow_project/airflow_venv/lib/python3.10/site-packages/airflow/example_dags/example_branch_operator_decorator.py for tasks to queue
[2025-05-16T06:46:23.513+0100] {logging_mixin.py:154} INFO - [2025-05-16T06:46:23.513+0100] {dagbag.py:536} INFO - Filling up the DagBag from /Users/saber/airflow_project/airflow_venv/lib/python3.10/site-packages/airflow/example_dags/example_branch_operator_decorator.py
[2025-05-16T06:46:23.528+0100] {processor.py:839} INFO - DAG(s) dict_keys(['example_branch_python_operator_decorator']) retrieved from /Users/saber/airflow_project/airflow_venv/lib/python3.10/site-packages/airflow/example_dags/example_branch_operator_decorator.py
[2025-05-16T06:46:23.571+0100] {logging_mixin.py:154} INFO - [2025-05-16T06:46:23.570+0100] {dag.py:2941} INFO - Sync 1 DAGs
[2025-05-16T06:46:23.575+0100] {logging_mixin.py:154} INFO - [2025-05-16T06:46:23.575+0100] {dag.py:3722} INFO - Setting next_dagrun for example_branch_python_operator_decorator to 2025-05-15T00:00:00+00:00, run_after=2025-05-16T00:00:00+00:00
[2025-05-16T06:46:23.580+0100] {processor.py:179} INFO - Processing /Users/saber/airflow_project/airflow_venv/lib/python3.10/site-packages/airflow/example_dags/example_branch_operator_decorator.py took 0.068 seconds
[2025-05-16T06:47:20.573+0100] {processor.py:157} INFO - Started process (PID=9279) to work on /Users/saber/airflow_project/airflow_venv/lib/python3.10/site-packages/airflow/example_dags/example_branch_operator_decorator.py
[2025-05-16T06:47:20.573+0100] {processor.py:829} INFO - Processing file /Users/saber/airflow_project/airflow_venv/lib/python3.10/site-packages/airflow/example_dags/example_branch_operator_decorator.py for tasks to queue
[2025-05-16T06:47:20.574+0100] {logging_mixin.py:154} INFO - [2025-05-16T06:47:20.574+0100] {dagbag.py:536} INFO - Filling up the DagBag from /Users/saber/airflow_project/airflow_venv/lib/python3.10/site-packages/airflow/example_dags/example_branch_operator_decorator.py
[2025-05-16T06:47:20.589+0100] {processor.py:839} INFO - DAG(s) dict_keys(['example_branch_python_operator_decorator']) retrieved from /Users/saber/airflow_project/airflow_venv/lib/python3.10/site-packages/airflow/example_dags/example_branch_operator_decorator.py
[2025-05-16T06:47:20.631+0100] {logging_mixin.py:154} INFO - [2025-05-16T06:47:20.631+0100] {dag.py:2941} INFO - Sync 1 DAGs
[2025-05-16T06:47:20.636+0100] {logging_mixin.py:154} INFO - [2025-05-16T06:47:20.636+0100] {dag.py:3722} INFO - Setting next_dagrun for example_branch_python_operator_decorator to 2025-05-15T00:00:00+00:00, run_after=2025-05-16T00:00:00+00:00
[2025-05-16T06:47:20.642+0100] {processor.py:179} INFO - Processing /Users/saber/airflow_project/airflow_venv/lib/python3.10/site-packages/airflow/example_dags/example_branch_operator_decorator.py took 0.069 seconds
[2025-05-16T06:48:17.259+0100] {processor.py:157} INFO - Started process (PID=9328) to work on /Users/saber/airflow_project/airflow_venv/lib/python3.10/site-packages/airflow/example_dags/example_branch_operator_decorator.py
[2025-05-16T06:48:17.260+0100] {processor.py:829} INFO - Processing file /Users/saber/airflow_project/airflow_venv/lib/python3.10/site-packages/airflow/example_dags/example_branch_operator_decorator.py for tasks to queue
[2025-05-16T06:48:17.260+0100] {logging_mixin.py:154} INFO - [2025-05-16T06:48:17.260+0100] {dagbag.py:536} INFO - Filling up the DagBag from /Users/saber/airflow_project/airflow_venv/lib/python3.10/site-packages/airflow/example_dags/example_branch_operator_decorator.py
[2025-05-16T06:48:17.275+0100] {processor.py:839} INFO - DAG(s) dict_keys(['example_branch_python_operator_decorator']) retrieved from /Users/saber/airflow_project/airflow_venv/lib/python3.10/site-packages/airflow/example_dags/example_branch_operator_decorator.py
[2025-05-16T06:48:17.318+0100] {logging_mixin.py:154} INFO - [2025-05-16T06:48:17.318+0100] {dag.py:2941} INFO - Sync 1 DAGs
[2025-05-16T06:48:17.323+0100] {logging_mixin.py:154} INFO - [2025-05-16T06:48:17.323+0100] {dag.py:3722} INFO - Setting next_dagrun for example_branch_python_operator_decorator to 2025-05-15T00:00:00+00:00, run_after=2025-05-16T00:00:00+00:00
[2025-05-16T06:48:17.328+0100] {processor.py:179} INFO - Processing /Users/saber/airflow_project/airflow_venv/lib/python3.10/site-packages/airflow/example_dags/example_branch_operator_decorator.py took 0.069 seconds
[2025-05-16T06:49:14.747+0100] {processor.py:157} INFO - Started process (PID=9378) to work on /Users/saber/airflow_project/airflow_venv/lib/python3.10/site-packages/airflow/example_dags/example_branch_operator_decorator.py
[2025-05-16T06:49:14.748+0100] {processor.py:829} INFO - Processing file /Users/saber/airflow_project/airflow_venv/lib/python3.10/site-packages/airflow/example_dags/example_branch_operator_decorator.py for tasks to queue
[2025-05-16T06:49:14.748+0100] {logging_mixin.py:154} INFO - [2025-05-16T06:49:14.748+0100] {dagbag.py:536} INFO - Filling up the DagBag from /Users/saber/airflow_project/airflow_venv/lib/python3.10/site-packages/airflow/example_dags/example_branch_operator_decorator.py
[2025-05-16T06:49:14.764+0100] {processor.py:839} INFO - DAG(s) dict_keys(['example_branch_python_operator_decorator']) retrieved from /Users/saber/airflow_project/airflow_venv/lib/python3.10/site-packages/airflow/example_dags/example_branch_operator_decorator.py
[2025-05-16T06:49:14.809+0100] {logging_mixin.py:154} INFO - [2025-05-16T06:49:14.809+0100] {dag.py:2941} INFO - Sync 1 DAGs
[2025-05-16T06:49:14.814+0100] {logging_mixin.py:154} INFO - [2025-05-16T06:49:14.814+0100] {dag.py:3722} INFO - Setting next_dagrun for example_branch_python_operator_decorator to 2025-05-15T00:00:00+00:00, run_after=2025-05-16T00:00:00+00:00
[2025-05-16T06:49:14.819+0100] {processor.py:179} INFO - Processing /Users/saber/airflow_project/airflow_venv/lib/python3.10/site-packages/airflow/example_dags/example_branch_operator_decorator.py took 0.072 seconds
[2025-05-16T06:50:13.899+0100] {processor.py:157} INFO - Started process (PID=9426) to work on /Users/saber/airflow_project/airflow_venv/lib/python3.10/site-packages/airflow/example_dags/example_branch_operator_decorator.py
[2025-05-16T06:50:13.899+0100] {processor.py:829} INFO - Processing file /Users/saber/airflow_project/airflow_venv/lib/python3.10/site-packages/airflow/example_dags/example_branch_operator_decorator.py for tasks to queue
[2025-05-16T06:50:13.900+0100] {logging_mixin.py:154} INFO - [2025-05-16T06:50:13.900+0100] {dagbag.py:536} INFO - Filling up the DagBag from /Users/saber/airflow_project/airflow_venv/lib/python3.10/site-packages/airflow/example_dags/example_branch_operator_decorator.py
[2025-05-16T06:50:13.914+0100] {processor.py:839} INFO - DAG(s) dict_keys(['example_branch_python_operator_decorator']) retrieved from /Users/saber/airflow_project/airflow_venv/lib/python3.10/site-packages/airflow/example_dags/example_branch_operator_decorator.py
[2025-05-16T06:50:13.957+0100] {logging_mixin.py:154} INFO - [2025-05-16T06:50:13.957+0100] {dag.py:2941} INFO - Sync 1 DAGs
[2025-05-16T06:50:13.961+0100] {logging_mixin.py:154} INFO - [2025-05-16T06:50:13.961+0100] {dag.py:3722} INFO - Setting next_dagrun for example_branch_python_operator_decorator to 2025-05-15T00:00:00+00:00, run_after=2025-05-16T00:00:00+00:00
[2025-05-16T06:50:13.966+0100] {processor.py:179} INFO - Processing /Users/saber/airflow_project/airflow_venv/lib/python3.10/site-packages/airflow/example_dags/example_branch_operator_decorator.py took 0.067 seconds
[2025-05-16T06:51:12.098+0100] {processor.py:157} INFO - Started process (PID=9483) to work on /Users/saber/airflow_project/airflow_venv/lib/python3.10/site-packages/airflow/example_dags/example_branch_operator_decorator.py
[2025-05-16T06:51:12.098+0100] {processor.py:829} INFO - Processing file /Users/saber/airflow_project/airflow_venv/lib/python3.10/site-packages/airflow/example_dags/example_branch_operator_decorator.py for tasks to queue
[2025-05-16T06:51:12.099+0100] {logging_mixin.py:154} INFO - [2025-05-16T06:51:12.099+0100] {dagbag.py:536} INFO - Filling up the DagBag from /Users/saber/airflow_project/airflow_venv/lib/python3.10/site-packages/airflow/example_dags/example_branch_operator_decorator.py
[2025-05-16T06:51:12.114+0100] {processor.py:839} INFO - DAG(s) dict_keys(['example_branch_python_operator_decorator']) retrieved from /Users/saber/airflow_project/airflow_venv/lib/python3.10/site-packages/airflow/example_dags/example_branch_operator_decorator.py
[2025-05-16T06:51:12.158+0100] {logging_mixin.py:154} INFO - [2025-05-16T06:51:12.158+0100] {dag.py:2941} INFO - Sync 1 DAGs
[2025-05-16T06:51:12.162+0100] {logging_mixin.py:154} INFO - [2025-05-16T06:51:12.162+0100] {dag.py:3722} INFO - Setting next_dagrun for example_branch_python_operator_decorator to 2025-05-15T00:00:00+00:00, run_after=2025-05-16T00:00:00+00:00
[2025-05-16T06:51:12.167+0100] {processor.py:179} INFO - Processing /Users/saber/airflow_project/airflow_venv/lib/python3.10/site-packages/airflow/example_dags/example_branch_operator_decorator.py took 0.070 seconds
