[2025-05-16T06:37:51.048+0100] {processor.py:157} INFO - Started process (PID=8752) to work on /Users/saber/airflow_project/airflow_venv/lib/python3.10/site-packages/airflow/example_dags/example_params_trigger_ui.py
[2025-05-16T06:37:51.049+0100] {processor.py:829} INFO - Processing file /Users/saber/airflow_project/airflow_venv/lib/python3.10/site-packages/airflow/example_dags/example_params_trigger_ui.py for tasks to queue
[2025-05-16T06:37:51.049+0100] {logging_mixin.py:154} INFO - [2025-05-16T06:37:51.049+0100] {dagbag.py:536} INFO - Filling up the DagBag from /Users/saber/airflow_project/airflow_venv/lib/python3.10/site-packages/airflow/example_dags/example_params_trigger_ui.py
[2025-05-16T06:37:51.074+0100] {processor.py:839} INFO - DAG(s) dict_keys(['example_params_trigger_ui']) retrieved from /Users/saber/airflow_project/airflow_venv/lib/python3.10/site-packages/airflow/example_dags/example_params_trigger_ui.py
[2025-05-16T06:37:51.219+0100] {logging_mixin.py:154} INFO - [2025-05-16T06:37:51.219+0100] {manager.py:499} INFO - Created Permission View: %s
[2025-05-16T06:37:51.221+0100] {logging_mixin.py:154} INFO - [2025-05-16T06:37:51.221+0100] {manager.py:499} INFO - Created Permission View: %s
[2025-05-16T06:37:51.222+0100] {logging_mixin.py:154} INFO - [2025-05-16T06:37:51.222+0100] {manager.py:499} INFO - Created Permission View: %s
[2025-05-16T06:37:51.222+0100] {logging_mixin.py:154} INFO - [2025-05-16T06:37:51.222+0100] {dag.py:2941} INFO - Sync 1 DAGs
[2025-05-16T06:37:51.225+0100] {logging_mixin.py:154} INFO - [2025-05-16T06:37:51.224+0100] {dag.py:2963} INFO - Creating ORM DAG for example_params_trigger_ui
[2025-05-16T06:37:51.225+0100] {logging_mixin.py:154} INFO - [2025-05-16T06:37:51.225+0100] {dag.py:3722} INFO - Setting next_dagrun for example_params_trigger_ui to None, run_after=None
[2025-05-16T06:37:51.228+0100] {processor.py:179} INFO - Processing /Users/saber/airflow_project/airflow_venv/lib/python3.10/site-packages/airflow/example_dags/example_params_trigger_ui.py took 0.180 seconds
[2025-05-16T06:38:50.770+0100] {processor.py:157} INFO - Started process (PID=8808) to work on /Users/saber/airflow_project/airflow_venv/lib/python3.10/site-packages/airflow/example_dags/example_params_trigger_ui.py
[2025-05-16T06:38:50.771+0100] {processor.py:829} INFO - Processing file /Users/saber/airflow_project/airflow_venv/lib/python3.10/site-packages/airflow/example_dags/example_params_trigger_ui.py for tasks to queue
[2025-05-16T06:38:50.771+0100] {logging_mixin.py:154} INFO - [2025-05-16T06:38:50.771+0100] {dagbag.py:536} INFO - Filling up the DagBag from /Users/saber/airflow_project/airflow_venv/lib/python3.10/site-packages/airflow/example_dags/example_params_trigger_ui.py
[2025-05-16T06:38:50.796+0100] {processor.py:839} INFO - DAG(s) dict_keys(['example_params_trigger_ui']) retrieved from /Users/saber/airflow_project/airflow_venv/lib/python3.10/site-packages/airflow/example_dags/example_params_trigger_ui.py
[2025-05-16T06:38:50.835+0100] {logging_mixin.py:154} INFO - [2025-05-16T06:38:50.835+0100] {dag.py:2941} INFO - Sync 1 DAGs
[2025-05-16T06:38:50.837+0100] {logging_mixin.py:154} INFO - [2025-05-16T06:38:50.837+0100] {dag.py:3722} INFO - Setting next_dagrun for example_params_trigger_ui to None, run_after=None
[2025-05-16T06:38:50.842+0100] {processor.py:179} INFO - Processing /Users/saber/airflow_project/airflow_venv/lib/python3.10/site-packages/airflow/example_dags/example_params_trigger_ui.py took 0.072 seconds
[2025-05-16T06:39:46.905+0100] {processor.py:157} INFO - Started process (PID=8864) to work on /Users/saber/airflow_project/airflow_venv/lib/python3.10/site-packages/airflow/example_dags/example_params_trigger_ui.py
[2025-05-16T06:39:46.905+0100] {processor.py:829} INFO - Processing file /Users/saber/airflow_project/airflow_venv/lib/python3.10/site-packages/airflow/example_dags/example_params_trigger_ui.py for tasks to queue
[2025-05-16T06:39:46.906+0100] {logging_mixin.py:154} INFO - [2025-05-16T06:39:46.906+0100] {dagbag.py:536} INFO - Filling up the DagBag from /Users/saber/airflow_project/airflow_venv/lib/python3.10/site-packages/airflow/example_dags/example_params_trigger_ui.py
[2025-05-16T06:39:46.933+0100] {processor.py:839} INFO - DAG(s) dict_keys(['example_params_trigger_ui']) retrieved from /Users/saber/airflow_project/airflow_venv/lib/python3.10/site-packages/airflow/example_dags/example_params_trigger_ui.py
[2025-05-16T06:39:46.977+0100] {logging_mixin.py:154} INFO - [2025-05-16T06:39:46.977+0100] {dag.py:2941} INFO - Sync 1 DAGs
[2025-05-16T06:39:46.979+0100] {logging_mixin.py:154} INFO - [2025-05-16T06:39:46.979+0100] {dag.py:3722} INFO - Setting next_dagrun for example_params_trigger_ui to None, run_after=None
[2025-05-16T06:39:46.984+0100] {processor.py:179} INFO - Processing /Users/saber/airflow_project/airflow_venv/lib/python3.10/site-packages/airflow/example_dags/example_params_trigger_ui.py took 0.080 seconds
[2025-05-16T06:40:47.027+0100] {processor.py:157} INFO - Started process (PID=8919) to work on /Users/saber/airflow_project/airflow_venv/lib/python3.10/site-packages/airflow/example_dags/example_params_trigger_ui.py
[2025-05-16T06:40:47.027+0100] {processor.py:829} INFO - Processing file /Users/saber/airflow_project/airflow_venv/lib/python3.10/site-packages/airflow/example_dags/example_params_trigger_ui.py for tasks to queue
[2025-05-16T06:40:47.028+0100] {logging_mixin.py:154} INFO - [2025-05-16T06:40:47.028+0100] {dagbag.py:536} INFO - Filling up the DagBag from /Users/saber/airflow_project/airflow_venv/lib/python3.10/site-packages/airflow/example_dags/example_params_trigger_ui.py
[2025-05-16T06:40:47.053+0100] {processor.py:839} INFO - DAG(s) dict_keys(['example_params_trigger_ui']) retrieved from /Users/saber/airflow_project/airflow_venv/lib/python3.10/site-packages/airflow/example_dags/example_params_trigger_ui.py
[2025-05-16T06:40:47.092+0100] {logging_mixin.py:154} INFO - [2025-05-16T06:40:47.092+0100] {dag.py:2941} INFO - Sync 1 DAGs
[2025-05-16T06:40:47.094+0100] {logging_mixin.py:154} INFO - [2025-05-16T06:40:47.094+0100] {dag.py:3722} INFO - Setting next_dagrun for example_params_trigger_ui to None, run_after=None
[2025-05-16T06:40:47.099+0100] {processor.py:179} INFO - Processing /Users/saber/airflow_project/airflow_venv/lib/python3.10/site-packages/airflow/example_dags/example_params_trigger_ui.py took 0.073 seconds
[2025-05-16T06:41:47.184+0100] {processor.py:157} INFO - Started process (PID=8970) to work on /Users/saber/airflow_project/airflow_venv/lib/python3.10/site-packages/airflow/example_dags/example_params_trigger_ui.py
[2025-05-16T06:41:47.184+0100] {processor.py:829} INFO - Processing file /Users/saber/airflow_project/airflow_venv/lib/python3.10/site-packages/airflow/example_dags/example_params_trigger_ui.py for tasks to queue
[2025-05-16T06:41:47.185+0100] {logging_mixin.py:154} INFO - [2025-05-16T06:41:47.185+0100] {dagbag.py:536} INFO - Filling up the DagBag from /Users/saber/airflow_project/airflow_venv/lib/python3.10/site-packages/airflow/example_dags/example_params_trigger_ui.py
[2025-05-16T06:41:47.212+0100] {processor.py:839} INFO - DAG(s) dict_keys(['example_params_trigger_ui']) retrieved from /Users/saber/airflow_project/airflow_venv/lib/python3.10/site-packages/airflow/example_dags/example_params_trigger_ui.py
[2025-05-16T06:41:47.252+0100] {logging_mixin.py:154} INFO - [2025-05-16T06:41:47.252+0100] {dag.py:2941} INFO - Sync 1 DAGs
[2025-05-16T06:41:47.255+0100] {logging_mixin.py:154} INFO - [2025-05-16T06:41:47.254+0100] {dag.py:3722} INFO - Setting next_dagrun for example_params_trigger_ui to None, run_after=None
[2025-05-16T06:41:47.260+0100] {processor.py:179} INFO - Processing /Users/saber/airflow_project/airflow_venv/lib/python3.10/site-packages/airflow/example_dags/example_params_trigger_ui.py took 0.076 seconds
[2025-05-16T06:42:46.102+0100] {processor.py:157} INFO - Started process (PID=9022) to work on /Users/saber/airflow_project/airflow_venv/lib/python3.10/site-packages/airflow/example_dags/example_params_trigger_ui.py
[2025-05-16T06:42:46.102+0100] {processor.py:829} INFO - Processing file /Users/saber/airflow_project/airflow_venv/lib/python3.10/site-packages/airflow/example_dags/example_params_trigger_ui.py for tasks to queue
[2025-05-16T06:42:46.103+0100] {logging_mixin.py:154} INFO - [2025-05-16T06:42:46.103+0100] {dagbag.py:536} INFO - Filling up the DagBag from /Users/saber/airflow_project/airflow_venv/lib/python3.10/site-packages/airflow/example_dags/example_params_trigger_ui.py
[2025-05-16T06:42:46.129+0100] {processor.py:839} INFO - DAG(s) dict_keys(['example_params_trigger_ui']) retrieved from /Users/saber/airflow_project/airflow_venv/lib/python3.10/site-packages/airflow/example_dags/example_params_trigger_ui.py
[2025-05-16T06:42:46.168+0100] {logging_mixin.py:154} INFO - [2025-05-16T06:42:46.168+0100] {dag.py:2941} INFO - Sync 1 DAGs
[2025-05-16T06:42:46.170+0100] {logging_mixin.py:154} INFO - [2025-05-16T06:42:46.170+0100] {dag.py:3722} INFO - Setting next_dagrun for example_params_trigger_ui to None, run_after=None
[2025-05-16T06:42:46.175+0100] {processor.py:179} INFO - Processing /Users/saber/airflow_project/airflow_venv/lib/python3.10/site-packages/airflow/example_dags/example_params_trigger_ui.py took 0.073 seconds
[2025-05-16T06:43:41.195+0100] {processor.py:157} INFO - Started process (PID=9069) to work on /Users/saber/airflow_project/airflow_venv/lib/python3.10/site-packages/airflow/example_dags/example_params_trigger_ui.py
[2025-05-16T06:43:41.195+0100] {processor.py:829} INFO - Processing file /Users/saber/airflow_project/airflow_venv/lib/python3.10/site-packages/airflow/example_dags/example_params_trigger_ui.py for tasks to queue
[2025-05-16T06:43:41.196+0100] {logging_mixin.py:154} INFO - [2025-05-16T06:43:41.196+0100] {dagbag.py:536} INFO - Filling up the DagBag from /Users/saber/airflow_project/airflow_venv/lib/python3.10/site-packages/airflow/example_dags/example_params_trigger_ui.py
[2025-05-16T06:43:41.221+0100] {processor.py:839} INFO - DAG(s) dict_keys(['example_params_trigger_ui']) retrieved from /Users/saber/airflow_project/airflow_venv/lib/python3.10/site-packages/airflow/example_dags/example_params_trigger_ui.py
[2025-05-16T06:43:41.260+0100] {logging_mixin.py:154} INFO - [2025-05-16T06:43:41.260+0100] {dag.py:2941} INFO - Sync 1 DAGs
[2025-05-16T06:43:41.263+0100] {logging_mixin.py:154} INFO - [2025-05-16T06:43:41.263+0100] {dag.py:3722} INFO - Setting next_dagrun for example_params_trigger_ui to None, run_after=None
[2025-05-16T06:43:41.271+0100] {processor.py:179} INFO - Processing /Users/saber/airflow_project/airflow_venv/lib/python3.10/site-packages/airflow/example_dags/example_params_trigger_ui.py took 0.076 seconds
[2025-05-16T06:44:39.401+0100] {processor.py:157} INFO - Started process (PID=9126) to work on /Users/saber/airflow_project/airflow_venv/lib/python3.10/site-packages/airflow/example_dags/example_params_trigger_ui.py
[2025-05-16T06:44:39.401+0100] {processor.py:829} INFO - Processing file /Users/saber/airflow_project/airflow_venv/lib/python3.10/site-packages/airflow/example_dags/example_params_trigger_ui.py for tasks to queue
[2025-05-16T06:44:39.402+0100] {logging_mixin.py:154} INFO - [2025-05-16T06:44:39.402+0100] {dagbag.py:536} INFO - Filling up the DagBag from /Users/saber/airflow_project/airflow_venv/lib/python3.10/site-packages/airflow/example_dags/example_params_trigger_ui.py
[2025-05-16T06:44:39.427+0100] {processor.py:839} INFO - DAG(s) dict_keys(['example_params_trigger_ui']) retrieved from /Users/saber/airflow_project/airflow_venv/lib/python3.10/site-packages/airflow/example_dags/example_params_trigger_ui.py
[2025-05-16T06:44:39.466+0100] {logging_mixin.py:154} INFO - [2025-05-16T06:44:39.466+0100] {dag.py:2941} INFO - Sync 1 DAGs
[2025-05-16T06:44:39.468+0100] {logging_mixin.py:154} INFO - [2025-05-16T06:44:39.468+0100] {dag.py:3722} INFO - Setting next_dagrun for example_params_trigger_ui to None, run_after=None
[2025-05-16T06:44:39.473+0100] {processor.py:179} INFO - Processing /Users/saber/airflow_project/airflow_venv/lib/python3.10/site-packages/airflow/example_dags/example_params_trigger_ui.py took 0.073 seconds
[2025-05-16T06:45:36.239+0100] {processor.py:157} INFO - Started process (PID=9191) to work on /Users/saber/airflow_project/airflow_venv/lib/python3.10/site-packages/airflow/example_dags/example_params_trigger_ui.py
[2025-05-16T06:45:36.239+0100] {processor.py:829} INFO - Processing file /Users/saber/airflow_project/airflow_venv/lib/python3.10/site-packages/airflow/example_dags/example_params_trigger_ui.py for tasks to queue
[2025-05-16T06:45:36.240+0100] {logging_mixin.py:154} INFO - [2025-05-16T06:45:36.240+0100] {dagbag.py:536} INFO - Filling up the DagBag from /Users/saber/airflow_project/airflow_venv/lib/python3.10/site-packages/airflow/example_dags/example_params_trigger_ui.py
[2025-05-16T06:45:36.265+0100] {processor.py:839} INFO - DAG(s) dict_keys(['example_params_trigger_ui']) retrieved from /Users/saber/airflow_project/airflow_venv/lib/python3.10/site-packages/airflow/example_dags/example_params_trigger_ui.py
[2025-05-16T06:45:36.304+0100] {logging_mixin.py:154} INFO - [2025-05-16T06:45:36.304+0100] {dag.py:2941} INFO - Sync 1 DAGs
[2025-05-16T06:45:36.306+0100] {logging_mixin.py:154} INFO - [2025-05-16T06:45:36.306+0100] {dag.py:3722} INFO - Setting next_dagrun for example_params_trigger_ui to None, run_after=None
[2025-05-16T06:45:36.311+0100] {processor.py:179} INFO - Processing /Users/saber/airflow_project/airflow_venv/lib/python3.10/site-packages/airflow/example_dags/example_params_trigger_ui.py took 0.073 seconds
[2025-05-16T06:46:35.538+0100] {processor.py:157} INFO - Started process (PID=9242) to work on /Users/saber/airflow_project/airflow_venv/lib/python3.10/site-packages/airflow/example_dags/example_params_trigger_ui.py
[2025-05-16T06:46:35.538+0100] {processor.py:829} INFO - Processing file /Users/saber/airflow_project/airflow_venv/lib/python3.10/site-packages/airflow/example_dags/example_params_trigger_ui.py for tasks to queue
[2025-05-16T06:46:35.539+0100] {logging_mixin.py:154} INFO - [2025-05-16T06:46:35.539+0100] {dagbag.py:536} INFO - Filling up the DagBag from /Users/saber/airflow_project/airflow_venv/lib/python3.10/site-packages/airflow/example_dags/example_params_trigger_ui.py
[2025-05-16T06:46:35.564+0100] {processor.py:839} INFO - DAG(s) dict_keys(['example_params_trigger_ui']) retrieved from /Users/saber/airflow_project/airflow_venv/lib/python3.10/site-packages/airflow/example_dags/example_params_trigger_ui.py
[2025-05-16T06:46:35.603+0100] {logging_mixin.py:154} INFO - [2025-05-16T06:46:35.603+0100] {dag.py:2941} INFO - Sync 1 DAGs
[2025-05-16T06:46:35.605+0100] {logging_mixin.py:154} INFO - [2025-05-16T06:46:35.605+0100] {dag.py:3722} INFO - Setting next_dagrun for example_params_trigger_ui to None, run_after=None
[2025-05-16T06:46:35.611+0100] {processor.py:179} INFO - Processing /Users/saber/airflow_project/airflow_venv/lib/python3.10/site-packages/airflow/example_dags/example_params_trigger_ui.py took 0.073 seconds
[2025-05-16T06:47:34.596+0100] {processor.py:157} INFO - Started process (PID=9292) to work on /Users/saber/airflow_project/airflow_venv/lib/python3.10/site-packages/airflow/example_dags/example_params_trigger_ui.py
[2025-05-16T06:47:34.596+0100] {processor.py:829} INFO - Processing file /Users/saber/airflow_project/airflow_venv/lib/python3.10/site-packages/airflow/example_dags/example_params_trigger_ui.py for tasks to queue
[2025-05-16T06:47:34.596+0100] {logging_mixin.py:154} INFO - [2025-05-16T06:47:34.596+0100] {dagbag.py:536} INFO - Filling up the DagBag from /Users/saber/airflow_project/airflow_venv/lib/python3.10/site-packages/airflow/example_dags/example_params_trigger_ui.py
[2025-05-16T06:47:34.622+0100] {processor.py:839} INFO - DAG(s) dict_keys(['example_params_trigger_ui']) retrieved from /Users/saber/airflow_project/airflow_venv/lib/python3.10/site-packages/airflow/example_dags/example_params_trigger_ui.py
[2025-05-16T06:47:34.662+0100] {logging_mixin.py:154} INFO - [2025-05-16T06:47:34.662+0100] {dag.py:2941} INFO - Sync 1 DAGs
[2025-05-16T06:47:34.664+0100] {logging_mixin.py:154} INFO - [2025-05-16T06:47:34.664+0100] {dag.py:3722} INFO - Setting next_dagrun for example_params_trigger_ui to None, run_after=None
[2025-05-16T06:47:34.670+0100] {processor.py:179} INFO - Processing /Users/saber/airflow_project/airflow_venv/lib/python3.10/site-packages/airflow/example_dags/example_params_trigger_ui.py took 0.075 seconds
[2025-05-16T06:48:30.387+0100] {processor.py:157} INFO - Started process (PID=9338) to work on /Users/saber/airflow_project/airflow_venv/lib/python3.10/site-packages/airflow/example_dags/example_params_trigger_ui.py
[2025-05-16T06:48:30.387+0100] {processor.py:829} INFO - Processing file /Users/saber/airflow_project/airflow_venv/lib/python3.10/site-packages/airflow/example_dags/example_params_trigger_ui.py for tasks to queue
[2025-05-16T06:48:30.388+0100] {logging_mixin.py:154} INFO - [2025-05-16T06:48:30.388+0100] {dagbag.py:536} INFO - Filling up the DagBag from /Users/saber/airflow_project/airflow_venv/lib/python3.10/site-packages/airflow/example_dags/example_params_trigger_ui.py
[2025-05-16T06:48:30.413+0100] {processor.py:839} INFO - DAG(s) dict_keys(['example_params_trigger_ui']) retrieved from /Users/saber/airflow_project/airflow_venv/lib/python3.10/site-packages/airflow/example_dags/example_params_trigger_ui.py
[2025-05-16T06:48:30.451+0100] {logging_mixin.py:154} INFO - [2025-05-16T06:48:30.451+0100] {dag.py:2941} INFO - Sync 1 DAGs
[2025-05-16T06:48:30.454+0100] {logging_mixin.py:154} INFO - [2025-05-16T06:48:30.453+0100] {dag.py:3722} INFO - Setting next_dagrun for example_params_trigger_ui to None, run_after=None
[2025-05-16T06:48:30.458+0100] {processor.py:179} INFO - Processing /Users/saber/airflow_project/airflow_venv/lib/python3.10/site-packages/airflow/example_dags/example_params_trigger_ui.py took 0.072 seconds
[2025-05-16T06:49:31.181+0100] {processor.py:157} INFO - Started process (PID=9391) to work on /Users/saber/airflow_project/airflow_venv/lib/python3.10/site-packages/airflow/example_dags/example_params_trigger_ui.py
[2025-05-16T06:49:31.181+0100] {processor.py:829} INFO - Processing file /Users/saber/airflow_project/airflow_venv/lib/python3.10/site-packages/airflow/example_dags/example_params_trigger_ui.py for tasks to queue
[2025-05-16T06:49:31.182+0100] {logging_mixin.py:154} INFO - [2025-05-16T06:49:31.182+0100] {dagbag.py:536} INFO - Filling up the DagBag from /Users/saber/airflow_project/airflow_venv/lib/python3.10/site-packages/airflow/example_dags/example_params_trigger_ui.py
[2025-05-16T06:49:31.208+0100] {processor.py:839} INFO - DAG(s) dict_keys(['example_params_trigger_ui']) retrieved from /Users/saber/airflow_project/airflow_venv/lib/python3.10/site-packages/airflow/example_dags/example_params_trigger_ui.py
[2025-05-16T06:49:31.246+0100] {logging_mixin.py:154} INFO - [2025-05-16T06:49:31.246+0100] {dag.py:2941} INFO - Sync 1 DAGs
[2025-05-16T06:49:31.249+0100] {logging_mixin.py:154} INFO - [2025-05-16T06:49:31.249+0100] {dag.py:3722} INFO - Setting next_dagrun for example_params_trigger_ui to None, run_after=None
[2025-05-16T06:49:31.254+0100] {processor.py:179} INFO - Processing /Users/saber/airflow_project/airflow_venv/lib/python3.10/site-packages/airflow/example_dags/example_params_trigger_ui.py took 0.073 seconds
[2025-05-16T06:50:30.347+0100] {processor.py:157} INFO - Started process (PID=9448) to work on /Users/saber/airflow_project/airflow_venv/lib/python3.10/site-packages/airflow/example_dags/example_params_trigger_ui.py
[2025-05-16T06:50:30.347+0100] {processor.py:829} INFO - Processing file /Users/saber/airflow_project/airflow_venv/lib/python3.10/site-packages/airflow/example_dags/example_params_trigger_ui.py for tasks to queue
[2025-05-16T06:50:30.348+0100] {logging_mixin.py:154} INFO - [2025-05-16T06:50:30.348+0100] {dagbag.py:536} INFO - Filling up the DagBag from /Users/saber/airflow_project/airflow_venv/lib/python3.10/site-packages/airflow/example_dags/example_params_trigger_ui.py
[2025-05-16T06:50:30.373+0100] {processor.py:839} INFO - DAG(s) dict_keys(['example_params_trigger_ui']) retrieved from /Users/saber/airflow_project/airflow_venv/lib/python3.10/site-packages/airflow/example_dags/example_params_trigger_ui.py
[2025-05-16T06:50:30.413+0100] {logging_mixin.py:154} INFO - [2025-05-16T06:50:30.413+0100] {dag.py:2941} INFO - Sync 1 DAGs
[2025-05-16T06:50:30.416+0100] {logging_mixin.py:154} INFO - [2025-05-16T06:50:30.416+0100] {dag.py:3722} INFO - Setting next_dagrun for example_params_trigger_ui to None, run_after=None
[2025-05-16T06:50:30.422+0100] {processor.py:179} INFO - Processing /Users/saber/airflow_project/airflow_venv/lib/python3.10/site-packages/airflow/example_dags/example_params_trigger_ui.py took 0.075 seconds
[2025-05-16T06:51:28.012+0100] {processor.py:157} INFO - Started process (PID=9497) to work on /Users/saber/airflow_project/airflow_venv/lib/python3.10/site-packages/airflow/example_dags/example_params_trigger_ui.py
[2025-05-16T06:51:28.013+0100] {processor.py:829} INFO - Processing file /Users/saber/airflow_project/airflow_venv/lib/python3.10/site-packages/airflow/example_dags/example_params_trigger_ui.py for tasks to queue
[2025-05-16T06:51:28.013+0100] {logging_mixin.py:154} INFO - [2025-05-16T06:51:28.013+0100] {dagbag.py:536} INFO - Filling up the DagBag from /Users/saber/airflow_project/airflow_venv/lib/python3.10/site-packages/airflow/example_dags/example_params_trigger_ui.py
[2025-05-16T06:51:28.040+0100] {processor.py:839} INFO - DAG(s) dict_keys(['example_params_trigger_ui']) retrieved from /Users/saber/airflow_project/airflow_venv/lib/python3.10/site-packages/airflow/example_dags/example_params_trigger_ui.py
[2025-05-16T06:51:28.081+0100] {logging_mixin.py:154} INFO - [2025-05-16T06:51:28.080+0100] {dag.py:2941} INFO - Sync 1 DAGs
[2025-05-16T06:51:28.083+0100] {logging_mixin.py:154} INFO - [2025-05-16T06:51:28.083+0100] {dag.py:3722} INFO - Setting next_dagrun for example_params_trigger_ui to None, run_after=None
[2025-05-16T06:51:28.088+0100] {processor.py:179} INFO - Processing /Users/saber/airflow_project/airflow_venv/lib/python3.10/site-packages/airflow/example_dags/example_params_trigger_ui.py took 0.076 seconds
