[2025-05-16T06:38:14.260+0100] {processor.py:157} INFO - Started process (PID=8771) to work on /Users/saber/airflow_project/airflow_venv/lib/python3.10/site-packages/airflow/example_dags/example_branch_datetime_operator.py
[2025-05-16T06:38:14.260+0100] {processor.py:829} INFO - Processing file /Users/saber/airflow_project/airflow_venv/lib/python3.10/site-packages/airflow/example_dags/example_branch_datetime_operator.py for tasks to queue
[2025-05-16T06:38:14.261+0100] {logging_mixin.py:154} INFO - [2025-05-16T06:38:14.261+0100] {dagbag.py:536} INFO - Filling up the DagBag from /Users/saber/airflow_project/airflow_venv/lib/python3.10/site-packages/airflow/example_dags/example_branch_datetime_operator.py
[2025-05-16T06:38:14.269+0100] {processor.py:839} INFO - DAG(s) dict_keys(['example_branch_datetime_operator', 'example_branch_datetime_operator_2', 'example_branch_datetime_operator_3']) retrieved from /Users/saber/airflow_project/airflow_venv/lib/python3.10/site-packages/airflow/example_dags/example_branch_datetime_operator.py
[2025-05-16T06:38:14.422+0100] {logging_mixin.py:154} INFO - [2025-05-16T06:38:14.422+0100] {manager.py:499} INFO - Created Permission View: %s
[2025-05-16T06:38:14.424+0100] {logging_mixin.py:154} INFO - [2025-05-16T06:38:14.424+0100] {manager.py:499} INFO - Created Permission View: %s
[2025-05-16T06:38:14.425+0100] {logging_mixin.py:154} INFO - [2025-05-16T06:38:14.425+0100] {manager.py:499} INFO - Created Permission View: %s
[2025-05-16T06:38:14.428+0100] {logging_mixin.py:154} INFO - [2025-05-16T06:38:14.428+0100] {manager.py:499} INFO - Created Permission View: %s
[2025-05-16T06:38:14.429+0100] {logging_mixin.py:154} INFO - [2025-05-16T06:38:14.429+0100] {manager.py:499} INFO - Created Permission View: %s
[2025-05-16T06:38:14.430+0100] {logging_mixin.py:154} INFO - [2025-05-16T06:38:14.430+0100] {manager.py:499} INFO - Created Permission View: %s
[2025-05-16T06:38:14.433+0100] {logging_mixin.py:154} INFO - [2025-05-16T06:38:14.432+0100] {manager.py:499} INFO - Created Permission View: %s
[2025-05-16T06:38:14.434+0100] {logging_mixin.py:154} INFO - [2025-05-16T06:38:14.434+0100] {manager.py:499} INFO - Created Permission View: %s
[2025-05-16T06:38:14.435+0100] {logging_mixin.py:154} INFO - [2025-05-16T06:38:14.435+0100] {manager.py:499} INFO - Created Permission View: %s
[2025-05-16T06:38:14.435+0100] {logging_mixin.py:154} INFO - [2025-05-16T06:38:14.435+0100] {dag.py:2941} INFO - Sync 3 DAGs
[2025-05-16T06:38:14.437+0100] {logging_mixin.py:154} INFO - [2025-05-16T06:38:14.437+0100] {dag.py:2963} INFO - Creating ORM DAG for example_branch_datetime_operator_3
[2025-05-16T06:38:14.437+0100] {logging_mixin.py:154} INFO - [2025-05-16T06:38:14.437+0100] {dag.py:2963} INFO - Creating ORM DAG for example_branch_datetime_operator
[2025-05-16T06:38:14.437+0100] {logging_mixin.py:154} INFO - [2025-05-16T06:38:14.437+0100] {dag.py:2963} INFO - Creating ORM DAG for example_branch_datetime_operator_2
[2025-05-16T06:38:14.440+0100] {logging_mixin.py:154} INFO - [2025-05-16T06:38:14.440+0100] {dag.py:3722} INFO - Setting next_dagrun for example_branch_datetime_operator to 2025-05-15T00:00:00+00:00, run_after=2025-05-16T00:00:00+00:00
[2025-05-16T06:38:14.441+0100] {logging_mixin.py:154} INFO - [2025-05-16T06:38:14.441+0100] {dag.py:3722} INFO - Setting next_dagrun for example_branch_datetime_operator_2 to 2025-05-15T00:00:00+00:00, run_after=2025-05-16T00:00:00+00:00
[2025-05-16T06:38:14.441+0100] {logging_mixin.py:154} INFO - [2025-05-16T06:38:14.441+0100] {dag.py:3722} INFO - Setting next_dagrun for example_branch_datetime_operator_3 to 2025-05-15T00:00:00+00:00, run_after=2025-05-16T00:00:00+00:00
[2025-05-16T06:38:14.445+0100] {processor.py:179} INFO - Processing /Users/saber/airflow_project/airflow_venv/lib/python3.10/site-packages/airflow/example_dags/example_branch_datetime_operator.py took 0.186 seconds
[2025-05-16T06:39:12.021+0100] {processor.py:157} INFO - Started process (PID=8825) to work on /Users/saber/airflow_project/airflow_venv/lib/python3.10/site-packages/airflow/example_dags/example_branch_datetime_operator.py
[2025-05-16T06:39:12.022+0100] {processor.py:829} INFO - Processing file /Users/saber/airflow_project/airflow_venv/lib/python3.10/site-packages/airflow/example_dags/example_branch_datetime_operator.py for tasks to queue
[2025-05-16T06:39:12.022+0100] {logging_mixin.py:154} INFO - [2025-05-16T06:39:12.022+0100] {dagbag.py:536} INFO - Filling up the DagBag from /Users/saber/airflow_project/airflow_venv/lib/python3.10/site-packages/airflow/example_dags/example_branch_datetime_operator.py
[2025-05-16T06:39:12.030+0100] {processor.py:839} INFO - DAG(s) dict_keys(['example_branch_datetime_operator', 'example_branch_datetime_operator_2', 'example_branch_datetime_operator_3']) retrieved from /Users/saber/airflow_project/airflow_venv/lib/python3.10/site-packages/airflow/example_dags/example_branch_datetime_operator.py
[2025-05-16T06:39:12.075+0100] {logging_mixin.py:154} INFO - [2025-05-16T06:39:12.075+0100] {dag.py:2941} INFO - Sync 3 DAGs
[2025-05-16T06:39:12.080+0100] {logging_mixin.py:154} INFO - [2025-05-16T06:39:12.080+0100] {dag.py:3722} INFO - Setting next_dagrun for example_branch_datetime_operator to 2025-05-15T00:00:00+00:00, run_after=2025-05-16T00:00:00+00:00
[2025-05-16T06:39:12.081+0100] {logging_mixin.py:154} INFO - [2025-05-16T06:39:12.081+0100] {dag.py:3722} INFO - Setting next_dagrun for example_branch_datetime_operator_2 to 2025-05-15T00:00:00+00:00, run_after=2025-05-16T00:00:00+00:00
[2025-05-16T06:39:12.081+0100] {logging_mixin.py:154} INFO - [2025-05-16T06:39:12.081+0100] {dag.py:3722} INFO - Setting next_dagrun for example_branch_datetime_operator_3 to 2025-05-15T00:00:00+00:00, run_after=2025-05-16T00:00:00+00:00
[2025-05-16T06:39:12.086+0100] {processor.py:179} INFO - Processing /Users/saber/airflow_project/airflow_venv/lib/python3.10/site-packages/airflow/example_dags/example_branch_datetime_operator.py took 0.064 seconds
[2025-05-16T06:40:33.152+0100] {processor.py:157} INFO - Started process (PID=8909) to work on /Users/saber/airflow_project/airflow_venv/lib/python3.10/site-packages/airflow/example_dags/example_branch_datetime_operator.py
[2025-05-16T06:40:33.153+0100] {processor.py:829} INFO - Processing file /Users/saber/airflow_project/airflow_venv/lib/python3.10/site-packages/airflow/example_dags/example_branch_datetime_operator.py for tasks to queue
[2025-05-16T06:40:33.153+0100] {logging_mixin.py:154} INFO - [2025-05-16T06:40:33.153+0100] {dagbag.py:536} INFO - Filling up the DagBag from /Users/saber/airflow_project/airflow_venv/lib/python3.10/site-packages/airflow/example_dags/example_branch_datetime_operator.py
[2025-05-16T06:40:33.161+0100] {processor.py:839} INFO - DAG(s) dict_keys(['example_branch_datetime_operator', 'example_branch_datetime_operator_2', 'example_branch_datetime_operator_3']) retrieved from /Users/saber/airflow_project/airflow_venv/lib/python3.10/site-packages/airflow/example_dags/example_branch_datetime_operator.py
[2025-05-16T06:40:33.206+0100] {logging_mixin.py:154} INFO - [2025-05-16T06:40:33.206+0100] {dag.py:2941} INFO - Sync 3 DAGs
[2025-05-16T06:40:33.211+0100] {logging_mixin.py:154} INFO - [2025-05-16T06:40:33.211+0100] {dag.py:3722} INFO - Setting next_dagrun for example_branch_datetime_operator to 2025-05-15T00:00:00+00:00, run_after=2025-05-16T00:00:00+00:00
[2025-05-16T06:40:33.212+0100] {logging_mixin.py:154} INFO - [2025-05-16T06:40:33.212+0100] {dag.py:3722} INFO - Setting next_dagrun for example_branch_datetime_operator_2 to 2025-05-15T00:00:00+00:00, run_after=2025-05-16T00:00:00+00:00
[2025-05-16T06:40:33.212+0100] {logging_mixin.py:154} INFO - [2025-05-16T06:40:33.212+0100] {dag.py:3722} INFO - Setting next_dagrun for example_branch_datetime_operator_3 to 2025-05-15T00:00:00+00:00, run_after=2025-05-16T00:00:00+00:00
[2025-05-16T06:40:33.216+0100] {processor.py:179} INFO - Processing /Users/saber/airflow_project/airflow_venv/lib/python3.10/site-packages/airflow/example_dags/example_branch_datetime_operator.py took 0.064 seconds
[2025-05-16T06:41:33.811+0100] {processor.py:157} INFO - Started process (PID=8960) to work on /Users/saber/airflow_project/airflow_venv/lib/python3.10/site-packages/airflow/example_dags/example_branch_datetime_operator.py
[2025-05-16T06:41:33.811+0100] {processor.py:829} INFO - Processing file /Users/saber/airflow_project/airflow_venv/lib/python3.10/site-packages/airflow/example_dags/example_branch_datetime_operator.py for tasks to queue
[2025-05-16T06:41:33.812+0100] {logging_mixin.py:154} INFO - [2025-05-16T06:41:33.812+0100] {dagbag.py:536} INFO - Filling up the DagBag from /Users/saber/airflow_project/airflow_venv/lib/python3.10/site-packages/airflow/example_dags/example_branch_datetime_operator.py
[2025-05-16T06:41:33.819+0100] {processor.py:839} INFO - DAG(s) dict_keys(['example_branch_datetime_operator', 'example_branch_datetime_operator_2', 'example_branch_datetime_operator_3']) retrieved from /Users/saber/airflow_project/airflow_venv/lib/python3.10/site-packages/airflow/example_dags/example_branch_datetime_operator.py
[2025-05-16T06:41:33.865+0100] {logging_mixin.py:154} INFO - [2025-05-16T06:41:33.865+0100] {dag.py:2941} INFO - Sync 3 DAGs
[2025-05-16T06:41:33.869+0100] {logging_mixin.py:154} INFO - [2025-05-16T06:41:33.869+0100] {dag.py:3722} INFO - Setting next_dagrun for example_branch_datetime_operator to 2025-05-15T00:00:00+00:00, run_after=2025-05-16T00:00:00+00:00
[2025-05-16T06:41:33.870+0100] {logging_mixin.py:154} INFO - [2025-05-16T06:41:33.870+0100] {dag.py:3722} INFO - Setting next_dagrun for example_branch_datetime_operator_2 to 2025-05-15T00:00:00+00:00, run_after=2025-05-16T00:00:00+00:00
[2025-05-16T06:41:33.871+0100] {logging_mixin.py:154} INFO - [2025-05-16T06:41:33.871+0100] {dag.py:3722} INFO - Setting next_dagrun for example_branch_datetime_operator_3 to 2025-05-15T00:00:00+00:00, run_after=2025-05-16T00:00:00+00:00
[2025-05-16T06:41:33.875+0100] {processor.py:179} INFO - Processing /Users/saber/airflow_project/airflow_venv/lib/python3.10/site-packages/airflow/example_dags/example_branch_datetime_operator.py took 0.065 seconds
[2025-05-16T06:42:35.121+0100] {processor.py:157} INFO - Started process (PID=9012) to work on /Users/saber/airflow_project/airflow_venv/lib/python3.10/site-packages/airflow/example_dags/example_branch_datetime_operator.py
[2025-05-16T06:42:35.121+0100] {processor.py:829} INFO - Processing file /Users/saber/airflow_project/airflow_venv/lib/python3.10/site-packages/airflow/example_dags/example_branch_datetime_operator.py for tasks to queue
[2025-05-16T06:42:35.121+0100] {logging_mixin.py:154} INFO - [2025-05-16T06:42:35.121+0100] {dagbag.py:536} INFO - Filling up the DagBag from /Users/saber/airflow_project/airflow_venv/lib/python3.10/site-packages/airflow/example_dags/example_branch_datetime_operator.py
[2025-05-16T06:42:35.129+0100] {processor.py:839} INFO - DAG(s) dict_keys(['example_branch_datetime_operator_3', 'example_branch_datetime_operator_2', 'example_branch_datetime_operator']) retrieved from /Users/saber/airflow_project/airflow_venv/lib/python3.10/site-packages/airflow/example_dags/example_branch_datetime_operator.py
[2025-05-16T06:42:35.175+0100] {logging_mixin.py:154} INFO - [2025-05-16T06:42:35.174+0100] {dag.py:2941} INFO - Sync 3 DAGs
[2025-05-16T06:42:35.179+0100] {logging_mixin.py:154} INFO - [2025-05-16T06:42:35.179+0100] {dag.py:3722} INFO - Setting next_dagrun for example_branch_datetime_operator to 2025-05-15T00:00:00+00:00, run_after=2025-05-16T00:00:00+00:00
[2025-05-16T06:42:35.180+0100] {logging_mixin.py:154} INFO - [2025-05-16T06:42:35.180+0100] {dag.py:3722} INFO - Setting next_dagrun for example_branch_datetime_operator_2 to 2025-05-15T00:00:00+00:00, run_after=2025-05-16T00:00:00+00:00
[2025-05-16T06:42:35.181+0100] {logging_mixin.py:154} INFO - [2025-05-16T06:42:35.181+0100] {dag.py:3722} INFO - Setting next_dagrun for example_branch_datetime_operator_3 to 2025-05-15T00:00:00+00:00, run_after=2025-05-16T00:00:00+00:00
[2025-05-16T06:42:35.185+0100] {processor.py:179} INFO - Processing /Users/saber/airflow_project/airflow_venv/lib/python3.10/site-packages/airflow/example_dags/example_branch_datetime_operator.py took 0.065 seconds
[2025-05-16T06:43:58.194+0100] {processor.py:157} INFO - Started process (PID=9084) to work on /Users/saber/airflow_project/airflow_venv/lib/python3.10/site-packages/airflow/example_dags/example_branch_datetime_operator.py
[2025-05-16T06:43:58.194+0100] {processor.py:829} INFO - Processing file /Users/saber/airflow_project/airflow_venv/lib/python3.10/site-packages/airflow/example_dags/example_branch_datetime_operator.py for tasks to queue
[2025-05-16T06:43:58.195+0100] {logging_mixin.py:154} INFO - [2025-05-16T06:43:58.195+0100] {dagbag.py:536} INFO - Filling up the DagBag from /Users/saber/airflow_project/airflow_venv/lib/python3.10/site-packages/airflow/example_dags/example_branch_datetime_operator.py
[2025-05-16T06:43:58.203+0100] {processor.py:839} INFO - DAG(s) dict_keys(['example_branch_datetime_operator', 'example_branch_datetime_operator_3', 'example_branch_datetime_operator_2']) retrieved from /Users/saber/airflow_project/airflow_venv/lib/python3.10/site-packages/airflow/example_dags/example_branch_datetime_operator.py
[2025-05-16T06:43:58.248+0100] {logging_mixin.py:154} INFO - [2025-05-16T06:43:58.247+0100] {dag.py:2941} INFO - Sync 3 DAGs
[2025-05-16T06:43:58.252+0100] {logging_mixin.py:154} INFO - [2025-05-16T06:43:58.252+0100] {dag.py:3722} INFO - Setting next_dagrun for example_branch_datetime_operator to 2025-05-15T00:00:00+00:00, run_after=2025-05-16T00:00:00+00:00
[2025-05-16T06:43:58.253+0100] {logging_mixin.py:154} INFO - [2025-05-16T06:43:58.253+0100] {dag.py:3722} INFO - Setting next_dagrun for example_branch_datetime_operator_2 to 2025-05-15T00:00:00+00:00, run_after=2025-05-16T00:00:00+00:00
[2025-05-16T06:43:58.254+0100] {logging_mixin.py:154} INFO - [2025-05-16T06:43:58.254+0100] {dag.py:3722} INFO - Setting next_dagrun for example_branch_datetime_operator_3 to 2025-05-15T00:00:00+00:00, run_after=2025-05-16T00:00:00+00:00
[2025-05-16T06:43:58.258+0100] {processor.py:179} INFO - Processing /Users/saber/airflow_project/airflow_venv/lib/python3.10/site-packages/airflow/example_dags/example_branch_datetime_operator.py took 0.064 seconds
[2025-05-16T06:44:56.806+0100] {processor.py:157} INFO - Started process (PID=9141) to work on /Users/saber/airflow_project/airflow_venv/lib/python3.10/site-packages/airflow/example_dags/example_branch_datetime_operator.py
[2025-05-16T06:44:56.806+0100] {processor.py:829} INFO - Processing file /Users/saber/airflow_project/airflow_venv/lib/python3.10/site-packages/airflow/example_dags/example_branch_datetime_operator.py for tasks to queue
[2025-05-16T06:44:56.807+0100] {logging_mixin.py:154} INFO - [2025-05-16T06:44:56.806+0100] {dagbag.py:536} INFO - Filling up the DagBag from /Users/saber/airflow_project/airflow_venv/lib/python3.10/site-packages/airflow/example_dags/example_branch_datetime_operator.py
[2025-05-16T06:44:56.814+0100] {processor.py:839} INFO - DAG(s) dict_keys(['example_branch_datetime_operator_2', 'example_branch_datetime_operator_3', 'example_branch_datetime_operator']) retrieved from /Users/saber/airflow_project/airflow_venv/lib/python3.10/site-packages/airflow/example_dags/example_branch_datetime_operator.py
[2025-05-16T06:44:56.859+0100] {logging_mixin.py:154} INFO - [2025-05-16T06:44:56.859+0100] {dag.py:2941} INFO - Sync 3 DAGs
[2025-05-16T06:44:56.864+0100] {logging_mixin.py:154} INFO - [2025-05-16T06:44:56.864+0100] {dag.py:3722} INFO - Setting next_dagrun for example_branch_datetime_operator to 2025-05-15T00:00:00+00:00, run_after=2025-05-16T00:00:00+00:00
[2025-05-16T06:44:56.865+0100] {logging_mixin.py:154} INFO - [2025-05-16T06:44:56.865+0100] {dag.py:3722} INFO - Setting next_dagrun for example_branch_datetime_operator_2 to 2025-05-15T00:00:00+00:00, run_after=2025-05-16T00:00:00+00:00
[2025-05-16T06:44:56.865+0100] {logging_mixin.py:154} INFO - [2025-05-16T06:44:56.865+0100] {dag.py:3722} INFO - Setting next_dagrun for example_branch_datetime_operator_3 to 2025-05-15T00:00:00+00:00, run_after=2025-05-16T00:00:00+00:00
[2025-05-16T06:44:56.869+0100] {processor.py:179} INFO - Processing /Users/saber/airflow_project/airflow_venv/lib/python3.10/site-packages/airflow/example_dags/example_branch_datetime_operator.py took 0.064 seconds
[2025-05-16T06:45:55.650+0100] {processor.py:157} INFO - Started process (PID=9209) to work on /Users/saber/airflow_project/airflow_venv/lib/python3.10/site-packages/airflow/example_dags/example_branch_datetime_operator.py
[2025-05-16T06:45:55.650+0100] {processor.py:829} INFO - Processing file /Users/saber/airflow_project/airflow_venv/lib/python3.10/site-packages/airflow/example_dags/example_branch_datetime_operator.py for tasks to queue
[2025-05-16T06:45:55.650+0100] {logging_mixin.py:154} INFO - [2025-05-16T06:45:55.650+0100] {dagbag.py:536} INFO - Filling up the DagBag from /Users/saber/airflow_project/airflow_venv/lib/python3.10/site-packages/airflow/example_dags/example_branch_datetime_operator.py
[2025-05-16T06:45:55.658+0100] {processor.py:839} INFO - DAG(s) dict_keys(['example_branch_datetime_operator_2', 'example_branch_datetime_operator', 'example_branch_datetime_operator_3']) retrieved from /Users/saber/airflow_project/airflow_venv/lib/python3.10/site-packages/airflow/example_dags/example_branch_datetime_operator.py
[2025-05-16T06:45:55.703+0100] {logging_mixin.py:154} INFO - [2025-05-16T06:45:55.703+0100] {dag.py:2941} INFO - Sync 3 DAGs
[2025-05-16T06:45:55.708+0100] {logging_mixin.py:154} INFO - [2025-05-16T06:45:55.708+0100] {dag.py:3722} INFO - Setting next_dagrun for example_branch_datetime_operator to 2025-05-15T00:00:00+00:00, run_after=2025-05-16T00:00:00+00:00
[2025-05-16T06:45:55.709+0100] {logging_mixin.py:154} INFO - [2025-05-16T06:45:55.709+0100] {dag.py:3722} INFO - Setting next_dagrun for example_branch_datetime_operator_2 to 2025-05-15T00:00:00+00:00, run_after=2025-05-16T00:00:00+00:00
[2025-05-16T06:45:55.710+0100] {logging_mixin.py:154} INFO - [2025-05-16T06:45:55.709+0100] {dag.py:3722} INFO - Setting next_dagrun for example_branch_datetime_operator_3 to 2025-05-15T00:00:00+00:00, run_after=2025-05-16T00:00:00+00:00
[2025-05-16T06:45:55.714+0100] {processor.py:179} INFO - Processing /Users/saber/airflow_project/airflow_venv/lib/python3.10/site-packages/airflow/example_dags/example_branch_datetime_operator.py took 0.064 seconds
[2025-05-16T06:46:54.846+0100] {processor.py:157} INFO - Started process (PID=9258) to work on /Users/saber/airflow_project/airflow_venv/lib/python3.10/site-packages/airflow/example_dags/example_branch_datetime_operator.py
[2025-05-16T06:46:54.846+0100] {processor.py:829} INFO - Processing file /Users/saber/airflow_project/airflow_venv/lib/python3.10/site-packages/airflow/example_dags/example_branch_datetime_operator.py for tasks to queue
[2025-05-16T06:46:54.847+0100] {logging_mixin.py:154} INFO - [2025-05-16T06:46:54.847+0100] {dagbag.py:536} INFO - Filling up the DagBag from /Users/saber/airflow_project/airflow_venv/lib/python3.10/site-packages/airflow/example_dags/example_branch_datetime_operator.py
[2025-05-16T06:46:54.854+0100] {processor.py:839} INFO - DAG(s) dict_keys(['example_branch_datetime_operator', 'example_branch_datetime_operator_3', 'example_branch_datetime_operator_2']) retrieved from /Users/saber/airflow_project/airflow_venv/lib/python3.10/site-packages/airflow/example_dags/example_branch_datetime_operator.py
[2025-05-16T06:46:54.900+0100] {logging_mixin.py:154} INFO - [2025-05-16T06:46:54.899+0100] {dag.py:2941} INFO - Sync 3 DAGs
[2025-05-16T06:46:54.904+0100] {logging_mixin.py:154} INFO - [2025-05-16T06:46:54.904+0100] {dag.py:3722} INFO - Setting next_dagrun for example_branch_datetime_operator to 2025-05-15T00:00:00+00:00, run_after=2025-05-16T00:00:00+00:00
[2025-05-16T06:46:54.905+0100] {logging_mixin.py:154} INFO - [2025-05-16T06:46:54.905+0100] {dag.py:3722} INFO - Setting next_dagrun for example_branch_datetime_operator_2 to 2025-05-15T00:00:00+00:00, run_after=2025-05-16T00:00:00+00:00
[2025-05-16T06:46:54.906+0100] {logging_mixin.py:154} INFO - [2025-05-16T06:46:54.906+0100] {dag.py:3722} INFO - Setting next_dagrun for example_branch_datetime_operator_3 to 2025-05-15T00:00:00+00:00, run_after=2025-05-16T00:00:00+00:00
[2025-05-16T06:46:54.910+0100] {processor.py:179} INFO - Processing /Users/saber/airflow_project/airflow_venv/lib/python3.10/site-packages/airflow/example_dags/example_branch_datetime_operator.py took 0.065 seconds
[2025-05-16T06:48:19.456+0100] {processor.py:157} INFO - Started process (PID=9330) to work on /Users/saber/airflow_project/airflow_venv/lib/python3.10/site-packages/airflow/example_dags/example_branch_datetime_operator.py
[2025-05-16T06:48:19.456+0100] {processor.py:829} INFO - Processing file /Users/saber/airflow_project/airflow_venv/lib/python3.10/site-packages/airflow/example_dags/example_branch_datetime_operator.py for tasks to queue
[2025-05-16T06:48:19.457+0100] {logging_mixin.py:154} INFO - [2025-05-16T06:48:19.457+0100] {dagbag.py:536} INFO - Filling up the DagBag from /Users/saber/airflow_project/airflow_venv/lib/python3.10/site-packages/airflow/example_dags/example_branch_datetime_operator.py
[2025-05-16T06:48:19.464+0100] {processor.py:839} INFO - DAG(s) dict_keys(['example_branch_datetime_operator_3', 'example_branch_datetime_operator', 'example_branch_datetime_operator_2']) retrieved from /Users/saber/airflow_project/airflow_venv/lib/python3.10/site-packages/airflow/example_dags/example_branch_datetime_operator.py
[2025-05-16T06:48:19.509+0100] {logging_mixin.py:154} INFO - [2025-05-16T06:48:19.509+0100] {dag.py:2941} INFO - Sync 3 DAGs
[2025-05-16T06:48:19.514+0100] {logging_mixin.py:154} INFO - [2025-05-16T06:48:19.514+0100] {dag.py:3722} INFO - Setting next_dagrun for example_branch_datetime_operator to 2025-05-15T00:00:00+00:00, run_after=2025-05-16T00:00:00+00:00
[2025-05-16T06:48:19.515+0100] {logging_mixin.py:154} INFO - [2025-05-16T06:48:19.515+0100] {dag.py:3722} INFO - Setting next_dagrun for example_branch_datetime_operator_2 to 2025-05-15T00:00:00+00:00, run_after=2025-05-16T00:00:00+00:00
[2025-05-16T06:48:19.516+0100] {logging_mixin.py:154} INFO - [2025-05-16T06:48:19.516+0100] {dag.py:3722} INFO - Setting next_dagrun for example_branch_datetime_operator_3 to 2025-05-15T00:00:00+00:00, run_after=2025-05-16T00:00:00+00:00
[2025-05-16T06:48:19.520+0100] {processor.py:179} INFO - Processing /Users/saber/airflow_project/airflow_venv/lib/python3.10/site-packages/airflow/example_dags/example_branch_datetime_operator.py took 0.064 seconds
[2025-05-16T06:49:47.086+0100] {processor.py:157} INFO - Started process (PID=9405) to work on /Users/saber/airflow_project/airflow_venv/lib/python3.10/site-packages/airflow/example_dags/example_branch_datetime_operator.py
[2025-05-16T06:49:47.086+0100] {processor.py:829} INFO - Processing file /Users/saber/airflow_project/airflow_venv/lib/python3.10/site-packages/airflow/example_dags/example_branch_datetime_operator.py for tasks to queue
[2025-05-16T06:49:47.087+0100] {logging_mixin.py:154} INFO - [2025-05-16T06:49:47.087+0100] {dagbag.py:536} INFO - Filling up the DagBag from /Users/saber/airflow_project/airflow_venv/lib/python3.10/site-packages/airflow/example_dags/example_branch_datetime_operator.py
[2025-05-16T06:49:47.095+0100] {processor.py:839} INFO - DAG(s) dict_keys(['example_branch_datetime_operator', 'example_branch_datetime_operator_2', 'example_branch_datetime_operator_3']) retrieved from /Users/saber/airflow_project/airflow_venv/lib/python3.10/site-packages/airflow/example_dags/example_branch_datetime_operator.py
[2025-05-16T06:49:47.143+0100] {logging_mixin.py:154} INFO - [2025-05-16T06:49:47.143+0100] {dag.py:2941} INFO - Sync 3 DAGs
[2025-05-16T06:49:47.148+0100] {logging_mixin.py:154} INFO - [2025-05-16T06:49:47.148+0100] {dag.py:3722} INFO - Setting next_dagrun for example_branch_datetime_operator to 2025-05-15T00:00:00+00:00, run_after=2025-05-16T00:00:00+00:00
[2025-05-16T06:49:47.149+0100] {logging_mixin.py:154} INFO - [2025-05-16T06:49:47.149+0100] {dag.py:3722} INFO - Setting next_dagrun for example_branch_datetime_operator_2 to 2025-05-15T00:00:00+00:00, run_after=2025-05-16T00:00:00+00:00
[2025-05-16T06:49:47.150+0100] {logging_mixin.py:154} INFO - [2025-05-16T06:49:47.150+0100] {dag.py:3722} INFO - Setting next_dagrun for example_branch_datetime_operator_3 to 2025-05-15T00:00:00+00:00, run_after=2025-05-16T00:00:00+00:00
[2025-05-16T06:49:47.154+0100] {processor.py:179} INFO - Processing /Users/saber/airflow_project/airflow_venv/lib/python3.10/site-packages/airflow/example_dags/example_branch_datetime_operator.py took 0.068 seconds
[2025-05-16T06:50:46.738+0100] {processor.py:157} INFO - Started process (PID=9462) to work on /Users/saber/airflow_project/airflow_venv/lib/python3.10/site-packages/airflow/example_dags/example_branch_datetime_operator.py
[2025-05-16T06:50:46.738+0100] {processor.py:829} INFO - Processing file /Users/saber/airflow_project/airflow_venv/lib/python3.10/site-packages/airflow/example_dags/example_branch_datetime_operator.py for tasks to queue
[2025-05-16T06:50:46.738+0100] {logging_mixin.py:154} INFO - [2025-05-16T06:50:46.738+0100] {dagbag.py:536} INFO - Filling up the DagBag from /Users/saber/airflow_project/airflow_venv/lib/python3.10/site-packages/airflow/example_dags/example_branch_datetime_operator.py
[2025-05-16T06:50:46.746+0100] {processor.py:839} INFO - DAG(s) dict_keys(['example_branch_datetime_operator_2', 'example_branch_datetime_operator', 'example_branch_datetime_operator_3']) retrieved from /Users/saber/airflow_project/airflow_venv/lib/python3.10/site-packages/airflow/example_dags/example_branch_datetime_operator.py
[2025-05-16T06:50:46.792+0100] {logging_mixin.py:154} INFO - [2025-05-16T06:50:46.792+0100] {dag.py:2941} INFO - Sync 3 DAGs
[2025-05-16T06:50:46.796+0100] {logging_mixin.py:154} INFO - [2025-05-16T06:50:46.796+0100] {dag.py:3722} INFO - Setting next_dagrun for example_branch_datetime_operator to 2025-05-15T00:00:00+00:00, run_after=2025-05-16T00:00:00+00:00
[2025-05-16T06:50:46.797+0100] {logging_mixin.py:154} INFO - [2025-05-16T06:50:46.797+0100] {dag.py:3722} INFO - Setting next_dagrun for example_branch_datetime_operator_2 to 2025-05-15T00:00:00+00:00, run_after=2025-05-16T00:00:00+00:00
[2025-05-16T06:50:46.798+0100] {logging_mixin.py:154} INFO - [2025-05-16T06:50:46.798+0100] {dag.py:3722} INFO - Setting next_dagrun for example_branch_datetime_operator_3 to 2025-05-15T00:00:00+00:00, run_after=2025-05-16T00:00:00+00:00
[2025-05-16T06:50:46.802+0100] {processor.py:179} INFO - Processing /Users/saber/airflow_project/airflow_venv/lib/python3.10/site-packages/airflow/example_dags/example_branch_datetime_operator.py took 0.065 seconds
