[2025-05-16T06:37:39.094+0100] {processor.py:157} INFO - Started process (PID=8743) to work on /Users/saber/airflow_project/airflow_venv/lib/python3.10/site-packages/airflow/example_dags/example_short_circuit_operator.py
[2025-05-16T06:37:39.094+0100] {processor.py:829} INFO - Processing file /Users/saber/airflow_project/airflow_venv/lib/python3.10/site-packages/airflow/example_dags/example_short_circuit_operator.py for tasks to queue
[2025-05-16T06:37:39.095+0100] {logging_mixin.py:154} INFO - [2025-05-16T06:37:39.094+0100] {dagbag.py:536} INFO - Filling up the DagBag from /Users/saber/airflow_project/airflow_venv/lib/python3.10/site-packages/airflow/example_dags/example_short_circuit_operator.py
[2025-05-16T06:37:39.105+0100] {processor.py:839} INFO - DAG(s) dict_keys(['example_short_circuit_operator']) retrieved from /Users/saber/airflow_project/airflow_venv/lib/python3.10/site-packages/airflow/example_dags/example_short_circuit_operator.py
[2025-05-16T06:37:39.256+0100] {logging_mixin.py:154} INFO - [2025-05-16T06:37:39.256+0100] {manager.py:499} INFO - Created Permission View: %s
[2025-05-16T06:37:39.258+0100] {logging_mixin.py:154} INFO - [2025-05-16T06:37:39.258+0100] {manager.py:499} INFO - Created Permission View: %s
[2025-05-16T06:37:39.259+0100] {logging_mixin.py:154} INFO - [2025-05-16T06:37:39.259+0100] {manager.py:499} INFO - Created Permission View: %s
[2025-05-16T06:37:39.260+0100] {logging_mixin.py:154} INFO - [2025-05-16T06:37:39.259+0100] {dag.py:2941} INFO - Sync 1 DAGs
[2025-05-16T06:37:39.262+0100] {logging_mixin.py:154} INFO - [2025-05-16T06:37:39.262+0100] {dag.py:2963} INFO - Creating ORM DAG for example_short_circuit_operator
[2025-05-16T06:37:39.264+0100] {logging_mixin.py:154} INFO - [2025-05-16T06:37:39.264+0100] {dag.py:3722} INFO - Setting next_dagrun for example_short_circuit_operator to 2025-05-15T05:37:39.264644+00:00, run_after=2025-05-16T05:37:39.264644+00:00
[2025-05-16T06:37:39.268+0100] {processor.py:179} INFO - Processing /Users/saber/airflow_project/airflow_venv/lib/python3.10/site-packages/airflow/example_dags/example_short_circuit_operator.py took 0.175 seconds
[2025-05-16T06:38:39.149+0100] {processor.py:157} INFO - Started process (PID=8799) to work on /Users/saber/airflow_project/airflow_venv/lib/python3.10/site-packages/airflow/example_dags/example_short_circuit_operator.py
[2025-05-16T06:38:39.149+0100] {processor.py:829} INFO - Processing file /Users/saber/airflow_project/airflow_venv/lib/python3.10/site-packages/airflow/example_dags/example_short_circuit_operator.py for tasks to queue
[2025-05-16T06:38:39.149+0100] {logging_mixin.py:154} INFO - [2025-05-16T06:38:39.149+0100] {dagbag.py:536} INFO - Filling up the DagBag from /Users/saber/airflow_project/airflow_venv/lib/python3.10/site-packages/airflow/example_dags/example_short_circuit_operator.py
[2025-05-16T06:38:39.159+0100] {processor.py:839} INFO - DAG(s) dict_keys(['example_short_circuit_operator']) retrieved from /Users/saber/airflow_project/airflow_venv/lib/python3.10/site-packages/airflow/example_dags/example_short_circuit_operator.py
[2025-05-16T06:38:39.204+0100] {logging_mixin.py:154} INFO - [2025-05-16T06:38:39.204+0100] {dag.py:2941} INFO - Sync 1 DAGs
[2025-05-16T06:38:39.208+0100] {logging_mixin.py:154} INFO - [2025-05-16T06:38:39.208+0100] {dag.py:3722} INFO - Setting next_dagrun for example_short_circuit_operator to 2025-05-15T05:38:39.208395+00:00, run_after=2025-05-16T05:38:39.208395+00:00
[2025-05-16T06:38:39.213+0100] {processor.py:179} INFO - Processing /Users/saber/airflow_project/airflow_venv/lib/python3.10/site-packages/airflow/example_dags/example_short_circuit_operator.py took 0.065 seconds
[2025-05-16T06:39:36.928+0100] {processor.py:157} INFO - Started process (PID=8846) to work on /Users/saber/airflow_project/airflow_venv/lib/python3.10/site-packages/airflow/example_dags/example_short_circuit_operator.py
[2025-05-16T06:39:36.928+0100] {processor.py:829} INFO - Processing file /Users/saber/airflow_project/airflow_venv/lib/python3.10/site-packages/airflow/example_dags/example_short_circuit_operator.py for tasks to queue
[2025-05-16T06:39:36.929+0100] {logging_mixin.py:154} INFO - [2025-05-16T06:39:36.929+0100] {dagbag.py:536} INFO - Filling up the DagBag from /Users/saber/airflow_project/airflow_venv/lib/python3.10/site-packages/airflow/example_dags/example_short_circuit_operator.py
[2025-05-16T06:39:36.940+0100] {processor.py:839} INFO - DAG(s) dict_keys(['example_short_circuit_operator']) retrieved from /Users/saber/airflow_project/airflow_venv/lib/python3.10/site-packages/airflow/example_dags/example_short_circuit_operator.py
[2025-05-16T06:39:36.986+0100] {logging_mixin.py:154} INFO - [2025-05-16T06:39:36.986+0100] {dag.py:2941} INFO - Sync 1 DAGs
[2025-05-16T06:39:36.990+0100] {logging_mixin.py:154} INFO - [2025-05-16T06:39:36.990+0100] {dag.py:3722} INFO - Setting next_dagrun for example_short_circuit_operator to 2025-05-15T05:39:36.990391+00:00, run_after=2025-05-16T05:39:36.990391+00:00
[2025-05-16T06:39:36.995+0100] {processor.py:179} INFO - Processing /Users/saber/airflow_project/airflow_venv/lib/python3.10/site-packages/airflow/example_dags/example_short_circuit_operator.py took 0.067 seconds
[2025-05-16T06:40:31.275+0100] {processor.py:157} INFO - Started process (PID=8906) to work on /Users/saber/airflow_project/airflow_venv/lib/python3.10/site-packages/airflow/example_dags/example_short_circuit_operator.py
[2025-05-16T06:40:31.275+0100] {processor.py:829} INFO - Processing file /Users/saber/airflow_project/airflow_venv/lib/python3.10/site-packages/airflow/example_dags/example_short_circuit_operator.py for tasks to queue
[2025-05-16T06:40:31.276+0100] {logging_mixin.py:154} INFO - [2025-05-16T06:40:31.276+0100] {dagbag.py:536} INFO - Filling up the DagBag from /Users/saber/airflow_project/airflow_venv/lib/python3.10/site-packages/airflow/example_dags/example_short_circuit_operator.py
[2025-05-16T06:40:31.286+0100] {processor.py:839} INFO - DAG(s) dict_keys(['example_short_circuit_operator']) retrieved from /Users/saber/airflow_project/airflow_venv/lib/python3.10/site-packages/airflow/example_dags/example_short_circuit_operator.py
[2025-05-16T06:40:31.330+0100] {logging_mixin.py:154} INFO - [2025-05-16T06:40:31.330+0100] {dag.py:2941} INFO - Sync 1 DAGs
[2025-05-16T06:40:31.334+0100] {logging_mixin.py:154} INFO - [2025-05-16T06:40:31.334+0100] {dag.py:3722} INFO - Setting next_dagrun for example_short_circuit_operator to 2025-05-15T05:40:31.334822+00:00, run_after=2025-05-16T05:40:31.334822+00:00
[2025-05-16T06:40:31.339+0100] {processor.py:179} INFO - Processing /Users/saber/airflow_project/airflow_venv/lib/python3.10/site-packages/airflow/example_dags/example_short_circuit_operator.py took 0.065 seconds
[2025-05-16T06:41:30.740+0100] {processor.py:157} INFO - Started process (PID=8956) to work on /Users/saber/airflow_project/airflow_venv/lib/python3.10/site-packages/airflow/example_dags/example_short_circuit_operator.py
[2025-05-16T06:41:30.741+0100] {processor.py:829} INFO - Processing file /Users/saber/airflow_project/airflow_venv/lib/python3.10/site-packages/airflow/example_dags/example_short_circuit_operator.py for tasks to queue
[2025-05-16T06:41:30.741+0100] {logging_mixin.py:154} INFO - [2025-05-16T06:41:30.741+0100] {dagbag.py:536} INFO - Filling up the DagBag from /Users/saber/airflow_project/airflow_venv/lib/python3.10/site-packages/airflow/example_dags/example_short_circuit_operator.py
[2025-05-16T06:41:30.752+0100] {processor.py:839} INFO - DAG(s) dict_keys(['example_short_circuit_operator']) retrieved from /Users/saber/airflow_project/airflow_venv/lib/python3.10/site-packages/airflow/example_dags/example_short_circuit_operator.py
[2025-05-16T06:41:30.796+0100] {logging_mixin.py:154} INFO - [2025-05-16T06:41:30.796+0100] {dag.py:2941} INFO - Sync 1 DAGs
[2025-05-16T06:41:30.800+0100] {logging_mixin.py:154} INFO - [2025-05-16T06:41:30.800+0100] {dag.py:3722} INFO - Setting next_dagrun for example_short_circuit_operator to 2025-05-15T05:41:30.800862+00:00, run_after=2025-05-16T05:41:30.800862+00:00
[2025-05-16T06:41:30.805+0100] {processor.py:179} INFO - Processing /Users/saber/airflow_project/airflow_venv/lib/python3.10/site-packages/airflow/example_dags/example_short_circuit_operator.py took 0.065 seconds
[2025-05-16T06:42:29.665+0100] {processor.py:157} INFO - Started process (PID=9007) to work on /Users/saber/airflow_project/airflow_venv/lib/python3.10/site-packages/airflow/example_dags/example_short_circuit_operator.py
[2025-05-16T06:42:29.665+0100] {processor.py:829} INFO - Processing file /Users/saber/airflow_project/airflow_venv/lib/python3.10/site-packages/airflow/example_dags/example_short_circuit_operator.py for tasks to queue
[2025-05-16T06:42:29.665+0100] {logging_mixin.py:154} INFO - [2025-05-16T06:42:29.665+0100] {dagbag.py:536} INFO - Filling up the DagBag from /Users/saber/airflow_project/airflow_venv/lib/python3.10/site-packages/airflow/example_dags/example_short_circuit_operator.py
[2025-05-16T06:42:29.676+0100] {processor.py:839} INFO - DAG(s) dict_keys(['example_short_circuit_operator']) retrieved from /Users/saber/airflow_project/airflow_venv/lib/python3.10/site-packages/airflow/example_dags/example_short_circuit_operator.py
[2025-05-16T06:42:29.720+0100] {logging_mixin.py:154} INFO - [2025-05-16T06:42:29.720+0100] {dag.py:2941} INFO - Sync 1 DAGs
[2025-05-16T06:42:29.724+0100] {logging_mixin.py:154} INFO - [2025-05-16T06:42:29.724+0100] {dag.py:3722} INFO - Setting next_dagrun for example_short_circuit_operator to 2025-05-15T05:42:29.724771+00:00, run_after=2025-05-16T05:42:29.724771+00:00
[2025-05-16T06:42:29.729+0100] {processor.py:179} INFO - Processing /Users/saber/airflow_project/airflow_venv/lib/python3.10/site-packages/airflow/example_dags/example_short_circuit_operator.py took 0.065 seconds
[2025-05-16T06:43:26.810+0100] {processor.py:157} INFO - Started process (PID=9057) to work on /Users/saber/airflow_project/airflow_venv/lib/python3.10/site-packages/airflow/example_dags/example_short_circuit_operator.py
[2025-05-16T06:43:26.810+0100] {processor.py:829} INFO - Processing file /Users/saber/airflow_project/airflow_venv/lib/python3.10/site-packages/airflow/example_dags/example_short_circuit_operator.py for tasks to queue
[2025-05-16T06:43:26.811+0100] {logging_mixin.py:154} INFO - [2025-05-16T06:43:26.811+0100] {dagbag.py:536} INFO - Filling up the DagBag from /Users/saber/airflow_project/airflow_venv/lib/python3.10/site-packages/airflow/example_dags/example_short_circuit_operator.py
[2025-05-16T06:43:26.821+0100] {processor.py:839} INFO - DAG(s) dict_keys(['example_short_circuit_operator']) retrieved from /Users/saber/airflow_project/airflow_venv/lib/python3.10/site-packages/airflow/example_dags/example_short_circuit_operator.py
[2025-05-16T06:43:26.866+0100] {logging_mixin.py:154} INFO - [2025-05-16T06:43:26.866+0100] {dag.py:2941} INFO - Sync 1 DAGs
[2025-05-16T06:43:26.870+0100] {logging_mixin.py:154} INFO - [2025-05-16T06:43:26.870+0100] {dag.py:3722} INFO - Setting next_dagrun for example_short_circuit_operator to 2025-05-15T05:43:26.870259+00:00, run_after=2025-05-16T05:43:26.870259+00:00
[2025-05-16T06:43:26.874+0100] {processor.py:179} INFO - Processing /Users/saber/airflow_project/airflow_venv/lib/python3.10/site-packages/airflow/example_dags/example_short_circuit_operator.py took 0.065 seconds
[2025-05-16T06:44:24.453+0100] {processor.py:157} INFO - Started process (PID=9112) to work on /Users/saber/airflow_project/airflow_venv/lib/python3.10/site-packages/airflow/example_dags/example_short_circuit_operator.py
[2025-05-16T06:44:24.454+0100] {processor.py:829} INFO - Processing file /Users/saber/airflow_project/airflow_venv/lib/python3.10/site-packages/airflow/example_dags/example_short_circuit_operator.py for tasks to queue
[2025-05-16T06:44:24.454+0100] {logging_mixin.py:154} INFO - [2025-05-16T06:44:24.454+0100] {dagbag.py:536} INFO - Filling up the DagBag from /Users/saber/airflow_project/airflow_venv/lib/python3.10/site-packages/airflow/example_dags/example_short_circuit_operator.py
[2025-05-16T06:44:24.465+0100] {processor.py:839} INFO - DAG(s) dict_keys(['example_short_circuit_operator']) retrieved from /Users/saber/airflow_project/airflow_venv/lib/python3.10/site-packages/airflow/example_dags/example_short_circuit_operator.py
[2025-05-16T06:44:24.510+0100] {logging_mixin.py:154} INFO - [2025-05-16T06:44:24.510+0100] {dag.py:2941} INFO - Sync 1 DAGs
[2025-05-16T06:44:24.514+0100] {logging_mixin.py:154} INFO - [2025-05-16T06:44:24.514+0100] {dag.py:3722} INFO - Setting next_dagrun for example_short_circuit_operator to 2025-05-15T05:44:24.514656+00:00, run_after=2025-05-16T05:44:24.514656+00:00
[2025-05-16T06:44:24.519+0100] {processor.py:179} INFO - Processing /Users/saber/airflow_project/airflow_venv/lib/python3.10/site-packages/airflow/example_dags/example_short_circuit_operator.py took 0.066 seconds
[2025-05-16T06:45:22.822+0100] {processor.py:157} INFO - Started process (PID=9162) to work on /Users/saber/airflow_project/airflow_venv/lib/python3.10/site-packages/airflow/example_dags/example_short_circuit_operator.py
[2025-05-16T06:45:22.823+0100] {processor.py:829} INFO - Processing file /Users/saber/airflow_project/airflow_venv/lib/python3.10/site-packages/airflow/example_dags/example_short_circuit_operator.py for tasks to queue
[2025-05-16T06:45:22.823+0100] {logging_mixin.py:154} INFO - [2025-05-16T06:45:22.823+0100] {dagbag.py:536} INFO - Filling up the DagBag from /Users/saber/airflow_project/airflow_venv/lib/python3.10/site-packages/airflow/example_dags/example_short_circuit_operator.py
[2025-05-16T06:45:22.833+0100] {processor.py:839} INFO - DAG(s) dict_keys(['example_short_circuit_operator']) retrieved from /Users/saber/airflow_project/airflow_venv/lib/python3.10/site-packages/airflow/example_dags/example_short_circuit_operator.py
[2025-05-16T06:45:22.878+0100] {logging_mixin.py:154} INFO - [2025-05-16T06:45:22.878+0100] {dag.py:2941} INFO - Sync 1 DAGs
[2025-05-16T06:45:22.882+0100] {logging_mixin.py:154} INFO - [2025-05-16T06:45:22.882+0100] {dag.py:3722} INFO - Setting next_dagrun for example_short_circuit_operator to 2025-05-15T05:45:22.882333+00:00, run_after=2025-05-16T05:45:22.882333+00:00
[2025-05-16T06:45:22.886+0100] {processor.py:179} INFO - Processing /Users/saber/airflow_project/airflow_venv/lib/python3.10/site-packages/airflow/example_dags/example_short_circuit_operator.py took 0.064 seconds
[2025-05-16T06:46:20.586+0100] {processor.py:157} INFO - Started process (PID=9229) to work on /Users/saber/airflow_project/airflow_venv/lib/python3.10/site-packages/airflow/example_dags/example_short_circuit_operator.py
[2025-05-16T06:46:20.586+0100] {processor.py:829} INFO - Processing file /Users/saber/airflow_project/airflow_venv/lib/python3.10/site-packages/airflow/example_dags/example_short_circuit_operator.py for tasks to queue
[2025-05-16T06:46:20.587+0100] {logging_mixin.py:154} INFO - [2025-05-16T06:46:20.586+0100] {dagbag.py:536} INFO - Filling up the DagBag from /Users/saber/airflow_project/airflow_venv/lib/python3.10/site-packages/airflow/example_dags/example_short_circuit_operator.py
[2025-05-16T06:46:20.597+0100] {processor.py:839} INFO - DAG(s) dict_keys(['example_short_circuit_operator']) retrieved from /Users/saber/airflow_project/airflow_venv/lib/python3.10/site-packages/airflow/example_dags/example_short_circuit_operator.py
[2025-05-16T06:46:20.641+0100] {logging_mixin.py:154} INFO - [2025-05-16T06:46:20.641+0100] {dag.py:2941} INFO - Sync 1 DAGs
[2025-05-16T06:46:20.646+0100] {logging_mixin.py:154} INFO - [2025-05-16T06:46:20.645+0100] {dag.py:3722} INFO - Setting next_dagrun for example_short_circuit_operator to 2025-05-15T05:46:20.645924+00:00, run_after=2025-05-16T05:46:20.645924+00:00
[2025-05-16T06:46:20.650+0100] {processor.py:179} INFO - Processing /Users/saber/airflow_project/airflow_venv/lib/python3.10/site-packages/airflow/example_dags/example_short_circuit_operator.py took 0.065 seconds
[2025-05-16T06:47:18.266+0100] {processor.py:157} INFO - Started process (PID=9277) to work on /Users/saber/airflow_project/airflow_venv/lib/python3.10/site-packages/airflow/example_dags/example_short_circuit_operator.py
[2025-05-16T06:47:18.266+0100] {processor.py:829} INFO - Processing file /Users/saber/airflow_project/airflow_venv/lib/python3.10/site-packages/airflow/example_dags/example_short_circuit_operator.py for tasks to queue
[2025-05-16T06:47:18.267+0100] {logging_mixin.py:154} INFO - [2025-05-16T06:47:18.267+0100] {dagbag.py:536} INFO - Filling up the DagBag from /Users/saber/airflow_project/airflow_venv/lib/python3.10/site-packages/airflow/example_dags/example_short_circuit_operator.py
[2025-05-16T06:47:18.277+0100] {processor.py:839} INFO - DAG(s) dict_keys(['example_short_circuit_operator']) retrieved from /Users/saber/airflow_project/airflow_venv/lib/python3.10/site-packages/airflow/example_dags/example_short_circuit_operator.py
[2025-05-16T06:47:18.322+0100] {logging_mixin.py:154} INFO - [2025-05-16T06:47:18.321+0100] {dag.py:2941} INFO - Sync 1 DAGs
[2025-05-16T06:47:18.326+0100] {logging_mixin.py:154} INFO - [2025-05-16T06:47:18.326+0100] {dag.py:3722} INFO - Setting next_dagrun for example_short_circuit_operator to 2025-05-15T05:47:18.326044+00:00, run_after=2025-05-16T05:47:18.326044+00:00
[2025-05-16T06:47:18.330+0100] {processor.py:179} INFO - Processing /Users/saber/airflow_project/airflow_venv/lib/python3.10/site-packages/airflow/example_dags/example_short_circuit_operator.py took 0.065 seconds
[2025-05-16T06:48:14.966+0100] {processor.py:157} INFO - Started process (PID=9326) to work on /Users/saber/airflow_project/airflow_venv/lib/python3.10/site-packages/airflow/example_dags/example_short_circuit_operator.py
[2025-05-16T06:48:14.966+0100] {processor.py:829} INFO - Processing file /Users/saber/airflow_project/airflow_venv/lib/python3.10/site-packages/airflow/example_dags/example_short_circuit_operator.py for tasks to queue
[2025-05-16T06:48:14.967+0100] {logging_mixin.py:154} INFO - [2025-05-16T06:48:14.967+0100] {dagbag.py:536} INFO - Filling up the DagBag from /Users/saber/airflow_project/airflow_venv/lib/python3.10/site-packages/airflow/example_dags/example_short_circuit_operator.py
[2025-05-16T06:48:14.978+0100] {processor.py:839} INFO - DAG(s) dict_keys(['example_short_circuit_operator']) retrieved from /Users/saber/airflow_project/airflow_venv/lib/python3.10/site-packages/airflow/example_dags/example_short_circuit_operator.py
[2025-05-16T06:48:15.024+0100] {logging_mixin.py:154} INFO - [2025-05-16T06:48:15.024+0100] {dag.py:2941} INFO - Sync 1 DAGs
[2025-05-16T06:48:15.028+0100] {logging_mixin.py:154} INFO - [2025-05-16T06:48:15.028+0100] {dag.py:3722} INFO - Setting next_dagrun for example_short_circuit_operator to 2025-05-15T05:48:15.028626+00:00, run_after=2025-05-16T05:48:15.028626+00:00
[2025-05-16T06:48:15.033+0100] {processor.py:179} INFO - Processing /Users/saber/airflow_project/airflow_venv/lib/python3.10/site-packages/airflow/example_dags/example_short_circuit_operator.py took 0.067 seconds
[2025-05-16T06:49:12.812+0100] {processor.py:157} INFO - Started process (PID=9376) to work on /Users/saber/airflow_project/airflow_venv/lib/python3.10/site-packages/airflow/example_dags/example_short_circuit_operator.py
[2025-05-16T06:49:12.812+0100] {processor.py:829} INFO - Processing file /Users/saber/airflow_project/airflow_venv/lib/python3.10/site-packages/airflow/example_dags/example_short_circuit_operator.py for tasks to queue
[2025-05-16T06:49:12.812+0100] {logging_mixin.py:154} INFO - [2025-05-16T06:49:12.812+0100] {dagbag.py:536} INFO - Filling up the DagBag from /Users/saber/airflow_project/airflow_venv/lib/python3.10/site-packages/airflow/example_dags/example_short_circuit_operator.py
[2025-05-16T06:49:12.822+0100] {processor.py:839} INFO - DAG(s) dict_keys(['example_short_circuit_operator']) retrieved from /Users/saber/airflow_project/airflow_venv/lib/python3.10/site-packages/airflow/example_dags/example_short_circuit_operator.py
[2025-05-16T06:49:12.867+0100] {logging_mixin.py:154} INFO - [2025-05-16T06:49:12.867+0100] {dag.py:2941} INFO - Sync 1 DAGs
[2025-05-16T06:49:12.872+0100] {logging_mixin.py:154} INFO - [2025-05-16T06:49:12.871+0100] {dag.py:3722} INFO - Setting next_dagrun for example_short_circuit_operator to 2025-05-15T05:49:12.871942+00:00, run_after=2025-05-16T05:49:12.871942+00:00
[2025-05-16T06:49:12.876+0100] {processor.py:179} INFO - Processing /Users/saber/airflow_project/airflow_venv/lib/python3.10/site-packages/airflow/example_dags/example_short_circuit_operator.py took 0.065 seconds
[2025-05-16T06:50:11.367+0100] {processor.py:157} INFO - Started process (PID=9424) to work on /Users/saber/airflow_project/airflow_venv/lib/python3.10/site-packages/airflow/example_dags/example_short_circuit_operator.py
[2025-05-16T06:50:11.367+0100] {processor.py:829} INFO - Processing file /Users/saber/airflow_project/airflow_venv/lib/python3.10/site-packages/airflow/example_dags/example_short_circuit_operator.py for tasks to queue
[2025-05-16T06:50:11.368+0100] {logging_mixin.py:154} INFO - [2025-05-16T06:50:11.368+0100] {dagbag.py:536} INFO - Filling up the DagBag from /Users/saber/airflow_project/airflow_venv/lib/python3.10/site-packages/airflow/example_dags/example_short_circuit_operator.py
[2025-05-16T06:50:11.378+0100] {processor.py:839} INFO - DAG(s) dict_keys(['example_short_circuit_operator']) retrieved from /Users/saber/airflow_project/airflow_venv/lib/python3.10/site-packages/airflow/example_dags/example_short_circuit_operator.py
[2025-05-16T06:50:11.422+0100] {logging_mixin.py:154} INFO - [2025-05-16T06:50:11.422+0100] {dag.py:2941} INFO - Sync 1 DAGs
[2025-05-16T06:50:11.427+0100] {logging_mixin.py:154} INFO - [2025-05-16T06:50:11.427+0100] {dag.py:3722} INFO - Setting next_dagrun for example_short_circuit_operator to 2025-05-15T05:50:11.426976+00:00, run_after=2025-05-16T05:50:11.426976+00:00
[2025-05-16T06:50:11.431+0100] {processor.py:179} INFO - Processing /Users/saber/airflow_project/airflow_venv/lib/python3.10/site-packages/airflow/example_dags/example_short_circuit_operator.py took 0.065 seconds
[2025-05-16T06:51:09.554+0100] {processor.py:157} INFO - Started process (PID=9481) to work on /Users/saber/airflow_project/airflow_venv/lib/python3.10/site-packages/airflow/example_dags/example_short_circuit_operator.py
[2025-05-16T06:51:09.554+0100] {processor.py:829} INFO - Processing file /Users/saber/airflow_project/airflow_venv/lib/python3.10/site-packages/airflow/example_dags/example_short_circuit_operator.py for tasks to queue
[2025-05-16T06:51:09.555+0100] {logging_mixin.py:154} INFO - [2025-05-16T06:51:09.555+0100] {dagbag.py:536} INFO - Filling up the DagBag from /Users/saber/airflow_project/airflow_venv/lib/python3.10/site-packages/airflow/example_dags/example_short_circuit_operator.py
[2025-05-16T06:51:09.565+0100] {processor.py:839} INFO - DAG(s) dict_keys(['example_short_circuit_operator']) retrieved from /Users/saber/airflow_project/airflow_venv/lib/python3.10/site-packages/airflow/example_dags/example_short_circuit_operator.py
[2025-05-16T06:51:09.611+0100] {logging_mixin.py:154} INFO - [2025-05-16T06:51:09.611+0100] {dag.py:2941} INFO - Sync 1 DAGs
[2025-05-16T06:51:09.615+0100] {logging_mixin.py:154} INFO - [2025-05-16T06:51:09.615+0100] {dag.py:3722} INFO - Setting next_dagrun for example_short_circuit_operator to 2025-05-15T05:51:09.615223+00:00, run_after=2025-05-16T05:51:09.615223+00:00
[2025-05-16T06:51:09.619+0100] {processor.py:179} INFO - Processing /Users/saber/airflow_project/airflow_venv/lib/python3.10/site-packages/airflow/example_dags/example_short_circuit_operator.py took 0.065 seconds
