[2025-05-16T06:37:52.658+0100] {processor.py:157} INFO - Started process (PID=8753) to work on /Users/saber/airflow_project/airflow_venv/lib/python3.10/site-packages/airflow/example_dags/example_nested_branch_dag.py
[2025-05-16T06:37:52.658+0100] {processor.py:829} INFO - Processing file /Users/saber/airflow_project/airflow_venv/lib/python3.10/site-packages/airflow/example_dags/example_nested_branch_dag.py for tasks to queue
[2025-05-16T06:37:52.659+0100] {logging_mixin.py:154} INFO - [2025-05-16T06:37:52.659+0100] {dagbag.py:536} INFO - Filling up the DagBag from /Users/saber/airflow_project/airflow_venv/lib/python3.10/site-packages/airflow/example_dags/example_nested_branch_dag.py
[2025-05-16T06:37:52.673+0100] {processor.py:839} INFO - DAG(s) dict_keys(['example_nested_branch_dag']) retrieved from /Users/saber/airflow_project/airflow_venv/lib/python3.10/site-packages/airflow/example_dags/example_nested_branch_dag.py
[2025-05-16T06:37:52.823+0100] {logging_mixin.py:154} INFO - [2025-05-16T06:37:52.822+0100] {manager.py:499} INFO - Created Permission View: %s
[2025-05-16T06:37:52.824+0100] {logging_mixin.py:154} INFO - [2025-05-16T06:37:52.824+0100] {manager.py:499} INFO - Created Permission View: %s
[2025-05-16T06:37:52.826+0100] {logging_mixin.py:154} INFO - [2025-05-16T06:37:52.826+0100] {manager.py:499} INFO - Created Permission View: %s
[2025-05-16T06:37:52.826+0100] {logging_mixin.py:154} INFO - [2025-05-16T06:37:52.826+0100] {dag.py:2941} INFO - Sync 1 DAGs
[2025-05-16T06:37:52.828+0100] {logging_mixin.py:154} INFO - [2025-05-16T06:37:52.828+0100] {dag.py:2963} INFO - Creating ORM DAG for example_nested_branch_dag
[2025-05-16T06:37:52.830+0100] {logging_mixin.py:154} INFO - [2025-05-16T06:37:52.830+0100] {dag.py:3722} INFO - Setting next_dagrun for example_nested_branch_dag to 2025-05-15T00:00:00+00:00, run_after=2025-05-16T00:00:00+00:00
[2025-05-16T06:37:52.835+0100] {processor.py:179} INFO - Processing /Users/saber/airflow_project/airflow_venv/lib/python3.10/site-packages/airflow/example_dags/example_nested_branch_dag.py took 0.177 seconds
[2025-05-16T06:38:52.242+0100] {processor.py:157} INFO - Started process (PID=8809) to work on /Users/saber/airflow_project/airflow_venv/lib/python3.10/site-packages/airflow/example_dags/example_nested_branch_dag.py
[2025-05-16T06:38:52.242+0100] {processor.py:829} INFO - Processing file /Users/saber/airflow_project/airflow_venv/lib/python3.10/site-packages/airflow/example_dags/example_nested_branch_dag.py for tasks to queue
[2025-05-16T06:38:52.243+0100] {logging_mixin.py:154} INFO - [2025-05-16T06:38:52.243+0100] {dagbag.py:536} INFO - Filling up the DagBag from /Users/saber/airflow_project/airflow_venv/lib/python3.10/site-packages/airflow/example_dags/example_nested_branch_dag.py
[2025-05-16T06:38:52.258+0100] {processor.py:839} INFO - DAG(s) dict_keys(['example_nested_branch_dag']) retrieved from /Users/saber/airflow_project/airflow_venv/lib/python3.10/site-packages/airflow/example_dags/example_nested_branch_dag.py
[2025-05-16T06:38:52.300+0100] {logging_mixin.py:154} INFO - [2025-05-16T06:38:52.300+0100] {dag.py:2941} INFO - Sync 1 DAGs
[2025-05-16T06:38:52.304+0100] {logging_mixin.py:154} INFO - [2025-05-16T06:38:52.304+0100] {dag.py:3722} INFO - Setting next_dagrun for example_nested_branch_dag to 2025-05-15T00:00:00+00:00, run_after=2025-05-16T00:00:00+00:00
[2025-05-16T06:38:52.309+0100] {processor.py:179} INFO - Processing /Users/saber/airflow_project/airflow_venv/lib/python3.10/site-packages/airflow/example_dags/example_nested_branch_dag.py took 0.067 seconds
[2025-05-16T06:39:48.418+0100] {processor.py:157} INFO - Started process (PID=8867) to work on /Users/saber/airflow_project/airflow_venv/lib/python3.10/site-packages/airflow/example_dags/example_nested_branch_dag.py
[2025-05-16T06:39:48.418+0100] {processor.py:829} INFO - Processing file /Users/saber/airflow_project/airflow_venv/lib/python3.10/site-packages/airflow/example_dags/example_nested_branch_dag.py for tasks to queue
[2025-05-16T06:39:48.419+0100] {logging_mixin.py:154} INFO - [2025-05-16T06:39:48.419+0100] {dagbag.py:536} INFO - Filling up the DagBag from /Users/saber/airflow_project/airflow_venv/lib/python3.10/site-packages/airflow/example_dags/example_nested_branch_dag.py
[2025-05-16T06:39:48.434+0100] {processor.py:839} INFO - DAG(s) dict_keys(['example_nested_branch_dag']) retrieved from /Users/saber/airflow_project/airflow_venv/lib/python3.10/site-packages/airflow/example_dags/example_nested_branch_dag.py
[2025-05-16T06:39:48.478+0100] {logging_mixin.py:154} INFO - [2025-05-16T06:39:48.477+0100] {dag.py:2941} INFO - Sync 1 DAGs
[2025-05-16T06:39:48.482+0100] {logging_mixin.py:154} INFO - [2025-05-16T06:39:48.482+0100] {dag.py:3722} INFO - Setting next_dagrun for example_nested_branch_dag to 2025-05-15T00:00:00+00:00, run_after=2025-05-16T00:00:00+00:00
[2025-05-16T06:39:48.487+0100] {processor.py:179} INFO - Processing /Users/saber/airflow_project/airflow_venv/lib/python3.10/site-packages/airflow/example_dags/example_nested_branch_dag.py took 0.070 seconds
[2025-05-16T06:40:48.500+0100] {processor.py:157} INFO - Started process (PID=8920) to work on /Users/saber/airflow_project/airflow_venv/lib/python3.10/site-packages/airflow/example_dags/example_nested_branch_dag.py
[2025-05-16T06:40:48.500+0100] {processor.py:829} INFO - Processing file /Users/saber/airflow_project/airflow_venv/lib/python3.10/site-packages/airflow/example_dags/example_nested_branch_dag.py for tasks to queue
[2025-05-16T06:40:48.501+0100] {logging_mixin.py:154} INFO - [2025-05-16T06:40:48.501+0100] {dagbag.py:536} INFO - Filling up the DagBag from /Users/saber/airflow_project/airflow_venv/lib/python3.10/site-packages/airflow/example_dags/example_nested_branch_dag.py
[2025-05-16T06:40:48.516+0100] {processor.py:839} INFO - DAG(s) dict_keys(['example_nested_branch_dag']) retrieved from /Users/saber/airflow_project/airflow_venv/lib/python3.10/site-packages/airflow/example_dags/example_nested_branch_dag.py
[2025-05-16T06:40:48.558+0100] {logging_mixin.py:154} INFO - [2025-05-16T06:40:48.558+0100] {dag.py:2941} INFO - Sync 1 DAGs
[2025-05-16T06:40:48.563+0100] {logging_mixin.py:154} INFO - [2025-05-16T06:40:48.563+0100] {dag.py:3722} INFO - Setting next_dagrun for example_nested_branch_dag to 2025-05-15T00:00:00+00:00, run_after=2025-05-16T00:00:00+00:00
[2025-05-16T06:40:48.568+0100] {processor.py:179} INFO - Processing /Users/saber/airflow_project/airflow_venv/lib/python3.10/site-packages/airflow/example_dags/example_nested_branch_dag.py took 0.068 seconds
[2025-05-16T06:41:48.669+0100] {processor.py:157} INFO - Started process (PID=8971) to work on /Users/saber/airflow_project/airflow_venv/lib/python3.10/site-packages/airflow/example_dags/example_nested_branch_dag.py
[2025-05-16T06:41:48.670+0100] {processor.py:829} INFO - Processing file /Users/saber/airflow_project/airflow_venv/lib/python3.10/site-packages/airflow/example_dags/example_nested_branch_dag.py for tasks to queue
[2025-05-16T06:41:48.670+0100] {logging_mixin.py:154} INFO - [2025-05-16T06:41:48.670+0100] {dagbag.py:536} INFO - Filling up the DagBag from /Users/saber/airflow_project/airflow_venv/lib/python3.10/site-packages/airflow/example_dags/example_nested_branch_dag.py
[2025-05-16T06:41:48.685+0100] {processor.py:839} INFO - DAG(s) dict_keys(['example_nested_branch_dag']) retrieved from /Users/saber/airflow_project/airflow_venv/lib/python3.10/site-packages/airflow/example_dags/example_nested_branch_dag.py
[2025-05-16T06:41:48.727+0100] {logging_mixin.py:154} INFO - [2025-05-16T06:41:48.727+0100] {dag.py:2941} INFO - Sync 1 DAGs
[2025-05-16T06:41:48.731+0100] {logging_mixin.py:154} INFO - [2025-05-16T06:41:48.731+0100] {dag.py:3722} INFO - Setting next_dagrun for example_nested_branch_dag to 2025-05-15T00:00:00+00:00, run_after=2025-05-16T00:00:00+00:00
[2025-05-16T06:41:48.736+0100] {processor.py:179} INFO - Processing /Users/saber/airflow_project/airflow_venv/lib/python3.10/site-packages/airflow/example_dags/example_nested_branch_dag.py took 0.067 seconds
[2025-05-16T06:42:47.606+0100] {processor.py:157} INFO - Started process (PID=9023) to work on /Users/saber/airflow_project/airflow_venv/lib/python3.10/site-packages/airflow/example_dags/example_nested_branch_dag.py
[2025-05-16T06:42:47.606+0100] {processor.py:829} INFO - Processing file /Users/saber/airflow_project/airflow_venv/lib/python3.10/site-packages/airflow/example_dags/example_nested_branch_dag.py for tasks to queue
[2025-05-16T06:42:47.607+0100] {logging_mixin.py:154} INFO - [2025-05-16T06:42:47.607+0100] {dagbag.py:536} INFO - Filling up the DagBag from /Users/saber/airflow_project/airflow_venv/lib/python3.10/site-packages/airflow/example_dags/example_nested_branch_dag.py
[2025-05-16T06:42:47.621+0100] {processor.py:839} INFO - DAG(s) dict_keys(['example_nested_branch_dag']) retrieved from /Users/saber/airflow_project/airflow_venv/lib/python3.10/site-packages/airflow/example_dags/example_nested_branch_dag.py
[2025-05-16T06:42:47.664+0100] {logging_mixin.py:154} INFO - [2025-05-16T06:42:47.664+0100] {dag.py:2941} INFO - Sync 1 DAGs
[2025-05-16T06:42:47.668+0100] {logging_mixin.py:154} INFO - [2025-05-16T06:42:47.668+0100] {dag.py:3722} INFO - Setting next_dagrun for example_nested_branch_dag to 2025-05-15T00:00:00+00:00, run_after=2025-05-16T00:00:00+00:00
[2025-05-16T06:42:47.673+0100] {processor.py:179} INFO - Processing /Users/saber/airflow_project/airflow_venv/lib/python3.10/site-packages/airflow/example_dags/example_nested_branch_dag.py took 0.068 seconds
[2025-05-16T06:43:42.680+0100] {processor.py:157} INFO - Started process (PID=9070) to work on /Users/saber/airflow_project/airflow_venv/lib/python3.10/site-packages/airflow/example_dags/example_nested_branch_dag.py
[2025-05-16T06:43:42.680+0100] {processor.py:829} INFO - Processing file /Users/saber/airflow_project/airflow_venv/lib/python3.10/site-packages/airflow/example_dags/example_nested_branch_dag.py for tasks to queue
[2025-05-16T06:43:42.681+0100] {logging_mixin.py:154} INFO - [2025-05-16T06:43:42.681+0100] {dagbag.py:536} INFO - Filling up the DagBag from /Users/saber/airflow_project/airflow_venv/lib/python3.10/site-packages/airflow/example_dags/example_nested_branch_dag.py
[2025-05-16T06:43:42.697+0100] {processor.py:839} INFO - DAG(s) dict_keys(['example_nested_branch_dag']) retrieved from /Users/saber/airflow_project/airflow_venv/lib/python3.10/site-packages/airflow/example_dags/example_nested_branch_dag.py
[2025-05-16T06:43:42.742+0100] {logging_mixin.py:154} INFO - [2025-05-16T06:43:42.741+0100] {dag.py:2941} INFO - Sync 1 DAGs
[2025-05-16T06:43:42.747+0100] {logging_mixin.py:154} INFO - [2025-05-16T06:43:42.747+0100] {dag.py:3722} INFO - Setting next_dagrun for example_nested_branch_dag to 2025-05-15T00:00:00+00:00, run_after=2025-05-16T00:00:00+00:00
[2025-05-16T06:43:42.752+0100] {processor.py:179} INFO - Processing /Users/saber/airflow_project/airflow_venv/lib/python3.10/site-packages/airflow/example_dags/example_nested_branch_dag.py took 0.073 seconds
[2025-05-16T06:44:39.875+0100] {processor.py:157} INFO - Started process (PID=9127) to work on /Users/saber/airflow_project/airflow_venv/lib/python3.10/site-packages/airflow/example_dags/example_nested_branch_dag.py
[2025-05-16T06:44:39.875+0100] {processor.py:829} INFO - Processing file /Users/saber/airflow_project/airflow_venv/lib/python3.10/site-packages/airflow/example_dags/example_nested_branch_dag.py for tasks to queue
[2025-05-16T06:44:39.876+0100] {logging_mixin.py:154} INFO - [2025-05-16T06:44:39.876+0100] {dagbag.py:536} INFO - Filling up the DagBag from /Users/saber/airflow_project/airflow_venv/lib/python3.10/site-packages/airflow/example_dags/example_nested_branch_dag.py
[2025-05-16T06:44:39.891+0100] {processor.py:839} INFO - DAG(s) dict_keys(['example_nested_branch_dag']) retrieved from /Users/saber/airflow_project/airflow_venv/lib/python3.10/site-packages/airflow/example_dags/example_nested_branch_dag.py
[2025-05-16T06:44:39.934+0100] {logging_mixin.py:154} INFO - [2025-05-16T06:44:39.934+0100] {dag.py:2941} INFO - Sync 1 DAGs
[2025-05-16T06:44:39.938+0100] {logging_mixin.py:154} INFO - [2025-05-16T06:44:39.938+0100] {dag.py:3722} INFO - Setting next_dagrun for example_nested_branch_dag to 2025-05-15T00:00:00+00:00, run_after=2025-05-16T00:00:00+00:00
[2025-05-16T06:44:39.943+0100] {processor.py:179} INFO - Processing /Users/saber/airflow_project/airflow_venv/lib/python3.10/site-packages/airflow/example_dags/example_nested_branch_dag.py took 0.068 seconds
[2025-05-16T06:45:37.719+0100] {processor.py:157} INFO - Started process (PID=9192) to work on /Users/saber/airflow_project/airflow_venv/lib/python3.10/site-packages/airflow/example_dags/example_nested_branch_dag.py
[2025-05-16T06:45:37.719+0100] {processor.py:829} INFO - Processing file /Users/saber/airflow_project/airflow_venv/lib/python3.10/site-packages/airflow/example_dags/example_nested_branch_dag.py for tasks to queue
[2025-05-16T06:45:37.719+0100] {logging_mixin.py:154} INFO - [2025-05-16T06:45:37.719+0100] {dagbag.py:536} INFO - Filling up the DagBag from /Users/saber/airflow_project/airflow_venv/lib/python3.10/site-packages/airflow/example_dags/example_nested_branch_dag.py
[2025-05-16T06:45:37.735+0100] {processor.py:839} INFO - DAG(s) dict_keys(['example_nested_branch_dag']) retrieved from /Users/saber/airflow_project/airflow_venv/lib/python3.10/site-packages/airflow/example_dags/example_nested_branch_dag.py
[2025-05-16T06:45:37.778+0100] {logging_mixin.py:154} INFO - [2025-05-16T06:45:37.777+0100] {dag.py:2941} INFO - Sync 1 DAGs
[2025-05-16T06:45:37.782+0100] {logging_mixin.py:154} INFO - [2025-05-16T06:45:37.782+0100] {dag.py:3722} INFO - Setting next_dagrun for example_nested_branch_dag to 2025-05-15T00:00:00+00:00, run_after=2025-05-16T00:00:00+00:00
[2025-05-16T06:45:37.787+0100] {processor.py:179} INFO - Processing /Users/saber/airflow_project/airflow_venv/lib/python3.10/site-packages/airflow/example_dags/example_nested_branch_dag.py took 0.069 seconds
[2025-05-16T06:46:37.014+0100] {processor.py:157} INFO - Started process (PID=9243) to work on /Users/saber/airflow_project/airflow_venv/lib/python3.10/site-packages/airflow/example_dags/example_nested_branch_dag.py
[2025-05-16T06:46:37.014+0100] {processor.py:829} INFO - Processing file /Users/saber/airflow_project/airflow_venv/lib/python3.10/site-packages/airflow/example_dags/example_nested_branch_dag.py for tasks to queue
[2025-05-16T06:46:37.015+0100] {logging_mixin.py:154} INFO - [2025-05-16T06:46:37.015+0100] {dagbag.py:536} INFO - Filling up the DagBag from /Users/saber/airflow_project/airflow_venv/lib/python3.10/site-packages/airflow/example_dags/example_nested_branch_dag.py
[2025-05-16T06:46:37.030+0100] {processor.py:839} INFO - DAG(s) dict_keys(['example_nested_branch_dag']) retrieved from /Users/saber/airflow_project/airflow_venv/lib/python3.10/site-packages/airflow/example_dags/example_nested_branch_dag.py
[2025-05-16T06:46:37.072+0100] {logging_mixin.py:154} INFO - [2025-05-16T06:46:37.072+0100] {dag.py:2941} INFO - Sync 1 DAGs
[2025-05-16T06:46:37.076+0100] {logging_mixin.py:154} INFO - [2025-05-16T06:46:37.076+0100] {dag.py:3722} INFO - Setting next_dagrun for example_nested_branch_dag to 2025-05-15T00:00:00+00:00, run_after=2025-05-16T00:00:00+00:00
[2025-05-16T06:46:37.081+0100] {processor.py:179} INFO - Processing /Users/saber/airflow_project/airflow_venv/lib/python3.10/site-packages/airflow/example_dags/example_nested_branch_dag.py took 0.067 seconds
[2025-05-16T06:47:35.646+0100] {processor.py:157} INFO - Started process (PID=9293) to work on /Users/saber/airflow_project/airflow_venv/lib/python3.10/site-packages/airflow/example_dags/example_nested_branch_dag.py
[2025-05-16T06:47:35.647+0100] {processor.py:829} INFO - Processing file /Users/saber/airflow_project/airflow_venv/lib/python3.10/site-packages/airflow/example_dags/example_nested_branch_dag.py for tasks to queue
[2025-05-16T06:47:35.647+0100] {logging_mixin.py:154} INFO - [2025-05-16T06:47:35.647+0100] {dagbag.py:536} INFO - Filling up the DagBag from /Users/saber/airflow_project/airflow_venv/lib/python3.10/site-packages/airflow/example_dags/example_nested_branch_dag.py
[2025-05-16T06:47:35.662+0100] {processor.py:839} INFO - DAG(s) dict_keys(['example_nested_branch_dag']) retrieved from /Users/saber/airflow_project/airflow_venv/lib/python3.10/site-packages/airflow/example_dags/example_nested_branch_dag.py
[2025-05-16T06:47:35.705+0100] {logging_mixin.py:154} INFO - [2025-05-16T06:47:35.705+0100] {dag.py:2941} INFO - Sync 1 DAGs
[2025-05-16T06:47:35.709+0100] {logging_mixin.py:154} INFO - [2025-05-16T06:47:35.709+0100] {dag.py:3722} INFO - Setting next_dagrun for example_nested_branch_dag to 2025-05-15T00:00:00+00:00, run_after=2025-05-16T00:00:00+00:00
[2025-05-16T06:47:35.714+0100] {processor.py:179} INFO - Processing /Users/saber/airflow_project/airflow_venv/lib/python3.10/site-packages/airflow/example_dags/example_nested_branch_dag.py took 0.068 seconds
[2025-05-16T06:48:31.878+0100] {processor.py:157} INFO - Started process (PID=9339) to work on /Users/saber/airflow_project/airflow_venv/lib/python3.10/site-packages/airflow/example_dags/example_nested_branch_dag.py
[2025-05-16T06:48:31.879+0100] {processor.py:829} INFO - Processing file /Users/saber/airflow_project/airflow_venv/lib/python3.10/site-packages/airflow/example_dags/example_nested_branch_dag.py for tasks to queue
[2025-05-16T06:48:31.879+0100] {logging_mixin.py:154} INFO - [2025-05-16T06:48:31.879+0100] {dagbag.py:536} INFO - Filling up the DagBag from /Users/saber/airflow_project/airflow_venv/lib/python3.10/site-packages/airflow/example_dags/example_nested_branch_dag.py
[2025-05-16T06:48:31.895+0100] {processor.py:839} INFO - DAG(s) dict_keys(['example_nested_branch_dag']) retrieved from /Users/saber/airflow_project/airflow_venv/lib/python3.10/site-packages/airflow/example_dags/example_nested_branch_dag.py
[2025-05-16T06:48:31.939+0100] {logging_mixin.py:154} INFO - [2025-05-16T06:48:31.939+0100] {dag.py:2941} INFO - Sync 1 DAGs
[2025-05-16T06:48:31.944+0100] {logging_mixin.py:154} INFO - [2025-05-16T06:48:31.944+0100] {dag.py:3722} INFO - Setting next_dagrun for example_nested_branch_dag to 2025-05-15T00:00:00+00:00, run_after=2025-05-16T00:00:00+00:00
[2025-05-16T06:48:31.949+0100] {processor.py:179} INFO - Processing /Users/saber/airflow_project/airflow_venv/lib/python3.10/site-packages/airflow/example_dags/example_nested_branch_dag.py took 0.071 seconds
[2025-05-16T06:49:31.649+0100] {processor.py:157} INFO - Started process (PID=9392) to work on /Users/saber/airflow_project/airflow_venv/lib/python3.10/site-packages/airflow/example_dags/example_nested_branch_dag.py
[2025-05-16T06:49:31.649+0100] {processor.py:829} INFO - Processing file /Users/saber/airflow_project/airflow_venv/lib/python3.10/site-packages/airflow/example_dags/example_nested_branch_dag.py for tasks to queue
[2025-05-16T06:49:31.650+0100] {logging_mixin.py:154} INFO - [2025-05-16T06:49:31.650+0100] {dagbag.py:536} INFO - Filling up the DagBag from /Users/saber/airflow_project/airflow_venv/lib/python3.10/site-packages/airflow/example_dags/example_nested_branch_dag.py
[2025-05-16T06:49:31.664+0100] {processor.py:839} INFO - DAG(s) dict_keys(['example_nested_branch_dag']) retrieved from /Users/saber/airflow_project/airflow_venv/lib/python3.10/site-packages/airflow/example_dags/example_nested_branch_dag.py
[2025-05-16T06:49:31.707+0100] {logging_mixin.py:154} INFO - [2025-05-16T06:49:31.707+0100] {dag.py:2941} INFO - Sync 1 DAGs
[2025-05-16T06:49:31.711+0100] {logging_mixin.py:154} INFO - [2025-05-16T06:49:31.711+0100] {dag.py:3722} INFO - Setting next_dagrun for example_nested_branch_dag to 2025-05-15T00:00:00+00:00, run_after=2025-05-16T00:00:00+00:00
[2025-05-16T06:49:31.716+0100] {processor.py:179} INFO - Processing /Users/saber/airflow_project/airflow_venv/lib/python3.10/site-packages/airflow/example_dags/example_nested_branch_dag.py took 0.068 seconds
[2025-05-16T06:50:31.853+0100] {processor.py:157} INFO - Started process (PID=9449) to work on /Users/saber/airflow_project/airflow_venv/lib/python3.10/site-packages/airflow/example_dags/example_nested_branch_dag.py
[2025-05-16T06:50:31.854+0100] {processor.py:829} INFO - Processing file /Users/saber/airflow_project/airflow_venv/lib/python3.10/site-packages/airflow/example_dags/example_nested_branch_dag.py for tasks to queue
[2025-05-16T06:50:31.854+0100] {logging_mixin.py:154} INFO - [2025-05-16T06:50:31.854+0100] {dagbag.py:536} INFO - Filling up the DagBag from /Users/saber/airflow_project/airflow_venv/lib/python3.10/site-packages/airflow/example_dags/example_nested_branch_dag.py
[2025-05-16T06:50:31.872+0100] {processor.py:839} INFO - DAG(s) dict_keys(['example_nested_branch_dag']) retrieved from /Users/saber/airflow_project/airflow_venv/lib/python3.10/site-packages/airflow/example_dags/example_nested_branch_dag.py
[2025-05-16T06:50:31.922+0100] {logging_mixin.py:154} INFO - [2025-05-16T06:50:31.922+0100] {dag.py:2941} INFO - Sync 1 DAGs
[2025-05-16T06:50:31.927+0100] {logging_mixin.py:154} INFO - [2025-05-16T06:50:31.927+0100] {dag.py:3722} INFO - Setting next_dagrun for example_nested_branch_dag to 2025-05-15T00:00:00+00:00, run_after=2025-05-16T00:00:00+00:00
[2025-05-16T06:50:31.933+0100] {processor.py:179} INFO - Processing /Users/saber/airflow_project/airflow_venv/lib/python3.10/site-packages/airflow/example_dags/example_nested_branch_dag.py took 0.080 seconds
[2025-05-16T06:51:29.493+0100] {processor.py:157} INFO - Started process (PID=9498) to work on /Users/saber/airflow_project/airflow_venv/lib/python3.10/site-packages/airflow/example_dags/example_nested_branch_dag.py
[2025-05-16T06:51:29.493+0100] {processor.py:829} INFO - Processing file /Users/saber/airflow_project/airflow_venv/lib/python3.10/site-packages/airflow/example_dags/example_nested_branch_dag.py for tasks to queue
[2025-05-16T06:51:29.493+0100] {logging_mixin.py:154} INFO - [2025-05-16T06:51:29.493+0100] {dagbag.py:536} INFO - Filling up the DagBag from /Users/saber/airflow_project/airflow_venv/lib/python3.10/site-packages/airflow/example_dags/example_nested_branch_dag.py
[2025-05-16T06:51:29.508+0100] {processor.py:839} INFO - DAG(s) dict_keys(['example_nested_branch_dag']) retrieved from /Users/saber/airflow_project/airflow_venv/lib/python3.10/site-packages/airflow/example_dags/example_nested_branch_dag.py
[2025-05-16T06:51:29.551+0100] {logging_mixin.py:154} INFO - [2025-05-16T06:51:29.551+0100] {dag.py:2941} INFO - Sync 1 DAGs
[2025-05-16T06:51:29.556+0100] {logging_mixin.py:154} INFO - [2025-05-16T06:51:29.556+0100] {dag.py:3722} INFO - Setting next_dagrun for example_nested_branch_dag to 2025-05-15T00:00:00+00:00, run_after=2025-05-16T00:00:00+00:00
[2025-05-16T06:51:29.561+0100] {processor.py:179} INFO - Processing /Users/saber/airflow_project/airflow_venv/lib/python3.10/site-packages/airflow/example_dags/example_nested_branch_dag.py took 0.068 seconds
