[2025-05-16T06:38:00.257+0100] {processor.py:157} INFO - Started process (PID=8760) to work on /Users/saber/airflow_project/airflow_venv/lib/python3.10/site-packages/airflow/example_dags/example_dynamic_task_mapping_with_no_taskflow_operators.py
[2025-05-16T06:38:00.257+0100] {processor.py:829} INFO - Processing file /Users/saber/airflow_project/airflow_venv/lib/python3.10/site-packages/airflow/example_dags/example_dynamic_task_mapping_with_no_taskflow_operators.py for tasks to queue
[2025-05-16T06:38:00.258+0100] {logging_mixin.py:154} INFO - [2025-05-16T06:38:00.258+0100] {dagbag.py:536} INFO - Filling up the DagBag from /Users/saber/airflow_project/airflow_venv/lib/python3.10/site-packages/airflow/example_dags/example_dynamic_task_mapping_with_no_taskflow_operators.py
[2025-05-16T06:38:00.264+0100] {processor.py:839} INFO - DAG(s) dict_keys(['example_dynamic_task_mapping_with_no_taskflow_operators']) retrieved from /Users/saber/airflow_project/airflow_venv/lib/python3.10/site-packages/airflow/example_dags/example_dynamic_task_mapping_with_no_taskflow_operators.py
[2025-05-16T06:38:00.414+0100] {logging_mixin.py:154} INFO - [2025-05-16T06:38:00.414+0100] {manager.py:499} INFO - Created Permission View: %s
[2025-05-16T06:38:00.416+0100] {logging_mixin.py:154} INFO - [2025-05-16T06:38:00.416+0100] {manager.py:499} INFO - Created Permission View: %s
[2025-05-16T06:38:00.418+0100] {logging_mixin.py:154} INFO - [2025-05-16T06:38:00.418+0100] {manager.py:499} INFO - Created Permission View: %s
[2025-05-16T06:38:00.418+0100] {logging_mixin.py:154} INFO - [2025-05-16T06:38:00.418+0100] {dag.py:2941} INFO - Sync 1 DAGs
[2025-05-16T06:38:00.420+0100] {logging_mixin.py:154} INFO - [2025-05-16T06:38:00.420+0100] {dag.py:2963} INFO - Creating ORM DAG for example_dynamic_task_mapping_with_no_taskflow_operators
[2025-05-16T06:38:00.422+0100] {logging_mixin.py:154} INFO - [2025-05-16T06:38:00.422+0100] {dag.py:3722} INFO - Setting next_dagrun for example_dynamic_task_mapping_with_no_taskflow_operators to 2025-05-15T05:38:00.422419+00:00, run_after=2025-05-16T05:38:00.422419+00:00
[2025-05-16T06:38:00.426+0100] {processor.py:179} INFO - Processing /Users/saber/airflow_project/airflow_venv/lib/python3.10/site-packages/airflow/example_dags/example_dynamic_task_mapping_with_no_taskflow_operators.py took 0.169 seconds
[2025-05-16T06:39:00.155+0100] {processor.py:157} INFO - Started process (PID=8815) to work on /Users/saber/airflow_project/airflow_venv/lib/python3.10/site-packages/airflow/example_dags/example_dynamic_task_mapping_with_no_taskflow_operators.py
[2025-05-16T06:39:00.156+0100] {processor.py:829} INFO - Processing file /Users/saber/airflow_project/airflow_venv/lib/python3.10/site-packages/airflow/example_dags/example_dynamic_task_mapping_with_no_taskflow_operators.py for tasks to queue
[2025-05-16T06:39:00.156+0100] {logging_mixin.py:154} INFO - [2025-05-16T06:39:00.156+0100] {dagbag.py:536} INFO - Filling up the DagBag from /Users/saber/airflow_project/airflow_venv/lib/python3.10/site-packages/airflow/example_dags/example_dynamic_task_mapping_with_no_taskflow_operators.py
[2025-05-16T06:39:00.163+0100] {processor.py:839} INFO - DAG(s) dict_keys(['example_dynamic_task_mapping_with_no_taskflow_operators']) retrieved from /Users/saber/airflow_project/airflow_venv/lib/python3.10/site-packages/airflow/example_dags/example_dynamic_task_mapping_with_no_taskflow_operators.py
[2025-05-16T06:39:00.206+0100] {logging_mixin.py:154} INFO - [2025-05-16T06:39:00.206+0100] {dag.py:2941} INFO - Sync 1 DAGs
[2025-05-16T06:39:00.211+0100] {logging_mixin.py:154} INFO - [2025-05-16T06:39:00.211+0100] {dag.py:3722} INFO - Setting next_dagrun for example_dynamic_task_mapping_with_no_taskflow_operators to 2025-05-15T05:39:00.210972+00:00, run_after=2025-05-16T05:39:00.210972+00:00
[2025-05-16T06:39:00.215+0100] {processor.py:179} INFO - Processing /Users/saber/airflow_project/airflow_venv/lib/python3.10/site-packages/airflow/example_dags/example_dynamic_task_mapping_with_no_taskflow_operators.py took 0.060 seconds
[2025-05-16T06:39:55.861+0100] {processor.py:157} INFO - Started process (PID=8877) to work on /Users/saber/airflow_project/airflow_venv/lib/python3.10/site-packages/airflow/example_dags/example_dynamic_task_mapping_with_no_taskflow_operators.py
[2025-05-16T06:39:55.861+0100] {processor.py:829} INFO - Processing file /Users/saber/airflow_project/airflow_venv/lib/python3.10/site-packages/airflow/example_dags/example_dynamic_task_mapping_with_no_taskflow_operators.py for tasks to queue
[2025-05-16T06:39:55.862+0100] {logging_mixin.py:154} INFO - [2025-05-16T06:39:55.862+0100] {dagbag.py:536} INFO - Filling up the DagBag from /Users/saber/airflow_project/airflow_venv/lib/python3.10/site-packages/airflow/example_dags/example_dynamic_task_mapping_with_no_taskflow_operators.py
[2025-05-16T06:39:55.870+0100] {processor.py:839} INFO - DAG(s) dict_keys(['example_dynamic_task_mapping_with_no_taskflow_operators']) retrieved from /Users/saber/airflow_project/airflow_venv/lib/python3.10/site-packages/airflow/example_dags/example_dynamic_task_mapping_with_no_taskflow_operators.py
[2025-05-16T06:39:55.921+0100] {logging_mixin.py:154} INFO - [2025-05-16T06:39:55.921+0100] {dag.py:2941} INFO - Sync 1 DAGs
[2025-05-16T06:39:55.926+0100] {logging_mixin.py:154} INFO - [2025-05-16T06:39:55.926+0100] {dag.py:3722} INFO - Setting next_dagrun for example_dynamic_task_mapping_with_no_taskflow_operators to 2025-05-15T05:39:55.926477+00:00, run_after=2025-05-16T05:39:55.926477+00:00
[2025-05-16T06:39:55.931+0100] {processor.py:179} INFO - Processing /Users/saber/airflow_project/airflow_venv/lib/python3.10/site-packages/airflow/example_dags/example_dynamic_task_mapping_with_no_taskflow_operators.py took 0.071 seconds
[2025-05-16T06:40:56.383+0100] {processor.py:157} INFO - Started process (PID=8928) to work on /Users/saber/airflow_project/airflow_venv/lib/python3.10/site-packages/airflow/example_dags/example_dynamic_task_mapping_with_no_taskflow_operators.py
[2025-05-16T06:40:56.383+0100] {processor.py:829} INFO - Processing file /Users/saber/airflow_project/airflow_venv/lib/python3.10/site-packages/airflow/example_dags/example_dynamic_task_mapping_with_no_taskflow_operators.py for tasks to queue
[2025-05-16T06:40:56.383+0100] {logging_mixin.py:154} INFO - [2025-05-16T06:40:56.383+0100] {dagbag.py:536} INFO - Filling up the DagBag from /Users/saber/airflow_project/airflow_venv/lib/python3.10/site-packages/airflow/example_dags/example_dynamic_task_mapping_with_no_taskflow_operators.py
[2025-05-16T06:40:56.390+0100] {processor.py:839} INFO - DAG(s) dict_keys(['example_dynamic_task_mapping_with_no_taskflow_operators']) retrieved from /Users/saber/airflow_project/airflow_venv/lib/python3.10/site-packages/airflow/example_dags/example_dynamic_task_mapping_with_no_taskflow_operators.py
[2025-05-16T06:40:56.433+0100] {logging_mixin.py:154} INFO - [2025-05-16T06:40:56.433+0100] {dag.py:2941} INFO - Sync 1 DAGs
[2025-05-16T06:40:56.438+0100] {logging_mixin.py:154} INFO - [2025-05-16T06:40:56.438+0100] {dag.py:3722} INFO - Setting next_dagrun for example_dynamic_task_mapping_with_no_taskflow_operators to 2025-05-15T05:40:56.438019+00:00, run_after=2025-05-16T05:40:56.438019+00:00
[2025-05-16T06:40:56.442+0100] {processor.py:179} INFO - Processing /Users/saber/airflow_project/airflow_venv/lib/python3.10/site-packages/airflow/example_dags/example_dynamic_task_mapping_with_no_taskflow_operators.py took 0.060 seconds
[2025-05-16T06:41:56.183+0100] {processor.py:157} INFO - Started process (PID=8981) to work on /Users/saber/airflow_project/airflow_venv/lib/python3.10/site-packages/airflow/example_dags/example_dynamic_task_mapping_with_no_taskflow_operators.py
[2025-05-16T06:41:56.183+0100] {processor.py:829} INFO - Processing file /Users/saber/airflow_project/airflow_venv/lib/python3.10/site-packages/airflow/example_dags/example_dynamic_task_mapping_with_no_taskflow_operators.py for tasks to queue
[2025-05-16T06:41:56.184+0100] {logging_mixin.py:154} INFO - [2025-05-16T06:41:56.184+0100] {dagbag.py:536} INFO - Filling up the DagBag from /Users/saber/airflow_project/airflow_venv/lib/python3.10/site-packages/airflow/example_dags/example_dynamic_task_mapping_with_no_taskflow_operators.py
[2025-05-16T06:41:56.190+0100] {processor.py:839} INFO - DAG(s) dict_keys(['example_dynamic_task_mapping_with_no_taskflow_operators']) retrieved from /Users/saber/airflow_project/airflow_venv/lib/python3.10/site-packages/airflow/example_dags/example_dynamic_task_mapping_with_no_taskflow_operators.py
[2025-05-16T06:41:56.234+0100] {logging_mixin.py:154} INFO - [2025-05-16T06:41:56.234+0100] {dag.py:2941} INFO - Sync 1 DAGs
[2025-05-16T06:41:56.239+0100] {logging_mixin.py:154} INFO - [2025-05-16T06:41:56.239+0100] {dag.py:3722} INFO - Setting next_dagrun for example_dynamic_task_mapping_with_no_taskflow_operators to 2025-05-15T05:41:56.239471+00:00, run_after=2025-05-16T05:41:56.239471+00:00
[2025-05-16T06:41:56.244+0100] {processor.py:179} INFO - Processing /Users/saber/airflow_project/airflow_venv/lib/python3.10/site-packages/airflow/example_dags/example_dynamic_task_mapping_with_no_taskflow_operators.py took 0.061 seconds
[2025-05-16T06:42:54.005+0100] {processor.py:157} INFO - Started process (PID=9029) to work on /Users/saber/airflow_project/airflow_venv/lib/python3.10/site-packages/airflow/example_dags/example_dynamic_task_mapping_with_no_taskflow_operators.py
[2025-05-16T06:42:54.005+0100] {processor.py:829} INFO - Processing file /Users/saber/airflow_project/airflow_venv/lib/python3.10/site-packages/airflow/example_dags/example_dynamic_task_mapping_with_no_taskflow_operators.py for tasks to queue
[2025-05-16T06:42:54.005+0100] {logging_mixin.py:154} INFO - [2025-05-16T06:42:54.005+0100] {dagbag.py:536} INFO - Filling up the DagBag from /Users/saber/airflow_project/airflow_venv/lib/python3.10/site-packages/airflow/example_dags/example_dynamic_task_mapping_with_no_taskflow_operators.py
[2025-05-16T06:42:54.012+0100] {processor.py:839} INFO - DAG(s) dict_keys(['example_dynamic_task_mapping_with_no_taskflow_operators']) retrieved from /Users/saber/airflow_project/airflow_venv/lib/python3.10/site-packages/airflow/example_dags/example_dynamic_task_mapping_with_no_taskflow_operators.py
[2025-05-16T06:42:54.056+0100] {logging_mixin.py:154} INFO - [2025-05-16T06:42:54.056+0100] {dag.py:2941} INFO - Sync 1 DAGs
[2025-05-16T06:42:54.060+0100] {logging_mixin.py:154} INFO - [2025-05-16T06:42:54.060+0100] {dag.py:3722} INFO - Setting next_dagrun for example_dynamic_task_mapping_with_no_taskflow_operators to 2025-05-15T05:42:54.060451+00:00, run_after=2025-05-16T05:42:54.060451+00:00
[2025-05-16T06:42:54.065+0100] {processor.py:179} INFO - Processing /Users/saber/airflow_project/airflow_venv/lib/python3.10/site-packages/airflow/example_dags/example_dynamic_task_mapping_with_no_taskflow_operators.py took 0.060 seconds
[2025-05-16T06:43:50.161+0100] {processor.py:157} INFO - Started process (PID=9076) to work on /Users/saber/airflow_project/airflow_venv/lib/python3.10/site-packages/airflow/example_dags/example_dynamic_task_mapping_with_no_taskflow_operators.py
[2025-05-16T06:43:50.162+0100] {processor.py:829} INFO - Processing file /Users/saber/airflow_project/airflow_venv/lib/python3.10/site-packages/airflow/example_dags/example_dynamic_task_mapping_with_no_taskflow_operators.py for tasks to queue
[2025-05-16T06:43:50.162+0100] {logging_mixin.py:154} INFO - [2025-05-16T06:43:50.162+0100] {dagbag.py:536} INFO - Filling up the DagBag from /Users/saber/airflow_project/airflow_venv/lib/python3.10/site-packages/airflow/example_dags/example_dynamic_task_mapping_with_no_taskflow_operators.py
[2025-05-16T06:43:50.169+0100] {processor.py:839} INFO - DAG(s) dict_keys(['example_dynamic_task_mapping_with_no_taskflow_operators']) retrieved from /Users/saber/airflow_project/airflow_venv/lib/python3.10/site-packages/airflow/example_dags/example_dynamic_task_mapping_with_no_taskflow_operators.py
[2025-05-16T06:43:50.213+0100] {logging_mixin.py:154} INFO - [2025-05-16T06:43:50.213+0100] {dag.py:2941} INFO - Sync 1 DAGs
[2025-05-16T06:43:50.217+0100] {logging_mixin.py:154} INFO - [2025-05-16T06:43:50.217+0100] {dag.py:3722} INFO - Setting next_dagrun for example_dynamic_task_mapping_with_no_taskflow_operators to 2025-05-15T05:43:50.217459+00:00, run_after=2025-05-16T05:43:50.217459+00:00
[2025-05-16T06:43:50.222+0100] {processor.py:179} INFO - Processing /Users/saber/airflow_project/airflow_venv/lib/python3.10/site-packages/airflow/example_dags/example_dynamic_task_mapping_with_no_taskflow_operators.py took 0.060 seconds
[2025-05-16T06:44:47.382+0100] {processor.py:157} INFO - Started process (PID=9133) to work on /Users/saber/airflow_project/airflow_venv/lib/python3.10/site-packages/airflow/example_dags/example_dynamic_task_mapping_with_no_taskflow_operators.py
[2025-05-16T06:44:47.383+0100] {processor.py:829} INFO - Processing file /Users/saber/airflow_project/airflow_venv/lib/python3.10/site-packages/airflow/example_dags/example_dynamic_task_mapping_with_no_taskflow_operators.py for tasks to queue
[2025-05-16T06:44:47.383+0100] {logging_mixin.py:154} INFO - [2025-05-16T06:44:47.383+0100] {dagbag.py:536} INFO - Filling up the DagBag from /Users/saber/airflow_project/airflow_venv/lib/python3.10/site-packages/airflow/example_dags/example_dynamic_task_mapping_with_no_taskflow_operators.py
[2025-05-16T06:44:47.390+0100] {processor.py:839} INFO - DAG(s) dict_keys(['example_dynamic_task_mapping_with_no_taskflow_operators']) retrieved from /Users/saber/airflow_project/airflow_venv/lib/python3.10/site-packages/airflow/example_dags/example_dynamic_task_mapping_with_no_taskflow_operators.py
[2025-05-16T06:44:47.433+0100] {logging_mixin.py:154} INFO - [2025-05-16T06:44:47.433+0100] {dag.py:2941} INFO - Sync 1 DAGs
[2025-05-16T06:44:47.438+0100] {logging_mixin.py:154} INFO - [2025-05-16T06:44:47.437+0100] {dag.py:3722} INFO - Setting next_dagrun for example_dynamic_task_mapping_with_no_taskflow_operators to 2025-05-15T05:44:47.437917+00:00, run_after=2025-05-16T05:44:47.437917+00:00
[2025-05-16T06:44:47.442+0100] {processor.py:179} INFO - Processing /Users/saber/airflow_project/airflow_venv/lib/python3.10/site-packages/airflow/example_dags/example_dynamic_task_mapping_with_no_taskflow_operators.py took 0.060 seconds
[2025-05-16T06:45:45.218+0100] {processor.py:157} INFO - Started process (PID=9199) to work on /Users/saber/airflow_project/airflow_venv/lib/python3.10/site-packages/airflow/example_dags/example_dynamic_task_mapping_with_no_taskflow_operators.py
[2025-05-16T06:45:45.218+0100] {processor.py:829} INFO - Processing file /Users/saber/airflow_project/airflow_venv/lib/python3.10/site-packages/airflow/example_dags/example_dynamic_task_mapping_with_no_taskflow_operators.py for tasks to queue
[2025-05-16T06:45:45.219+0100] {logging_mixin.py:154} INFO - [2025-05-16T06:45:45.219+0100] {dagbag.py:536} INFO - Filling up the DagBag from /Users/saber/airflow_project/airflow_venv/lib/python3.10/site-packages/airflow/example_dags/example_dynamic_task_mapping_with_no_taskflow_operators.py
[2025-05-16T06:45:45.225+0100] {processor.py:839} INFO - DAG(s) dict_keys(['example_dynamic_task_mapping_with_no_taskflow_operators']) retrieved from /Users/saber/airflow_project/airflow_venv/lib/python3.10/site-packages/airflow/example_dags/example_dynamic_task_mapping_with_no_taskflow_operators.py
[2025-05-16T06:45:45.269+0100] {logging_mixin.py:154} INFO - [2025-05-16T06:45:45.269+0100] {dag.py:2941} INFO - Sync 1 DAGs
[2025-05-16T06:45:45.273+0100] {logging_mixin.py:154} INFO - [2025-05-16T06:45:45.273+0100] {dag.py:3722} INFO - Setting next_dagrun for example_dynamic_task_mapping_with_no_taskflow_operators to 2025-05-15T05:45:45.273896+00:00, run_after=2025-05-16T05:45:45.273896+00:00
[2025-05-16T06:45:45.278+0100] {processor.py:179} INFO - Processing /Users/saber/airflow_project/airflow_venv/lib/python3.10/site-packages/airflow/example_dags/example_dynamic_task_mapping_with_no_taskflow_operators.py took 0.060 seconds
[2025-05-16T06:46:44.556+0100] {processor.py:157} INFO - Started process (PID=9250) to work on /Users/saber/airflow_project/airflow_venv/lib/python3.10/site-packages/airflow/example_dags/example_dynamic_task_mapping_with_no_taskflow_operators.py
[2025-05-16T06:46:44.557+0100] {processor.py:829} INFO - Processing file /Users/saber/airflow_project/airflow_venv/lib/python3.10/site-packages/airflow/example_dags/example_dynamic_task_mapping_with_no_taskflow_operators.py for tasks to queue
[2025-05-16T06:46:44.557+0100] {logging_mixin.py:154} INFO - [2025-05-16T06:46:44.557+0100] {dagbag.py:536} INFO - Filling up the DagBag from /Users/saber/airflow_project/airflow_venv/lib/python3.10/site-packages/airflow/example_dags/example_dynamic_task_mapping_with_no_taskflow_operators.py
[2025-05-16T06:46:44.564+0100] {processor.py:839} INFO - DAG(s) dict_keys(['example_dynamic_task_mapping_with_no_taskflow_operators']) retrieved from /Users/saber/airflow_project/airflow_venv/lib/python3.10/site-packages/airflow/example_dags/example_dynamic_task_mapping_with_no_taskflow_operators.py
[2025-05-16T06:46:44.607+0100] {logging_mixin.py:154} INFO - [2025-05-16T06:46:44.607+0100] {dag.py:2941} INFO - Sync 1 DAGs
[2025-05-16T06:46:44.611+0100] {logging_mixin.py:154} INFO - [2025-05-16T06:46:44.611+0100] {dag.py:3722} INFO - Setting next_dagrun for example_dynamic_task_mapping_with_no_taskflow_operators to 2025-05-15T05:46:44.611566+00:00, run_after=2025-05-16T05:46:44.611566+00:00
[2025-05-16T06:46:44.615+0100] {processor.py:179} INFO - Processing /Users/saber/airflow_project/airflow_venv/lib/python3.10/site-packages/airflow/example_dags/example_dynamic_task_mapping_with_no_taskflow_operators.py took 0.059 seconds
[2025-05-16T06:47:42.539+0100] {processor.py:157} INFO - Started process (PID=9299) to work on /Users/saber/airflow_project/airflow_venv/lib/python3.10/site-packages/airflow/example_dags/example_dynamic_task_mapping_with_no_taskflow_operators.py
[2025-05-16T06:47:42.540+0100] {processor.py:829} INFO - Processing file /Users/saber/airflow_project/airflow_venv/lib/python3.10/site-packages/airflow/example_dags/example_dynamic_task_mapping_with_no_taskflow_operators.py for tasks to queue
[2025-05-16T06:47:42.540+0100] {logging_mixin.py:154} INFO - [2025-05-16T06:47:42.540+0100] {dagbag.py:536} INFO - Filling up the DagBag from /Users/saber/airflow_project/airflow_venv/lib/python3.10/site-packages/airflow/example_dags/example_dynamic_task_mapping_with_no_taskflow_operators.py
[2025-05-16T06:47:42.547+0100] {processor.py:839} INFO - DAG(s) dict_keys(['example_dynamic_task_mapping_with_no_taskflow_operators']) retrieved from /Users/saber/airflow_project/airflow_venv/lib/python3.10/site-packages/airflow/example_dags/example_dynamic_task_mapping_with_no_taskflow_operators.py
[2025-05-16T06:47:42.591+0100] {logging_mixin.py:154} INFO - [2025-05-16T06:47:42.591+0100] {dag.py:2941} INFO - Sync 1 DAGs
[2025-05-16T06:47:42.595+0100] {logging_mixin.py:154} INFO - [2025-05-16T06:47:42.595+0100] {dag.py:3722} INFO - Setting next_dagrun for example_dynamic_task_mapping_with_no_taskflow_operators to 2025-05-15T05:47:42.595482+00:00, run_after=2025-05-16T05:47:42.595482+00:00
[2025-05-16T06:47:42.600+0100] {processor.py:179} INFO - Processing /Users/saber/airflow_project/airflow_venv/lib/python3.10/site-packages/airflow/example_dags/example_dynamic_task_mapping_with_no_taskflow_operators.py took 0.060 seconds
[2025-05-16T06:48:39.993+0100] {processor.py:157} INFO - Started process (PID=9348) to work on /Users/saber/airflow_project/airflow_venv/lib/python3.10/site-packages/airflow/example_dags/example_dynamic_task_mapping_with_no_taskflow_operators.py
[2025-05-16T06:48:39.993+0100] {processor.py:829} INFO - Processing file /Users/saber/airflow_project/airflow_venv/lib/python3.10/site-packages/airflow/example_dags/example_dynamic_task_mapping_with_no_taskflow_operators.py for tasks to queue
[2025-05-16T06:48:39.994+0100] {logging_mixin.py:154} INFO - [2025-05-16T06:48:39.994+0100] {dagbag.py:536} INFO - Filling up the DagBag from /Users/saber/airflow_project/airflow_venv/lib/python3.10/site-packages/airflow/example_dags/example_dynamic_task_mapping_with_no_taskflow_operators.py
[2025-05-16T06:48:40.000+0100] {processor.py:839} INFO - DAG(s) dict_keys(['example_dynamic_task_mapping_with_no_taskflow_operators']) retrieved from /Users/saber/airflow_project/airflow_venv/lib/python3.10/site-packages/airflow/example_dags/example_dynamic_task_mapping_with_no_taskflow_operators.py
[2025-05-16T06:48:40.044+0100] {logging_mixin.py:154} INFO - [2025-05-16T06:48:40.044+0100] {dag.py:2941} INFO - Sync 1 DAGs
[2025-05-16T06:48:40.048+0100] {logging_mixin.py:154} INFO - [2025-05-16T06:48:40.048+0100] {dag.py:3722} INFO - Setting next_dagrun for example_dynamic_task_mapping_with_no_taskflow_operators to 2025-05-15T05:48:40.048513+00:00, run_after=2025-05-16T05:48:40.048513+00:00
[2025-05-16T06:48:40.053+0100] {processor.py:179} INFO - Processing /Users/saber/airflow_project/airflow_venv/lib/python3.10/site-packages/airflow/example_dags/example_dynamic_task_mapping_with_no_taskflow_operators.py took 0.060 seconds
[2025-05-16T06:49:39.386+0100] {processor.py:157} INFO - Started process (PID=9399) to work on /Users/saber/airflow_project/airflow_venv/lib/python3.10/site-packages/airflow/example_dags/example_dynamic_task_mapping_with_no_taskflow_operators.py
[2025-05-16T06:49:39.387+0100] {processor.py:829} INFO - Processing file /Users/saber/airflow_project/airflow_venv/lib/python3.10/site-packages/airflow/example_dags/example_dynamic_task_mapping_with_no_taskflow_operators.py for tasks to queue
[2025-05-16T06:49:39.387+0100] {logging_mixin.py:154} INFO - [2025-05-16T06:49:39.387+0100] {dagbag.py:536} INFO - Filling up the DagBag from /Users/saber/airflow_project/airflow_venv/lib/python3.10/site-packages/airflow/example_dags/example_dynamic_task_mapping_with_no_taskflow_operators.py
[2025-05-16T06:49:39.394+0100] {processor.py:839} INFO - DAG(s) dict_keys(['example_dynamic_task_mapping_with_no_taskflow_operators']) retrieved from /Users/saber/airflow_project/airflow_venv/lib/python3.10/site-packages/airflow/example_dags/example_dynamic_task_mapping_with_no_taskflow_operators.py
[2025-05-16T06:49:39.437+0100] {logging_mixin.py:154} INFO - [2025-05-16T06:49:39.437+0100] {dag.py:2941} INFO - Sync 1 DAGs
[2025-05-16T06:49:39.441+0100] {logging_mixin.py:154} INFO - [2025-05-16T06:49:39.441+0100] {dag.py:3722} INFO - Setting next_dagrun for example_dynamic_task_mapping_with_no_taskflow_operators to 2025-05-15T05:49:39.441859+00:00, run_after=2025-05-16T05:49:39.441859+00:00
[2025-05-16T06:49:39.446+0100] {processor.py:179} INFO - Processing /Users/saber/airflow_project/airflow_venv/lib/python3.10/site-packages/airflow/example_dags/example_dynamic_task_mapping_with_no_taskflow_operators.py took 0.060 seconds
[2025-05-16T06:50:39.189+0100] {processor.py:157} INFO - Started process (PID=9456) to work on /Users/saber/airflow_project/airflow_venv/lib/python3.10/site-packages/airflow/example_dags/example_dynamic_task_mapping_with_no_taskflow_operators.py
[2025-05-16T06:50:39.189+0100] {processor.py:829} INFO - Processing file /Users/saber/airflow_project/airflow_venv/lib/python3.10/site-packages/airflow/example_dags/example_dynamic_task_mapping_with_no_taskflow_operators.py for tasks to queue
[2025-05-16T06:50:39.189+0100] {logging_mixin.py:154} INFO - [2025-05-16T06:50:39.189+0100] {dagbag.py:536} INFO - Filling up the DagBag from /Users/saber/airflow_project/airflow_venv/lib/python3.10/site-packages/airflow/example_dags/example_dynamic_task_mapping_with_no_taskflow_operators.py
[2025-05-16T06:50:39.196+0100] {processor.py:839} INFO - DAG(s) dict_keys(['example_dynamic_task_mapping_with_no_taskflow_operators']) retrieved from /Users/saber/airflow_project/airflow_venv/lib/python3.10/site-packages/airflow/example_dags/example_dynamic_task_mapping_with_no_taskflow_operators.py
[2025-05-16T06:50:39.242+0100] {logging_mixin.py:154} INFO - [2025-05-16T06:50:39.242+0100] {dag.py:2941} INFO - Sync 1 DAGs
[2025-05-16T06:50:39.246+0100] {logging_mixin.py:154} INFO - [2025-05-16T06:50:39.246+0100] {dag.py:3722} INFO - Setting next_dagrun for example_dynamic_task_mapping_with_no_taskflow_operators to 2025-05-15T05:50:39.246838+00:00, run_after=2025-05-16T05:50:39.246838+00:00
[2025-05-16T06:50:39.251+0100] {processor.py:179} INFO - Processing /Users/saber/airflow_project/airflow_venv/lib/python3.10/site-packages/airflow/example_dags/example_dynamic_task_mapping_with_no_taskflow_operators.py took 0.063 seconds
