[2025-05-16T06:37:35.855+0100] {processor.py:157} INFO - Started process (PID=8741) to work on /Users/saber/airflow_project/airflow_venv/lib/python3.10/site-packages/airflow/example_dags/example_sla_dag.py
[2025-05-16T06:37:35.855+0100] {processor.py:829} INFO - Processing file /Users/saber/airflow_project/airflow_venv/lib/python3.10/site-packages/airflow/example_dags/example_sla_dag.py for tasks to queue
[2025-05-16T06:37:35.856+0100] {logging_mixin.py:154} INFO - [2025-05-16T06:37:35.856+0100] {dagbag.py:536} INFO - Filling up the DagBag from /Users/saber/airflow_project/airflow_venv/lib/python3.10/site-packages/airflow/example_dags/example_sla_dag.py
[2025-05-16T06:37:35.870+0100] {processor.py:839} INFO - DAG(s) dict_keys(['example_sla_dag']) retrieved from /Users/saber/airflow_project/airflow_venv/lib/python3.10/site-packages/airflow/example_dags/example_sla_dag.py
[2025-05-16T06:37:36.020+0100] {logging_mixin.py:154} INFO - [2025-05-16T06:37:36.020+0100] {manager.py:499} INFO - Created Permission View: %s
[2025-05-16T06:37:36.022+0100] {logging_mixin.py:154} INFO - [2025-05-16T06:37:36.022+0100] {manager.py:499} INFO - Created Permission View: %s
[2025-05-16T06:37:36.024+0100] {logging_mixin.py:154} INFO - [2025-05-16T06:37:36.024+0100] {manager.py:499} INFO - Created Permission View: %s
[2025-05-16T06:37:36.024+0100] {logging_mixin.py:154} INFO - [2025-05-16T06:37:36.024+0100] {dag.py:2941} INFO - Sync 1 DAGs
[2025-05-16T06:37:36.026+0100] {logging_mixin.py:154} INFO - [2025-05-16T06:37:36.026+0100] {dag.py:2963} INFO - Creating ORM DAG for example_sla_dag
[2025-05-16T06:37:36.029+0100] {logging_mixin.py:154} INFO - [2025-05-16T06:37:36.029+0100] {dag.py:3722} INFO - Setting next_dagrun for example_sla_dag to 2025-05-16T05:34:00+00:00, run_after=2025-05-16T05:36:00+00:00
[2025-05-16T06:37:36.033+0100] {processor.py:179} INFO - Processing /Users/saber/airflow_project/airflow_venv/lib/python3.10/site-packages/airflow/example_dags/example_sla_dag.py took 0.178 seconds
[2025-05-16T06:38:36.200+0100] {processor.py:157} INFO - Started process (PID=8796) to work on /Users/saber/airflow_project/airflow_venv/lib/python3.10/site-packages/airflow/example_dags/example_sla_dag.py
[2025-05-16T06:38:36.200+0100] {processor.py:829} INFO - Processing file /Users/saber/airflow_project/airflow_venv/lib/python3.10/site-packages/airflow/example_dags/example_sla_dag.py for tasks to queue
[2025-05-16T06:38:36.201+0100] {logging_mixin.py:154} INFO - [2025-05-16T06:38:36.201+0100] {dagbag.py:536} INFO - Filling up the DagBag from /Users/saber/airflow_project/airflow_venv/lib/python3.10/site-packages/airflow/example_dags/example_sla_dag.py
[2025-05-16T06:38:36.215+0100] {processor.py:839} INFO - DAG(s) dict_keys(['example_sla_dag']) retrieved from /Users/saber/airflow_project/airflow_venv/lib/python3.10/site-packages/airflow/example_dags/example_sla_dag.py
[2025-05-16T06:38:36.257+0100] {logging_mixin.py:154} INFO - [2025-05-16T06:38:36.257+0100] {dag.py:2941} INFO - Sync 1 DAGs
[2025-05-16T06:38:36.262+0100] {logging_mixin.py:154} INFO - [2025-05-16T06:38:36.262+0100] {dag.py:3722} INFO - Setting next_dagrun for example_sla_dag to 2025-05-16T05:36:00+00:00, run_after=2025-05-16T05:38:00+00:00
[2025-05-16T06:38:36.267+0100] {processor.py:179} INFO - Processing /Users/saber/airflow_project/airflow_venv/lib/python3.10/site-packages/airflow/example_dags/example_sla_dag.py took 0.067 seconds
[2025-05-16T06:39:34.000+0100] {processor.py:157} INFO - Started process (PID=8844) to work on /Users/saber/airflow_project/airflow_venv/lib/python3.10/site-packages/airflow/example_dags/example_sla_dag.py
[2025-05-16T06:39:34.000+0100] {processor.py:829} INFO - Processing file /Users/saber/airflow_project/airflow_venv/lib/python3.10/site-packages/airflow/example_dags/example_sla_dag.py for tasks to queue
[2025-05-16T06:39:34.001+0100] {logging_mixin.py:154} INFO - [2025-05-16T06:39:34.001+0100] {dagbag.py:536} INFO - Filling up the DagBag from /Users/saber/airflow_project/airflow_venv/lib/python3.10/site-packages/airflow/example_dags/example_sla_dag.py
[2025-05-16T06:39:34.015+0100] {processor.py:839} INFO - DAG(s) dict_keys(['example_sla_dag']) retrieved from /Users/saber/airflow_project/airflow_venv/lib/python3.10/site-packages/airflow/example_dags/example_sla_dag.py
[2025-05-16T06:39:34.058+0100] {logging_mixin.py:154} INFO - [2025-05-16T06:39:34.058+0100] {dag.py:2941} INFO - Sync 1 DAGs
[2025-05-16T06:39:34.063+0100] {logging_mixin.py:154} INFO - [2025-05-16T06:39:34.063+0100] {dag.py:3722} INFO - Setting next_dagrun for example_sla_dag to 2025-05-16T05:36:00+00:00, run_after=2025-05-16T05:38:00+00:00
[2025-05-16T06:39:34.068+0100] {processor.py:179} INFO - Processing /Users/saber/airflow_project/airflow_venv/lib/python3.10/site-packages/airflow/example_dags/example_sla_dag.py took 0.069 seconds
[2025-05-16T06:40:29.217+0100] {processor.py:157} INFO - Started process (PID=8904) to work on /Users/saber/airflow_project/airflow_venv/lib/python3.10/site-packages/airflow/example_dags/example_sla_dag.py
[2025-05-16T06:40:29.217+0100] {processor.py:829} INFO - Processing file /Users/saber/airflow_project/airflow_venv/lib/python3.10/site-packages/airflow/example_dags/example_sla_dag.py for tasks to queue
[2025-05-16T06:40:29.218+0100] {logging_mixin.py:154} INFO - [2025-05-16T06:40:29.218+0100] {dagbag.py:536} INFO - Filling up the DagBag from /Users/saber/airflow_project/airflow_venv/lib/python3.10/site-packages/airflow/example_dags/example_sla_dag.py
[2025-05-16T06:40:29.232+0100] {processor.py:839} INFO - DAG(s) dict_keys(['example_sla_dag']) retrieved from /Users/saber/airflow_project/airflow_venv/lib/python3.10/site-packages/airflow/example_dags/example_sla_dag.py
[2025-05-16T06:40:29.274+0100] {logging_mixin.py:154} INFO - [2025-05-16T06:40:29.274+0100] {dag.py:2941} INFO - Sync 1 DAGs
[2025-05-16T06:40:29.279+0100] {logging_mixin.py:154} INFO - [2025-05-16T06:40:29.279+0100] {dag.py:3722} INFO - Setting next_dagrun for example_sla_dag to 2025-05-16T05:38:00+00:00, run_after=2025-05-16T05:40:00+00:00
[2025-05-16T06:40:29.284+0100] {processor.py:179} INFO - Processing /Users/saber/airflow_project/airflow_venv/lib/python3.10/site-packages/airflow/example_dags/example_sla_dag.py took 0.067 seconds
[2025-05-16T06:41:27.758+0100] {processor.py:157} INFO - Started process (PID=8954) to work on /Users/saber/airflow_project/airflow_venv/lib/python3.10/site-packages/airflow/example_dags/example_sla_dag.py
[2025-05-16T06:41:27.758+0100] {processor.py:829} INFO - Processing file /Users/saber/airflow_project/airflow_venv/lib/python3.10/site-packages/airflow/example_dags/example_sla_dag.py for tasks to queue
[2025-05-16T06:41:27.759+0100] {logging_mixin.py:154} INFO - [2025-05-16T06:41:27.759+0100] {dagbag.py:536} INFO - Filling up the DagBag from /Users/saber/airflow_project/airflow_venv/lib/python3.10/site-packages/airflow/example_dags/example_sla_dag.py
[2025-05-16T06:41:27.773+0100] {processor.py:839} INFO - DAG(s) dict_keys(['example_sla_dag']) retrieved from /Users/saber/airflow_project/airflow_venv/lib/python3.10/site-packages/airflow/example_dags/example_sla_dag.py
[2025-05-16T06:41:27.815+0100] {logging_mixin.py:154} INFO - [2025-05-16T06:41:27.815+0100] {dag.py:2941} INFO - Sync 1 DAGs
[2025-05-16T06:41:27.820+0100] {logging_mixin.py:154} INFO - [2025-05-16T06:41:27.820+0100] {dag.py:3722} INFO - Setting next_dagrun for example_sla_dag to 2025-05-16T05:38:00+00:00, run_after=2025-05-16T05:40:00+00:00
[2025-05-16T06:41:27.824+0100] {processor.py:179} INFO - Processing /Users/saber/airflow_project/airflow_venv/lib/python3.10/site-packages/airflow/example_dags/example_sla_dag.py took 0.067 seconds
[2025-05-16T06:42:26.734+0100] {processor.py:157} INFO - Started process (PID=9005) to work on /Users/saber/airflow_project/airflow_venv/lib/python3.10/site-packages/airflow/example_dags/example_sla_dag.py
[2025-05-16T06:42:26.735+0100] {processor.py:829} INFO - Processing file /Users/saber/airflow_project/airflow_venv/lib/python3.10/site-packages/airflow/example_dags/example_sla_dag.py for tasks to queue
[2025-05-16T06:42:26.735+0100] {logging_mixin.py:154} INFO - [2025-05-16T06:42:26.735+0100] {dagbag.py:536} INFO - Filling up the DagBag from /Users/saber/airflow_project/airflow_venv/lib/python3.10/site-packages/airflow/example_dags/example_sla_dag.py
[2025-05-16T06:42:26.749+0100] {processor.py:839} INFO - DAG(s) dict_keys(['example_sla_dag']) retrieved from /Users/saber/airflow_project/airflow_venv/lib/python3.10/site-packages/airflow/example_dags/example_sla_dag.py
[2025-05-16T06:42:26.791+0100] {logging_mixin.py:154} INFO - [2025-05-16T06:42:26.791+0100] {dag.py:2941} INFO - Sync 1 DAGs
[2025-05-16T06:42:26.796+0100] {logging_mixin.py:154} INFO - [2025-05-16T06:42:26.796+0100] {dag.py:3722} INFO - Setting next_dagrun for example_sla_dag to 2025-05-16T05:40:00+00:00, run_after=2025-05-16T05:42:00+00:00
[2025-05-16T06:42:26.801+0100] {processor.py:179} INFO - Processing /Users/saber/airflow_project/airflow_venv/lib/python3.10/site-packages/airflow/example_dags/example_sla_dag.py took 0.067 seconds
[2025-05-16T06:43:24.281+0100] {processor.py:157} INFO - Started process (PID=9055) to work on /Users/saber/airflow_project/airflow_venv/lib/python3.10/site-packages/airflow/example_dags/example_sla_dag.py
[2025-05-16T06:43:24.281+0100] {processor.py:829} INFO - Processing file /Users/saber/airflow_project/airflow_venv/lib/python3.10/site-packages/airflow/example_dags/example_sla_dag.py for tasks to queue
[2025-05-16T06:43:24.282+0100] {logging_mixin.py:154} INFO - [2025-05-16T06:43:24.282+0100] {dagbag.py:536} INFO - Filling up the DagBag from /Users/saber/airflow_project/airflow_venv/lib/python3.10/site-packages/airflow/example_dags/example_sla_dag.py
[2025-05-16T06:43:24.296+0100] {processor.py:839} INFO - DAG(s) dict_keys(['example_sla_dag']) retrieved from /Users/saber/airflow_project/airflow_venv/lib/python3.10/site-packages/airflow/example_dags/example_sla_dag.py
[2025-05-16T06:43:24.338+0100] {logging_mixin.py:154} INFO - [2025-05-16T06:43:24.338+0100] {dag.py:2941} INFO - Sync 1 DAGs
[2025-05-16T06:43:24.343+0100] {logging_mixin.py:154} INFO - [2025-05-16T06:43:24.343+0100] {dag.py:3722} INFO - Setting next_dagrun for example_sla_dag to 2025-05-16T05:40:00+00:00, run_after=2025-05-16T05:42:00+00:00
[2025-05-16T06:43:24.347+0100] {processor.py:179} INFO - Processing /Users/saber/airflow_project/airflow_venv/lib/python3.10/site-packages/airflow/example_dags/example_sla_dag.py took 0.067 seconds
[2025-05-16T06:44:21.546+0100] {processor.py:157} INFO - Started process (PID=9110) to work on /Users/saber/airflow_project/airflow_venv/lib/python3.10/site-packages/airflow/example_dags/example_sla_dag.py
[2025-05-16T06:44:21.546+0100] {processor.py:829} INFO - Processing file /Users/saber/airflow_project/airflow_venv/lib/python3.10/site-packages/airflow/example_dags/example_sla_dag.py for tasks to queue
[2025-05-16T06:44:21.547+0100] {logging_mixin.py:154} INFO - [2025-05-16T06:44:21.547+0100] {dagbag.py:536} INFO - Filling up the DagBag from /Users/saber/airflow_project/airflow_venv/lib/python3.10/site-packages/airflow/example_dags/example_sla_dag.py
[2025-05-16T06:44:21.561+0100] {processor.py:839} INFO - DAG(s) dict_keys(['example_sla_dag']) retrieved from /Users/saber/airflow_project/airflow_venv/lib/python3.10/site-packages/airflow/example_dags/example_sla_dag.py
[2025-05-16T06:44:21.603+0100] {logging_mixin.py:154} INFO - [2025-05-16T06:44:21.603+0100] {dag.py:2941} INFO - Sync 1 DAGs
[2025-05-16T06:44:21.608+0100] {logging_mixin.py:154} INFO - [2025-05-16T06:44:21.608+0100] {dag.py:3722} INFO - Setting next_dagrun for example_sla_dag to 2025-05-16T05:42:00+00:00, run_after=2025-05-16T05:44:00+00:00
[2025-05-16T06:44:21.613+0100] {processor.py:179} INFO - Processing /Users/saber/airflow_project/airflow_venv/lib/python3.10/site-packages/airflow/example_dags/example_sla_dag.py took 0.067 seconds
[2025-05-16T06:45:19.870+0100] {processor.py:157} INFO - Started process (PID=9160) to work on /Users/saber/airflow_project/airflow_venv/lib/python3.10/site-packages/airflow/example_dags/example_sla_dag.py
[2025-05-16T06:45:19.870+0100] {processor.py:829} INFO - Processing file /Users/saber/airflow_project/airflow_venv/lib/python3.10/site-packages/airflow/example_dags/example_sla_dag.py for tasks to queue
[2025-05-16T06:45:19.871+0100] {logging_mixin.py:154} INFO - [2025-05-16T06:45:19.871+0100] {dagbag.py:536} INFO - Filling up the DagBag from /Users/saber/airflow_project/airflow_venv/lib/python3.10/site-packages/airflow/example_dags/example_sla_dag.py
[2025-05-16T06:45:19.885+0100] {processor.py:839} INFO - DAG(s) dict_keys(['example_sla_dag']) retrieved from /Users/saber/airflow_project/airflow_venv/lib/python3.10/site-packages/airflow/example_dags/example_sla_dag.py
[2025-05-16T06:45:19.927+0100] {logging_mixin.py:154} INFO - [2025-05-16T06:45:19.927+0100] {dag.py:2941} INFO - Sync 1 DAGs
[2025-05-16T06:45:19.932+0100] {logging_mixin.py:154} INFO - [2025-05-16T06:45:19.932+0100] {dag.py:3722} INFO - Setting next_dagrun for example_sla_dag to 2025-05-16T05:42:00+00:00, run_after=2025-05-16T05:44:00+00:00
[2025-05-16T06:45:19.937+0100] {processor.py:179} INFO - Processing /Users/saber/airflow_project/airflow_venv/lib/python3.10/site-packages/airflow/example_dags/example_sla_dag.py took 0.067 seconds
[2025-05-16T06:46:17.808+0100] {processor.py:157} INFO - Started process (PID=9227) to work on /Users/saber/airflow_project/airflow_venv/lib/python3.10/site-packages/airflow/example_dags/example_sla_dag.py
[2025-05-16T06:46:17.808+0100] {processor.py:829} INFO - Processing file /Users/saber/airflow_project/airflow_venv/lib/python3.10/site-packages/airflow/example_dags/example_sla_dag.py for tasks to queue
[2025-05-16T06:46:17.809+0100] {logging_mixin.py:154} INFO - [2025-05-16T06:46:17.809+0100] {dagbag.py:536} INFO - Filling up the DagBag from /Users/saber/airflow_project/airflow_venv/lib/python3.10/site-packages/airflow/example_dags/example_sla_dag.py
[2025-05-16T06:46:17.823+0100] {processor.py:839} INFO - DAG(s) dict_keys(['example_sla_dag']) retrieved from /Users/saber/airflow_project/airflow_venv/lib/python3.10/site-packages/airflow/example_dags/example_sla_dag.py
[2025-05-16T06:46:17.865+0100] {logging_mixin.py:154} INFO - [2025-05-16T06:46:17.865+0100] {dag.py:2941} INFO - Sync 1 DAGs
[2025-05-16T06:46:17.870+0100] {logging_mixin.py:154} INFO - [2025-05-16T06:46:17.870+0100] {dag.py:3722} INFO - Setting next_dagrun for example_sla_dag to 2025-05-16T05:44:00+00:00, run_after=2025-05-16T05:46:00+00:00
[2025-05-16T06:46:17.875+0100] {processor.py:179} INFO - Processing /Users/saber/airflow_project/airflow_venv/lib/python3.10/site-packages/airflow/example_dags/example_sla_dag.py took 0.067 seconds
[2025-05-16T06:47:15.720+0100] {processor.py:157} INFO - Started process (PID=9275) to work on /Users/saber/airflow_project/airflow_venv/lib/python3.10/site-packages/airflow/example_dags/example_sla_dag.py
[2025-05-16T06:47:15.720+0100] {processor.py:829} INFO - Processing file /Users/saber/airflow_project/airflow_venv/lib/python3.10/site-packages/airflow/example_dags/example_sla_dag.py for tasks to queue
[2025-05-16T06:47:15.720+0100] {logging_mixin.py:154} INFO - [2025-05-16T06:47:15.720+0100] {dagbag.py:536} INFO - Filling up the DagBag from /Users/saber/airflow_project/airflow_venv/lib/python3.10/site-packages/airflow/example_dags/example_sla_dag.py
[2025-05-16T06:47:15.735+0100] {processor.py:839} INFO - DAG(s) dict_keys(['example_sla_dag']) retrieved from /Users/saber/airflow_project/airflow_venv/lib/python3.10/site-packages/airflow/example_dags/example_sla_dag.py
[2025-05-16T06:47:15.777+0100] {logging_mixin.py:154} INFO - [2025-05-16T06:47:15.776+0100] {dag.py:2941} INFO - Sync 1 DAGs
[2025-05-16T06:47:15.781+0100] {logging_mixin.py:154} INFO - [2025-05-16T06:47:15.781+0100] {dag.py:3722} INFO - Setting next_dagrun for example_sla_dag to 2025-05-16T05:44:00+00:00, run_after=2025-05-16T05:46:00+00:00
[2025-05-16T06:47:15.787+0100] {processor.py:179} INFO - Processing /Users/saber/airflow_project/airflow_venv/lib/python3.10/site-packages/airflow/example_dags/example_sla_dag.py took 0.067 seconds
[2025-05-16T06:48:13.454+0100] {processor.py:157} INFO - Started process (PID=9324) to work on /Users/saber/airflow_project/airflow_venv/lib/python3.10/site-packages/airflow/example_dags/example_sla_dag.py
[2025-05-16T06:48:13.454+0100] {processor.py:829} INFO - Processing file /Users/saber/airflow_project/airflow_venv/lib/python3.10/site-packages/airflow/example_dags/example_sla_dag.py for tasks to queue
[2025-05-16T06:48:13.455+0100] {logging_mixin.py:154} INFO - [2025-05-16T06:48:13.455+0100] {dagbag.py:536} INFO - Filling up the DagBag from /Users/saber/airflow_project/airflow_venv/lib/python3.10/site-packages/airflow/example_dags/example_sla_dag.py
[2025-05-16T06:48:13.469+0100] {processor.py:839} INFO - DAG(s) dict_keys(['example_sla_dag']) retrieved from /Users/saber/airflow_project/airflow_venv/lib/python3.10/site-packages/airflow/example_dags/example_sla_dag.py
[2025-05-16T06:48:13.511+0100] {logging_mixin.py:154} INFO - [2025-05-16T06:48:13.511+0100] {dag.py:2941} INFO - Sync 1 DAGs
[2025-05-16T06:48:13.516+0100] {logging_mixin.py:154} INFO - [2025-05-16T06:48:13.516+0100] {dag.py:3722} INFO - Setting next_dagrun for example_sla_dag to 2025-05-16T05:46:00+00:00, run_after=2025-05-16T05:48:00+00:00
[2025-05-16T06:48:13.521+0100] {processor.py:179} INFO - Processing /Users/saber/airflow_project/airflow_venv/lib/python3.10/site-packages/airflow/example_dags/example_sla_dag.py took 0.067 seconds
[2025-05-16T06:49:10.783+0100] {processor.py:157} INFO - Started process (PID=9374) to work on /Users/saber/airflow_project/airflow_venv/lib/python3.10/site-packages/airflow/example_dags/example_sla_dag.py
[2025-05-16T06:49:10.783+0100] {processor.py:829} INFO - Processing file /Users/saber/airflow_project/airflow_venv/lib/python3.10/site-packages/airflow/example_dags/example_sla_dag.py for tasks to queue
[2025-05-16T06:49:10.784+0100] {logging_mixin.py:154} INFO - [2025-05-16T06:49:10.783+0100] {dagbag.py:536} INFO - Filling up the DagBag from /Users/saber/airflow_project/airflow_venv/lib/python3.10/site-packages/airflow/example_dags/example_sla_dag.py
[2025-05-16T06:49:10.798+0100] {processor.py:839} INFO - DAG(s) dict_keys(['example_sla_dag']) retrieved from /Users/saber/airflow_project/airflow_venv/lib/python3.10/site-packages/airflow/example_dags/example_sla_dag.py
[2025-05-16T06:49:10.840+0100] {logging_mixin.py:154} INFO - [2025-05-16T06:49:10.840+0100] {dag.py:2941} INFO - Sync 1 DAGs
[2025-05-16T06:49:10.845+0100] {logging_mixin.py:154} INFO - [2025-05-16T06:49:10.845+0100] {dag.py:3722} INFO - Setting next_dagrun for example_sla_dag to 2025-05-16T05:46:00+00:00, run_after=2025-05-16T05:48:00+00:00
[2025-05-16T06:49:10.849+0100] {processor.py:179} INFO - Processing /Users/saber/airflow_project/airflow_venv/lib/python3.10/site-packages/airflow/example_dags/example_sla_dag.py took 0.067 seconds
[2025-05-16T06:50:08.427+0100] {processor.py:157} INFO - Started process (PID=9422) to work on /Users/saber/airflow_project/airflow_venv/lib/python3.10/site-packages/airflow/example_dags/example_sla_dag.py
[2025-05-16T06:50:08.427+0100] {processor.py:829} INFO - Processing file /Users/saber/airflow_project/airflow_venv/lib/python3.10/site-packages/airflow/example_dags/example_sla_dag.py for tasks to queue
[2025-05-16T06:50:08.428+0100] {logging_mixin.py:154} INFO - [2025-05-16T06:50:08.428+0100] {dagbag.py:536} INFO - Filling up the DagBag from /Users/saber/airflow_project/airflow_venv/lib/python3.10/site-packages/airflow/example_dags/example_sla_dag.py
[2025-05-16T06:50:08.442+0100] {processor.py:839} INFO - DAG(s) dict_keys(['example_sla_dag']) retrieved from /Users/saber/airflow_project/airflow_venv/lib/python3.10/site-packages/airflow/example_dags/example_sla_dag.py
[2025-05-16T06:50:08.485+0100] {logging_mixin.py:154} INFO - [2025-05-16T06:50:08.485+0100] {dag.py:2941} INFO - Sync 1 DAGs
[2025-05-16T06:50:08.490+0100] {logging_mixin.py:154} INFO - [2025-05-16T06:50:08.490+0100] {dag.py:3722} INFO - Setting next_dagrun for example_sla_dag to 2025-05-16T05:48:00+00:00, run_after=2025-05-16T05:50:00+00:00
[2025-05-16T06:50:08.495+0100] {processor.py:179} INFO - Processing /Users/saber/airflow_project/airflow_venv/lib/python3.10/site-packages/airflow/example_dags/example_sla_dag.py took 0.068 seconds
[2025-05-16T06:51:06.621+0100] {processor.py:157} INFO - Started process (PID=9479) to work on /Users/saber/airflow_project/airflow_venv/lib/python3.10/site-packages/airflow/example_dags/example_sla_dag.py
[2025-05-16T06:51:06.621+0100] {processor.py:829} INFO - Processing file /Users/saber/airflow_project/airflow_venv/lib/python3.10/site-packages/airflow/example_dags/example_sla_dag.py for tasks to queue
[2025-05-16T06:51:06.622+0100] {logging_mixin.py:154} INFO - [2025-05-16T06:51:06.622+0100] {dagbag.py:536} INFO - Filling up the DagBag from /Users/saber/airflow_project/airflow_venv/lib/python3.10/site-packages/airflow/example_dags/example_sla_dag.py
[2025-05-16T06:51:06.636+0100] {processor.py:839} INFO - DAG(s) dict_keys(['example_sla_dag']) retrieved from /Users/saber/airflow_project/airflow_venv/lib/python3.10/site-packages/airflow/example_dags/example_sla_dag.py
[2025-05-16T06:51:06.678+0100] {logging_mixin.py:154} INFO - [2025-05-16T06:51:06.678+0100] {dag.py:2941} INFO - Sync 1 DAGs
[2025-05-16T06:51:06.683+0100] {logging_mixin.py:154} INFO - [2025-05-16T06:51:06.683+0100] {dag.py:3722} INFO - Setting next_dagrun for example_sla_dag to 2025-05-16T05:48:00+00:00, run_after=2025-05-16T05:50:00+00:00
[2025-05-16T06:51:06.688+0100] {processor.py:179} INFO - Processing /Users/saber/airflow_project/airflow_venv/lib/python3.10/site-packages/airflow/example_dags/example_sla_dag.py took 0.068 seconds
