[2025-05-16T06:37:50.272+0100] {processor.py:157} INFO - Started process (PID=8751) to work on /Users/saber/airflow_project/airflow_venv/lib/python3.10/site-packages/airflow/example_dags/example_params_ui_tutorial.py
[2025-05-16T06:37:50.272+0100] {processor.py:829} INFO - Processing file /Users/saber/airflow_project/airflow_venv/lib/python3.10/site-packages/airflow/example_dags/example_params_ui_tutorial.py for tasks to queue
[2025-05-16T06:37:50.273+0100] {logging_mixin.py:154} INFO - [2025-05-16T06:37:50.273+0100] {dagbag.py:536} INFO - Filling up the DagBag from /Users/saber/airflow_project/airflow_venv/lib/python3.10/site-packages/airflow/example_dags/example_params_ui_tutorial.py
[2025-05-16T06:37:50.304+0100] {processor.py:839} INFO - DAG(s) dict_keys(['example_params_ui_tutorial']) retrieved from /Users/saber/airflow_project/airflow_venv/lib/python3.10/site-packages/airflow/example_dags/example_params_ui_tutorial.py
[2025-05-16T06:37:50.452+0100] {logging_mixin.py:154} INFO - [2025-05-16T06:37:50.452+0100] {manager.py:499} INFO - Created Permission View: %s
[2025-05-16T06:37:50.454+0100] {logging_mixin.py:154} INFO - [2025-05-16T06:37:50.454+0100] {manager.py:499} INFO - Created Permission View: %s
[2025-05-16T06:37:50.456+0100] {logging_mixin.py:154} INFO - [2025-05-16T06:37:50.456+0100] {manager.py:499} INFO - Created Permission View: %s
[2025-05-16T06:37:50.456+0100] {logging_mixin.py:154} INFO - [2025-05-16T06:37:50.456+0100] {dag.py:2941} INFO - Sync 1 DAGs
[2025-05-16T06:37:50.458+0100] {logging_mixin.py:154} INFO - [2025-05-16T06:37:50.458+0100] {dag.py:2963} INFO - Creating ORM DAG for example_params_ui_tutorial
[2025-05-16T06:37:50.458+0100] {logging_mixin.py:154} INFO - [2025-05-16T06:37:50.458+0100] {dag.py:3722} INFO - Setting next_dagrun for example_params_ui_tutorial to None, run_after=None
[2025-05-16T06:37:50.462+0100] {processor.py:179} INFO - Processing /Users/saber/airflow_project/airflow_venv/lib/python3.10/site-packages/airflow/example_dags/example_params_ui_tutorial.py took 0.190 seconds
[2025-05-16T06:38:49.715+0100] {processor.py:157} INFO - Started process (PID=8807) to work on /Users/saber/airflow_project/airflow_venv/lib/python3.10/site-packages/airflow/example_dags/example_params_ui_tutorial.py
[2025-05-16T06:38:49.716+0100] {processor.py:829} INFO - Processing file /Users/saber/airflow_project/airflow_venv/lib/python3.10/site-packages/airflow/example_dags/example_params_ui_tutorial.py for tasks to queue
[2025-05-16T06:38:49.716+0100] {logging_mixin.py:154} INFO - [2025-05-16T06:38:49.716+0100] {dagbag.py:536} INFO - Filling up the DagBag from /Users/saber/airflow_project/airflow_venv/lib/python3.10/site-packages/airflow/example_dags/example_params_ui_tutorial.py
[2025-05-16T06:38:49.744+0100] {processor.py:839} INFO - DAG(s) dict_keys(['example_params_ui_tutorial']) retrieved from /Users/saber/airflow_project/airflow_venv/lib/python3.10/site-packages/airflow/example_dags/example_params_ui_tutorial.py
[2025-05-16T06:38:49.784+0100] {logging_mixin.py:154} INFO - [2025-05-16T06:38:49.783+0100] {dag.py:2941} INFO - Sync 1 DAGs
[2025-05-16T06:38:49.786+0100] {logging_mixin.py:154} INFO - [2025-05-16T06:38:49.786+0100] {dag.py:3722} INFO - Setting next_dagrun for example_params_ui_tutorial to None, run_after=None
[2025-05-16T06:38:49.790+0100] {processor.py:179} INFO - Processing /Users/saber/airflow_project/airflow_venv/lib/python3.10/site-packages/airflow/example_dags/example_params_ui_tutorial.py took 0.075 seconds
[2025-05-16T06:39:46.387+0100] {processor.py:157} INFO - Started process (PID=8860) to work on /Users/saber/airflow_project/airflow_venv/lib/python3.10/site-packages/airflow/example_dags/example_params_ui_tutorial.py
[2025-05-16T06:39:46.387+0100] {processor.py:829} INFO - Processing file /Users/saber/airflow_project/airflow_venv/lib/python3.10/site-packages/airflow/example_dags/example_params_ui_tutorial.py for tasks to queue
[2025-05-16T06:39:46.388+0100] {logging_mixin.py:154} INFO - [2025-05-16T06:39:46.388+0100] {dagbag.py:536} INFO - Filling up the DagBag from /Users/saber/airflow_project/airflow_venv/lib/python3.10/site-packages/airflow/example_dags/example_params_ui_tutorial.py
[2025-05-16T06:39:46.419+0100] {processor.py:839} INFO - DAG(s) dict_keys(['example_params_ui_tutorial']) retrieved from /Users/saber/airflow_project/airflow_venv/lib/python3.10/site-packages/airflow/example_dags/example_params_ui_tutorial.py
[2025-05-16T06:39:46.461+0100] {logging_mixin.py:154} INFO - [2025-05-16T06:39:46.461+0100] {dag.py:2941} INFO - Sync 1 DAGs
[2025-05-16T06:39:46.463+0100] {logging_mixin.py:154} INFO - [2025-05-16T06:39:46.463+0100] {dag.py:3722} INFO - Setting next_dagrun for example_params_ui_tutorial to None, run_after=None
[2025-05-16T06:39:46.468+0100] {processor.py:179} INFO - Processing /Users/saber/airflow_project/airflow_venv/lib/python3.10/site-packages/airflow/example_dags/example_params_ui_tutorial.py took 0.082 seconds
[2025-05-16T06:40:45.554+0100] {processor.py:157} INFO - Started process (PID=8918) to work on /Users/saber/airflow_project/airflow_venv/lib/python3.10/site-packages/airflow/example_dags/example_params_ui_tutorial.py
[2025-05-16T06:40:45.555+0100] {processor.py:829} INFO - Processing file /Users/saber/airflow_project/airflow_venv/lib/python3.10/site-packages/airflow/example_dags/example_params_ui_tutorial.py for tasks to queue
[2025-05-16T06:40:45.555+0100] {logging_mixin.py:154} INFO - [2025-05-16T06:40:45.555+0100] {dagbag.py:536} INFO - Filling up the DagBag from /Users/saber/airflow_project/airflow_venv/lib/python3.10/site-packages/airflow/example_dags/example_params_ui_tutorial.py
[2025-05-16T06:40:45.583+0100] {processor.py:839} INFO - DAG(s) dict_keys(['example_params_ui_tutorial']) retrieved from /Users/saber/airflow_project/airflow_venv/lib/python3.10/site-packages/airflow/example_dags/example_params_ui_tutorial.py
[2025-05-16T06:40:45.623+0100] {logging_mixin.py:154} INFO - [2025-05-16T06:40:45.623+0100] {dag.py:2941} INFO - Sync 1 DAGs
[2025-05-16T06:40:45.625+0100] {logging_mixin.py:154} INFO - [2025-05-16T06:40:45.625+0100] {dag.py:3722} INFO - Setting next_dagrun for example_params_ui_tutorial to None, run_after=None
[2025-05-16T06:40:45.630+0100] {processor.py:179} INFO - Processing /Users/saber/airflow_project/airflow_venv/lib/python3.10/site-packages/airflow/example_dags/example_params_ui_tutorial.py took 0.076 seconds
[2025-05-16T06:41:45.709+0100] {processor.py:157} INFO - Started process (PID=8969) to work on /Users/saber/airflow_project/airflow_venv/lib/python3.10/site-packages/airflow/example_dags/example_params_ui_tutorial.py
[2025-05-16T06:41:45.709+0100] {processor.py:829} INFO - Processing file /Users/saber/airflow_project/airflow_venv/lib/python3.10/site-packages/airflow/example_dags/example_params_ui_tutorial.py for tasks to queue
[2025-05-16T06:41:45.710+0100] {logging_mixin.py:154} INFO - [2025-05-16T06:41:45.710+0100] {dagbag.py:536} INFO - Filling up the DagBag from /Users/saber/airflow_project/airflow_venv/lib/python3.10/site-packages/airflow/example_dags/example_params_ui_tutorial.py
[2025-05-16T06:41:45.738+0100] {processor.py:839} INFO - DAG(s) dict_keys(['example_params_ui_tutorial']) retrieved from /Users/saber/airflow_project/airflow_venv/lib/python3.10/site-packages/airflow/example_dags/example_params_ui_tutorial.py
[2025-05-16T06:41:45.778+0100] {logging_mixin.py:154} INFO - [2025-05-16T06:41:45.777+0100] {dag.py:2941} INFO - Sync 1 DAGs
[2025-05-16T06:41:45.780+0100] {logging_mixin.py:154} INFO - [2025-05-16T06:41:45.780+0100] {dag.py:3722} INFO - Setting next_dagrun for example_params_ui_tutorial to None, run_after=None
[2025-05-16T06:41:45.784+0100] {processor.py:179} INFO - Processing /Users/saber/airflow_project/airflow_venv/lib/python3.10/site-packages/airflow/example_dags/example_params_ui_tutorial.py took 0.076 seconds
[2025-05-16T06:42:44.619+0100] {processor.py:157} INFO - Started process (PID=9021) to work on /Users/saber/airflow_project/airflow_venv/lib/python3.10/site-packages/airflow/example_dags/example_params_ui_tutorial.py
[2025-05-16T06:42:44.619+0100] {processor.py:829} INFO - Processing file /Users/saber/airflow_project/airflow_venv/lib/python3.10/site-packages/airflow/example_dags/example_params_ui_tutorial.py for tasks to queue
[2025-05-16T06:42:44.620+0100] {logging_mixin.py:154} INFO - [2025-05-16T06:42:44.620+0100] {dagbag.py:536} INFO - Filling up the DagBag from /Users/saber/airflow_project/airflow_venv/lib/python3.10/site-packages/airflow/example_dags/example_params_ui_tutorial.py
[2025-05-16T06:42:44.648+0100] {processor.py:839} INFO - DAG(s) dict_keys(['example_params_ui_tutorial']) retrieved from /Users/saber/airflow_project/airflow_venv/lib/python3.10/site-packages/airflow/example_dags/example_params_ui_tutorial.py
[2025-05-16T06:42:44.687+0100] {logging_mixin.py:154} INFO - [2025-05-16T06:42:44.687+0100] {dag.py:2941} INFO - Sync 1 DAGs
[2025-05-16T06:42:44.690+0100] {logging_mixin.py:154} INFO - [2025-05-16T06:42:44.690+0100] {dag.py:3722} INFO - Setting next_dagrun for example_params_ui_tutorial to None, run_after=None
[2025-05-16T06:42:44.694+0100] {processor.py:179} INFO - Processing /Users/saber/airflow_project/airflow_venv/lib/python3.10/site-packages/airflow/example_dags/example_params_ui_tutorial.py took 0.076 seconds
[2025-05-16T06:43:39.699+0100] {processor.py:157} INFO - Started process (PID=9068) to work on /Users/saber/airflow_project/airflow_venv/lib/python3.10/site-packages/airflow/example_dags/example_params_ui_tutorial.py
[2025-05-16T06:43:39.699+0100] {processor.py:829} INFO - Processing file /Users/saber/airflow_project/airflow_venv/lib/python3.10/site-packages/airflow/example_dags/example_params_ui_tutorial.py for tasks to queue
[2025-05-16T06:43:39.700+0100] {logging_mixin.py:154} INFO - [2025-05-16T06:43:39.700+0100] {dagbag.py:536} INFO - Filling up the DagBag from /Users/saber/airflow_project/airflow_venv/lib/python3.10/site-packages/airflow/example_dags/example_params_ui_tutorial.py
[2025-05-16T06:43:39.734+0100] {processor.py:839} INFO - DAG(s) dict_keys(['example_params_ui_tutorial']) retrieved from /Users/saber/airflow_project/airflow_venv/lib/python3.10/site-packages/airflow/example_dags/example_params_ui_tutorial.py
[2025-05-16T06:43:39.778+0100] {logging_mixin.py:154} INFO - [2025-05-16T06:43:39.778+0100] {dag.py:2941} INFO - Sync 1 DAGs
[2025-05-16T06:43:39.781+0100] {logging_mixin.py:154} INFO - [2025-05-16T06:43:39.780+0100] {dag.py:3722} INFO - Setting next_dagrun for example_params_ui_tutorial to None, run_after=None
[2025-05-16T06:43:39.785+0100] {processor.py:179} INFO - Processing /Users/saber/airflow_project/airflow_venv/lib/python3.10/site-packages/airflow/example_dags/example_params_ui_tutorial.py took 0.087 seconds
[2025-05-16T06:44:37.914+0100] {processor.py:157} INFO - Started process (PID=9125) to work on /Users/saber/airflow_project/airflow_venv/lib/python3.10/site-packages/airflow/example_dags/example_params_ui_tutorial.py
[2025-05-16T06:44:37.914+0100] {processor.py:829} INFO - Processing file /Users/saber/airflow_project/airflow_venv/lib/python3.10/site-packages/airflow/example_dags/example_params_ui_tutorial.py for tasks to queue
[2025-05-16T06:44:37.915+0100] {logging_mixin.py:154} INFO - [2025-05-16T06:44:37.915+0100] {dagbag.py:536} INFO - Filling up the DagBag from /Users/saber/airflow_project/airflow_venv/lib/python3.10/site-packages/airflow/example_dags/example_params_ui_tutorial.py
[2025-05-16T06:44:37.943+0100] {processor.py:839} INFO - DAG(s) dict_keys(['example_params_ui_tutorial']) retrieved from /Users/saber/airflow_project/airflow_venv/lib/python3.10/site-packages/airflow/example_dags/example_params_ui_tutorial.py
[2025-05-16T06:44:37.983+0100] {logging_mixin.py:154} INFO - [2025-05-16T06:44:37.983+0100] {dag.py:2941} INFO - Sync 1 DAGs
[2025-05-16T06:44:37.985+0100] {logging_mixin.py:154} INFO - [2025-05-16T06:44:37.985+0100] {dag.py:3722} INFO - Setting next_dagrun for example_params_ui_tutorial to None, run_after=None
[2025-05-16T06:44:37.990+0100] {processor.py:179} INFO - Processing /Users/saber/airflow_project/airflow_venv/lib/python3.10/site-packages/airflow/example_dags/example_params_ui_tutorial.py took 0.076 seconds
[2025-05-16T06:45:34.753+0100] {processor.py:157} INFO - Started process (PID=9190) to work on /Users/saber/airflow_project/airflow_venv/lib/python3.10/site-packages/airflow/example_dags/example_params_ui_tutorial.py
[2025-05-16T06:45:34.754+0100] {processor.py:829} INFO - Processing file /Users/saber/airflow_project/airflow_venv/lib/python3.10/site-packages/airflow/example_dags/example_params_ui_tutorial.py for tasks to queue
[2025-05-16T06:45:34.754+0100] {logging_mixin.py:154} INFO - [2025-05-16T06:45:34.754+0100] {dagbag.py:536} INFO - Filling up the DagBag from /Users/saber/airflow_project/airflow_venv/lib/python3.10/site-packages/airflow/example_dags/example_params_ui_tutorial.py
[2025-05-16T06:45:34.783+0100] {processor.py:839} INFO - DAG(s) dict_keys(['example_params_ui_tutorial']) retrieved from /Users/saber/airflow_project/airflow_venv/lib/python3.10/site-packages/airflow/example_dags/example_params_ui_tutorial.py
[2025-05-16T06:45:34.823+0100] {logging_mixin.py:154} INFO - [2025-05-16T06:45:34.823+0100] {dag.py:2941} INFO - Sync 1 DAGs
[2025-05-16T06:45:34.826+0100] {logging_mixin.py:154} INFO - [2025-05-16T06:45:34.826+0100] {dag.py:3722} INFO - Setting next_dagrun for example_params_ui_tutorial to None, run_after=None
[2025-05-16T06:45:34.830+0100] {processor.py:179} INFO - Processing /Users/saber/airflow_project/airflow_venv/lib/python3.10/site-packages/airflow/example_dags/example_params_ui_tutorial.py took 0.077 seconds
[2025-05-16T06:46:34.606+0100] {processor.py:157} INFO - Started process (PID=9241) to work on /Users/saber/airflow_project/airflow_venv/lib/python3.10/site-packages/airflow/example_dags/example_params_ui_tutorial.py
[2025-05-16T06:46:34.606+0100] {processor.py:829} INFO - Processing file /Users/saber/airflow_project/airflow_venv/lib/python3.10/site-packages/airflow/example_dags/example_params_ui_tutorial.py for tasks to queue
[2025-05-16T06:46:34.607+0100] {logging_mixin.py:154} INFO - [2025-05-16T06:46:34.607+0100] {dagbag.py:536} INFO - Filling up the DagBag from /Users/saber/airflow_project/airflow_venv/lib/python3.10/site-packages/airflow/example_dags/example_params_ui_tutorial.py
[2025-05-16T06:46:34.635+0100] {processor.py:839} INFO - DAG(s) dict_keys(['example_params_ui_tutorial']) retrieved from /Users/saber/airflow_project/airflow_venv/lib/python3.10/site-packages/airflow/example_dags/example_params_ui_tutorial.py
[2025-05-16T06:46:34.675+0100] {logging_mixin.py:154} INFO - [2025-05-16T06:46:34.675+0100] {dag.py:2941} INFO - Sync 1 DAGs
[2025-05-16T06:46:34.677+0100] {logging_mixin.py:154} INFO - [2025-05-16T06:46:34.677+0100] {dag.py:3722} INFO - Setting next_dagrun for example_params_ui_tutorial to None, run_after=None
[2025-05-16T06:46:34.682+0100] {processor.py:179} INFO - Processing /Users/saber/airflow_project/airflow_venv/lib/python3.10/site-packages/airflow/example_dags/example_params_ui_tutorial.py took 0.076 seconds
[2025-05-16T06:47:33.117+0100] {processor.py:157} INFO - Started process (PID=9291) to work on /Users/saber/airflow_project/airflow_venv/lib/python3.10/site-packages/airflow/example_dags/example_params_ui_tutorial.py
[2025-05-16T06:47:33.117+0100] {processor.py:829} INFO - Processing file /Users/saber/airflow_project/airflow_venv/lib/python3.10/site-packages/airflow/example_dags/example_params_ui_tutorial.py for tasks to queue
[2025-05-16T06:47:33.118+0100] {logging_mixin.py:154} INFO - [2025-05-16T06:47:33.118+0100] {dagbag.py:536} INFO - Filling up the DagBag from /Users/saber/airflow_project/airflow_venv/lib/python3.10/site-packages/airflow/example_dags/example_params_ui_tutorial.py
[2025-05-16T06:47:33.146+0100] {processor.py:839} INFO - DAG(s) dict_keys(['example_params_ui_tutorial']) retrieved from /Users/saber/airflow_project/airflow_venv/lib/python3.10/site-packages/airflow/example_dags/example_params_ui_tutorial.py
[2025-05-16T06:47:33.186+0100] {logging_mixin.py:154} INFO - [2025-05-16T06:47:33.186+0100] {dag.py:2941} INFO - Sync 1 DAGs
[2025-05-16T06:47:33.188+0100] {logging_mixin.py:154} INFO - [2025-05-16T06:47:33.188+0100] {dag.py:3722} INFO - Setting next_dagrun for example_params_ui_tutorial to None, run_after=None
[2025-05-16T06:47:33.193+0100] {processor.py:179} INFO - Processing /Users/saber/airflow_project/airflow_venv/lib/python3.10/site-packages/airflow/example_dags/example_params_ui_tutorial.py took 0.076 seconds
[2025-05-16T06:48:29.478+0100] {processor.py:157} INFO - Started process (PID=9337) to work on /Users/saber/airflow_project/airflow_venv/lib/python3.10/site-packages/airflow/example_dags/example_params_ui_tutorial.py
[2025-05-16T06:48:29.479+0100] {processor.py:829} INFO - Processing file /Users/saber/airflow_project/airflow_venv/lib/python3.10/site-packages/airflow/example_dags/example_params_ui_tutorial.py for tasks to queue
[2025-05-16T06:48:29.479+0100] {logging_mixin.py:154} INFO - [2025-05-16T06:48:29.479+0100] {dagbag.py:536} INFO - Filling up the DagBag from /Users/saber/airflow_project/airflow_venv/lib/python3.10/site-packages/airflow/example_dags/example_params_ui_tutorial.py
[2025-05-16T06:48:29.509+0100] {processor.py:839} INFO - DAG(s) dict_keys(['example_params_ui_tutorial']) retrieved from /Users/saber/airflow_project/airflow_venv/lib/python3.10/site-packages/airflow/example_dags/example_params_ui_tutorial.py
[2025-05-16T06:48:29.551+0100] {logging_mixin.py:154} INFO - [2025-05-16T06:48:29.551+0100] {dag.py:2941} INFO - Sync 1 DAGs
[2025-05-16T06:48:29.553+0100] {logging_mixin.py:154} INFO - [2025-05-16T06:48:29.553+0100] {dag.py:3722} INFO - Setting next_dagrun for example_params_ui_tutorial to None, run_after=None
[2025-05-16T06:48:29.558+0100] {processor.py:179} INFO - Processing /Users/saber/airflow_project/airflow_venv/lib/python3.10/site-packages/airflow/example_dags/example_params_ui_tutorial.py took 0.080 seconds
[2025-05-16T06:49:29.686+0100] {processor.py:157} INFO - Started process (PID=9390) to work on /Users/saber/airflow_project/airflow_venv/lib/python3.10/site-packages/airflow/example_dags/example_params_ui_tutorial.py
[2025-05-16T06:49:29.686+0100] {processor.py:829} INFO - Processing file /Users/saber/airflow_project/airflow_venv/lib/python3.10/site-packages/airflow/example_dags/example_params_ui_tutorial.py for tasks to queue
[2025-05-16T06:49:29.687+0100] {logging_mixin.py:154} INFO - [2025-05-16T06:49:29.687+0100] {dagbag.py:536} INFO - Filling up the DagBag from /Users/saber/airflow_project/airflow_venv/lib/python3.10/site-packages/airflow/example_dags/example_params_ui_tutorial.py
[2025-05-16T06:49:29.715+0100] {processor.py:839} INFO - DAG(s) dict_keys(['example_params_ui_tutorial']) retrieved from /Users/saber/airflow_project/airflow_venv/lib/python3.10/site-packages/airflow/example_dags/example_params_ui_tutorial.py
[2025-05-16T06:49:29.756+0100] {logging_mixin.py:154} INFO - [2025-05-16T06:49:29.756+0100] {dag.py:2941} INFO - Sync 1 DAGs
[2025-05-16T06:49:29.758+0100] {logging_mixin.py:154} INFO - [2025-05-16T06:49:29.758+0100] {dag.py:3722} INFO - Setting next_dagrun for example_params_ui_tutorial to None, run_after=None
[2025-05-16T06:49:29.763+0100] {processor.py:179} INFO - Processing /Users/saber/airflow_project/airflow_venv/lib/python3.10/site-packages/airflow/example_dags/example_params_ui_tutorial.py took 0.077 seconds
[2025-05-16T06:50:28.869+0100] {processor.py:157} INFO - Started process (PID=9447) to work on /Users/saber/airflow_project/airflow_venv/lib/python3.10/site-packages/airflow/example_dags/example_params_ui_tutorial.py
[2025-05-16T06:50:28.869+0100] {processor.py:829} INFO - Processing file /Users/saber/airflow_project/airflow_venv/lib/python3.10/site-packages/airflow/example_dags/example_params_ui_tutorial.py for tasks to queue
[2025-05-16T06:50:28.869+0100] {logging_mixin.py:154} INFO - [2025-05-16T06:50:28.869+0100] {dagbag.py:536} INFO - Filling up the DagBag from /Users/saber/airflow_project/airflow_venv/lib/python3.10/site-packages/airflow/example_dags/example_params_ui_tutorial.py
[2025-05-16T06:50:28.898+0100] {processor.py:839} INFO - DAG(s) dict_keys(['example_params_ui_tutorial']) retrieved from /Users/saber/airflow_project/airflow_venv/lib/python3.10/site-packages/airflow/example_dags/example_params_ui_tutorial.py
[2025-05-16T06:50:28.938+0100] {logging_mixin.py:154} INFO - [2025-05-16T06:50:28.938+0100] {dag.py:2941} INFO - Sync 1 DAGs
[2025-05-16T06:50:28.940+0100] {logging_mixin.py:154} INFO - [2025-05-16T06:50:28.940+0100] {dag.py:3722} INFO - Setting next_dagrun for example_params_ui_tutorial to None, run_after=None
[2025-05-16T06:50:28.945+0100] {processor.py:179} INFO - Processing /Users/saber/airflow_project/airflow_venv/lib/python3.10/site-packages/airflow/example_dags/example_params_ui_tutorial.py took 0.076 seconds
[2025-05-16T06:51:26.966+0100] {processor.py:157} INFO - Started process (PID=9496) to work on /Users/saber/airflow_project/airflow_venv/lib/python3.10/site-packages/airflow/example_dags/example_params_ui_tutorial.py
[2025-05-16T06:51:26.966+0100] {processor.py:829} INFO - Processing file /Users/saber/airflow_project/airflow_venv/lib/python3.10/site-packages/airflow/example_dags/example_params_ui_tutorial.py for tasks to queue
[2025-05-16T06:51:26.966+0100] {logging_mixin.py:154} INFO - [2025-05-16T06:51:26.966+0100] {dagbag.py:536} INFO - Filling up the DagBag from /Users/saber/airflow_project/airflow_venv/lib/python3.10/site-packages/airflow/example_dags/example_params_ui_tutorial.py
[2025-05-16T06:51:26.995+0100] {processor.py:839} INFO - DAG(s) dict_keys(['example_params_ui_tutorial']) retrieved from /Users/saber/airflow_project/airflow_venv/lib/python3.10/site-packages/airflow/example_dags/example_params_ui_tutorial.py
[2025-05-16T06:51:27.035+0100] {logging_mixin.py:154} INFO - [2025-05-16T06:51:27.035+0100] {dag.py:2941} INFO - Sync 1 DAGs
[2025-05-16T06:51:27.038+0100] {logging_mixin.py:154} INFO - [2025-05-16T06:51:27.037+0100] {dag.py:3722} INFO - Setting next_dagrun for example_params_ui_tutorial to None, run_after=None
[2025-05-16T06:51:27.042+0100] {processor.py:179} INFO - Processing /Users/saber/airflow_project/airflow_venv/lib/python3.10/site-packages/airflow/example_dags/example_params_ui_tutorial.py took 0.077 seconds
