[2025-05-16T06:37:37.490+0100] {processor.py:157} INFO - Started process (PID=8742) to work on /Users/saber/airflow_project/airflow_venv/lib/python3.10/site-packages/airflow/example_dags/example_skip_dag.py
[2025-05-16T06:37:37.490+0100] {processor.py:829} INFO - Processing file /Users/saber/airflow_project/airflow_venv/lib/python3.10/site-packages/airflow/example_dags/example_skip_dag.py for tasks to queue
[2025-05-16T06:37:37.491+0100] {logging_mixin.py:154} INFO - [2025-05-16T06:37:37.491+0100] {dagbag.py:536} INFO - Filling up the DagBag from /Users/saber/airflow_project/airflow_venv/lib/python3.10/site-packages/airflow/example_dags/example_skip_dag.py
[2025-05-16T06:37:37.499+0100] {processor.py:839} INFO - DAG(s) dict_keys(['example_skip_dag']) retrieved from /Users/saber/airflow_project/airflow_venv/lib/python3.10/site-packages/airflow/example_dags/example_skip_dag.py
[2025-05-16T06:37:37.659+0100] {logging_mixin.py:154} INFO - [2025-05-16T06:37:37.659+0100] {manager.py:499} INFO - Created Permission View: %s
[2025-05-16T06:37:37.661+0100] {logging_mixin.py:154} INFO - [2025-05-16T06:37:37.661+0100] {manager.py:499} INFO - Created Permission View: %s
[2025-05-16T06:37:37.662+0100] {logging_mixin.py:154} INFO - [2025-05-16T06:37:37.662+0100] {manager.py:499} INFO - Created Permission View: %s
[2025-05-16T06:37:37.662+0100] {logging_mixin.py:154} INFO - [2025-05-16T06:37:37.662+0100] {dag.py:2941} INFO - Sync 1 DAGs
[2025-05-16T06:37:37.664+0100] {logging_mixin.py:154} INFO - [2025-05-16T06:37:37.664+0100] {dag.py:2963} INFO - Creating ORM DAG for example_skip_dag
[2025-05-16T06:37:37.666+0100] {logging_mixin.py:154} INFO - [2025-05-16T06:37:37.666+0100] {dag.py:3722} INFO - Setting next_dagrun for example_skip_dag to 2025-05-15T05:37:37.666678+00:00, run_after=2025-05-16T05:37:37.666678+00:00
[2025-05-16T06:37:37.671+0100] {processor.py:179} INFO - Processing /Users/saber/airflow_project/airflow_venv/lib/python3.10/site-packages/airflow/example_dags/example_skip_dag.py took 0.181 seconds
[2025-05-16T06:38:37.688+0100] {processor.py:157} INFO - Started process (PID=8797) to work on /Users/saber/airflow_project/airflow_venv/lib/python3.10/site-packages/airflow/example_dags/example_skip_dag.py
[2025-05-16T06:38:37.688+0100] {processor.py:829} INFO - Processing file /Users/saber/airflow_project/airflow_venv/lib/python3.10/site-packages/airflow/example_dags/example_skip_dag.py for tasks to queue
[2025-05-16T06:38:37.689+0100] {logging_mixin.py:154} INFO - [2025-05-16T06:38:37.689+0100] {dagbag.py:536} INFO - Filling up the DagBag from /Users/saber/airflow_project/airflow_venv/lib/python3.10/site-packages/airflow/example_dags/example_skip_dag.py
[2025-05-16T06:38:37.696+0100] {processor.py:839} INFO - DAG(s) dict_keys(['example_skip_dag']) retrieved from /Users/saber/airflow_project/airflow_venv/lib/python3.10/site-packages/airflow/example_dags/example_skip_dag.py
[2025-05-16T06:38:37.740+0100] {logging_mixin.py:154} INFO - [2025-05-16T06:38:37.740+0100] {dag.py:2941} INFO - Sync 1 DAGs
[2025-05-16T06:38:37.745+0100] {logging_mixin.py:154} INFO - [2025-05-16T06:38:37.744+0100] {dag.py:3722} INFO - Setting next_dagrun for example_skip_dag to 2025-05-15T05:38:37.744923+00:00, run_after=2025-05-16T05:38:37.744923+00:00
[2025-05-16T06:38:37.749+0100] {processor.py:179} INFO - Processing /Users/saber/airflow_project/airflow_venv/lib/python3.10/site-packages/airflow/example_dags/example_skip_dag.py took 0.061 seconds
[2025-05-16T06:39:35.471+0100] {processor.py:157} INFO - Started process (PID=8845) to work on /Users/saber/airflow_project/airflow_venv/lib/python3.10/site-packages/airflow/example_dags/example_skip_dag.py
[2025-05-16T06:39:35.472+0100] {processor.py:829} INFO - Processing file /Users/saber/airflow_project/airflow_venv/lib/python3.10/site-packages/airflow/example_dags/example_skip_dag.py for tasks to queue
[2025-05-16T06:39:35.472+0100] {logging_mixin.py:154} INFO - [2025-05-16T06:39:35.472+0100] {dagbag.py:536} INFO - Filling up the DagBag from /Users/saber/airflow_project/airflow_venv/lib/python3.10/site-packages/airflow/example_dags/example_skip_dag.py
[2025-05-16T06:39:35.479+0100] {processor.py:839} INFO - DAG(s) dict_keys(['example_skip_dag']) retrieved from /Users/saber/airflow_project/airflow_venv/lib/python3.10/site-packages/airflow/example_dags/example_skip_dag.py
[2025-05-16T06:39:35.522+0100] {logging_mixin.py:154} INFO - [2025-05-16T06:39:35.522+0100] {dag.py:2941} INFO - Sync 1 DAGs
[2025-05-16T06:39:35.527+0100] {logging_mixin.py:154} INFO - [2025-05-16T06:39:35.527+0100] {dag.py:3722} INFO - Setting next_dagrun for example_skip_dag to 2025-05-15T05:39:35.527198+00:00, run_after=2025-05-16T05:39:35.527198+00:00
[2025-05-16T06:39:35.531+0100] {processor.py:179} INFO - Processing /Users/saber/airflow_project/airflow_venv/lib/python3.10/site-packages/airflow/example_dags/example_skip_dag.py took 0.060 seconds
[2025-05-16T06:40:30.681+0100] {processor.py:157} INFO - Started process (PID=8905) to work on /Users/saber/airflow_project/airflow_venv/lib/python3.10/site-packages/airflow/example_dags/example_skip_dag.py
[2025-05-16T06:40:30.681+0100] {processor.py:829} INFO - Processing file /Users/saber/airflow_project/airflow_venv/lib/python3.10/site-packages/airflow/example_dags/example_skip_dag.py for tasks to queue
[2025-05-16T06:40:30.682+0100] {logging_mixin.py:154} INFO - [2025-05-16T06:40:30.682+0100] {dagbag.py:536} INFO - Filling up the DagBag from /Users/saber/airflow_project/airflow_venv/lib/python3.10/site-packages/airflow/example_dags/example_skip_dag.py
[2025-05-16T06:40:30.688+0100] {processor.py:839} INFO - DAG(s) dict_keys(['example_skip_dag']) retrieved from /Users/saber/airflow_project/airflow_venv/lib/python3.10/site-packages/airflow/example_dags/example_skip_dag.py
[2025-05-16T06:40:30.733+0100] {logging_mixin.py:154} INFO - [2025-05-16T06:40:30.733+0100] {dag.py:2941} INFO - Sync 1 DAGs
[2025-05-16T06:40:30.737+0100] {logging_mixin.py:154} INFO - [2025-05-16T06:40:30.737+0100] {dag.py:3722} INFO - Setting next_dagrun for example_skip_dag to 2025-05-15T05:40:30.737507+00:00, run_after=2025-05-16T05:40:30.737507+00:00
[2025-05-16T06:40:30.742+0100] {processor.py:179} INFO - Processing /Users/saber/airflow_project/airflow_venv/lib/python3.10/site-packages/airflow/example_dags/example_skip_dag.py took 0.061 seconds
[2025-05-16T06:41:29.245+0100] {processor.py:157} INFO - Started process (PID=8955) to work on /Users/saber/airflow_project/airflow_venv/lib/python3.10/site-packages/airflow/example_dags/example_skip_dag.py
[2025-05-16T06:41:29.245+0100] {processor.py:829} INFO - Processing file /Users/saber/airflow_project/airflow_venv/lib/python3.10/site-packages/airflow/example_dags/example_skip_dag.py for tasks to queue
[2025-05-16T06:41:29.246+0100] {logging_mixin.py:154} INFO - [2025-05-16T06:41:29.246+0100] {dagbag.py:536} INFO - Filling up the DagBag from /Users/saber/airflow_project/airflow_venv/lib/python3.10/site-packages/airflow/example_dags/example_skip_dag.py
[2025-05-16T06:41:29.253+0100] {processor.py:839} INFO - DAG(s) dict_keys(['example_skip_dag']) retrieved from /Users/saber/airflow_project/airflow_venv/lib/python3.10/site-packages/airflow/example_dags/example_skip_dag.py
[2025-05-16T06:41:29.300+0100] {logging_mixin.py:154} INFO - [2025-05-16T06:41:29.300+0100] {dag.py:2941} INFO - Sync 1 DAGs
[2025-05-16T06:41:29.305+0100] {logging_mixin.py:154} INFO - [2025-05-16T06:41:29.305+0100] {dag.py:3722} INFO - Setting next_dagrun for example_skip_dag to 2025-05-15T05:41:29.305108+00:00, run_after=2025-05-16T05:41:29.305108+00:00
[2025-05-16T06:41:29.310+0100] {processor.py:179} INFO - Processing /Users/saber/airflow_project/airflow_venv/lib/python3.10/site-packages/airflow/example_dags/example_skip_dag.py took 0.066 seconds
[2025-05-16T06:42:28.194+0100] {processor.py:157} INFO - Started process (PID=9006) to work on /Users/saber/airflow_project/airflow_venv/lib/python3.10/site-packages/airflow/example_dags/example_skip_dag.py
[2025-05-16T06:42:28.194+0100] {processor.py:829} INFO - Processing file /Users/saber/airflow_project/airflow_venv/lib/python3.10/site-packages/airflow/example_dags/example_skip_dag.py for tasks to queue
[2025-05-16T06:42:28.195+0100] {logging_mixin.py:154} INFO - [2025-05-16T06:42:28.194+0100] {dagbag.py:536} INFO - Filling up the DagBag from /Users/saber/airflow_project/airflow_venv/lib/python3.10/site-packages/airflow/example_dags/example_skip_dag.py
[2025-05-16T06:42:28.201+0100] {processor.py:839} INFO - DAG(s) dict_keys(['example_skip_dag']) retrieved from /Users/saber/airflow_project/airflow_venv/lib/python3.10/site-packages/airflow/example_dags/example_skip_dag.py
[2025-05-16T06:42:28.245+0100] {logging_mixin.py:154} INFO - [2025-05-16T06:42:28.245+0100] {dag.py:2941} INFO - Sync 1 DAGs
[2025-05-16T06:42:28.250+0100] {logging_mixin.py:154} INFO - [2025-05-16T06:42:28.250+0100] {dag.py:3722} INFO - Setting next_dagrun for example_skip_dag to 2025-05-15T05:42:28.250019+00:00, run_after=2025-05-16T05:42:28.250019+00:00
[2025-05-16T06:42:28.254+0100] {processor.py:179} INFO - Processing /Users/saber/airflow_project/airflow_venv/lib/python3.10/site-packages/airflow/example_dags/example_skip_dag.py took 0.061 seconds
[2025-05-16T06:43:25.770+0100] {processor.py:157} INFO - Started process (PID=9056) to work on /Users/saber/airflow_project/airflow_venv/lib/python3.10/site-packages/airflow/example_dags/example_skip_dag.py
[2025-05-16T06:43:25.770+0100] {processor.py:829} INFO - Processing file /Users/saber/airflow_project/airflow_venv/lib/python3.10/site-packages/airflow/example_dags/example_skip_dag.py for tasks to queue
[2025-05-16T06:43:25.771+0100] {logging_mixin.py:154} INFO - [2025-05-16T06:43:25.771+0100] {dagbag.py:536} INFO - Filling up the DagBag from /Users/saber/airflow_project/airflow_venv/lib/python3.10/site-packages/airflow/example_dags/example_skip_dag.py
[2025-05-16T06:43:25.778+0100] {processor.py:839} INFO - DAG(s) dict_keys(['example_skip_dag']) retrieved from /Users/saber/airflow_project/airflow_venv/lib/python3.10/site-packages/airflow/example_dags/example_skip_dag.py
[2025-05-16T06:43:25.823+0100] {logging_mixin.py:154} INFO - [2025-05-16T06:43:25.823+0100] {dag.py:2941} INFO - Sync 1 DAGs
[2025-05-16T06:43:25.828+0100] {logging_mixin.py:154} INFO - [2025-05-16T06:43:25.827+0100] {dag.py:3722} INFO - Setting next_dagrun for example_skip_dag to 2025-05-15T05:43:25.827933+00:00, run_after=2025-05-16T05:43:25.827933+00:00
[2025-05-16T06:43:25.832+0100] {processor.py:179} INFO - Processing /Users/saber/airflow_project/airflow_venv/lib/python3.10/site-packages/airflow/example_dags/example_skip_dag.py took 0.062 seconds
[2025-05-16T06:44:23.013+0100] {processor.py:157} INFO - Started process (PID=9111) to work on /Users/saber/airflow_project/airflow_venv/lib/python3.10/site-packages/airflow/example_dags/example_skip_dag.py
[2025-05-16T06:44:23.013+0100] {processor.py:829} INFO - Processing file /Users/saber/airflow_project/airflow_venv/lib/python3.10/site-packages/airflow/example_dags/example_skip_dag.py for tasks to queue
[2025-05-16T06:44:23.014+0100] {logging_mixin.py:154} INFO - [2025-05-16T06:44:23.014+0100] {dagbag.py:536} INFO - Filling up the DagBag from /Users/saber/airflow_project/airflow_venv/lib/python3.10/site-packages/airflow/example_dags/example_skip_dag.py
[2025-05-16T06:44:23.020+0100] {processor.py:839} INFO - DAG(s) dict_keys(['example_skip_dag']) retrieved from /Users/saber/airflow_project/airflow_venv/lib/python3.10/site-packages/airflow/example_dags/example_skip_dag.py
[2025-05-16T06:44:23.065+0100] {logging_mixin.py:154} INFO - [2025-05-16T06:44:23.064+0100] {dag.py:2941} INFO - Sync 1 DAGs
[2025-05-16T06:44:23.069+0100] {logging_mixin.py:154} INFO - [2025-05-16T06:44:23.069+0100] {dag.py:3722} INFO - Setting next_dagrun for example_skip_dag to 2025-05-15T05:44:23.069382+00:00, run_after=2025-05-16T05:44:23.069382+00:00
[2025-05-16T06:44:23.074+0100] {processor.py:179} INFO - Processing /Users/saber/airflow_project/airflow_venv/lib/python3.10/site-packages/airflow/example_dags/example_skip_dag.py took 0.061 seconds
[2025-05-16T06:45:21.341+0100] {processor.py:157} INFO - Started process (PID=9161) to work on /Users/saber/airflow_project/airflow_venv/lib/python3.10/site-packages/airflow/example_dags/example_skip_dag.py
[2025-05-16T06:45:21.341+0100] {processor.py:829} INFO - Processing file /Users/saber/airflow_project/airflow_venv/lib/python3.10/site-packages/airflow/example_dags/example_skip_dag.py for tasks to queue
[2025-05-16T06:45:21.342+0100] {logging_mixin.py:154} INFO - [2025-05-16T06:45:21.342+0100] {dagbag.py:536} INFO - Filling up the DagBag from /Users/saber/airflow_project/airflow_venv/lib/python3.10/site-packages/airflow/example_dags/example_skip_dag.py
[2025-05-16T06:45:21.348+0100] {processor.py:839} INFO - DAG(s) dict_keys(['example_skip_dag']) retrieved from /Users/saber/airflow_project/airflow_venv/lib/python3.10/site-packages/airflow/example_dags/example_skip_dag.py
[2025-05-16T06:45:21.393+0100] {logging_mixin.py:154} INFO - [2025-05-16T06:45:21.393+0100] {dag.py:2941} INFO - Sync 1 DAGs
[2025-05-16T06:45:21.397+0100] {logging_mixin.py:154} INFO - [2025-05-16T06:45:21.397+0100] {dag.py:3722} INFO - Setting next_dagrun for example_skip_dag to 2025-05-15T05:45:21.397533+00:00, run_after=2025-05-16T05:45:21.397533+00:00
[2025-05-16T06:45:21.402+0100] {processor.py:179} INFO - Processing /Users/saber/airflow_project/airflow_venv/lib/python3.10/site-packages/airflow/example_dags/example_skip_dag.py took 0.061 seconds
[2025-05-16T06:46:19.124+0100] {processor.py:157} INFO - Started process (PID=9228) to work on /Users/saber/airflow_project/airflow_venv/lib/python3.10/site-packages/airflow/example_dags/example_skip_dag.py
[2025-05-16T06:46:19.124+0100] {processor.py:829} INFO - Processing file /Users/saber/airflow_project/airflow_venv/lib/python3.10/site-packages/airflow/example_dags/example_skip_dag.py for tasks to queue
[2025-05-16T06:46:19.125+0100] {logging_mixin.py:154} INFO - [2025-05-16T06:46:19.125+0100] {dagbag.py:536} INFO - Filling up the DagBag from /Users/saber/airflow_project/airflow_venv/lib/python3.10/site-packages/airflow/example_dags/example_skip_dag.py
[2025-05-16T06:46:19.131+0100] {processor.py:839} INFO - DAG(s) dict_keys(['example_skip_dag']) retrieved from /Users/saber/airflow_project/airflow_venv/lib/python3.10/site-packages/airflow/example_dags/example_skip_dag.py
[2025-05-16T06:46:19.175+0100] {logging_mixin.py:154} INFO - [2025-05-16T06:46:19.175+0100] {dag.py:2941} INFO - Sync 1 DAGs
[2025-05-16T06:46:19.180+0100] {logging_mixin.py:154} INFO - [2025-05-16T06:46:19.180+0100] {dag.py:3722} INFO - Setting next_dagrun for example_skip_dag to 2025-05-15T05:46:19.180257+00:00, run_after=2025-05-16T05:46:19.180257+00:00
[2025-05-16T06:46:19.184+0100] {processor.py:179} INFO - Processing /Users/saber/airflow_project/airflow_venv/lib/python3.10/site-packages/airflow/example_dags/example_skip_dag.py took 0.061 seconds
[2025-05-16T06:47:16.806+0100] {processor.py:157} INFO - Started process (PID=9276) to work on /Users/saber/airflow_project/airflow_venv/lib/python3.10/site-packages/airflow/example_dags/example_skip_dag.py
[2025-05-16T06:47:16.806+0100] {processor.py:829} INFO - Processing file /Users/saber/airflow_project/airflow_venv/lib/python3.10/site-packages/airflow/example_dags/example_skip_dag.py for tasks to queue
[2025-05-16T06:47:16.807+0100] {logging_mixin.py:154} INFO - [2025-05-16T06:47:16.807+0100] {dagbag.py:536} INFO - Filling up the DagBag from /Users/saber/airflow_project/airflow_venv/lib/python3.10/site-packages/airflow/example_dags/example_skip_dag.py
[2025-05-16T06:47:16.813+0100] {processor.py:839} INFO - DAG(s) dict_keys(['example_skip_dag']) retrieved from /Users/saber/airflow_project/airflow_venv/lib/python3.10/site-packages/airflow/example_dags/example_skip_dag.py
[2025-05-16T06:47:16.858+0100] {logging_mixin.py:154} INFO - [2025-05-16T06:47:16.857+0100] {dag.py:2941} INFO - Sync 1 DAGs
[2025-05-16T06:47:16.862+0100] {logging_mixin.py:154} INFO - [2025-05-16T06:47:16.862+0100] {dag.py:3722} INFO - Setting next_dagrun for example_skip_dag to 2025-05-15T05:47:16.862445+00:00, run_after=2025-05-16T05:47:16.862445+00:00
[2025-05-16T06:47:16.867+0100] {processor.py:179} INFO - Processing /Users/saber/airflow_project/airflow_venv/lib/python3.10/site-packages/airflow/example_dags/example_skip_dag.py took 0.061 seconds
[2025-05-16T06:48:13.985+0100] {processor.py:157} INFO - Started process (PID=9325) to work on /Users/saber/airflow_project/airflow_venv/lib/python3.10/site-packages/airflow/example_dags/example_skip_dag.py
[2025-05-16T06:48:13.985+0100] {processor.py:829} INFO - Processing file /Users/saber/airflow_project/airflow_venv/lib/python3.10/site-packages/airflow/example_dags/example_skip_dag.py for tasks to queue
[2025-05-16T06:48:13.986+0100] {logging_mixin.py:154} INFO - [2025-05-16T06:48:13.986+0100] {dagbag.py:536} INFO - Filling up the DagBag from /Users/saber/airflow_project/airflow_venv/lib/python3.10/site-packages/airflow/example_dags/example_skip_dag.py
[2025-05-16T06:48:13.992+0100] {processor.py:839} INFO - DAG(s) dict_keys(['example_skip_dag']) retrieved from /Users/saber/airflow_project/airflow_venv/lib/python3.10/site-packages/airflow/example_dags/example_skip_dag.py
[2025-05-16T06:48:14.036+0100] {logging_mixin.py:154} INFO - [2025-05-16T06:48:14.036+0100] {dag.py:2941} INFO - Sync 1 DAGs
[2025-05-16T06:48:14.040+0100] {logging_mixin.py:154} INFO - [2025-05-16T06:48:14.040+0100] {dag.py:3722} INFO - Setting next_dagrun for example_skip_dag to 2025-05-15T05:48:14.040808+00:00, run_after=2025-05-16T05:48:14.040808+00:00
[2025-05-16T06:48:14.045+0100] {processor.py:179} INFO - Processing /Users/saber/airflow_project/airflow_venv/lib/python3.10/site-packages/airflow/example_dags/example_skip_dag.py took 0.060 seconds
[2025-05-16T06:49:11.352+0100] {processor.py:157} INFO - Started process (PID=9375) to work on /Users/saber/airflow_project/airflow_venv/lib/python3.10/site-packages/airflow/example_dags/example_skip_dag.py
[2025-05-16T06:49:11.352+0100] {processor.py:829} INFO - Processing file /Users/saber/airflow_project/airflow_venv/lib/python3.10/site-packages/airflow/example_dags/example_skip_dag.py for tasks to queue
[2025-05-16T06:49:11.353+0100] {logging_mixin.py:154} INFO - [2025-05-16T06:49:11.353+0100] {dagbag.py:536} INFO - Filling up the DagBag from /Users/saber/airflow_project/airflow_venv/lib/python3.10/site-packages/airflow/example_dags/example_skip_dag.py
[2025-05-16T06:49:11.359+0100] {processor.py:839} INFO - DAG(s) dict_keys(['example_skip_dag']) retrieved from /Users/saber/airflow_project/airflow_venv/lib/python3.10/site-packages/airflow/example_dags/example_skip_dag.py
[2025-05-16T06:49:11.404+0100] {logging_mixin.py:154} INFO - [2025-05-16T06:49:11.403+0100] {dag.py:2941} INFO - Sync 1 DAGs
[2025-05-16T06:49:11.408+0100] {logging_mixin.py:154} INFO - [2025-05-16T06:49:11.408+0100] {dag.py:3722} INFO - Setting next_dagrun for example_skip_dag to 2025-05-15T05:49:11.408392+00:00, run_after=2025-05-16T05:49:11.408392+00:00
[2025-05-16T06:49:11.413+0100] {processor.py:179} INFO - Processing /Users/saber/airflow_project/airflow_venv/lib/python3.10/site-packages/airflow/example_dags/example_skip_dag.py took 0.061 seconds
[2025-05-16T06:50:09.904+0100] {processor.py:157} INFO - Started process (PID=9423) to work on /Users/saber/airflow_project/airflow_venv/lib/python3.10/site-packages/airflow/example_dags/example_skip_dag.py
[2025-05-16T06:50:09.904+0100] {processor.py:829} INFO - Processing file /Users/saber/airflow_project/airflow_venv/lib/python3.10/site-packages/airflow/example_dags/example_skip_dag.py for tasks to queue
[2025-05-16T06:50:09.905+0100] {logging_mixin.py:154} INFO - [2025-05-16T06:50:09.905+0100] {dagbag.py:536} INFO - Filling up the DagBag from /Users/saber/airflow_project/airflow_venv/lib/python3.10/site-packages/airflow/example_dags/example_skip_dag.py
[2025-05-16T06:50:09.911+0100] {processor.py:839} INFO - DAG(s) dict_keys(['example_skip_dag']) retrieved from /Users/saber/airflow_project/airflow_venv/lib/python3.10/site-packages/airflow/example_dags/example_skip_dag.py
[2025-05-16T06:50:09.955+0100] {logging_mixin.py:154} INFO - [2025-05-16T06:50:09.955+0100] {dag.py:2941} INFO - Sync 1 DAGs
[2025-05-16T06:50:09.960+0100] {logging_mixin.py:154} INFO - [2025-05-16T06:50:09.960+0100] {dag.py:3722} INFO - Setting next_dagrun for example_skip_dag to 2025-05-15T05:50:09.960094+00:00, run_after=2025-05-16T05:50:09.960094+00:00
[2025-05-16T06:50:09.964+0100] {processor.py:179} INFO - Processing /Users/saber/airflow_project/airflow_venv/lib/python3.10/site-packages/airflow/example_dags/example_skip_dag.py took 0.060 seconds
[2025-05-16T06:51:08.098+0100] {processor.py:157} INFO - Started process (PID=9480) to work on /Users/saber/airflow_project/airflow_venv/lib/python3.10/site-packages/airflow/example_dags/example_skip_dag.py
[2025-05-16T06:51:08.098+0100] {processor.py:829} INFO - Processing file /Users/saber/airflow_project/airflow_venv/lib/python3.10/site-packages/airflow/example_dags/example_skip_dag.py for tasks to queue
[2025-05-16T06:51:08.099+0100] {logging_mixin.py:154} INFO - [2025-05-16T06:51:08.099+0100] {dagbag.py:536} INFO - Filling up the DagBag from /Users/saber/airflow_project/airflow_venv/lib/python3.10/site-packages/airflow/example_dags/example_skip_dag.py
[2025-05-16T06:51:08.106+0100] {processor.py:839} INFO - DAG(s) dict_keys(['example_skip_dag']) retrieved from /Users/saber/airflow_project/airflow_venv/lib/python3.10/site-packages/airflow/example_dags/example_skip_dag.py
[2025-05-16T06:51:08.150+0100] {logging_mixin.py:154} INFO - [2025-05-16T06:51:08.150+0100] {dag.py:2941} INFO - Sync 1 DAGs
[2025-05-16T06:51:08.155+0100] {logging_mixin.py:154} INFO - [2025-05-16T06:51:08.155+0100] {dag.py:3722} INFO - Setting next_dagrun for example_skip_dag to 2025-05-15T05:51:08.155215+00:00, run_after=2025-05-16T05:51:08.155215+00:00
[2025-05-16T06:51:08.159+0100] {processor.py:179} INFO - Processing /Users/saber/airflow_project/airflow_venv/lib/python3.10/site-packages/airflow/example_dags/example_skip_dag.py took 0.062 seconds
