[2025-05-16T06:37:30.232+0100] {processor.py:157} INFO - Started process (PID=8734) to work on /Users/saber/airflow_project/airflow_venv/lib/python3.10/site-packages/airflow/example_dags/example_time_delta_sensor_async.py
[2025-05-16T06:37:30.232+0100] {processor.py:829} INFO - Processing file /Users/saber/airflow_project/airflow_venv/lib/python3.10/site-packages/airflow/example_dags/example_time_delta_sensor_async.py for tasks to queue
[2025-05-16T06:37:30.233+0100] {logging_mixin.py:154} INFO - [2025-05-16T06:37:30.233+0100] {dagbag.py:536} INFO - Filling up the DagBag from /Users/saber/airflow_project/airflow_venv/lib/python3.10/site-packages/airflow/example_dags/example_time_delta_sensor_async.py
[2025-05-16T06:37:30.239+0100] {processor.py:839} INFO - DAG(s) dict_keys(['example_time_delta_sensor_async']) retrieved from /Users/saber/airflow_project/airflow_venv/lib/python3.10/site-packages/airflow/example_dags/example_time_delta_sensor_async.py
[2025-05-16T06:37:30.391+0100] {logging_mixin.py:154} INFO - [2025-05-16T06:37:30.391+0100] {manager.py:499} INFO - Created Permission View: %s
[2025-05-16T06:37:30.393+0100] {logging_mixin.py:154} INFO - [2025-05-16T06:37:30.393+0100] {manager.py:499} INFO - Created Permission View: %s
[2025-05-16T06:37:30.394+0100] {logging_mixin.py:154} INFO - [2025-05-16T06:37:30.394+0100] {manager.py:499} INFO - Created Permission View: %s
[2025-05-16T06:37:30.395+0100] {logging_mixin.py:154} INFO - [2025-05-16T06:37:30.394+0100] {dag.py:2941} INFO - Sync 1 DAGs
[2025-05-16T06:37:30.397+0100] {logging_mixin.py:154} INFO - [2025-05-16T06:37:30.397+0100] {dag.py:2963} INFO - Creating ORM DAG for example_time_delta_sensor_async
[2025-05-16T06:37:30.397+0100] {logging_mixin.py:154} INFO - [2025-05-16T06:37:30.397+0100] {dag.py:3722} INFO - Setting next_dagrun for example_time_delta_sensor_async to None, run_after=None
[2025-05-16T06:37:30.402+0100] {processor.py:179} INFO - Processing /Users/saber/airflow_project/airflow_venv/lib/python3.10/site-packages/airflow/example_dags/example_time_delta_sensor_async.py took 0.170 seconds
[2025-05-16T06:38:31.313+0100] {processor.py:157} INFO - Started process (PID=8791) to work on /Users/saber/airflow_project/airflow_venv/lib/python3.10/site-packages/airflow/example_dags/example_time_delta_sensor_async.py
[2025-05-16T06:38:31.314+0100] {processor.py:829} INFO - Processing file /Users/saber/airflow_project/airflow_venv/lib/python3.10/site-packages/airflow/example_dags/example_time_delta_sensor_async.py for tasks to queue
[2025-05-16T06:38:31.315+0100] {logging_mixin.py:154} INFO - [2025-05-16T06:38:31.315+0100] {dagbag.py:536} INFO - Filling up the DagBag from /Users/saber/airflow_project/airflow_venv/lib/python3.10/site-packages/airflow/example_dags/example_time_delta_sensor_async.py
[2025-05-16T06:38:31.322+0100] {processor.py:839} INFO - DAG(s) dict_keys(['example_time_delta_sensor_async']) retrieved from /Users/saber/airflow_project/airflow_venv/lib/python3.10/site-packages/airflow/example_dags/example_time_delta_sensor_async.py
[2025-05-16T06:38:31.368+0100] {logging_mixin.py:154} INFO - [2025-05-16T06:38:31.368+0100] {dag.py:2941} INFO - Sync 1 DAGs
[2025-05-16T06:38:31.371+0100] {logging_mixin.py:154} INFO - [2025-05-16T06:38:31.371+0100] {dag.py:3722} INFO - Setting next_dagrun for example_time_delta_sensor_async to None, run_after=None
[2025-05-16T06:38:31.375+0100] {processor.py:179} INFO - Processing /Users/saber/airflow_project/airflow_venv/lib/python3.10/site-packages/airflow/example_dags/example_time_delta_sensor_async.py took 0.062 seconds
[2025-05-16T06:39:28.538+0100] {processor.py:157} INFO - Started process (PID=8839) to work on /Users/saber/airflow_project/airflow_venv/lib/python3.10/site-packages/airflow/example_dags/example_time_delta_sensor_async.py
[2025-05-16T06:39:28.538+0100] {processor.py:829} INFO - Processing file /Users/saber/airflow_project/airflow_venv/lib/python3.10/site-packages/airflow/example_dags/example_time_delta_sensor_async.py for tasks to queue
[2025-05-16T06:39:28.539+0100] {logging_mixin.py:154} INFO - [2025-05-16T06:39:28.539+0100] {dagbag.py:536} INFO - Filling up the DagBag from /Users/saber/airflow_project/airflow_venv/lib/python3.10/site-packages/airflow/example_dags/example_time_delta_sensor_async.py
[2025-05-16T06:39:28.546+0100] {processor.py:839} INFO - DAG(s) dict_keys(['example_time_delta_sensor_async']) retrieved from /Users/saber/airflow_project/airflow_venv/lib/python3.10/site-packages/airflow/example_dags/example_time_delta_sensor_async.py
[2025-05-16T06:39:28.591+0100] {logging_mixin.py:154} INFO - [2025-05-16T06:39:28.591+0100] {dag.py:2941} INFO - Sync 1 DAGs
[2025-05-16T06:39:28.594+0100] {logging_mixin.py:154} INFO - [2025-05-16T06:39:28.594+0100] {dag.py:3722} INFO - Setting next_dagrun for example_time_delta_sensor_async to None, run_after=None
[2025-05-16T06:39:28.598+0100] {processor.py:179} INFO - Processing /Users/saber/airflow_project/airflow_venv/lib/python3.10/site-packages/airflow/example_dags/example_time_delta_sensor_async.py took 0.060 seconds
[2025-05-16T06:40:23.760+0100] {processor.py:157} INFO - Started process (PID=8900) to work on /Users/saber/airflow_project/airflow_venv/lib/python3.10/site-packages/airflow/example_dags/example_time_delta_sensor_async.py
[2025-05-16T06:40:23.760+0100] {processor.py:829} INFO - Processing file /Users/saber/airflow_project/airflow_venv/lib/python3.10/site-packages/airflow/example_dags/example_time_delta_sensor_async.py for tasks to queue
[2025-05-16T06:40:23.761+0100] {logging_mixin.py:154} INFO - [2025-05-16T06:40:23.761+0100] {dagbag.py:536} INFO - Filling up the DagBag from /Users/saber/airflow_project/airflow_venv/lib/python3.10/site-packages/airflow/example_dags/example_time_delta_sensor_async.py
[2025-05-16T06:40:23.767+0100] {processor.py:839} INFO - DAG(s) dict_keys(['example_time_delta_sensor_async']) retrieved from /Users/saber/airflow_project/airflow_venv/lib/python3.10/site-packages/airflow/example_dags/example_time_delta_sensor_async.py
[2025-05-16T06:40:23.814+0100] {logging_mixin.py:154} INFO - [2025-05-16T06:40:23.813+0100] {dag.py:2941} INFO - Sync 1 DAGs
[2025-05-16T06:40:23.816+0100] {logging_mixin.py:154} INFO - [2025-05-16T06:40:23.816+0100] {dag.py:3722} INFO - Setting next_dagrun for example_time_delta_sensor_async to None, run_after=None
[2025-05-16T06:40:23.821+0100] {processor.py:179} INFO - Processing /Users/saber/airflow_project/airflow_venv/lib/python3.10/site-packages/airflow/example_dags/example_time_delta_sensor_async.py took 0.061 seconds
[2025-05-16T06:41:22.298+0100] {processor.py:157} INFO - Started process (PID=8950) to work on /Users/saber/airflow_project/airflow_venv/lib/python3.10/site-packages/airflow/example_dags/example_time_delta_sensor_async.py
[2025-05-16T06:41:22.298+0100] {processor.py:829} INFO - Processing file /Users/saber/airflow_project/airflow_venv/lib/python3.10/site-packages/airflow/example_dags/example_time_delta_sensor_async.py for tasks to queue
[2025-05-16T06:41:22.299+0100] {logging_mixin.py:154} INFO - [2025-05-16T06:41:22.299+0100] {dagbag.py:536} INFO - Filling up the DagBag from /Users/saber/airflow_project/airflow_venv/lib/python3.10/site-packages/airflow/example_dags/example_time_delta_sensor_async.py
[2025-05-16T06:41:22.305+0100] {processor.py:839} INFO - DAG(s) dict_keys(['example_time_delta_sensor_async']) retrieved from /Users/saber/airflow_project/airflow_venv/lib/python3.10/site-packages/airflow/example_dags/example_time_delta_sensor_async.py
[2025-05-16T06:41:22.352+0100] {logging_mixin.py:154} INFO - [2025-05-16T06:41:22.352+0100] {dag.py:2941} INFO - Sync 1 DAGs
[2025-05-16T06:41:22.354+0100] {logging_mixin.py:154} INFO - [2025-05-16T06:41:22.354+0100] {dag.py:3722} INFO - Setting next_dagrun for example_time_delta_sensor_async to None, run_after=None
[2025-05-16T06:41:22.359+0100] {processor.py:179} INFO - Processing /Users/saber/airflow_project/airflow_venv/lib/python3.10/site-packages/airflow/example_dags/example_time_delta_sensor_async.py took 0.062 seconds
[2025-05-16T06:42:21.710+0100] {processor.py:157} INFO - Started process (PID=9001) to work on /Users/saber/airflow_project/airflow_venv/lib/python3.10/site-packages/airflow/example_dags/example_time_delta_sensor_async.py
[2025-05-16T06:42:21.710+0100] {processor.py:829} INFO - Processing file /Users/saber/airflow_project/airflow_venv/lib/python3.10/site-packages/airflow/example_dags/example_time_delta_sensor_async.py for tasks to queue
[2025-05-16T06:42:21.711+0100] {logging_mixin.py:154} INFO - [2025-05-16T06:42:21.711+0100] {dagbag.py:536} INFO - Filling up the DagBag from /Users/saber/airflow_project/airflow_venv/lib/python3.10/site-packages/airflow/example_dags/example_time_delta_sensor_async.py
[2025-05-16T06:42:21.717+0100] {processor.py:839} INFO - DAG(s) dict_keys(['example_time_delta_sensor_async']) retrieved from /Users/saber/airflow_project/airflow_venv/lib/python3.10/site-packages/airflow/example_dags/example_time_delta_sensor_async.py
[2025-05-16T06:42:21.764+0100] {logging_mixin.py:154} INFO - [2025-05-16T06:42:21.764+0100] {dag.py:2941} INFO - Sync 1 DAGs
[2025-05-16T06:42:21.767+0100] {logging_mixin.py:154} INFO - [2025-05-16T06:42:21.767+0100] {dag.py:3722} INFO - Setting next_dagrun for example_time_delta_sensor_async to None, run_after=None
[2025-05-16T06:42:21.771+0100] {processor.py:179} INFO - Processing /Users/saber/airflow_project/airflow_venv/lib/python3.10/site-packages/airflow/example_dags/example_time_delta_sensor_async.py took 0.062 seconds
[2025-05-16T06:43:18.790+0100] {processor.py:157} INFO - Started process (PID=9051) to work on /Users/saber/airflow_project/airflow_venv/lib/python3.10/site-packages/airflow/example_dags/example_time_delta_sensor_async.py
[2025-05-16T06:43:18.790+0100] {processor.py:829} INFO - Processing file /Users/saber/airflow_project/airflow_venv/lib/python3.10/site-packages/airflow/example_dags/example_time_delta_sensor_async.py for tasks to queue
[2025-05-16T06:43:18.791+0100] {logging_mixin.py:154} INFO - [2025-05-16T06:43:18.791+0100] {dagbag.py:536} INFO - Filling up the DagBag from /Users/saber/airflow_project/airflow_venv/lib/python3.10/site-packages/airflow/example_dags/example_time_delta_sensor_async.py
[2025-05-16T06:43:18.799+0100] {processor.py:839} INFO - DAG(s) dict_keys(['example_time_delta_sensor_async']) retrieved from /Users/saber/airflow_project/airflow_venv/lib/python3.10/site-packages/airflow/example_dags/example_time_delta_sensor_async.py
[2025-05-16T06:43:18.855+0100] {logging_mixin.py:154} INFO - [2025-05-16T06:43:18.855+0100] {dag.py:2941} INFO - Sync 1 DAGs
[2025-05-16T06:43:18.859+0100] {logging_mixin.py:154} INFO - [2025-05-16T06:43:18.859+0100] {dag.py:3722} INFO - Setting next_dagrun for example_time_delta_sensor_async to None, run_after=None
[2025-05-16T06:43:18.866+0100] {processor.py:179} INFO - Processing /Users/saber/airflow_project/airflow_venv/lib/python3.10/site-packages/airflow/example_dags/example_time_delta_sensor_async.py took 0.076 seconds
[2025-05-16T06:44:15.702+0100] {processor.py:157} INFO - Started process (PID=9106) to work on /Users/saber/airflow_project/airflow_venv/lib/python3.10/site-packages/airflow/example_dags/example_time_delta_sensor_async.py
[2025-05-16T06:44:15.703+0100] {processor.py:829} INFO - Processing file /Users/saber/airflow_project/airflow_venv/lib/python3.10/site-packages/airflow/example_dags/example_time_delta_sensor_async.py for tasks to queue
[2025-05-16T06:44:15.703+0100] {logging_mixin.py:154} INFO - [2025-05-16T06:44:15.703+0100] {dagbag.py:536} INFO - Filling up the DagBag from /Users/saber/airflow_project/airflow_venv/lib/python3.10/site-packages/airflow/example_dags/example_time_delta_sensor_async.py
[2025-05-16T06:44:15.710+0100] {processor.py:839} INFO - DAG(s) dict_keys(['example_time_delta_sensor_async']) retrieved from /Users/saber/airflow_project/airflow_venv/lib/python3.10/site-packages/airflow/example_dags/example_time_delta_sensor_async.py
[2025-05-16T06:44:15.755+0100] {logging_mixin.py:154} INFO - [2025-05-16T06:44:15.755+0100] {dag.py:2941} INFO - Sync 1 DAGs
[2025-05-16T06:44:15.758+0100] {logging_mixin.py:154} INFO - [2025-05-16T06:44:15.758+0100] {dag.py:3722} INFO - Setting next_dagrun for example_time_delta_sensor_async to None, run_after=None
[2025-05-16T06:44:15.763+0100] {processor.py:179} INFO - Processing /Users/saber/airflow_project/airflow_venv/lib/python3.10/site-packages/airflow/example_dags/example_time_delta_sensor_async.py took 0.061 seconds
[2025-05-16T06:45:14.402+0100] {processor.py:157} INFO - Started process (PID=9156) to work on /Users/saber/airflow_project/airflow_venv/lib/python3.10/site-packages/airflow/example_dags/example_time_delta_sensor_async.py
[2025-05-16T06:45:14.402+0100] {processor.py:829} INFO - Processing file /Users/saber/airflow_project/airflow_venv/lib/python3.10/site-packages/airflow/example_dags/example_time_delta_sensor_async.py for tasks to queue
[2025-05-16T06:45:14.403+0100] {logging_mixin.py:154} INFO - [2025-05-16T06:45:14.403+0100] {dagbag.py:536} INFO - Filling up the DagBag from /Users/saber/airflow_project/airflow_venv/lib/python3.10/site-packages/airflow/example_dags/example_time_delta_sensor_async.py
[2025-05-16T06:45:14.409+0100] {processor.py:839} INFO - DAG(s) dict_keys(['example_time_delta_sensor_async']) retrieved from /Users/saber/airflow_project/airflow_venv/lib/python3.10/site-packages/airflow/example_dags/example_time_delta_sensor_async.py
[2025-05-16T06:45:14.457+0100] {logging_mixin.py:154} INFO - [2025-05-16T06:45:14.457+0100] {dag.py:2941} INFO - Sync 1 DAGs
[2025-05-16T06:45:14.460+0100] {logging_mixin.py:154} INFO - [2025-05-16T06:45:14.460+0100] {dag.py:3722} INFO - Setting next_dagrun for example_time_delta_sensor_async to None, run_after=None
[2025-05-16T06:45:14.465+0100] {processor.py:179} INFO - Processing /Users/saber/airflow_project/airflow_venv/lib/python3.10/site-packages/airflow/example_dags/example_time_delta_sensor_async.py took 0.063 seconds
[2025-05-16T06:46:12.180+0100] {processor.py:157} INFO - Started process (PID=9223) to work on /Users/saber/airflow_project/airflow_venv/lib/python3.10/site-packages/airflow/example_dags/example_time_delta_sensor_async.py
[2025-05-16T06:46:12.180+0100] {processor.py:829} INFO - Processing file /Users/saber/airflow_project/airflow_venv/lib/python3.10/site-packages/airflow/example_dags/example_time_delta_sensor_async.py for tasks to queue
[2025-05-16T06:46:12.181+0100] {logging_mixin.py:154} INFO - [2025-05-16T06:46:12.181+0100] {dagbag.py:536} INFO - Filling up the DagBag from /Users/saber/airflow_project/airflow_venv/lib/python3.10/site-packages/airflow/example_dags/example_time_delta_sensor_async.py
[2025-05-16T06:46:12.187+0100] {processor.py:839} INFO - DAG(s) dict_keys(['example_time_delta_sensor_async']) retrieved from /Users/saber/airflow_project/airflow_venv/lib/python3.10/site-packages/airflow/example_dags/example_time_delta_sensor_async.py
[2025-05-16T06:46:12.233+0100] {logging_mixin.py:154} INFO - [2025-05-16T06:46:12.233+0100] {dag.py:2941} INFO - Sync 1 DAGs
[2025-05-16T06:46:12.236+0100] {logging_mixin.py:154} INFO - [2025-05-16T06:46:12.236+0100] {dag.py:3722} INFO - Setting next_dagrun for example_time_delta_sensor_async to None, run_after=None
[2025-05-16T06:46:12.241+0100] {processor.py:179} INFO - Processing /Users/saber/airflow_project/airflow_venv/lib/python3.10/site-packages/airflow/example_dags/example_time_delta_sensor_async.py took 0.061 seconds
[2025-05-16T06:47:12.623+0100] {processor.py:157} INFO - Started process (PID=9271) to work on /Users/saber/airflow_project/airflow_venv/lib/python3.10/site-packages/airflow/example_dags/example_time_delta_sensor_async.py
[2025-05-16T06:47:12.624+0100] {processor.py:829} INFO - Processing file /Users/saber/airflow_project/airflow_venv/lib/python3.10/site-packages/airflow/example_dags/example_time_delta_sensor_async.py for tasks to queue
[2025-05-16T06:47:12.624+0100] {logging_mixin.py:154} INFO - [2025-05-16T06:47:12.624+0100] {dagbag.py:536} INFO - Filling up the DagBag from /Users/saber/airflow_project/airflow_venv/lib/python3.10/site-packages/airflow/example_dags/example_time_delta_sensor_async.py
[2025-05-16T06:47:12.631+0100] {processor.py:839} INFO - DAG(s) dict_keys(['example_time_delta_sensor_async']) retrieved from /Users/saber/airflow_project/airflow_venv/lib/python3.10/site-packages/airflow/example_dags/example_time_delta_sensor_async.py
[2025-05-16T06:47:12.677+0100] {logging_mixin.py:154} INFO - [2025-05-16T06:47:12.677+0100] {dag.py:2941} INFO - Sync 1 DAGs
[2025-05-16T06:47:12.679+0100] {logging_mixin.py:154} INFO - [2025-05-16T06:47:12.679+0100] {dag.py:3722} INFO - Setting next_dagrun for example_time_delta_sensor_async to None, run_after=None
[2025-05-16T06:47:12.684+0100] {processor.py:179} INFO - Processing /Users/saber/airflow_project/airflow_venv/lib/python3.10/site-packages/airflow/example_dags/example_time_delta_sensor_async.py took 0.061 seconds
[2025-05-16T06:48:08.561+0100] {processor.py:157} INFO - Started process (PID=9320) to work on /Users/saber/airflow_project/airflow_venv/lib/python3.10/site-packages/airflow/example_dags/example_time_delta_sensor_async.py
[2025-05-16T06:48:08.561+0100] {processor.py:829} INFO - Processing file /Users/saber/airflow_project/airflow_venv/lib/python3.10/site-packages/airflow/example_dags/example_time_delta_sensor_async.py for tasks to queue
[2025-05-16T06:48:08.562+0100] {logging_mixin.py:154} INFO - [2025-05-16T06:48:08.562+0100] {dagbag.py:536} INFO - Filling up the DagBag from /Users/saber/airflow_project/airflow_venv/lib/python3.10/site-packages/airflow/example_dags/example_time_delta_sensor_async.py
[2025-05-16T06:48:08.569+0100] {processor.py:839} INFO - DAG(s) dict_keys(['example_time_delta_sensor_async']) retrieved from /Users/saber/airflow_project/airflow_venv/lib/python3.10/site-packages/airflow/example_dags/example_time_delta_sensor_async.py
[2025-05-16T06:48:08.615+0100] {logging_mixin.py:154} INFO - [2025-05-16T06:48:08.615+0100] {dag.py:2941} INFO - Sync 1 DAGs
[2025-05-16T06:48:08.617+0100] {logging_mixin.py:154} INFO - [2025-05-16T06:48:08.617+0100] {dag.py:3722} INFO - Setting next_dagrun for example_time_delta_sensor_async to None, run_after=None
[2025-05-16T06:48:08.622+0100] {processor.py:179} INFO - Processing /Users/saber/airflow_project/airflow_venv/lib/python3.10/site-packages/airflow/example_dags/example_time_delta_sensor_async.py took 0.061 seconds
[2025-05-16T06:49:05.323+0100] {processor.py:157} INFO - Started process (PID=9367) to work on /Users/saber/airflow_project/airflow_venv/lib/python3.10/site-packages/airflow/example_dags/example_time_delta_sensor_async.py
[2025-05-16T06:49:05.323+0100] {processor.py:829} INFO - Processing file /Users/saber/airflow_project/airflow_venv/lib/python3.10/site-packages/airflow/example_dags/example_time_delta_sensor_async.py for tasks to queue
[2025-05-16T06:49:05.324+0100] {logging_mixin.py:154} INFO - [2025-05-16T06:49:05.324+0100] {dagbag.py:536} INFO - Filling up the DagBag from /Users/saber/airflow_project/airflow_venv/lib/python3.10/site-packages/airflow/example_dags/example_time_delta_sensor_async.py
[2025-05-16T06:49:05.330+0100] {processor.py:839} INFO - DAG(s) dict_keys(['example_time_delta_sensor_async']) retrieved from /Users/saber/airflow_project/airflow_venv/lib/python3.10/site-packages/airflow/example_dags/example_time_delta_sensor_async.py
[2025-05-16T06:49:05.377+0100] {logging_mixin.py:154} INFO - [2025-05-16T06:49:05.377+0100] {dag.py:2941} INFO - Sync 1 DAGs
[2025-05-16T06:49:05.380+0100] {logging_mixin.py:154} INFO - [2025-05-16T06:49:05.380+0100] {dag.py:3722} INFO - Setting next_dagrun for example_time_delta_sensor_async to None, run_after=None
[2025-05-16T06:49:05.385+0100] {processor.py:179} INFO - Processing /Users/saber/airflow_project/airflow_venv/lib/python3.10/site-packages/airflow/example_dags/example_time_delta_sensor_async.py took 0.062 seconds
[2025-05-16T06:50:03.605+0100] {processor.py:157} INFO - Started process (PID=9418) to work on /Users/saber/airflow_project/airflow_venv/lib/python3.10/site-packages/airflow/example_dags/example_time_delta_sensor_async.py
[2025-05-16T06:50:03.606+0100] {processor.py:829} INFO - Processing file /Users/saber/airflow_project/airflow_venv/lib/python3.10/site-packages/airflow/example_dags/example_time_delta_sensor_async.py for tasks to queue
[2025-05-16T06:50:03.606+0100] {logging_mixin.py:154} INFO - [2025-05-16T06:50:03.606+0100] {dagbag.py:536} INFO - Filling up the DagBag from /Users/saber/airflow_project/airflow_venv/lib/python3.10/site-packages/airflow/example_dags/example_time_delta_sensor_async.py
[2025-05-16T06:50:03.613+0100] {processor.py:839} INFO - DAG(s) dict_keys(['example_time_delta_sensor_async']) retrieved from /Users/saber/airflow_project/airflow_venv/lib/python3.10/site-packages/airflow/example_dags/example_time_delta_sensor_async.py
[2025-05-16T06:50:03.660+0100] {logging_mixin.py:154} INFO - [2025-05-16T06:50:03.660+0100] {dag.py:2941} INFO - Sync 1 DAGs
[2025-05-16T06:50:03.663+0100] {logging_mixin.py:154} INFO - [2025-05-16T06:50:03.662+0100] {dag.py:3722} INFO - Setting next_dagrun for example_time_delta_sensor_async to None, run_after=None
[2025-05-16T06:50:03.667+0100] {processor.py:179} INFO - Processing /Users/saber/airflow_project/airflow_venv/lib/python3.10/site-packages/airflow/example_dags/example_time_delta_sensor_async.py took 0.062 seconds
[2025-05-16T06:51:02.673+0100] {processor.py:157} INFO - Started process (PID=9475) to work on /Users/saber/airflow_project/airflow_venv/lib/python3.10/site-packages/airflow/example_dags/example_time_delta_sensor_async.py
[2025-05-16T06:51:02.673+0100] {processor.py:829} INFO - Processing file /Users/saber/airflow_project/airflow_venv/lib/python3.10/site-packages/airflow/example_dags/example_time_delta_sensor_async.py for tasks to queue
[2025-05-16T06:51:02.673+0100] {logging_mixin.py:154} INFO - [2025-05-16T06:51:02.673+0100] {dagbag.py:536} INFO - Filling up the DagBag from /Users/saber/airflow_project/airflow_venv/lib/python3.10/site-packages/airflow/example_dags/example_time_delta_sensor_async.py
[2025-05-16T06:51:02.680+0100] {processor.py:839} INFO - DAG(s) dict_keys(['example_time_delta_sensor_async']) retrieved from /Users/saber/airflow_project/airflow_venv/lib/python3.10/site-packages/airflow/example_dags/example_time_delta_sensor_async.py
[2025-05-16T06:51:02.726+0100] {logging_mixin.py:154} INFO - [2025-05-16T06:51:02.726+0100] {dag.py:2941} INFO - Sync 1 DAGs
[2025-05-16T06:51:02.729+0100] {logging_mixin.py:154} INFO - [2025-05-16T06:51:02.729+0100] {dag.py:3722} INFO - Setting next_dagrun for example_time_delta_sensor_async to None, run_after=None
[2025-05-16T06:51:02.734+0100] {processor.py:179} INFO - Processing /Users/saber/airflow_project/airflow_venv/lib/python3.10/site-packages/airflow/example_dags/example_time_delta_sensor_async.py took 0.062 seconds
