[2025-05-16T06:37:45.451+0100] {processor.py:157} INFO - Started process (PID=8748) to work on /Users/saber/airflow_project/airflow_venv/lib/python3.10/site-packages/airflow/example_dags/example_sensor_decorator.py
[2025-05-16T06:37:45.451+0100] {processor.py:829} INFO - Processing file /Users/saber/airflow_project/airflow_venv/lib/python3.10/site-packages/airflow/example_dags/example_sensor_decorator.py for tasks to queue
[2025-05-16T06:37:45.452+0100] {logging_mixin.py:154} INFO - [2025-05-16T06:37:45.452+0100] {dagbag.py:536} INFO - Filling up the DagBag from /Users/saber/airflow_project/airflow_venv/lib/python3.10/site-packages/airflow/example_dags/example_sensor_decorator.py
[2025-05-16T06:37:45.466+0100] {processor.py:839} INFO - DAG(s) dict_keys(['example_sensor_decorator']) retrieved from /Users/saber/airflow_project/airflow_venv/lib/python3.10/site-packages/airflow/example_dags/example_sensor_decorator.py
[2025-05-16T06:37:45.617+0100] {logging_mixin.py:154} INFO - [2025-05-16T06:37:45.617+0100] {manager.py:499} INFO - Created Permission View: %s
[2025-05-16T06:37:45.619+0100] {logging_mixin.py:154} INFO - [2025-05-16T06:37:45.619+0100] {manager.py:499} INFO - Created Permission View: %s
[2025-05-16T06:37:45.621+0100] {logging_mixin.py:154} INFO - [2025-05-16T06:37:45.621+0100] {manager.py:499} INFO - Created Permission View: %s
[2025-05-16T06:37:45.621+0100] {logging_mixin.py:154} INFO - [2025-05-16T06:37:45.621+0100] {dag.py:2941} INFO - Sync 1 DAGs
[2025-05-16T06:37:45.623+0100] {logging_mixin.py:154} INFO - [2025-05-16T06:37:45.623+0100] {dag.py:2963} INFO - Creating ORM DAG for example_sensor_decorator
[2025-05-16T06:37:45.623+0100] {logging_mixin.py:154} INFO - [2025-05-16T06:37:45.623+0100] {dag.py:3722} INFO - Setting next_dagrun for example_sensor_decorator to None, run_after=None
[2025-05-16T06:37:45.627+0100] {processor.py:179} INFO - Processing /Users/saber/airflow_project/airflow_venv/lib/python3.10/site-packages/airflow/example_dags/example_sensor_decorator.py took 0.177 seconds
[2025-05-16T06:38:45.300+0100] {processor.py:157} INFO - Started process (PID=8804) to work on /Users/saber/airflow_project/airflow_venv/lib/python3.10/site-packages/airflow/example_dags/example_sensor_decorator.py
[2025-05-16T06:38:45.300+0100] {processor.py:829} INFO - Processing file /Users/saber/airflow_project/airflow_venv/lib/python3.10/site-packages/airflow/example_dags/example_sensor_decorator.py for tasks to queue
[2025-05-16T06:38:45.301+0100] {logging_mixin.py:154} INFO - [2025-05-16T06:38:45.301+0100] {dagbag.py:536} INFO - Filling up the DagBag from /Users/saber/airflow_project/airflow_venv/lib/python3.10/site-packages/airflow/example_dags/example_sensor_decorator.py
[2025-05-16T06:38:45.315+0100] {processor.py:839} INFO - DAG(s) dict_keys(['example_sensor_decorator']) retrieved from /Users/saber/airflow_project/airflow_venv/lib/python3.10/site-packages/airflow/example_dags/example_sensor_decorator.py
[2025-05-16T06:38:45.359+0100] {logging_mixin.py:154} INFO - [2025-05-16T06:38:45.359+0100] {dag.py:2941} INFO - Sync 1 DAGs
[2025-05-16T06:38:45.362+0100] {logging_mixin.py:154} INFO - [2025-05-16T06:38:45.362+0100] {dag.py:3722} INFO - Setting next_dagrun for example_sensor_decorator to None, run_after=None
[2025-05-16T06:38:45.367+0100] {processor.py:179} INFO - Processing /Users/saber/airflow_project/airflow_venv/lib/python3.10/site-packages/airflow/example_dags/example_sensor_decorator.py took 0.067 seconds
[2025-05-16T06:39:42.361+0100] {processor.py:157} INFO - Started process (PID=8851) to work on /Users/saber/airflow_project/airflow_venv/lib/python3.10/site-packages/airflow/example_dags/example_sensor_decorator.py
[2025-05-16T06:39:42.361+0100] {processor.py:829} INFO - Processing file /Users/saber/airflow_project/airflow_venv/lib/python3.10/site-packages/airflow/example_dags/example_sensor_decorator.py for tasks to queue
[2025-05-16T06:39:42.362+0100] {logging_mixin.py:154} INFO - [2025-05-16T06:39:42.362+0100] {dagbag.py:536} INFO - Filling up the DagBag from /Users/saber/airflow_project/airflow_venv/lib/python3.10/site-packages/airflow/example_dags/example_sensor_decorator.py
[2025-05-16T06:39:42.376+0100] {processor.py:839} INFO - DAG(s) dict_keys(['example_sensor_decorator']) retrieved from /Users/saber/airflow_project/airflow_venv/lib/python3.10/site-packages/airflow/example_dags/example_sensor_decorator.py
[2025-05-16T06:39:42.420+0100] {logging_mixin.py:154} INFO - [2025-05-16T06:39:42.420+0100] {dag.py:2941} INFO - Sync 1 DAGs
[2025-05-16T06:39:42.423+0100] {logging_mixin.py:154} INFO - [2025-05-16T06:39:42.423+0100] {dag.py:3722} INFO - Setting next_dagrun for example_sensor_decorator to None, run_after=None
[2025-05-16T06:39:42.427+0100] {processor.py:179} INFO - Processing /Users/saber/airflow_project/airflow_venv/lib/python3.10/site-packages/airflow/example_dags/example_sensor_decorator.py took 0.067 seconds
[2025-05-16T06:40:41.557+0100] {processor.py:157} INFO - Started process (PID=8915) to work on /Users/saber/airflow_project/airflow_venv/lib/python3.10/site-packages/airflow/example_dags/example_sensor_decorator.py
[2025-05-16T06:40:41.558+0100] {processor.py:829} INFO - Processing file /Users/saber/airflow_project/airflow_venv/lib/python3.10/site-packages/airflow/example_dags/example_sensor_decorator.py for tasks to queue
[2025-05-16T06:40:41.558+0100] {logging_mixin.py:154} INFO - [2025-05-16T06:40:41.558+0100] {dagbag.py:536} INFO - Filling up the DagBag from /Users/saber/airflow_project/airflow_venv/lib/python3.10/site-packages/airflow/example_dags/example_sensor_decorator.py
[2025-05-16T06:40:41.572+0100] {processor.py:839} INFO - DAG(s) dict_keys(['example_sensor_decorator']) retrieved from /Users/saber/airflow_project/airflow_venv/lib/python3.10/site-packages/airflow/example_dags/example_sensor_decorator.py
[2025-05-16T06:40:41.616+0100] {logging_mixin.py:154} INFO - [2025-05-16T06:40:41.616+0100] {dag.py:2941} INFO - Sync 1 DAGs
[2025-05-16T06:40:41.618+0100] {logging_mixin.py:154} INFO - [2025-05-16T06:40:41.618+0100] {dag.py:3722} INFO - Setting next_dagrun for example_sensor_decorator to None, run_after=None
[2025-05-16T06:40:41.623+0100] {processor.py:179} INFO - Processing /Users/saber/airflow_project/airflow_venv/lib/python3.10/site-packages/airflow/example_dags/example_sensor_decorator.py took 0.066 seconds
[2025-05-16T06:41:41.645+0100] {processor.py:157} INFO - Started process (PID=8966) to work on /Users/saber/airflow_project/airflow_venv/lib/python3.10/site-packages/airflow/example_dags/example_sensor_decorator.py
[2025-05-16T06:41:41.645+0100] {processor.py:829} INFO - Processing file /Users/saber/airflow_project/airflow_venv/lib/python3.10/site-packages/airflow/example_dags/example_sensor_decorator.py for tasks to queue
[2025-05-16T06:41:41.646+0100] {logging_mixin.py:154} INFO - [2025-05-16T06:41:41.646+0100] {dagbag.py:536} INFO - Filling up the DagBag from /Users/saber/airflow_project/airflow_venv/lib/python3.10/site-packages/airflow/example_dags/example_sensor_decorator.py
[2025-05-16T06:41:41.660+0100] {processor.py:839} INFO - DAG(s) dict_keys(['example_sensor_decorator']) retrieved from /Users/saber/airflow_project/airflow_venv/lib/python3.10/site-packages/airflow/example_dags/example_sensor_decorator.py
[2025-05-16T06:41:41.704+0100] {logging_mixin.py:154} INFO - [2025-05-16T06:41:41.704+0100] {dag.py:2941} INFO - Sync 1 DAGs
[2025-05-16T06:41:41.706+0100] {logging_mixin.py:154} INFO - [2025-05-16T06:41:41.706+0100] {dag.py:3722} INFO - Setting next_dagrun for example_sensor_decorator to None, run_after=None
[2025-05-16T06:41:41.711+0100] {processor.py:179} INFO - Processing /Users/saber/airflow_project/airflow_venv/lib/python3.10/site-packages/airflow/example_dags/example_sensor_decorator.py took 0.066 seconds
[2025-05-16T06:42:40.591+0100] {processor.py:157} INFO - Started process (PID=9017) to work on /Users/saber/airflow_project/airflow_venv/lib/python3.10/site-packages/airflow/example_dags/example_sensor_decorator.py
[2025-05-16T06:42:40.591+0100] {processor.py:829} INFO - Processing file /Users/saber/airflow_project/airflow_venv/lib/python3.10/site-packages/airflow/example_dags/example_sensor_decorator.py for tasks to queue
[2025-05-16T06:42:40.592+0100] {logging_mixin.py:154} INFO - [2025-05-16T06:42:40.592+0100] {dagbag.py:536} INFO - Filling up the DagBag from /Users/saber/airflow_project/airflow_venv/lib/python3.10/site-packages/airflow/example_dags/example_sensor_decorator.py
[2025-05-16T06:42:40.607+0100] {processor.py:839} INFO - DAG(s) dict_keys(['example_sensor_decorator']) retrieved from /Users/saber/airflow_project/airflow_venv/lib/python3.10/site-packages/airflow/example_dags/example_sensor_decorator.py
[2025-05-16T06:42:40.652+0100] {logging_mixin.py:154} INFO - [2025-05-16T06:42:40.652+0100] {dag.py:2941} INFO - Sync 1 DAGs
[2025-05-16T06:42:40.655+0100] {logging_mixin.py:154} INFO - [2025-05-16T06:42:40.655+0100] {dag.py:3722} INFO - Setting next_dagrun for example_sensor_decorator to None, run_after=None
[2025-05-16T06:42:40.660+0100] {processor.py:179} INFO - Processing /Users/saber/airflow_project/airflow_venv/lib/python3.10/site-packages/airflow/example_dags/example_sensor_decorator.py took 0.069 seconds
[2025-05-16T06:43:36.572+0100] {processor.py:157} INFO - Started process (PID=9065) to work on /Users/saber/airflow_project/airflow_venv/lib/python3.10/site-packages/airflow/example_dags/example_sensor_decorator.py
[2025-05-16T06:43:36.573+0100] {processor.py:829} INFO - Processing file /Users/saber/airflow_project/airflow_venv/lib/python3.10/site-packages/airflow/example_dags/example_sensor_decorator.py for tasks to queue
[2025-05-16T06:43:36.573+0100] {logging_mixin.py:154} INFO - [2025-05-16T06:43:36.573+0100] {dagbag.py:536} INFO - Filling up the DagBag from /Users/saber/airflow_project/airflow_venv/lib/python3.10/site-packages/airflow/example_dags/example_sensor_decorator.py
[2025-05-16T06:43:36.587+0100] {processor.py:839} INFO - DAG(s) dict_keys(['example_sensor_decorator']) retrieved from /Users/saber/airflow_project/airflow_venv/lib/python3.10/site-packages/airflow/example_dags/example_sensor_decorator.py
[2025-05-16T06:43:36.632+0100] {logging_mixin.py:154} INFO - [2025-05-16T06:43:36.632+0100] {dag.py:2941} INFO - Sync 1 DAGs
[2025-05-16T06:43:36.634+0100] {logging_mixin.py:154} INFO - [2025-05-16T06:43:36.634+0100] {dag.py:3722} INFO - Setting next_dagrun for example_sensor_decorator to None, run_after=None
[2025-05-16T06:43:36.639+0100] {processor.py:179} INFO - Processing /Users/saber/airflow_project/airflow_venv/lib/python3.10/site-packages/airflow/example_dags/example_sensor_decorator.py took 0.067 seconds
[2025-05-16T06:44:33.918+0100] {processor.py:157} INFO - Started process (PID=9122) to work on /Users/saber/airflow_project/airflow_venv/lib/python3.10/site-packages/airflow/example_dags/example_sensor_decorator.py
[2025-05-16T06:44:33.918+0100] {processor.py:829} INFO - Processing file /Users/saber/airflow_project/airflow_venv/lib/python3.10/site-packages/airflow/example_dags/example_sensor_decorator.py for tasks to queue
[2025-05-16T06:44:33.919+0100] {logging_mixin.py:154} INFO - [2025-05-16T06:44:33.919+0100] {dagbag.py:536} INFO - Filling up the DagBag from /Users/saber/airflow_project/airflow_venv/lib/python3.10/site-packages/airflow/example_dags/example_sensor_decorator.py
[2025-05-16T06:44:33.933+0100] {processor.py:839} INFO - DAG(s) dict_keys(['example_sensor_decorator']) retrieved from /Users/saber/airflow_project/airflow_venv/lib/python3.10/site-packages/airflow/example_dags/example_sensor_decorator.py
[2025-05-16T06:44:33.977+0100] {logging_mixin.py:154} INFO - [2025-05-16T06:44:33.977+0100] {dag.py:2941} INFO - Sync 1 DAGs
[2025-05-16T06:44:33.979+0100] {logging_mixin.py:154} INFO - [2025-05-16T06:44:33.979+0100] {dag.py:3722} INFO - Setting next_dagrun for example_sensor_decorator to None, run_after=None
[2025-05-16T06:44:33.984+0100] {processor.py:179} INFO - Processing /Users/saber/airflow_project/airflow_venv/lib/python3.10/site-packages/airflow/example_dags/example_sensor_decorator.py took 0.066 seconds
[2025-05-16T06:45:30.779+0100] {processor.py:157} INFO - Started process (PID=9186) to work on /Users/saber/airflow_project/airflow_venv/lib/python3.10/site-packages/airflow/example_dags/example_sensor_decorator.py
[2025-05-16T06:45:30.779+0100] {processor.py:829} INFO - Processing file /Users/saber/airflow_project/airflow_venv/lib/python3.10/site-packages/airflow/example_dags/example_sensor_decorator.py for tasks to queue
[2025-05-16T06:45:30.779+0100] {logging_mixin.py:154} INFO - [2025-05-16T06:45:30.779+0100] {dagbag.py:536} INFO - Filling up the DagBag from /Users/saber/airflow_project/airflow_venv/lib/python3.10/site-packages/airflow/example_dags/example_sensor_decorator.py
[2025-05-16T06:45:30.793+0100] {processor.py:839} INFO - DAG(s) dict_keys(['example_sensor_decorator']) retrieved from /Users/saber/airflow_project/airflow_venv/lib/python3.10/site-packages/airflow/example_dags/example_sensor_decorator.py
[2025-05-16T06:45:30.838+0100] {logging_mixin.py:154} INFO - [2025-05-16T06:45:30.838+0100] {dag.py:2941} INFO - Sync 1 DAGs
[2025-05-16T06:45:30.841+0100] {logging_mixin.py:154} INFO - [2025-05-16T06:45:30.840+0100] {dag.py:3722} INFO - Setting next_dagrun for example_sensor_decorator to None, run_after=None
[2025-05-16T06:45:30.845+0100] {processor.py:179} INFO - Processing /Users/saber/airflow_project/airflow_venv/lib/python3.10/site-packages/airflow/example_dags/example_sensor_decorator.py took 0.067 seconds
[2025-05-16T06:46:30.059+0100] {processor.py:157} INFO - Started process (PID=9237) to work on /Users/saber/airflow_project/airflow_venv/lib/python3.10/site-packages/airflow/example_dags/example_sensor_decorator.py
[2025-05-16T06:46:30.059+0100] {processor.py:829} INFO - Processing file /Users/saber/airflow_project/airflow_venv/lib/python3.10/site-packages/airflow/example_dags/example_sensor_decorator.py for tasks to queue
[2025-05-16T06:46:30.060+0100] {logging_mixin.py:154} INFO - [2025-05-16T06:46:30.060+0100] {dagbag.py:536} INFO - Filling up the DagBag from /Users/saber/airflow_project/airflow_venv/lib/python3.10/site-packages/airflow/example_dags/example_sensor_decorator.py
[2025-05-16T06:46:30.074+0100] {processor.py:839} INFO - DAG(s) dict_keys(['example_sensor_decorator']) retrieved from /Users/saber/airflow_project/airflow_venv/lib/python3.10/site-packages/airflow/example_dags/example_sensor_decorator.py
[2025-05-16T06:46:30.119+0100] {logging_mixin.py:154} INFO - [2025-05-16T06:46:30.119+0100] {dag.py:2941} INFO - Sync 1 DAGs
[2025-05-16T06:46:30.121+0100] {logging_mixin.py:154} INFO - [2025-05-16T06:46:30.121+0100] {dag.py:3722} INFO - Setting next_dagrun for example_sensor_decorator to None, run_after=None
[2025-05-16T06:46:30.126+0100] {processor.py:179} INFO - Processing /Users/saber/airflow_project/airflow_venv/lib/python3.10/site-packages/airflow/example_dags/example_sensor_decorator.py took 0.067 seconds
[2025-05-16T06:47:28.742+0100] {processor.py:157} INFO - Started process (PID=9286) to work on /Users/saber/airflow_project/airflow_venv/lib/python3.10/site-packages/airflow/example_dags/example_sensor_decorator.py
[2025-05-16T06:47:28.742+0100] {processor.py:829} INFO - Processing file /Users/saber/airflow_project/airflow_venv/lib/python3.10/site-packages/airflow/example_dags/example_sensor_decorator.py for tasks to queue
[2025-05-16T06:47:28.742+0100] {logging_mixin.py:154} INFO - [2025-05-16T06:47:28.742+0100] {dagbag.py:536} INFO - Filling up the DagBag from /Users/saber/airflow_project/airflow_venv/lib/python3.10/site-packages/airflow/example_dags/example_sensor_decorator.py
[2025-05-16T06:47:28.757+0100] {processor.py:839} INFO - DAG(s) dict_keys(['example_sensor_decorator']) retrieved from /Users/saber/airflow_project/airflow_venv/lib/python3.10/site-packages/airflow/example_dags/example_sensor_decorator.py
[2025-05-16T06:47:28.802+0100] {logging_mixin.py:154} INFO - [2025-05-16T06:47:28.802+0100] {dag.py:2941} INFO - Sync 1 DAGs
[2025-05-16T06:47:28.804+0100] {logging_mixin.py:154} INFO - [2025-05-16T06:47:28.804+0100] {dag.py:3722} INFO - Setting next_dagrun for example_sensor_decorator to None, run_after=None
[2025-05-16T06:47:28.809+0100] {processor.py:179} INFO - Processing /Users/saber/airflow_project/airflow_venv/lib/python3.10/site-packages/airflow/example_dags/example_sensor_decorator.py took 0.068 seconds
[2025-05-16T06:48:24.920+0100] {processor.py:157} INFO - Started process (PID=9334) to work on /Users/saber/airflow_project/airflow_venv/lib/python3.10/site-packages/airflow/example_dags/example_sensor_decorator.py
[2025-05-16T06:48:24.920+0100] {processor.py:829} INFO - Processing file /Users/saber/airflow_project/airflow_venv/lib/python3.10/site-packages/airflow/example_dags/example_sensor_decorator.py for tasks to queue
[2025-05-16T06:48:24.921+0100] {logging_mixin.py:154} INFO - [2025-05-16T06:48:24.921+0100] {dagbag.py:536} INFO - Filling up the DagBag from /Users/saber/airflow_project/airflow_venv/lib/python3.10/site-packages/airflow/example_dags/example_sensor_decorator.py
[2025-05-16T06:48:24.934+0100] {processor.py:839} INFO - DAG(s) dict_keys(['example_sensor_decorator']) retrieved from /Users/saber/airflow_project/airflow_venv/lib/python3.10/site-packages/airflow/example_dags/example_sensor_decorator.py
[2025-05-16T06:48:24.979+0100] {logging_mixin.py:154} INFO - [2025-05-16T06:48:24.979+0100] {dag.py:2941} INFO - Sync 1 DAGs
[2025-05-16T06:48:24.981+0100] {logging_mixin.py:154} INFO - [2025-05-16T06:48:24.981+0100] {dag.py:3722} INFO - Setting next_dagrun for example_sensor_decorator to None, run_after=None
[2025-05-16T06:48:24.986+0100] {processor.py:179} INFO - Processing /Users/saber/airflow_project/airflow_venv/lib/python3.10/site-packages/airflow/example_dags/example_sensor_decorator.py took 0.066 seconds
[2025-05-16T06:49:25.706+0100] {processor.py:157} INFO - Started process (PID=9387) to work on /Users/saber/airflow_project/airflow_venv/lib/python3.10/site-packages/airflow/example_dags/example_sensor_decorator.py
[2025-05-16T06:49:25.706+0100] {processor.py:829} INFO - Processing file /Users/saber/airflow_project/airflow_venv/lib/python3.10/site-packages/airflow/example_dags/example_sensor_decorator.py for tasks to queue
[2025-05-16T06:49:25.707+0100] {logging_mixin.py:154} INFO - [2025-05-16T06:49:25.707+0100] {dagbag.py:536} INFO - Filling up the DagBag from /Users/saber/airflow_project/airflow_venv/lib/python3.10/site-packages/airflow/example_dags/example_sensor_decorator.py
[2025-05-16T06:49:25.721+0100] {processor.py:839} INFO - DAG(s) dict_keys(['example_sensor_decorator']) retrieved from /Users/saber/airflow_project/airflow_venv/lib/python3.10/site-packages/airflow/example_dags/example_sensor_decorator.py
[2025-05-16T06:49:25.766+0100] {logging_mixin.py:154} INFO - [2025-05-16T06:49:25.766+0100] {dag.py:2941} INFO - Sync 1 DAGs
[2025-05-16T06:49:25.769+0100] {logging_mixin.py:154} INFO - [2025-05-16T06:49:25.769+0100] {dag.py:3722} INFO - Setting next_dagrun for example_sensor_decorator to None, run_after=None
[2025-05-16T06:49:25.773+0100] {processor.py:179} INFO - Processing /Users/saber/airflow_project/airflow_venv/lib/python3.10/site-packages/airflow/example_dags/example_sensor_decorator.py took 0.068 seconds
[2025-05-16T06:50:24.375+0100] {processor.py:157} INFO - Started process (PID=9444) to work on /Users/saber/airflow_project/airflow_venv/lib/python3.10/site-packages/airflow/example_dags/example_sensor_decorator.py
[2025-05-16T06:50:24.375+0100] {processor.py:829} INFO - Processing file /Users/saber/airflow_project/airflow_venv/lib/python3.10/site-packages/airflow/example_dags/example_sensor_decorator.py for tasks to queue
[2025-05-16T06:50:24.376+0100] {logging_mixin.py:154} INFO - [2025-05-16T06:50:24.376+0100] {dagbag.py:536} INFO - Filling up the DagBag from /Users/saber/airflow_project/airflow_venv/lib/python3.10/site-packages/airflow/example_dags/example_sensor_decorator.py
[2025-05-16T06:50:24.390+0100] {processor.py:839} INFO - DAG(s) dict_keys(['example_sensor_decorator']) retrieved from /Users/saber/airflow_project/airflow_venv/lib/python3.10/site-packages/airflow/example_dags/example_sensor_decorator.py
[2025-05-16T06:50:24.434+0100] {logging_mixin.py:154} INFO - [2025-05-16T06:50:24.434+0100] {dag.py:2941} INFO - Sync 1 DAGs
[2025-05-16T06:50:24.436+0100] {logging_mixin.py:154} INFO - [2025-05-16T06:50:24.436+0100] {dag.py:3722} INFO - Setting next_dagrun for example_sensor_decorator to None, run_after=None
[2025-05-16T06:50:24.441+0100] {processor.py:179} INFO - Processing /Users/saber/airflow_project/airflow_venv/lib/python3.10/site-packages/airflow/example_dags/example_sensor_decorator.py took 0.066 seconds
[2025-05-16T06:51:22.545+0100] {processor.py:157} INFO - Started process (PID=9493) to work on /Users/saber/airflow_project/airflow_venv/lib/python3.10/site-packages/airflow/example_dags/example_sensor_decorator.py
[2025-05-16T06:51:22.545+0100] {processor.py:829} INFO - Processing file /Users/saber/airflow_project/airflow_venv/lib/python3.10/site-packages/airflow/example_dags/example_sensor_decorator.py for tasks to queue
[2025-05-16T06:51:22.546+0100] {logging_mixin.py:154} INFO - [2025-05-16T06:51:22.546+0100] {dagbag.py:536} INFO - Filling up the DagBag from /Users/saber/airflow_project/airflow_venv/lib/python3.10/site-packages/airflow/example_dags/example_sensor_decorator.py
[2025-05-16T06:51:22.560+0100] {processor.py:839} INFO - DAG(s) dict_keys(['example_sensor_decorator']) retrieved from /Users/saber/airflow_project/airflow_venv/lib/python3.10/site-packages/airflow/example_dags/example_sensor_decorator.py
[2025-05-16T06:51:22.604+0100] {logging_mixin.py:154} INFO - [2025-05-16T06:51:22.604+0100] {dag.py:2941} INFO - Sync 1 DAGs
[2025-05-16T06:51:22.607+0100] {logging_mixin.py:154} INFO - [2025-05-16T06:51:22.607+0100] {dag.py:3722} INFO - Setting next_dagrun for example_sensor_decorator to None, run_after=None
[2025-05-16T06:51:22.611+0100] {processor.py:179} INFO - Processing /Users/saber/airflow_project/airflow_venv/lib/python3.10/site-packages/airflow/example_dags/example_sensor_decorator.py took 0.067 seconds
