[2025-05-16T06:37:33.430+0100] {processor.py:157} INFO - Started process (PID=8739) to work on /Users/saber/airflow_project/airflow_venv/lib/python3.10/site-packages/airflow/example_dags/example_task_group.py
[2025-05-16T06:37:33.430+0100] {processor.py:829} INFO - Processing file /Users/saber/airflow_project/airflow_venv/lib/python3.10/site-packages/airflow/example_dags/example_task_group.py for tasks to queue
[2025-05-16T06:37:33.431+0100] {logging_mixin.py:154} INFO - [2025-05-16T06:37:33.431+0100] {dagbag.py:536} INFO - Filling up the DagBag from /Users/saber/airflow_project/airflow_venv/lib/python3.10/site-packages/airflow/example_dags/example_task_group.py
[2025-05-16T06:37:33.438+0100] {processor.py:839} INFO - DAG(s) dict_keys(['example_task_group']) retrieved from /Users/saber/airflow_project/airflow_venv/lib/python3.10/site-packages/airflow/example_dags/example_task_group.py
[2025-05-16T06:37:33.590+0100] {logging_mixin.py:154} INFO - [2025-05-16T06:37:33.590+0100] {manager.py:499} INFO - Created Permission View: %s
[2025-05-16T06:37:33.592+0100] {logging_mixin.py:154} INFO - [2025-05-16T06:37:33.592+0100] {manager.py:499} INFO - Created Permission View: %s
[2025-05-16T06:37:33.594+0100] {logging_mixin.py:154} INFO - [2025-05-16T06:37:33.593+0100] {manager.py:499} INFO - Created Permission View: %s
[2025-05-16T06:37:33.594+0100] {logging_mixin.py:154} INFO - [2025-05-16T06:37:33.594+0100] {dag.py:2941} INFO - Sync 1 DAGs
[2025-05-16T06:37:33.596+0100] {logging_mixin.py:154} INFO - [2025-05-16T06:37:33.596+0100] {dag.py:2963} INFO - Creating ORM DAG for example_task_group
[2025-05-16T06:37:33.598+0100] {logging_mixin.py:154} INFO - [2025-05-16T06:37:33.598+0100] {dag.py:3722} INFO - Setting next_dagrun for example_task_group to 2025-05-15T05:37:33.598738+00:00, run_after=2025-05-16T05:37:33.598738+00:00
[2025-05-16T06:37:33.602+0100] {processor.py:179} INFO - Processing /Users/saber/airflow_project/airflow_venv/lib/python3.10/site-packages/airflow/example_dags/example_task_group.py took 0.173 seconds
[2025-05-16T06:38:34.227+0100] {processor.py:157} INFO - Started process (PID=8794) to work on /Users/saber/airflow_project/airflow_venv/lib/python3.10/site-packages/airflow/example_dags/example_task_group.py
[2025-05-16T06:38:34.228+0100] {processor.py:829} INFO - Processing file /Users/saber/airflow_project/airflow_venv/lib/python3.10/site-packages/airflow/example_dags/example_task_group.py for tasks to queue
[2025-05-16T06:38:34.228+0100] {logging_mixin.py:154} INFO - [2025-05-16T06:38:34.228+0100] {dagbag.py:536} INFO - Filling up the DagBag from /Users/saber/airflow_project/airflow_venv/lib/python3.10/site-packages/airflow/example_dags/example_task_group.py
[2025-05-16T06:38:34.235+0100] {processor.py:839} INFO - DAG(s) dict_keys(['example_task_group']) retrieved from /Users/saber/airflow_project/airflow_venv/lib/python3.10/site-packages/airflow/example_dags/example_task_group.py
[2025-05-16T06:38:34.280+0100] {logging_mixin.py:154} INFO - [2025-05-16T06:38:34.280+0100] {dag.py:2941} INFO - Sync 1 DAGs
[2025-05-16T06:38:34.284+0100] {logging_mixin.py:154} INFO - [2025-05-16T06:38:34.284+0100] {dag.py:3722} INFO - Setting next_dagrun for example_task_group to 2025-05-15T05:38:34.284446+00:00, run_after=2025-05-16T05:38:34.284446+00:00
[2025-05-16T06:38:34.289+0100] {processor.py:179} INFO - Processing /Users/saber/airflow_project/airflow_venv/lib/python3.10/site-packages/airflow/example_dags/example_task_group.py took 0.062 seconds
[2025-05-16T06:39:31.456+0100] {processor.py:157} INFO - Started process (PID=8841) to work on /Users/saber/airflow_project/airflow_venv/lib/python3.10/site-packages/airflow/example_dags/example_task_group.py
[2025-05-16T06:39:31.457+0100] {processor.py:829} INFO - Processing file /Users/saber/airflow_project/airflow_venv/lib/python3.10/site-packages/airflow/example_dags/example_task_group.py for tasks to queue
[2025-05-16T06:39:31.457+0100] {logging_mixin.py:154} INFO - [2025-05-16T06:39:31.457+0100] {dagbag.py:536} INFO - Filling up the DagBag from /Users/saber/airflow_project/airflow_venv/lib/python3.10/site-packages/airflow/example_dags/example_task_group.py
[2025-05-16T06:39:31.464+0100] {processor.py:839} INFO - DAG(s) dict_keys(['example_task_group']) retrieved from /Users/saber/airflow_project/airflow_venv/lib/python3.10/site-packages/airflow/example_dags/example_task_group.py
[2025-05-16T06:39:31.508+0100] {logging_mixin.py:154} INFO - [2025-05-16T06:39:31.508+0100] {dag.py:2941} INFO - Sync 1 DAGs
[2025-05-16T06:39:31.513+0100] {logging_mixin.py:154} INFO - [2025-05-16T06:39:31.513+0100] {dag.py:3722} INFO - Setting next_dagrun for example_task_group to 2025-05-15T05:39:31.512995+00:00, run_after=2025-05-16T05:39:31.512995+00:00
[2025-05-16T06:39:31.517+0100] {processor.py:179} INFO - Processing /Users/saber/airflow_project/airflow_venv/lib/python3.10/site-packages/airflow/example_dags/example_task_group.py took 0.061 seconds
[2025-05-16T06:40:26.690+0100] {processor.py:157} INFO - Started process (PID=8902) to work on /Users/saber/airflow_project/airflow_venv/lib/python3.10/site-packages/airflow/example_dags/example_task_group.py
[2025-05-16T06:40:26.690+0100] {processor.py:829} INFO - Processing file /Users/saber/airflow_project/airflow_venv/lib/python3.10/site-packages/airflow/example_dags/example_task_group.py for tasks to queue
[2025-05-16T06:40:26.691+0100] {logging_mixin.py:154} INFO - [2025-05-16T06:40:26.691+0100] {dagbag.py:536} INFO - Filling up the DagBag from /Users/saber/airflow_project/airflow_venv/lib/python3.10/site-packages/airflow/example_dags/example_task_group.py
[2025-05-16T06:40:26.698+0100] {processor.py:839} INFO - DAG(s) dict_keys(['example_task_group']) retrieved from /Users/saber/airflow_project/airflow_venv/lib/python3.10/site-packages/airflow/example_dags/example_task_group.py
[2025-05-16T06:40:26.742+0100] {logging_mixin.py:154} INFO - [2025-05-16T06:40:26.741+0100] {dag.py:2941} INFO - Sync 1 DAGs
[2025-05-16T06:40:26.746+0100] {logging_mixin.py:154} INFO - [2025-05-16T06:40:26.746+0100] {dag.py:3722} INFO - Setting next_dagrun for example_task_group to 2025-05-15T05:40:26.746364+00:00, run_after=2025-05-16T05:40:26.746364+00:00
[2025-05-16T06:40:26.751+0100] {processor.py:179} INFO - Processing /Users/saber/airflow_project/airflow_venv/lib/python3.10/site-packages/airflow/example_dags/example_task_group.py took 0.061 seconds
[2025-05-16T06:41:24.840+0100] {processor.py:157} INFO - Started process (PID=8952) to work on /Users/saber/airflow_project/airflow_venv/lib/python3.10/site-packages/airflow/example_dags/example_task_group.py
[2025-05-16T06:41:24.840+0100] {processor.py:829} INFO - Processing file /Users/saber/airflow_project/airflow_venv/lib/python3.10/site-packages/airflow/example_dags/example_task_group.py for tasks to queue
[2025-05-16T06:41:24.841+0100] {logging_mixin.py:154} INFO - [2025-05-16T06:41:24.841+0100] {dagbag.py:536} INFO - Filling up the DagBag from /Users/saber/airflow_project/airflow_venv/lib/python3.10/site-packages/airflow/example_dags/example_task_group.py
[2025-05-16T06:41:24.848+0100] {processor.py:839} INFO - DAG(s) dict_keys(['example_task_group']) retrieved from /Users/saber/airflow_project/airflow_venv/lib/python3.10/site-packages/airflow/example_dags/example_task_group.py
[2025-05-16T06:41:24.893+0100] {logging_mixin.py:154} INFO - [2025-05-16T06:41:24.893+0100] {dag.py:2941} INFO - Sync 1 DAGs
[2025-05-16T06:41:24.897+0100] {logging_mixin.py:154} INFO - [2025-05-16T06:41:24.897+0100] {dag.py:3722} INFO - Setting next_dagrun for example_task_group to 2025-05-15T05:41:24.897411+00:00, run_after=2025-05-16T05:41:24.897411+00:00
[2025-05-16T06:41:24.902+0100] {processor.py:179} INFO - Processing /Users/saber/airflow_project/airflow_venv/lib/python3.10/site-packages/airflow/example_dags/example_task_group.py took 0.062 seconds
[2025-05-16T06:42:24.655+0100] {processor.py:157} INFO - Started process (PID=9003) to work on /Users/saber/airflow_project/airflow_venv/lib/python3.10/site-packages/airflow/example_dags/example_task_group.py
[2025-05-16T06:42:24.656+0100] {processor.py:829} INFO - Processing file /Users/saber/airflow_project/airflow_venv/lib/python3.10/site-packages/airflow/example_dags/example_task_group.py for tasks to queue
[2025-05-16T06:42:24.656+0100] {logging_mixin.py:154} INFO - [2025-05-16T06:42:24.656+0100] {dagbag.py:536} INFO - Filling up the DagBag from /Users/saber/airflow_project/airflow_venv/lib/python3.10/site-packages/airflow/example_dags/example_task_group.py
[2025-05-16T06:42:24.663+0100] {processor.py:839} INFO - DAG(s) dict_keys(['example_task_group']) retrieved from /Users/saber/airflow_project/airflow_venv/lib/python3.10/site-packages/airflow/example_dags/example_task_group.py
[2025-05-16T06:42:24.708+0100] {logging_mixin.py:154} INFO - [2025-05-16T06:42:24.707+0100] {dag.py:2941} INFO - Sync 1 DAGs
[2025-05-16T06:42:24.712+0100] {logging_mixin.py:154} INFO - [2025-05-16T06:42:24.712+0100] {dag.py:3722} INFO - Setting next_dagrun for example_task_group to 2025-05-15T05:42:24.712382+00:00, run_after=2025-05-16T05:42:24.712382+00:00
[2025-05-16T06:42:24.716+0100] {processor.py:179} INFO - Processing /Users/saber/airflow_project/airflow_venv/lib/python3.10/site-packages/airflow/example_dags/example_task_group.py took 0.061 seconds
[2025-05-16T06:43:21.323+0100] {processor.py:157} INFO - Started process (PID=9053) to work on /Users/saber/airflow_project/airflow_venv/lib/python3.10/site-packages/airflow/example_dags/example_task_group.py
[2025-05-16T06:43:21.324+0100] {processor.py:829} INFO - Processing file /Users/saber/airflow_project/airflow_venv/lib/python3.10/site-packages/airflow/example_dags/example_task_group.py for tasks to queue
[2025-05-16T06:43:21.324+0100] {logging_mixin.py:154} INFO - [2025-05-16T06:43:21.324+0100] {dagbag.py:536} INFO - Filling up the DagBag from /Users/saber/airflow_project/airflow_venv/lib/python3.10/site-packages/airflow/example_dags/example_task_group.py
[2025-05-16T06:43:21.332+0100] {processor.py:839} INFO - DAG(s) dict_keys(['example_task_group']) retrieved from /Users/saber/airflow_project/airflow_venv/lib/python3.10/site-packages/airflow/example_dags/example_task_group.py
[2025-05-16T06:43:21.379+0100] {logging_mixin.py:154} INFO - [2025-05-16T06:43:21.378+0100] {dag.py:2941} INFO - Sync 1 DAGs
[2025-05-16T06:43:21.384+0100] {logging_mixin.py:154} INFO - [2025-05-16T06:43:21.384+0100] {dag.py:3722} INFO - Setting next_dagrun for example_task_group to 2025-05-15T05:43:21.384196+00:00, run_after=2025-05-16T05:43:21.384196+00:00
[2025-05-16T06:43:21.389+0100] {processor.py:179} INFO - Processing /Users/saber/airflow_project/airflow_venv/lib/python3.10/site-packages/airflow/example_dags/example_task_group.py took 0.065 seconds
[2025-05-16T06:44:18.629+0100] {processor.py:157} INFO - Started process (PID=9108) to work on /Users/saber/airflow_project/airflow_venv/lib/python3.10/site-packages/airflow/example_dags/example_task_group.py
[2025-05-16T06:44:18.629+0100] {processor.py:829} INFO - Processing file /Users/saber/airflow_project/airflow_venv/lib/python3.10/site-packages/airflow/example_dags/example_task_group.py for tasks to queue
[2025-05-16T06:44:18.629+0100] {logging_mixin.py:154} INFO - [2025-05-16T06:44:18.629+0100] {dagbag.py:536} INFO - Filling up the DagBag from /Users/saber/airflow_project/airflow_venv/lib/python3.10/site-packages/airflow/example_dags/example_task_group.py
[2025-05-16T06:44:18.637+0100] {processor.py:839} INFO - DAG(s) dict_keys(['example_task_group']) retrieved from /Users/saber/airflow_project/airflow_venv/lib/python3.10/site-packages/airflow/example_dags/example_task_group.py
[2025-05-16T06:44:18.682+0100] {logging_mixin.py:154} INFO - [2025-05-16T06:44:18.682+0100] {dag.py:2941} INFO - Sync 1 DAGs
[2025-05-16T06:44:18.687+0100] {logging_mixin.py:154} INFO - [2025-05-16T06:44:18.687+0100] {dag.py:3722} INFO - Setting next_dagrun for example_task_group to 2025-05-15T05:44:18.687714+00:00, run_after=2025-05-16T05:44:18.687714+00:00
[2025-05-16T06:44:18.692+0100] {processor.py:179} INFO - Processing /Users/saber/airflow_project/airflow_venv/lib/python3.10/site-packages/airflow/example_dags/example_task_group.py took 0.063 seconds
[2025-05-16T06:45:17.339+0100] {processor.py:157} INFO - Started process (PID=9158) to work on /Users/saber/airflow_project/airflow_venv/lib/python3.10/site-packages/airflow/example_dags/example_task_group.py
[2025-05-16T06:45:17.340+0100] {processor.py:829} INFO - Processing file /Users/saber/airflow_project/airflow_venv/lib/python3.10/site-packages/airflow/example_dags/example_task_group.py for tasks to queue
[2025-05-16T06:45:17.340+0100] {logging_mixin.py:154} INFO - [2025-05-16T06:45:17.340+0100] {dagbag.py:536} INFO - Filling up the DagBag from /Users/saber/airflow_project/airflow_venv/lib/python3.10/site-packages/airflow/example_dags/example_task_group.py
[2025-05-16T06:45:17.347+0100] {processor.py:839} INFO - DAG(s) dict_keys(['example_task_group']) retrieved from /Users/saber/airflow_project/airflow_venv/lib/python3.10/site-packages/airflow/example_dags/example_task_group.py
[2025-05-16T06:45:17.391+0100] {logging_mixin.py:154} INFO - [2025-05-16T06:45:17.391+0100] {dag.py:2941} INFO - Sync 1 DAGs
[2025-05-16T06:45:17.396+0100] {logging_mixin.py:154} INFO - [2025-05-16T06:45:17.396+0100] {dag.py:3722} INFO - Setting next_dagrun for example_task_group to 2025-05-15T05:45:17.396321+00:00, run_after=2025-05-16T05:45:17.396321+00:00
[2025-05-16T06:45:17.401+0100] {processor.py:179} INFO - Processing /Users/saber/airflow_project/airflow_venv/lib/python3.10/site-packages/airflow/example_dags/example_task_group.py took 0.062 seconds
[2025-05-16T06:46:15.005+0100] {processor.py:157} INFO - Started process (PID=9225) to work on /Users/saber/airflow_project/airflow_venv/lib/python3.10/site-packages/airflow/example_dags/example_task_group.py
[2025-05-16T06:46:15.006+0100] {processor.py:829} INFO - Processing file /Users/saber/airflow_project/airflow_venv/lib/python3.10/site-packages/airflow/example_dags/example_task_group.py for tasks to queue
[2025-05-16T06:46:15.006+0100] {logging_mixin.py:154} INFO - [2025-05-16T06:46:15.006+0100] {dagbag.py:536} INFO - Filling up the DagBag from /Users/saber/airflow_project/airflow_venv/lib/python3.10/site-packages/airflow/example_dags/example_task_group.py
[2025-05-16T06:46:15.013+0100] {processor.py:839} INFO - DAG(s) dict_keys(['example_task_group']) retrieved from /Users/saber/airflow_project/airflow_venv/lib/python3.10/site-packages/airflow/example_dags/example_task_group.py
[2025-05-16T06:46:15.058+0100] {logging_mixin.py:154} INFO - [2025-05-16T06:46:15.058+0100] {dag.py:2941} INFO - Sync 1 DAGs
[2025-05-16T06:46:15.063+0100] {logging_mixin.py:154} INFO - [2025-05-16T06:46:15.063+0100] {dag.py:3722} INFO - Setting next_dagrun for example_task_group to 2025-05-15T05:46:15.062991+00:00, run_after=2025-05-16T05:46:15.062991+00:00
[2025-05-16T06:46:15.067+0100] {processor.py:179} INFO - Processing /Users/saber/airflow_project/airflow_venv/lib/python3.10/site-packages/airflow/example_dags/example_task_group.py took 0.062 seconds
[2025-05-16T06:47:13.630+0100] {processor.py:157} INFO - Started process (PID=9273) to work on /Users/saber/airflow_project/airflow_venv/lib/python3.10/site-packages/airflow/example_dags/example_task_group.py
[2025-05-16T06:47:13.630+0100] {processor.py:829} INFO - Processing file /Users/saber/airflow_project/airflow_venv/lib/python3.10/site-packages/airflow/example_dags/example_task_group.py for tasks to queue
[2025-05-16T06:47:13.631+0100] {logging_mixin.py:154} INFO - [2025-05-16T06:47:13.631+0100] {dagbag.py:536} INFO - Filling up the DagBag from /Users/saber/airflow_project/airflow_venv/lib/python3.10/site-packages/airflow/example_dags/example_task_group.py
[2025-05-16T06:47:13.638+0100] {processor.py:839} INFO - DAG(s) dict_keys(['example_task_group']) retrieved from /Users/saber/airflow_project/airflow_venv/lib/python3.10/site-packages/airflow/example_dags/example_task_group.py
[2025-05-16T06:47:13.682+0100] {logging_mixin.py:154} INFO - [2025-05-16T06:47:13.682+0100] {dag.py:2941} INFO - Sync 1 DAGs
[2025-05-16T06:47:13.687+0100] {logging_mixin.py:154} INFO - [2025-05-16T06:47:13.687+0100] {dag.py:3722} INFO - Setting next_dagrun for example_task_group to 2025-05-15T05:47:13.687046+00:00, run_after=2025-05-16T05:47:13.687046+00:00
[2025-05-16T06:47:13.691+0100] {processor.py:179} INFO - Processing /Users/saber/airflow_project/airflow_venv/lib/python3.10/site-packages/airflow/example_dags/example_task_group.py took 0.061 seconds
[2025-05-16T06:48:10.537+0100] {processor.py:157} INFO - Started process (PID=9322) to work on /Users/saber/airflow_project/airflow_venv/lib/python3.10/site-packages/airflow/example_dags/example_task_group.py
[2025-05-16T06:48:10.537+0100] {processor.py:829} INFO - Processing file /Users/saber/airflow_project/airflow_venv/lib/python3.10/site-packages/airflow/example_dags/example_task_group.py for tasks to queue
[2025-05-16T06:48:10.538+0100] {logging_mixin.py:154} INFO - [2025-05-16T06:48:10.538+0100] {dagbag.py:536} INFO - Filling up the DagBag from /Users/saber/airflow_project/airflow_venv/lib/python3.10/site-packages/airflow/example_dags/example_task_group.py
[2025-05-16T06:48:10.545+0100] {processor.py:839} INFO - DAG(s) dict_keys(['example_task_group']) retrieved from /Users/saber/airflow_project/airflow_venv/lib/python3.10/site-packages/airflow/example_dags/example_task_group.py
[2025-05-16T06:48:10.589+0100] {logging_mixin.py:154} INFO - [2025-05-16T06:48:10.589+0100] {dag.py:2941} INFO - Sync 1 DAGs
[2025-05-16T06:48:10.593+0100] {logging_mixin.py:154} INFO - [2025-05-16T06:48:10.593+0100] {dag.py:3722} INFO - Setting next_dagrun for example_task_group to 2025-05-15T05:48:10.593699+00:00, run_after=2025-05-16T05:48:10.593699+00:00
[2025-05-16T06:48:10.598+0100] {processor.py:179} INFO - Processing /Users/saber/airflow_project/airflow_venv/lib/python3.10/site-packages/airflow/example_dags/example_task_group.py took 0.061 seconds
[2025-05-16T06:49:07.852+0100] {processor.py:157} INFO - Started process (PID=9370) to work on /Users/saber/airflow_project/airflow_venv/lib/python3.10/site-packages/airflow/example_dags/example_task_group.py
[2025-05-16T06:49:07.852+0100] {processor.py:829} INFO - Processing file /Users/saber/airflow_project/airflow_venv/lib/python3.10/site-packages/airflow/example_dags/example_task_group.py for tasks to queue
[2025-05-16T06:49:07.853+0100] {logging_mixin.py:154} INFO - [2025-05-16T06:49:07.853+0100] {dagbag.py:536} INFO - Filling up the DagBag from /Users/saber/airflow_project/airflow_venv/lib/python3.10/site-packages/airflow/example_dags/example_task_group.py
[2025-05-16T06:49:07.860+0100] {processor.py:839} INFO - DAG(s) dict_keys(['example_task_group']) retrieved from /Users/saber/airflow_project/airflow_venv/lib/python3.10/site-packages/airflow/example_dags/example_task_group.py
[2025-05-16T06:49:07.904+0100] {logging_mixin.py:154} INFO - [2025-05-16T06:49:07.904+0100] {dag.py:2941} INFO - Sync 1 DAGs
[2025-05-16T06:49:07.909+0100] {logging_mixin.py:154} INFO - [2025-05-16T06:49:07.909+0100] {dag.py:3722} INFO - Setting next_dagrun for example_task_group to 2025-05-15T05:49:07.909007+00:00, run_after=2025-05-16T05:49:07.909007+00:00
[2025-05-16T06:49:07.913+0100] {processor.py:179} INFO - Processing /Users/saber/airflow_project/airflow_venv/lib/python3.10/site-packages/airflow/example_dags/example_task_group.py took 0.061 seconds
[2025-05-16T06:50:06.531+0100] {processor.py:157} INFO - Started process (PID=9420) to work on /Users/saber/airflow_project/airflow_venv/lib/python3.10/site-packages/airflow/example_dags/example_task_group.py
[2025-05-16T06:50:06.531+0100] {processor.py:829} INFO - Processing file /Users/saber/airflow_project/airflow_venv/lib/python3.10/site-packages/airflow/example_dags/example_task_group.py for tasks to queue
[2025-05-16T06:50:06.532+0100] {logging_mixin.py:154} INFO - [2025-05-16T06:50:06.532+0100] {dagbag.py:536} INFO - Filling up the DagBag from /Users/saber/airflow_project/airflow_venv/lib/python3.10/site-packages/airflow/example_dags/example_task_group.py
[2025-05-16T06:50:06.539+0100] {processor.py:839} INFO - DAG(s) dict_keys(['example_task_group']) retrieved from /Users/saber/airflow_project/airflow_venv/lib/python3.10/site-packages/airflow/example_dags/example_task_group.py
[2025-05-16T06:50:06.583+0100] {logging_mixin.py:154} INFO - [2025-05-16T06:50:06.583+0100] {dag.py:2941} INFO - Sync 1 DAGs
[2025-05-16T06:50:06.587+0100] {logging_mixin.py:154} INFO - [2025-05-16T06:50:06.587+0100] {dag.py:3722} INFO - Setting next_dagrun for example_task_group to 2025-05-15T05:50:06.587652+00:00, run_after=2025-05-16T05:50:06.587652+00:00
[2025-05-16T06:50:06.592+0100] {processor.py:179} INFO - Processing /Users/saber/airflow_project/airflow_venv/lib/python3.10/site-packages/airflow/example_dags/example_task_group.py took 0.061 seconds
[2025-05-16T06:51:05.611+0100] {processor.py:157} INFO - Started process (PID=9477) to work on /Users/saber/airflow_project/airflow_venv/lib/python3.10/site-packages/airflow/example_dags/example_task_group.py
[2025-05-16T06:51:05.611+0100] {processor.py:829} INFO - Processing file /Users/saber/airflow_project/airflow_venv/lib/python3.10/site-packages/airflow/example_dags/example_task_group.py for tasks to queue
[2025-05-16T06:51:05.612+0100] {logging_mixin.py:154} INFO - [2025-05-16T06:51:05.612+0100] {dagbag.py:536} INFO - Filling up the DagBag from /Users/saber/airflow_project/airflow_venv/lib/python3.10/site-packages/airflow/example_dags/example_task_group.py
[2025-05-16T06:51:05.619+0100] {processor.py:839} INFO - DAG(s) dict_keys(['example_task_group']) retrieved from /Users/saber/airflow_project/airflow_venv/lib/python3.10/site-packages/airflow/example_dags/example_task_group.py
[2025-05-16T06:51:05.663+0100] {logging_mixin.py:154} INFO - [2025-05-16T06:51:05.663+0100] {dag.py:2941} INFO - Sync 1 DAGs
[2025-05-16T06:51:05.667+0100] {logging_mixin.py:154} INFO - [2025-05-16T06:51:05.667+0100] {dag.py:3722} INFO - Setting next_dagrun for example_task_group to 2025-05-15T05:51:05.667849+00:00, run_after=2025-05-16T05:51:05.667849+00:00
[2025-05-16T06:51:05.672+0100] {processor.py:179} INFO - Processing /Users/saber/airflow_project/airflow_venv/lib/python3.10/site-packages/airflow/example_dags/example_task_group.py took 0.061 seconds
