[2025-05-16T06:37:43.101+0100] {processor.py:157} INFO - Started process (PID=8746) to work on /Users/saber/airflow_project/airflow_venv/lib/python3.10/site-packages/airflow/example_dags/example_setup_teardown.py
[2025-05-16T06:37:43.101+0100] {processor.py:829} INFO - Processing file /Users/saber/airflow_project/airflow_venv/lib/python3.10/site-packages/airflow/example_dags/example_setup_teardown.py for tasks to queue
[2025-05-16T06:37:43.102+0100] {logging_mixin.py:154} INFO - [2025-05-16T06:37:43.102+0100] {dagbag.py:536} INFO - Filling up the DagBag from /Users/saber/airflow_project/airflow_venv/lib/python3.10/site-packages/airflow/example_dags/example_setup_teardown.py
[2025-05-16T06:37:43.109+0100] {processor.py:839} INFO - DAG(s) dict_keys(['example_setup_teardown']) retrieved from /Users/saber/airflow_project/airflow_venv/lib/python3.10/site-packages/airflow/example_dags/example_setup_teardown.py
[2025-05-16T06:37:43.259+0100] {logging_mixin.py:154} INFO - [2025-05-16T06:37:43.259+0100] {manager.py:499} INFO - Created Permission View: %s
[2025-05-16T06:37:43.261+0100] {logging_mixin.py:154} INFO - [2025-05-16T06:37:43.261+0100] {manager.py:499} INFO - Created Permission View: %s
[2025-05-16T06:37:43.262+0100] {logging_mixin.py:154} INFO - [2025-05-16T06:37:43.262+0100] {manager.py:499} INFO - Created Permission View: %s
[2025-05-16T06:37:43.262+0100] {logging_mixin.py:154} INFO - [2025-05-16T06:37:43.262+0100] {dag.py:2941} INFO - Sync 1 DAGs
[2025-05-16T06:37:43.265+0100] {logging_mixin.py:154} INFO - [2025-05-16T06:37:43.265+0100] {dag.py:2963} INFO - Creating ORM DAG for example_setup_teardown
[2025-05-16T06:37:43.267+0100] {logging_mixin.py:154} INFO - [2025-05-16T06:37:43.267+0100] {dag.py:3722} INFO - Setting next_dagrun for example_setup_teardown to 2025-05-15T05:37:43.267497+00:00, run_after=2025-05-16T05:37:43.267497+00:00
[2025-05-16T06:37:43.271+0100] {processor.py:179} INFO - Processing /Users/saber/airflow_project/airflow_venv/lib/python3.10/site-packages/airflow/example_dags/example_setup_teardown.py took 0.170 seconds
[2025-05-16T06:38:43.153+0100] {processor.py:157} INFO - Started process (PID=8802) to work on /Users/saber/airflow_project/airflow_venv/lib/python3.10/site-packages/airflow/example_dags/example_setup_teardown.py
[2025-05-16T06:38:43.153+0100] {processor.py:829} INFO - Processing file /Users/saber/airflow_project/airflow_venv/lib/python3.10/site-packages/airflow/example_dags/example_setup_teardown.py for tasks to queue
[2025-05-16T06:38:43.153+0100] {logging_mixin.py:154} INFO - [2025-05-16T06:38:43.153+0100] {dagbag.py:536} INFO - Filling up the DagBag from /Users/saber/airflow_project/airflow_venv/lib/python3.10/site-packages/airflow/example_dags/example_setup_teardown.py
[2025-05-16T06:38:43.160+0100] {processor.py:839} INFO - DAG(s) dict_keys(['example_setup_teardown']) retrieved from /Users/saber/airflow_project/airflow_venv/lib/python3.10/site-packages/airflow/example_dags/example_setup_teardown.py
[2025-05-16T06:38:43.204+0100] {logging_mixin.py:154} INFO - [2025-05-16T06:38:43.204+0100] {dag.py:2941} INFO - Sync 1 DAGs
[2025-05-16T06:38:43.208+0100] {logging_mixin.py:154} INFO - [2025-05-16T06:38:43.208+0100] {dag.py:3722} INFO - Setting next_dagrun for example_setup_teardown to 2025-05-15T05:38:43.208880+00:00, run_after=2025-05-16T05:38:43.208880+00:00
[2025-05-16T06:38:43.213+0100] {processor.py:179} INFO - Processing /Users/saber/airflow_project/airflow_venv/lib/python3.10/site-packages/airflow/example_dags/example_setup_teardown.py took 0.061 seconds
[2025-05-16T06:39:39.428+0100] {processor.py:157} INFO - Started process (PID=8849) to work on /Users/saber/airflow_project/airflow_venv/lib/python3.10/site-packages/airflow/example_dags/example_setup_teardown.py
[2025-05-16T06:39:39.428+0100] {processor.py:829} INFO - Processing file /Users/saber/airflow_project/airflow_venv/lib/python3.10/site-packages/airflow/example_dags/example_setup_teardown.py for tasks to queue
[2025-05-16T06:39:39.429+0100] {logging_mixin.py:154} INFO - [2025-05-16T06:39:39.429+0100] {dagbag.py:536} INFO - Filling up the DagBag from /Users/saber/airflow_project/airflow_venv/lib/python3.10/site-packages/airflow/example_dags/example_setup_teardown.py
[2025-05-16T06:39:39.435+0100] {processor.py:839} INFO - DAG(s) dict_keys(['example_setup_teardown']) retrieved from /Users/saber/airflow_project/airflow_venv/lib/python3.10/site-packages/airflow/example_dags/example_setup_teardown.py
[2025-05-16T06:39:39.479+0100] {logging_mixin.py:154} INFO - [2025-05-16T06:39:39.479+0100] {dag.py:2941} INFO - Sync 1 DAGs
[2025-05-16T06:39:39.483+0100] {logging_mixin.py:154} INFO - [2025-05-16T06:39:39.483+0100] {dag.py:3722} INFO - Setting next_dagrun for example_setup_teardown to 2025-05-15T05:39:39.483658+00:00, run_after=2025-05-16T05:39:39.483658+00:00
[2025-05-16T06:39:39.488+0100] {processor.py:179} INFO - Processing /Users/saber/airflow_project/airflow_venv/lib/python3.10/site-packages/airflow/example_dags/example_setup_teardown.py took 0.060 seconds
[2025-05-16T06:40:38.627+0100] {processor.py:157} INFO - Started process (PID=8913) to work on /Users/saber/airflow_project/airflow_venv/lib/python3.10/site-packages/airflow/example_dags/example_setup_teardown.py
[2025-05-16T06:40:38.627+0100] {processor.py:829} INFO - Processing file /Users/saber/airflow_project/airflow_venv/lib/python3.10/site-packages/airflow/example_dags/example_setup_teardown.py for tasks to queue
[2025-05-16T06:40:38.628+0100] {logging_mixin.py:154} INFO - [2025-05-16T06:40:38.628+0100] {dagbag.py:536} INFO - Filling up the DagBag from /Users/saber/airflow_project/airflow_venv/lib/python3.10/site-packages/airflow/example_dags/example_setup_teardown.py
[2025-05-16T06:40:38.634+0100] {processor.py:839} INFO - DAG(s) dict_keys(['example_setup_teardown']) retrieved from /Users/saber/airflow_project/airflow_venv/lib/python3.10/site-packages/airflow/example_dags/example_setup_teardown.py
[2025-05-16T06:40:38.678+0100] {logging_mixin.py:154} INFO - [2025-05-16T06:40:38.678+0100] {dag.py:2941} INFO - Sync 1 DAGs
[2025-05-16T06:40:38.683+0100] {logging_mixin.py:154} INFO - [2025-05-16T06:40:38.683+0100] {dag.py:3722} INFO - Setting next_dagrun for example_setup_teardown to 2025-05-15T05:40:38.683169+00:00, run_after=2025-05-16T05:40:38.683169+00:00
[2025-05-16T06:40:38.687+0100] {processor.py:179} INFO - Processing /Users/saber/airflow_project/airflow_venv/lib/python3.10/site-packages/airflow/example_dags/example_setup_teardown.py took 0.061 seconds
[2025-05-16T06:41:38.723+0100] {processor.py:157} INFO - Started process (PID=8964) to work on /Users/saber/airflow_project/airflow_venv/lib/python3.10/site-packages/airflow/example_dags/example_setup_teardown.py
[2025-05-16T06:41:38.723+0100] {processor.py:829} INFO - Processing file /Users/saber/airflow_project/airflow_venv/lib/python3.10/site-packages/airflow/example_dags/example_setup_teardown.py for tasks to queue
[2025-05-16T06:41:38.723+0100] {logging_mixin.py:154} INFO - [2025-05-16T06:41:38.723+0100] {dagbag.py:536} INFO - Filling up the DagBag from /Users/saber/airflow_project/airflow_venv/lib/python3.10/site-packages/airflow/example_dags/example_setup_teardown.py
[2025-05-16T06:41:38.730+0100] {processor.py:839} INFO - DAG(s) dict_keys(['example_setup_teardown']) retrieved from /Users/saber/airflow_project/airflow_venv/lib/python3.10/site-packages/airflow/example_dags/example_setup_teardown.py
[2025-05-16T06:41:38.774+0100] {logging_mixin.py:154} INFO - [2025-05-16T06:41:38.774+0100] {dag.py:2941} INFO - Sync 1 DAGs
[2025-05-16T06:41:38.779+0100] {logging_mixin.py:154} INFO - [2025-05-16T06:41:38.779+0100] {dag.py:3722} INFO - Setting next_dagrun for example_setup_teardown to 2025-05-15T05:41:38.779080+00:00, run_after=2025-05-16T05:41:38.779080+00:00
[2025-05-16T06:41:38.783+0100] {processor.py:179} INFO - Processing /Users/saber/airflow_project/airflow_venv/lib/python3.10/site-packages/airflow/example_dags/example_setup_teardown.py took 0.061 seconds
[2025-05-16T06:42:37.669+0100] {processor.py:157} INFO - Started process (PID=9015) to work on /Users/saber/airflow_project/airflow_venv/lib/python3.10/site-packages/airflow/example_dags/example_setup_teardown.py
[2025-05-16T06:42:37.669+0100] {processor.py:829} INFO - Processing file /Users/saber/airflow_project/airflow_venv/lib/python3.10/site-packages/airflow/example_dags/example_setup_teardown.py for tasks to queue
[2025-05-16T06:42:37.670+0100] {logging_mixin.py:154} INFO - [2025-05-16T06:42:37.670+0100] {dagbag.py:536} INFO - Filling up the DagBag from /Users/saber/airflow_project/airflow_venv/lib/python3.10/site-packages/airflow/example_dags/example_setup_teardown.py
[2025-05-16T06:42:37.677+0100] {processor.py:839} INFO - DAG(s) dict_keys(['example_setup_teardown']) retrieved from /Users/saber/airflow_project/airflow_venv/lib/python3.10/site-packages/airflow/example_dags/example_setup_teardown.py
[2025-05-16T06:42:37.721+0100] {logging_mixin.py:154} INFO - [2025-05-16T06:42:37.721+0100] {dag.py:2941} INFO - Sync 1 DAGs
[2025-05-16T06:42:37.725+0100] {logging_mixin.py:154} INFO - [2025-05-16T06:42:37.725+0100] {dag.py:3722} INFO - Setting next_dagrun for example_setup_teardown to 2025-05-15T05:42:37.725682+00:00, run_after=2025-05-16T05:42:37.725682+00:00
[2025-05-16T06:42:37.730+0100] {processor.py:179} INFO - Processing /Users/saber/airflow_project/airflow_venv/lib/python3.10/site-packages/airflow/example_dags/example_setup_teardown.py took 0.061 seconds
[2025-05-16T06:43:33.656+0100] {processor.py:157} INFO - Started process (PID=9063) to work on /Users/saber/airflow_project/airflow_venv/lib/python3.10/site-packages/airflow/example_dags/example_setup_teardown.py
[2025-05-16T06:43:33.656+0100] {processor.py:829} INFO - Processing file /Users/saber/airflow_project/airflow_venv/lib/python3.10/site-packages/airflow/example_dags/example_setup_teardown.py for tasks to queue
[2025-05-16T06:43:33.656+0100] {logging_mixin.py:154} INFO - [2025-05-16T06:43:33.656+0100] {dagbag.py:536} INFO - Filling up the DagBag from /Users/saber/airflow_project/airflow_venv/lib/python3.10/site-packages/airflow/example_dags/example_setup_teardown.py
[2025-05-16T06:43:33.663+0100] {processor.py:839} INFO - DAG(s) dict_keys(['example_setup_teardown']) retrieved from /Users/saber/airflow_project/airflow_venv/lib/python3.10/site-packages/airflow/example_dags/example_setup_teardown.py
[2025-05-16T06:43:33.708+0100] {logging_mixin.py:154} INFO - [2025-05-16T06:43:33.708+0100] {dag.py:2941} INFO - Sync 1 DAGs
[2025-05-16T06:43:33.712+0100] {logging_mixin.py:154} INFO - [2025-05-16T06:43:33.712+0100] {dag.py:3722} INFO - Setting next_dagrun for example_setup_teardown to 2025-05-15T05:43:33.712764+00:00, run_after=2025-05-16T05:43:33.712764+00:00
[2025-05-16T06:43:33.717+0100] {processor.py:179} INFO - Processing /Users/saber/airflow_project/airflow_venv/lib/python3.10/site-packages/airflow/example_dags/example_setup_teardown.py took 0.062 seconds
[2025-05-16T06:44:30.974+0100] {processor.py:157} INFO - Started process (PID=9119) to work on /Users/saber/airflow_project/airflow_venv/lib/python3.10/site-packages/airflow/example_dags/example_setup_teardown.py
[2025-05-16T06:44:30.974+0100] {processor.py:829} INFO - Processing file /Users/saber/airflow_project/airflow_venv/lib/python3.10/site-packages/airflow/example_dags/example_setup_teardown.py for tasks to queue
[2025-05-16T06:44:30.974+0100] {logging_mixin.py:154} INFO - [2025-05-16T06:44:30.974+0100] {dagbag.py:536} INFO - Filling up the DagBag from /Users/saber/airflow_project/airflow_venv/lib/python3.10/site-packages/airflow/example_dags/example_setup_teardown.py
[2025-05-16T06:44:30.981+0100] {processor.py:839} INFO - DAG(s) dict_keys(['example_setup_teardown']) retrieved from /Users/saber/airflow_project/airflow_venv/lib/python3.10/site-packages/airflow/example_dags/example_setup_teardown.py
[2025-05-16T06:44:31.025+0100] {logging_mixin.py:154} INFO - [2025-05-16T06:44:31.025+0100] {dag.py:2941} INFO - Sync 1 DAGs
[2025-05-16T06:44:31.029+0100] {logging_mixin.py:154} INFO - [2025-05-16T06:44:31.029+0100] {dag.py:3722} INFO - Setting next_dagrun for example_setup_teardown to 2025-05-15T05:44:31.029814+00:00, run_after=2025-05-16T05:44:31.029814+00:00
[2025-05-16T06:44:31.034+0100] {processor.py:179} INFO - Processing /Users/saber/airflow_project/airflow_venv/lib/python3.10/site-packages/airflow/example_dags/example_setup_teardown.py took 0.061 seconds
[2025-05-16T06:45:28.768+0100] {processor.py:157} INFO - Started process (PID=9167) to work on /Users/saber/airflow_project/airflow_venv/lib/python3.10/site-packages/airflow/example_dags/example_setup_teardown.py
[2025-05-16T06:45:28.768+0100] {processor.py:829} INFO - Processing file /Users/saber/airflow_project/airflow_venv/lib/python3.10/site-packages/airflow/example_dags/example_setup_teardown.py for tasks to queue
[2025-05-16T06:45:28.768+0100] {logging_mixin.py:154} INFO - [2025-05-16T06:45:28.768+0100] {dagbag.py:536} INFO - Filling up the DagBag from /Users/saber/airflow_project/airflow_venv/lib/python3.10/site-packages/airflow/example_dags/example_setup_teardown.py
[2025-05-16T06:45:28.775+0100] {processor.py:839} INFO - DAG(s) dict_keys(['example_setup_teardown']) retrieved from /Users/saber/airflow_project/airflow_venv/lib/python3.10/site-packages/airflow/example_dags/example_setup_teardown.py
[2025-05-16T06:45:28.819+0100] {logging_mixin.py:154} INFO - [2025-05-16T06:45:28.819+0100] {dag.py:2941} INFO - Sync 1 DAGs
[2025-05-16T06:45:28.823+0100] {logging_mixin.py:154} INFO - [2025-05-16T06:45:28.823+0100] {dag.py:3722} INFO - Setting next_dagrun for example_setup_teardown to 2025-05-15T05:45:28.823502+00:00, run_after=2025-05-16T05:45:28.823502+00:00
[2025-05-16T06:45:28.828+0100] {processor.py:179} INFO - Processing /Users/saber/airflow_project/airflow_venv/lib/python3.10/site-packages/airflow/example_dags/example_setup_teardown.py took 0.060 seconds
[2025-05-16T06:46:27.640+0100] {processor.py:157} INFO - Started process (PID=9235) to work on /Users/saber/airflow_project/airflow_venv/lib/python3.10/site-packages/airflow/example_dags/example_setup_teardown.py
[2025-05-16T06:46:27.640+0100] {processor.py:829} INFO - Processing file /Users/saber/airflow_project/airflow_venv/lib/python3.10/site-packages/airflow/example_dags/example_setup_teardown.py for tasks to queue
[2025-05-16T06:46:27.640+0100] {logging_mixin.py:154} INFO - [2025-05-16T06:46:27.640+0100] {dagbag.py:536} INFO - Filling up the DagBag from /Users/saber/airflow_project/airflow_venv/lib/python3.10/site-packages/airflow/example_dags/example_setup_teardown.py
[2025-05-16T06:46:27.647+0100] {processor.py:839} INFO - DAG(s) dict_keys(['example_setup_teardown']) retrieved from /Users/saber/airflow_project/airflow_venv/lib/python3.10/site-packages/airflow/example_dags/example_setup_teardown.py
[2025-05-16T06:46:27.692+0100] {logging_mixin.py:154} INFO - [2025-05-16T06:46:27.692+0100] {dag.py:2941} INFO - Sync 1 DAGs
[2025-05-16T06:46:27.697+0100] {logging_mixin.py:154} INFO - [2025-05-16T06:46:27.697+0100] {dag.py:3722} INFO - Setting next_dagrun for example_setup_teardown to 2025-05-15T05:46:27.697041+00:00, run_after=2025-05-16T05:46:27.697041+00:00
[2025-05-16T06:46:27.701+0100] {processor.py:179} INFO - Processing /Users/saber/airflow_project/airflow_venv/lib/python3.10/site-packages/airflow/example_dags/example_setup_teardown.py took 0.062 seconds
[2025-05-16T06:47:26.047+0100] {processor.py:157} INFO - Started process (PID=9283) to work on /Users/saber/airflow_project/airflow_venv/lib/python3.10/site-packages/airflow/example_dags/example_setup_teardown.py
[2025-05-16T06:47:26.047+0100] {processor.py:829} INFO - Processing file /Users/saber/airflow_project/airflow_venv/lib/python3.10/site-packages/airflow/example_dags/example_setup_teardown.py for tasks to queue
[2025-05-16T06:47:26.048+0100] {logging_mixin.py:154} INFO - [2025-05-16T06:47:26.048+0100] {dagbag.py:536} INFO - Filling up the DagBag from /Users/saber/airflow_project/airflow_venv/lib/python3.10/site-packages/airflow/example_dags/example_setup_teardown.py
[2025-05-16T06:47:26.055+0100] {processor.py:839} INFO - DAG(s) dict_keys(['example_setup_teardown']) retrieved from /Users/saber/airflow_project/airflow_venv/lib/python3.10/site-packages/airflow/example_dags/example_setup_teardown.py
[2025-05-16T06:47:26.099+0100] {logging_mixin.py:154} INFO - [2025-05-16T06:47:26.099+0100] {dag.py:2941} INFO - Sync 1 DAGs
[2025-05-16T06:47:26.103+0100] {logging_mixin.py:154} INFO - [2025-05-16T06:47:26.103+0100] {dag.py:3722} INFO - Setting next_dagrun for example_setup_teardown to 2025-05-15T05:47:26.103773+00:00, run_after=2025-05-16T05:47:26.103773+00:00
[2025-05-16T06:47:26.108+0100] {processor.py:179} INFO - Processing /Users/saber/airflow_project/airflow_venv/lib/python3.10/site-packages/airflow/example_dags/example_setup_teardown.py took 0.061 seconds
[2025-05-16T06:48:22.392+0100] {processor.py:157} INFO - Started process (PID=9332) to work on /Users/saber/airflow_project/airflow_venv/lib/python3.10/site-packages/airflow/example_dags/example_setup_teardown.py
[2025-05-16T06:48:22.392+0100] {processor.py:829} INFO - Processing file /Users/saber/airflow_project/airflow_venv/lib/python3.10/site-packages/airflow/example_dags/example_setup_teardown.py for tasks to queue
[2025-05-16T06:48:22.393+0100] {logging_mixin.py:154} INFO - [2025-05-16T06:48:22.393+0100] {dagbag.py:536} INFO - Filling up the DagBag from /Users/saber/airflow_project/airflow_venv/lib/python3.10/site-packages/airflow/example_dags/example_setup_teardown.py
[2025-05-16T06:48:22.400+0100] {processor.py:839} INFO - DAG(s) dict_keys(['example_setup_teardown']) retrieved from /Users/saber/airflow_project/airflow_venv/lib/python3.10/site-packages/airflow/example_dags/example_setup_teardown.py
[2025-05-16T06:48:22.444+0100] {logging_mixin.py:154} INFO - [2025-05-16T06:48:22.444+0100] {dag.py:2941} INFO - Sync 1 DAGs
[2025-05-16T06:48:22.448+0100] {logging_mixin.py:154} INFO - [2025-05-16T06:48:22.448+0100] {dag.py:3722} INFO - Setting next_dagrun for example_setup_teardown to 2025-05-15T05:48:22.448499+00:00, run_after=2025-05-16T05:48:22.448499+00:00
[2025-05-16T06:48:22.453+0100] {processor.py:179} INFO - Processing /Users/saber/airflow_project/airflow_venv/lib/python3.10/site-packages/airflow/example_dags/example_setup_teardown.py took 0.061 seconds
[2025-05-16T06:49:23.123+0100] {processor.py:157} INFO - Started process (PID=9385) to work on /Users/saber/airflow_project/airflow_venv/lib/python3.10/site-packages/airflow/example_dags/example_setup_teardown.py
[2025-05-16T06:49:23.123+0100] {processor.py:829} INFO - Processing file /Users/saber/airflow_project/airflow_venv/lib/python3.10/site-packages/airflow/example_dags/example_setup_teardown.py for tasks to queue
[2025-05-16T06:49:23.124+0100] {logging_mixin.py:154} INFO - [2025-05-16T06:49:23.124+0100] {dagbag.py:536} INFO - Filling up the DagBag from /Users/saber/airflow_project/airflow_venv/lib/python3.10/site-packages/airflow/example_dags/example_setup_teardown.py
[2025-05-16T06:49:23.131+0100] {processor.py:839} INFO - DAG(s) dict_keys(['example_setup_teardown']) retrieved from /Users/saber/airflow_project/airflow_venv/lib/python3.10/site-packages/airflow/example_dags/example_setup_teardown.py
[2025-05-16T06:49:23.175+0100] {logging_mixin.py:154} INFO - [2025-05-16T06:49:23.175+0100] {dag.py:2941} INFO - Sync 1 DAGs
[2025-05-16T06:49:23.179+0100] {logging_mixin.py:154} INFO - [2025-05-16T06:49:23.179+0100] {dag.py:3722} INFO - Setting next_dagrun for example_setup_teardown to 2025-05-15T05:49:23.179896+00:00, run_after=2025-05-16T05:49:23.179896+00:00
[2025-05-16T06:49:23.184+0100] {processor.py:179} INFO - Processing /Users/saber/airflow_project/airflow_venv/lib/python3.10/site-packages/airflow/example_dags/example_setup_teardown.py took 0.061 seconds
[2025-05-16T06:50:22.328+0100] {processor.py:157} INFO - Started process (PID=9438) to work on /Users/saber/airflow_project/airflow_venv/lib/python3.10/site-packages/airflow/example_dags/example_setup_teardown.py
[2025-05-16T06:50:22.329+0100] {processor.py:829} INFO - Processing file /Users/saber/airflow_project/airflow_venv/lib/python3.10/site-packages/airflow/example_dags/example_setup_teardown.py for tasks to queue
[2025-05-16T06:50:22.329+0100] {logging_mixin.py:154} INFO - [2025-05-16T06:50:22.329+0100] {dagbag.py:536} INFO - Filling up the DagBag from /Users/saber/airflow_project/airflow_venv/lib/python3.10/site-packages/airflow/example_dags/example_setup_teardown.py
[2025-05-16T06:50:22.336+0100] {processor.py:839} INFO - DAG(s) dict_keys(['example_setup_teardown']) retrieved from /Users/saber/airflow_project/airflow_venv/lib/python3.10/site-packages/airflow/example_dags/example_setup_teardown.py
[2025-05-16T06:50:22.380+0100] {logging_mixin.py:154} INFO - [2025-05-16T06:50:22.380+0100] {dag.py:2941} INFO - Sync 1 DAGs
[2025-05-16T06:50:22.384+0100] {logging_mixin.py:154} INFO - [2025-05-16T06:50:22.384+0100] {dag.py:3722} INFO - Setting next_dagrun for example_setup_teardown to 2025-05-15T05:50:22.384906+00:00, run_after=2025-05-16T05:50:22.384906+00:00
[2025-05-16T06:50:22.389+0100] {processor.py:179} INFO - Processing /Users/saber/airflow_project/airflow_venv/lib/python3.10/site-packages/airflow/example_dags/example_setup_teardown.py took 0.061 seconds
[2025-05-16T06:51:19.612+0100] {processor.py:157} INFO - Started process (PID=9491) to work on /Users/saber/airflow_project/airflow_venv/lib/python3.10/site-packages/airflow/example_dags/example_setup_teardown.py
[2025-05-16T06:51:19.612+0100] {processor.py:829} INFO - Processing file /Users/saber/airflow_project/airflow_venv/lib/python3.10/site-packages/airflow/example_dags/example_setup_teardown.py for tasks to queue
[2025-05-16T06:51:19.613+0100] {logging_mixin.py:154} INFO - [2025-05-16T06:51:19.613+0100] {dagbag.py:536} INFO - Filling up the DagBag from /Users/saber/airflow_project/airflow_venv/lib/python3.10/site-packages/airflow/example_dags/example_setup_teardown.py
[2025-05-16T06:51:19.620+0100] {processor.py:839} INFO - DAG(s) dict_keys(['example_setup_teardown']) retrieved from /Users/saber/airflow_project/airflow_venv/lib/python3.10/site-packages/airflow/example_dags/example_setup_teardown.py
[2025-05-16T06:51:19.664+0100] {logging_mixin.py:154} INFO - [2025-05-16T06:51:19.664+0100] {dag.py:2941} INFO - Sync 1 DAGs
[2025-05-16T06:51:19.668+0100] {logging_mixin.py:154} INFO - [2025-05-16T06:51:19.668+0100] {dag.py:3722} INFO - Setting next_dagrun for example_setup_teardown to 2025-05-15T05:51:19.668742+00:00, run_after=2025-05-16T05:51:19.668742+00:00
[2025-05-16T06:51:19.673+0100] {processor.py:179} INFO - Processing /Users/saber/airflow_project/airflow_venv/lib/python3.10/site-packages/airflow/example_dags/example_setup_teardown.py took 0.061 seconds
