[2025-05-16T06:37:41.459+0100] {processor.py:157} INFO - Started process (PID=8745) to work on /Users/saber/airflow_project/airflow_venv/lib/python3.10/site-packages/airflow/example_dags/example_setup_teardown_taskflow.py
[2025-05-16T06:37:41.460+0100] {processor.py:829} INFO - Processing file /Users/saber/airflow_project/airflow_venv/lib/python3.10/site-packages/airflow/example_dags/example_setup_teardown_taskflow.py for tasks to queue
[2025-05-16T06:37:41.460+0100] {logging_mixin.py:154} INFO - [2025-05-16T06:37:41.460+0100] {dagbag.py:536} INFO - Filling up the DagBag from /Users/saber/airflow_project/airflow_venv/lib/python3.10/site-packages/airflow/example_dags/example_setup_teardown_taskflow.py
[2025-05-16T06:37:41.475+0100] {processor.py:839} INFO - DAG(s) dict_keys(['example_setup_teardown_taskflow']) retrieved from /Users/saber/airflow_project/airflow_venv/lib/python3.10/site-packages/airflow/example_dags/example_setup_teardown_taskflow.py
[2025-05-16T06:37:41.626+0100] {logging_mixin.py:154} INFO - [2025-05-16T06:37:41.626+0100] {manager.py:499} INFO - Created Permission View: %s
[2025-05-16T06:37:41.628+0100] {logging_mixin.py:154} INFO - [2025-05-16T06:37:41.628+0100] {manager.py:499} INFO - Created Permission View: %s
[2025-05-16T06:37:41.630+0100] {logging_mixin.py:154} INFO - [2025-05-16T06:37:41.629+0100] {manager.py:499} INFO - Created Permission View: %s
[2025-05-16T06:37:41.630+0100] {logging_mixin.py:154} INFO - [2025-05-16T06:37:41.630+0100] {dag.py:2941} INFO - Sync 1 DAGs
[2025-05-16T06:37:41.632+0100] {logging_mixin.py:154} INFO - [2025-05-16T06:37:41.632+0100] {dag.py:2963} INFO - Creating ORM DAG for example_setup_teardown_taskflow
[2025-05-16T06:37:41.634+0100] {logging_mixin.py:154} INFO - [2025-05-16T06:37:41.634+0100] {dag.py:3722} INFO - Setting next_dagrun for example_setup_teardown_taskflow to 2025-05-15T05:37:41.634719+00:00, run_after=2025-05-16T05:37:41.634719+00:00
[2025-05-16T06:37:41.639+0100] {processor.py:179} INFO - Processing /Users/saber/airflow_project/airflow_venv/lib/python3.10/site-packages/airflow/example_dags/example_setup_teardown_taskflow.py took 0.180 seconds
[2025-05-16T06:38:41.682+0100] {processor.py:157} INFO - Started process (PID=8801) to work on /Users/saber/airflow_project/airflow_venv/lib/python3.10/site-packages/airflow/example_dags/example_setup_teardown_taskflow.py
[2025-05-16T06:38:41.682+0100] {processor.py:829} INFO - Processing file /Users/saber/airflow_project/airflow_venv/lib/python3.10/site-packages/airflow/example_dags/example_setup_teardown_taskflow.py for tasks to queue
[2025-05-16T06:38:41.683+0100] {logging_mixin.py:154} INFO - [2025-05-16T06:38:41.683+0100] {dagbag.py:536} INFO - Filling up the DagBag from /Users/saber/airflow_project/airflow_venv/lib/python3.10/site-packages/airflow/example_dags/example_setup_teardown_taskflow.py
[2025-05-16T06:38:41.698+0100] {processor.py:839} INFO - DAG(s) dict_keys(['example_setup_teardown_taskflow']) retrieved from /Users/saber/airflow_project/airflow_venv/lib/python3.10/site-packages/airflow/example_dags/example_setup_teardown_taskflow.py
[2025-05-16T06:38:41.741+0100] {logging_mixin.py:154} INFO - [2025-05-16T06:38:41.741+0100] {dag.py:2941} INFO - Sync 1 DAGs
[2025-05-16T06:38:41.745+0100] {logging_mixin.py:154} INFO - [2025-05-16T06:38:41.745+0100] {dag.py:3722} INFO - Setting next_dagrun for example_setup_teardown_taskflow to 2025-05-15T05:38:41.745192+00:00, run_after=2025-05-16T05:38:41.745192+00:00
[2025-05-16T06:38:41.750+0100] {processor.py:179} INFO - Processing /Users/saber/airflow_project/airflow_venv/lib/python3.10/site-packages/airflow/example_dags/example_setup_teardown_taskflow.py took 0.068 seconds
[2025-05-16T06:39:38.973+0100] {processor.py:157} INFO - Started process (PID=8848) to work on /Users/saber/airflow_project/airflow_venv/lib/python3.10/site-packages/airflow/example_dags/example_setup_teardown_taskflow.py
[2025-05-16T06:39:38.973+0100] {processor.py:829} INFO - Processing file /Users/saber/airflow_project/airflow_venv/lib/python3.10/site-packages/airflow/example_dags/example_setup_teardown_taskflow.py for tasks to queue
[2025-05-16T06:39:38.973+0100] {logging_mixin.py:154} INFO - [2025-05-16T06:39:38.973+0100] {dagbag.py:536} INFO - Filling up the DagBag from /Users/saber/airflow_project/airflow_venv/lib/python3.10/site-packages/airflow/example_dags/example_setup_teardown_taskflow.py
[2025-05-16T06:39:38.988+0100] {processor.py:839} INFO - DAG(s) dict_keys(['example_setup_teardown_taskflow']) retrieved from /Users/saber/airflow_project/airflow_venv/lib/python3.10/site-packages/airflow/example_dags/example_setup_teardown_taskflow.py
[2025-05-16T06:39:39.030+0100] {logging_mixin.py:154} INFO - [2025-05-16T06:39:39.030+0100] {dag.py:2941} INFO - Sync 1 DAGs
[2025-05-16T06:39:39.034+0100] {logging_mixin.py:154} INFO - [2025-05-16T06:39:39.034+0100] {dag.py:3722} INFO - Setting next_dagrun for example_setup_teardown_taskflow to 2025-05-15T05:39:39.034730+00:00, run_after=2025-05-16T05:39:39.034730+00:00
[2025-05-16T06:39:39.039+0100] {processor.py:179} INFO - Processing /Users/saber/airflow_project/airflow_venv/lib/python3.10/site-packages/airflow/example_dags/example_setup_teardown_taskflow.py took 0.067 seconds
[2025-05-16T06:40:37.578+0100] {processor.py:157} INFO - Started process (PID=8912) to work on /Users/saber/airflow_project/airflow_venv/lib/python3.10/site-packages/airflow/example_dags/example_setup_teardown_taskflow.py
[2025-05-16T06:40:37.578+0100] {processor.py:829} INFO - Processing file /Users/saber/airflow_project/airflow_venv/lib/python3.10/site-packages/airflow/example_dags/example_setup_teardown_taskflow.py for tasks to queue
[2025-05-16T06:40:37.579+0100] {logging_mixin.py:154} INFO - [2025-05-16T06:40:37.579+0100] {dagbag.py:536} INFO - Filling up the DagBag from /Users/saber/airflow_project/airflow_venv/lib/python3.10/site-packages/airflow/example_dags/example_setup_teardown_taskflow.py
[2025-05-16T06:40:37.593+0100] {processor.py:839} INFO - DAG(s) dict_keys(['example_setup_teardown_taskflow']) retrieved from /Users/saber/airflow_project/airflow_venv/lib/python3.10/site-packages/airflow/example_dags/example_setup_teardown_taskflow.py
[2025-05-16T06:40:37.635+0100] {logging_mixin.py:154} INFO - [2025-05-16T06:40:37.635+0100] {dag.py:2941} INFO - Sync 1 DAGs
[2025-05-16T06:40:37.639+0100] {logging_mixin.py:154} INFO - [2025-05-16T06:40:37.639+0100] {dag.py:3722} INFO - Setting next_dagrun for example_setup_teardown_taskflow to 2025-05-15T05:40:37.639877+00:00, run_after=2025-05-16T05:40:37.639877+00:00
[2025-05-16T06:40:37.644+0100] {processor.py:179} INFO - Processing /Users/saber/airflow_project/airflow_venv/lib/python3.10/site-packages/airflow/example_dags/example_setup_teardown_taskflow.py took 0.067 seconds
[2025-05-16T06:41:37.783+0100] {processor.py:157} INFO - Started process (PID=8963) to work on /Users/saber/airflow_project/airflow_venv/lib/python3.10/site-packages/airflow/example_dags/example_setup_teardown_taskflow.py
[2025-05-16T06:41:37.783+0100] {processor.py:829} INFO - Processing file /Users/saber/airflow_project/airflow_venv/lib/python3.10/site-packages/airflow/example_dags/example_setup_teardown_taskflow.py for tasks to queue
[2025-05-16T06:41:37.783+0100] {logging_mixin.py:154} INFO - [2025-05-16T06:41:37.783+0100] {dagbag.py:536} INFO - Filling up the DagBag from /Users/saber/airflow_project/airflow_venv/lib/python3.10/site-packages/airflow/example_dags/example_setup_teardown_taskflow.py
[2025-05-16T06:41:37.798+0100] {processor.py:839} INFO - DAG(s) dict_keys(['example_setup_teardown_taskflow']) retrieved from /Users/saber/airflow_project/airflow_venv/lib/python3.10/site-packages/airflow/example_dags/example_setup_teardown_taskflow.py
[2025-05-16T06:41:37.844+0100] {logging_mixin.py:154} INFO - [2025-05-16T06:41:37.844+0100] {dag.py:2941} INFO - Sync 1 DAGs
[2025-05-16T06:41:37.852+0100] {logging_mixin.py:154} INFO - [2025-05-16T06:41:37.852+0100] {dag.py:3722} INFO - Setting next_dagrun for example_setup_teardown_taskflow to 2025-05-15T05:41:37.852475+00:00, run_after=2025-05-16T05:41:37.852475+00:00
[2025-05-16T06:41:37.878+0100] {processor.py:179} INFO - Processing /Users/saber/airflow_project/airflow_venv/lib/python3.10/site-packages/airflow/example_dags/example_setup_teardown_taskflow.py took 0.095 seconds
[2025-05-16T06:42:36.672+0100] {processor.py:157} INFO - Started process (PID=9014) to work on /Users/saber/airflow_project/airflow_venv/lib/python3.10/site-packages/airflow/example_dags/example_setup_teardown_taskflow.py
[2025-05-16T06:42:36.672+0100] {processor.py:829} INFO - Processing file /Users/saber/airflow_project/airflow_venv/lib/python3.10/site-packages/airflow/example_dags/example_setup_teardown_taskflow.py for tasks to queue
[2025-05-16T06:42:36.673+0100] {logging_mixin.py:154} INFO - [2025-05-16T06:42:36.673+0100] {dagbag.py:536} INFO - Filling up the DagBag from /Users/saber/airflow_project/airflow_venv/lib/python3.10/site-packages/airflow/example_dags/example_setup_teardown_taskflow.py
[2025-05-16T06:42:36.687+0100] {processor.py:839} INFO - DAG(s) dict_keys(['example_setup_teardown_taskflow']) retrieved from /Users/saber/airflow_project/airflow_venv/lib/python3.10/site-packages/airflow/example_dags/example_setup_teardown_taskflow.py
[2025-05-16T06:42:36.730+0100] {logging_mixin.py:154} INFO - [2025-05-16T06:42:36.730+0100] {dag.py:2941} INFO - Sync 1 DAGs
[2025-05-16T06:42:36.734+0100] {logging_mixin.py:154} INFO - [2025-05-16T06:42:36.734+0100] {dag.py:3722} INFO - Setting next_dagrun for example_setup_teardown_taskflow to 2025-05-15T05:42:36.734742+00:00, run_after=2025-05-16T05:42:36.734742+00:00
[2025-05-16T06:42:36.739+0100] {processor.py:179} INFO - Processing /Users/saber/airflow_project/airflow_venv/lib/python3.10/site-packages/airflow/example_dags/example_setup_teardown_taskflow.py took 0.068 seconds
[2025-05-16T06:43:32.181+0100] {processor.py:157} INFO - Started process (PID=9061) to work on /Users/saber/airflow_project/airflow_venv/lib/python3.10/site-packages/airflow/example_dags/example_setup_teardown_taskflow.py
[2025-05-16T06:43:32.181+0100] {processor.py:829} INFO - Processing file /Users/saber/airflow_project/airflow_venv/lib/python3.10/site-packages/airflow/example_dags/example_setup_teardown_taskflow.py for tasks to queue
[2025-05-16T06:43:32.182+0100] {logging_mixin.py:154} INFO - [2025-05-16T06:43:32.182+0100] {dagbag.py:536} INFO - Filling up the DagBag from /Users/saber/airflow_project/airflow_venv/lib/python3.10/site-packages/airflow/example_dags/example_setup_teardown_taskflow.py
[2025-05-16T06:43:32.196+0100] {processor.py:839} INFO - DAG(s) dict_keys(['example_setup_teardown_taskflow']) retrieved from /Users/saber/airflow_project/airflow_venv/lib/python3.10/site-packages/airflow/example_dags/example_setup_teardown_taskflow.py
[2025-05-16T06:43:32.240+0100] {logging_mixin.py:154} INFO - [2025-05-16T06:43:32.240+0100] {dag.py:2941} INFO - Sync 1 DAGs
[2025-05-16T06:43:32.244+0100] {logging_mixin.py:154} INFO - [2025-05-16T06:43:32.244+0100] {dag.py:3722} INFO - Setting next_dagrun for example_setup_teardown_taskflow to 2025-05-15T05:43:32.244468+00:00, run_after=2025-05-16T05:43:32.244468+00:00
[2025-05-16T06:43:32.249+0100] {processor.py:179} INFO - Processing /Users/saber/airflow_project/airflow_venv/lib/python3.10/site-packages/airflow/example_dags/example_setup_teardown_taskflow.py took 0.069 seconds
[2025-05-16T06:44:30.513+0100] {processor.py:157} INFO - Started process (PID=9118) to work on /Users/saber/airflow_project/airflow_venv/lib/python3.10/site-packages/airflow/example_dags/example_setup_teardown_taskflow.py
[2025-05-16T06:44:30.513+0100] {processor.py:829} INFO - Processing file /Users/saber/airflow_project/airflow_venv/lib/python3.10/site-packages/airflow/example_dags/example_setup_teardown_taskflow.py for tasks to queue
[2025-05-16T06:44:30.514+0100] {logging_mixin.py:154} INFO - [2025-05-16T06:44:30.514+0100] {dagbag.py:536} INFO - Filling up the DagBag from /Users/saber/airflow_project/airflow_venv/lib/python3.10/site-packages/airflow/example_dags/example_setup_teardown_taskflow.py
[2025-05-16T06:44:30.528+0100] {processor.py:839} INFO - DAG(s) dict_keys(['example_setup_teardown_taskflow']) retrieved from /Users/saber/airflow_project/airflow_venv/lib/python3.10/site-packages/airflow/example_dags/example_setup_teardown_taskflow.py
[2025-05-16T06:44:30.571+0100] {logging_mixin.py:154} INFO - [2025-05-16T06:44:30.570+0100] {dag.py:2941} INFO - Sync 1 DAGs
[2025-05-16T06:44:30.575+0100] {logging_mixin.py:154} INFO - [2025-05-16T06:44:30.575+0100] {dag.py:3722} INFO - Setting next_dagrun for example_setup_teardown_taskflow to 2025-05-15T05:44:30.575069+00:00, run_after=2025-05-16T05:44:30.575069+00:00
[2025-05-16T06:44:30.580+0100] {processor.py:179} INFO - Processing /Users/saber/airflow_project/airflow_venv/lib/python3.10/site-packages/airflow/example_dags/example_setup_teardown_taskflow.py took 0.067 seconds
[2025-05-16T06:45:27.296+0100] {processor.py:157} INFO - Started process (PID=9166) to work on /Users/saber/airflow_project/airflow_venv/lib/python3.10/site-packages/airflow/example_dags/example_setup_teardown_taskflow.py
[2025-05-16T06:45:27.296+0100] {processor.py:829} INFO - Processing file /Users/saber/airflow_project/airflow_venv/lib/python3.10/site-packages/airflow/example_dags/example_setup_teardown_taskflow.py for tasks to queue
[2025-05-16T06:45:27.297+0100] {logging_mixin.py:154} INFO - [2025-05-16T06:45:27.297+0100] {dagbag.py:536} INFO - Filling up the DagBag from /Users/saber/airflow_project/airflow_venv/lib/python3.10/site-packages/airflow/example_dags/example_setup_teardown_taskflow.py
[2025-05-16T06:45:27.311+0100] {processor.py:839} INFO - DAG(s) dict_keys(['example_setup_teardown_taskflow']) retrieved from /Users/saber/airflow_project/airflow_venv/lib/python3.10/site-packages/airflow/example_dags/example_setup_teardown_taskflow.py
[2025-05-16T06:45:27.354+0100] {logging_mixin.py:154} INFO - [2025-05-16T06:45:27.354+0100] {dag.py:2941} INFO - Sync 1 DAGs
[2025-05-16T06:45:27.358+0100] {logging_mixin.py:154} INFO - [2025-05-16T06:45:27.358+0100] {dag.py:3722} INFO - Setting next_dagrun for example_setup_teardown_taskflow to 2025-05-15T05:45:27.358898+00:00, run_after=2025-05-16T05:45:27.358898+00:00
[2025-05-16T06:45:27.363+0100] {processor.py:179} INFO - Processing /Users/saber/airflow_project/airflow_venv/lib/python3.10/site-packages/airflow/example_dags/example_setup_teardown_taskflow.py took 0.068 seconds
[2025-05-16T06:46:26.910+0100] {processor.py:157} INFO - Started process (PID=9234) to work on /Users/saber/airflow_project/airflow_venv/lib/python3.10/site-packages/airflow/example_dags/example_setup_teardown_taskflow.py
[2025-05-16T06:46:26.910+0100] {processor.py:829} INFO - Processing file /Users/saber/airflow_project/airflow_venv/lib/python3.10/site-packages/airflow/example_dags/example_setup_teardown_taskflow.py for tasks to queue
[2025-05-16T06:46:26.911+0100] {logging_mixin.py:154} INFO - [2025-05-16T06:46:26.910+0100] {dagbag.py:536} INFO - Filling up the DagBag from /Users/saber/airflow_project/airflow_venv/lib/python3.10/site-packages/airflow/example_dags/example_setup_teardown_taskflow.py
[2025-05-16T06:46:26.925+0100] {processor.py:839} INFO - DAG(s) dict_keys(['example_setup_teardown_taskflow']) retrieved from /Users/saber/airflow_project/airflow_venv/lib/python3.10/site-packages/airflow/example_dags/example_setup_teardown_taskflow.py
[2025-05-16T06:46:26.968+0100] {logging_mixin.py:154} INFO - [2025-05-16T06:46:26.968+0100] {dag.py:2941} INFO - Sync 1 DAGs
[2025-05-16T06:46:26.972+0100] {logging_mixin.py:154} INFO - [2025-05-16T06:46:26.972+0100] {dag.py:3722} INFO - Setting next_dagrun for example_setup_teardown_taskflow to 2025-05-15T05:46:26.972430+00:00, run_after=2025-05-16T05:46:26.972430+00:00
[2025-05-16T06:46:26.977+0100] {processor.py:179} INFO - Processing /Users/saber/airflow_project/airflow_venv/lib/python3.10/site-packages/airflow/example_dags/example_setup_teardown_taskflow.py took 0.068 seconds
[2025-05-16T06:47:24.574+0100] {processor.py:157} INFO - Started process (PID=9282) to work on /Users/saber/airflow_project/airflow_venv/lib/python3.10/site-packages/airflow/example_dags/example_setup_teardown_taskflow.py
[2025-05-16T06:47:24.574+0100] {processor.py:829} INFO - Processing file /Users/saber/airflow_project/airflow_venv/lib/python3.10/site-packages/airflow/example_dags/example_setup_teardown_taskflow.py for tasks to queue
[2025-05-16T06:47:24.575+0100] {logging_mixin.py:154} INFO - [2025-05-16T06:47:24.574+0100] {dagbag.py:536} INFO - Filling up the DagBag from /Users/saber/airflow_project/airflow_venv/lib/python3.10/site-packages/airflow/example_dags/example_setup_teardown_taskflow.py
[2025-05-16T06:47:24.589+0100] {processor.py:839} INFO - DAG(s) dict_keys(['example_setup_teardown_taskflow']) retrieved from /Users/saber/airflow_project/airflow_venv/lib/python3.10/site-packages/airflow/example_dags/example_setup_teardown_taskflow.py
[2025-05-16T06:47:24.632+0100] {logging_mixin.py:154} INFO - [2025-05-16T06:47:24.632+0100] {dag.py:2941} INFO - Sync 1 DAGs
[2025-05-16T06:47:24.636+0100] {logging_mixin.py:154} INFO - [2025-05-16T06:47:24.636+0100] {dag.py:3722} INFO - Setting next_dagrun for example_setup_teardown_taskflow to 2025-05-15T05:47:24.636542+00:00, run_after=2025-05-16T05:47:24.636542+00:00
[2025-05-16T06:47:24.641+0100] {processor.py:179} INFO - Processing /Users/saber/airflow_project/airflow_venv/lib/python3.10/site-packages/airflow/example_dags/example_setup_teardown_taskflow.py took 0.068 seconds
[2025-05-16T06:48:20.921+0100] {processor.py:157} INFO - Started process (PID=9331) to work on /Users/saber/airflow_project/airflow_venv/lib/python3.10/site-packages/airflow/example_dags/example_setup_teardown_taskflow.py
[2025-05-16T06:48:20.921+0100] {processor.py:829} INFO - Processing file /Users/saber/airflow_project/airflow_venv/lib/python3.10/site-packages/airflow/example_dags/example_setup_teardown_taskflow.py for tasks to queue
[2025-05-16T06:48:20.921+0100] {logging_mixin.py:154} INFO - [2025-05-16T06:48:20.921+0100] {dagbag.py:536} INFO - Filling up the DagBag from /Users/saber/airflow_project/airflow_venv/lib/python3.10/site-packages/airflow/example_dags/example_setup_teardown_taskflow.py
[2025-05-16T06:48:20.936+0100] {processor.py:839} INFO - DAG(s) dict_keys(['example_setup_teardown_taskflow']) retrieved from /Users/saber/airflow_project/airflow_venv/lib/python3.10/site-packages/airflow/example_dags/example_setup_teardown_taskflow.py
[2025-05-16T06:48:20.978+0100] {logging_mixin.py:154} INFO - [2025-05-16T06:48:20.978+0100] {dag.py:2941} INFO - Sync 1 DAGs
[2025-05-16T06:48:20.983+0100] {logging_mixin.py:154} INFO - [2025-05-16T06:48:20.983+0100] {dag.py:3722} INFO - Setting next_dagrun for example_setup_teardown_taskflow to 2025-05-15T05:48:20.982963+00:00, run_after=2025-05-16T05:48:20.982963+00:00
[2025-05-16T06:48:20.988+0100] {processor.py:179} INFO - Processing /Users/saber/airflow_project/airflow_venv/lib/python3.10/site-packages/airflow/example_dags/example_setup_teardown_taskflow.py took 0.067 seconds
[2025-05-16T06:49:21.654+0100] {processor.py:157} INFO - Started process (PID=9384) to work on /Users/saber/airflow_project/airflow_venv/lib/python3.10/site-packages/airflow/example_dags/example_setup_teardown_taskflow.py
[2025-05-16T06:49:21.654+0100] {processor.py:829} INFO - Processing file /Users/saber/airflow_project/airflow_venv/lib/python3.10/site-packages/airflow/example_dags/example_setup_teardown_taskflow.py for tasks to queue
[2025-05-16T06:49:21.655+0100] {logging_mixin.py:154} INFO - [2025-05-16T06:49:21.655+0100] {dagbag.py:536} INFO - Filling up the DagBag from /Users/saber/airflow_project/airflow_venv/lib/python3.10/site-packages/airflow/example_dags/example_setup_teardown_taskflow.py
[2025-05-16T06:49:21.669+0100] {processor.py:839} INFO - DAG(s) dict_keys(['example_setup_teardown_taskflow']) retrieved from /Users/saber/airflow_project/airflow_venv/lib/python3.10/site-packages/airflow/example_dags/example_setup_teardown_taskflow.py
[2025-05-16T06:49:21.712+0100] {logging_mixin.py:154} INFO - [2025-05-16T06:49:21.712+0100] {dag.py:2941} INFO - Sync 1 DAGs
[2025-05-16T06:49:21.717+0100] {logging_mixin.py:154} INFO - [2025-05-16T06:49:21.717+0100] {dag.py:3722} INFO - Setting next_dagrun for example_setup_teardown_taskflow to 2025-05-15T05:49:21.716973+00:00, run_after=2025-05-16T05:49:21.716973+00:00
[2025-05-16T06:49:21.722+0100] {processor.py:179} INFO - Processing /Users/saber/airflow_project/airflow_venv/lib/python3.10/site-packages/airflow/example_dags/example_setup_teardown_taskflow.py took 0.068 seconds
[2025-05-16T06:50:20.853+0100] {processor.py:157} INFO - Started process (PID=9437) to work on /Users/saber/airflow_project/airflow_venv/lib/python3.10/site-packages/airflow/example_dags/example_setup_teardown_taskflow.py
[2025-05-16T06:50:20.853+0100] {processor.py:829} INFO - Processing file /Users/saber/airflow_project/airflow_venv/lib/python3.10/site-packages/airflow/example_dags/example_setup_teardown_taskflow.py for tasks to queue
[2025-05-16T06:50:20.854+0100] {logging_mixin.py:154} INFO - [2025-05-16T06:50:20.854+0100] {dagbag.py:536} INFO - Filling up the DagBag from /Users/saber/airflow_project/airflow_venv/lib/python3.10/site-packages/airflow/example_dags/example_setup_teardown_taskflow.py
[2025-05-16T06:50:20.870+0100] {processor.py:839} INFO - DAG(s) dict_keys(['example_setup_teardown_taskflow']) retrieved from /Users/saber/airflow_project/airflow_venv/lib/python3.10/site-packages/airflow/example_dags/example_setup_teardown_taskflow.py
[2025-05-16T06:50:20.915+0100] {logging_mixin.py:154} INFO - [2025-05-16T06:50:20.915+0100] {dag.py:2941} INFO - Sync 1 DAGs
[2025-05-16T06:50:20.920+0100] {logging_mixin.py:154} INFO - [2025-05-16T06:50:20.920+0100] {dag.py:3722} INFO - Setting next_dagrun for example_setup_teardown_taskflow to 2025-05-15T05:50:20.920169+00:00, run_after=2025-05-16T05:50:20.920169+00:00
[2025-05-16T06:50:20.925+0100] {processor.py:179} INFO - Processing /Users/saber/airflow_project/airflow_venv/lib/python3.10/site-packages/airflow/example_dags/example_setup_teardown_taskflow.py took 0.072 seconds
[2025-05-16T06:51:18.400+0100] {processor.py:157} INFO - Started process (PID=9490) to work on /Users/saber/airflow_project/airflow_venv/lib/python3.10/site-packages/airflow/example_dags/example_setup_teardown_taskflow.py
[2025-05-16T06:51:18.400+0100] {processor.py:829} INFO - Processing file /Users/saber/airflow_project/airflow_venv/lib/python3.10/site-packages/airflow/example_dags/example_setup_teardown_taskflow.py for tasks to queue
[2025-05-16T06:51:18.401+0100] {logging_mixin.py:154} INFO - [2025-05-16T06:51:18.401+0100] {dagbag.py:536} INFO - Filling up the DagBag from /Users/saber/airflow_project/airflow_venv/lib/python3.10/site-packages/airflow/example_dags/example_setup_teardown_taskflow.py
[2025-05-16T06:51:18.416+0100] {processor.py:839} INFO - DAG(s) dict_keys(['example_setup_teardown_taskflow']) retrieved from /Users/saber/airflow_project/airflow_venv/lib/python3.10/site-packages/airflow/example_dags/example_setup_teardown_taskflow.py
[2025-05-16T06:51:18.458+0100] {logging_mixin.py:154} INFO - [2025-05-16T06:51:18.458+0100] {dag.py:2941} INFO - Sync 1 DAGs
[2025-05-16T06:51:18.463+0100] {logging_mixin.py:154} INFO - [2025-05-16T06:51:18.463+0100] {dag.py:3722} INFO - Setting next_dagrun for example_setup_teardown_taskflow to 2025-05-15T05:51:18.463061+00:00, run_after=2025-05-16T05:51:18.463061+00:00
[2025-05-16T06:51:18.468+0100] {processor.py:179} INFO - Processing /Users/saber/airflow_project/airflow_venv/lib/python3.10/site-packages/airflow/example_dags/example_setup_teardown_taskflow.py took 0.068 seconds
