[2025-05-16T06:38:01.856+0100] {processor.py:157} INFO - Started process (PID=8761) to work on /Users/saber/airflow_project/airflow_venv/lib/python3.10/site-packages/airflow/example_dags/example_dynamic_task_mapping.py
[2025-05-16T06:38:01.856+0100] {processor.py:829} INFO - Processing file /Users/saber/airflow_project/airflow_venv/lib/python3.10/site-packages/airflow/example_dags/example_dynamic_task_mapping.py for tasks to queue
[2025-05-16T06:38:01.857+0100] {logging_mixin.py:154} INFO - [2025-05-16T06:38:01.857+0100] {dagbag.py:536} INFO - Filling up the DagBag from /Users/saber/airflow_project/airflow_venv/lib/python3.10/site-packages/airflow/example_dags/example_dynamic_task_mapping.py
[2025-05-16T06:38:01.870+0100] {processor.py:839} INFO - DAG(s) dict_keys(['example_dynamic_task_mapping']) retrieved from /Users/saber/airflow_project/airflow_venv/lib/python3.10/site-packages/airflow/example_dags/example_dynamic_task_mapping.py
[2025-05-16T06:38:02.020+0100] {logging_mixin.py:154} INFO - [2025-05-16T06:38:02.020+0100] {manager.py:499} INFO - Created Permission View: %s
[2025-05-16T06:38:02.022+0100] {logging_mixin.py:154} INFO - [2025-05-16T06:38:02.022+0100] {manager.py:499} INFO - Created Permission View: %s
[2025-05-16T06:38:02.024+0100] {logging_mixin.py:154} INFO - [2025-05-16T06:38:02.024+0100] {manager.py:499} INFO - Created Permission View: %s
[2025-05-16T06:38:02.024+0100] {logging_mixin.py:154} INFO - [2025-05-16T06:38:02.024+0100] {dag.py:2941} INFO - Sync 1 DAGs
[2025-05-16T06:38:02.026+0100] {logging_mixin.py:154} INFO - [2025-05-16T06:38:02.026+0100] {dag.py:2963} INFO - Creating ORM DAG for example_dynamic_task_mapping
[2025-05-16T06:38:02.028+0100] {logging_mixin.py:154} INFO - [2025-05-16T06:38:02.028+0100] {dag.py:3722} INFO - Setting next_dagrun for example_dynamic_task_mapping to 2022-03-04T00:00:00+00:00, run_after=2022-03-05T00:00:00+00:00
[2025-05-16T06:38:02.032+0100] {processor.py:179} INFO - Processing /Users/saber/airflow_project/airflow_venv/lib/python3.10/site-packages/airflow/example_dags/example_dynamic_task_mapping.py took 0.176 seconds
[2025-05-16T06:39:00.751+0100] {processor.py:157} INFO - Started process (PID=8816) to work on /Users/saber/airflow_project/airflow_venv/lib/python3.10/site-packages/airflow/example_dags/example_dynamic_task_mapping.py
[2025-05-16T06:39:00.751+0100] {processor.py:829} INFO - Processing file /Users/saber/airflow_project/airflow_venv/lib/python3.10/site-packages/airflow/example_dags/example_dynamic_task_mapping.py for tasks to queue
[2025-05-16T06:39:00.752+0100] {logging_mixin.py:154} INFO - [2025-05-16T06:39:00.751+0100] {dagbag.py:536} INFO - Filling up the DagBag from /Users/saber/airflow_project/airflow_venv/lib/python3.10/site-packages/airflow/example_dags/example_dynamic_task_mapping.py
[2025-05-16T06:39:00.765+0100] {processor.py:839} INFO - DAG(s) dict_keys(['example_dynamic_task_mapping']) retrieved from /Users/saber/airflow_project/airflow_venv/lib/python3.10/site-packages/airflow/example_dags/example_dynamic_task_mapping.py
[2025-05-16T06:39:00.807+0100] {logging_mixin.py:154} INFO - [2025-05-16T06:39:00.807+0100] {dag.py:2941} INFO - Sync 1 DAGs
[2025-05-16T06:39:00.811+0100] {logging_mixin.py:154} INFO - [2025-05-16T06:39:00.811+0100] {dag.py:3722} INFO - Setting next_dagrun for example_dynamic_task_mapping to 2022-03-04T00:00:00+00:00, run_after=2022-03-05T00:00:00+00:00
[2025-05-16T06:39:00.816+0100] {processor.py:179} INFO - Processing /Users/saber/airflow_project/airflow_venv/lib/python3.10/site-packages/airflow/example_dags/example_dynamic_task_mapping.py took 0.065 seconds
[2025-05-16T06:39:57.367+0100] {processor.py:157} INFO - Started process (PID=8879) to work on /Users/saber/airflow_project/airflow_venv/lib/python3.10/site-packages/airflow/example_dags/example_dynamic_task_mapping.py
[2025-05-16T06:39:57.367+0100] {processor.py:829} INFO - Processing file /Users/saber/airflow_project/airflow_venv/lib/python3.10/site-packages/airflow/example_dags/example_dynamic_task_mapping.py for tasks to queue
[2025-05-16T06:39:57.368+0100] {logging_mixin.py:154} INFO - [2025-05-16T06:39:57.368+0100] {dagbag.py:536} INFO - Filling up the DagBag from /Users/saber/airflow_project/airflow_venv/lib/python3.10/site-packages/airflow/example_dags/example_dynamic_task_mapping.py
[2025-05-16T06:39:57.382+0100] {processor.py:839} INFO - DAG(s) dict_keys(['example_dynamic_task_mapping']) retrieved from /Users/saber/airflow_project/airflow_venv/lib/python3.10/site-packages/airflow/example_dags/example_dynamic_task_mapping.py
[2025-05-16T06:39:57.429+0100] {logging_mixin.py:154} INFO - [2025-05-16T06:39:57.429+0100] {dag.py:2941} INFO - Sync 1 DAGs
[2025-05-16T06:39:57.434+0100] {logging_mixin.py:154} INFO - [2025-05-16T06:39:57.434+0100] {dag.py:3722} INFO - Setting next_dagrun for example_dynamic_task_mapping to 2022-03-04T00:00:00+00:00, run_after=2022-03-05T00:00:00+00:00
[2025-05-16T06:39:57.439+0100] {processor.py:179} INFO - Processing /Users/saber/airflow_project/airflow_venv/lib/python3.10/site-packages/airflow/example_dags/example_dynamic_task_mapping.py took 0.073 seconds
[2025-05-16T06:40:57.837+0100] {processor.py:157} INFO - Started process (PID=8929) to work on /Users/saber/airflow_project/airflow_venv/lib/python3.10/site-packages/airflow/example_dags/example_dynamic_task_mapping.py
[2025-05-16T06:40:57.837+0100] {processor.py:829} INFO - Processing file /Users/saber/airflow_project/airflow_venv/lib/python3.10/site-packages/airflow/example_dags/example_dynamic_task_mapping.py for tasks to queue
[2025-05-16T06:40:57.838+0100] {logging_mixin.py:154} INFO - [2025-05-16T06:40:57.838+0100] {dagbag.py:536} INFO - Filling up the DagBag from /Users/saber/airflow_project/airflow_venv/lib/python3.10/site-packages/airflow/example_dags/example_dynamic_task_mapping.py
[2025-05-16T06:40:57.851+0100] {processor.py:839} INFO - DAG(s) dict_keys(['example_dynamic_task_mapping']) retrieved from /Users/saber/airflow_project/airflow_venv/lib/python3.10/site-packages/airflow/example_dags/example_dynamic_task_mapping.py
[2025-05-16T06:40:57.894+0100] {logging_mixin.py:154} INFO - [2025-05-16T06:40:57.894+0100] {dag.py:2941} INFO - Sync 1 DAGs
[2025-05-16T06:40:57.898+0100] {logging_mixin.py:154} INFO - [2025-05-16T06:40:57.898+0100] {dag.py:3722} INFO - Setting next_dagrun for example_dynamic_task_mapping to 2022-03-04T00:00:00+00:00, run_after=2022-03-05T00:00:00+00:00
[2025-05-16T06:40:57.903+0100] {processor.py:179} INFO - Processing /Users/saber/airflow_project/airflow_venv/lib/python3.10/site-packages/airflow/example_dags/example_dynamic_task_mapping.py took 0.066 seconds
[2025-05-16T06:41:57.643+0100] {processor.py:157} INFO - Started process (PID=8982) to work on /Users/saber/airflow_project/airflow_venv/lib/python3.10/site-packages/airflow/example_dags/example_dynamic_task_mapping.py
[2025-05-16T06:41:57.643+0100] {processor.py:829} INFO - Processing file /Users/saber/airflow_project/airflow_venv/lib/python3.10/site-packages/airflow/example_dags/example_dynamic_task_mapping.py for tasks to queue
[2025-05-16T06:41:57.644+0100] {logging_mixin.py:154} INFO - [2025-05-16T06:41:57.644+0100] {dagbag.py:536} INFO - Filling up the DagBag from /Users/saber/airflow_project/airflow_venv/lib/python3.10/site-packages/airflow/example_dags/example_dynamic_task_mapping.py
[2025-05-16T06:41:57.659+0100] {processor.py:839} INFO - DAG(s) dict_keys(['example_dynamic_task_mapping']) retrieved from /Users/saber/airflow_project/airflow_venv/lib/python3.10/site-packages/airflow/example_dags/example_dynamic_task_mapping.py
[2025-05-16T06:41:57.705+0100] {logging_mixin.py:154} INFO - [2025-05-16T06:41:57.705+0100] {dag.py:2941} INFO - Sync 1 DAGs
[2025-05-16T06:41:57.709+0100] {logging_mixin.py:154} INFO - [2025-05-16T06:41:57.709+0100] {dag.py:3722} INFO - Setting next_dagrun for example_dynamic_task_mapping to 2022-03-04T00:00:00+00:00, run_after=2022-03-05T00:00:00+00:00
[2025-05-16T06:41:57.714+0100] {processor.py:179} INFO - Processing /Users/saber/airflow_project/airflow_venv/lib/python3.10/site-packages/airflow/example_dags/example_dynamic_task_mapping.py took 0.071 seconds
[2025-05-16T06:42:55.474+0100] {processor.py:157} INFO - Started process (PID=9030) to work on /Users/saber/airflow_project/airflow_venv/lib/python3.10/site-packages/airflow/example_dags/example_dynamic_task_mapping.py
[2025-05-16T06:42:55.474+0100] {processor.py:829} INFO - Processing file /Users/saber/airflow_project/airflow_venv/lib/python3.10/site-packages/airflow/example_dags/example_dynamic_task_mapping.py for tasks to queue
[2025-05-16T06:42:55.475+0100] {logging_mixin.py:154} INFO - [2025-05-16T06:42:55.475+0100] {dagbag.py:536} INFO - Filling up the DagBag from /Users/saber/airflow_project/airflow_venv/lib/python3.10/site-packages/airflow/example_dags/example_dynamic_task_mapping.py
[2025-05-16T06:42:55.488+0100] {processor.py:839} INFO - DAG(s) dict_keys(['example_dynamic_task_mapping']) retrieved from /Users/saber/airflow_project/airflow_venv/lib/python3.10/site-packages/airflow/example_dags/example_dynamic_task_mapping.py
[2025-05-16T06:42:55.530+0100] {logging_mixin.py:154} INFO - [2025-05-16T06:42:55.530+0100] {dag.py:2941} INFO - Sync 1 DAGs
[2025-05-16T06:42:55.535+0100] {logging_mixin.py:154} INFO - [2025-05-16T06:42:55.535+0100] {dag.py:3722} INFO - Setting next_dagrun for example_dynamic_task_mapping to 2022-03-04T00:00:00+00:00, run_after=2022-03-05T00:00:00+00:00
[2025-05-16T06:42:55.539+0100] {processor.py:179} INFO - Processing /Users/saber/airflow_project/airflow_venv/lib/python3.10/site-packages/airflow/example_dags/example_dynamic_task_mapping.py took 0.066 seconds
[2025-05-16T06:43:51.649+0100] {processor.py:157} INFO - Started process (PID=9077) to work on /Users/saber/airflow_project/airflow_venv/lib/python3.10/site-packages/airflow/example_dags/example_dynamic_task_mapping.py
[2025-05-16T06:43:51.649+0100] {processor.py:829} INFO - Processing file /Users/saber/airflow_project/airflow_venv/lib/python3.10/site-packages/airflow/example_dags/example_dynamic_task_mapping.py for tasks to queue
[2025-05-16T06:43:51.650+0100] {logging_mixin.py:154} INFO - [2025-05-16T06:43:51.650+0100] {dagbag.py:536} INFO - Filling up the DagBag from /Users/saber/airflow_project/airflow_venv/lib/python3.10/site-packages/airflow/example_dags/example_dynamic_task_mapping.py
[2025-05-16T06:43:51.665+0100] {processor.py:839} INFO - DAG(s) dict_keys(['example_dynamic_task_mapping']) retrieved from /Users/saber/airflow_project/airflow_venv/lib/python3.10/site-packages/airflow/example_dags/example_dynamic_task_mapping.py
[2025-05-16T06:43:51.710+0100] {logging_mixin.py:154} INFO - [2025-05-16T06:43:51.710+0100] {dag.py:2941} INFO - Sync 1 DAGs
[2025-05-16T06:43:51.714+0100] {logging_mixin.py:154} INFO - [2025-05-16T06:43:51.714+0100] {dag.py:3722} INFO - Setting next_dagrun for example_dynamic_task_mapping to 2022-03-04T00:00:00+00:00, run_after=2022-03-05T00:00:00+00:00
[2025-05-16T06:43:51.719+0100] {processor.py:179} INFO - Processing /Users/saber/airflow_project/airflow_venv/lib/python3.10/site-packages/airflow/example_dags/example_dynamic_task_mapping.py took 0.071 seconds
[2025-05-16T06:44:48.844+0100] {processor.py:157} INFO - Started process (PID=9134) to work on /Users/saber/airflow_project/airflow_venv/lib/python3.10/site-packages/airflow/example_dags/example_dynamic_task_mapping.py
[2025-05-16T06:44:48.844+0100] {processor.py:829} INFO - Processing file /Users/saber/airflow_project/airflow_venv/lib/python3.10/site-packages/airflow/example_dags/example_dynamic_task_mapping.py for tasks to queue
[2025-05-16T06:44:48.845+0100] {logging_mixin.py:154} INFO - [2025-05-16T06:44:48.845+0100] {dagbag.py:536} INFO - Filling up the DagBag from /Users/saber/airflow_project/airflow_venv/lib/python3.10/site-packages/airflow/example_dags/example_dynamic_task_mapping.py
[2025-05-16T06:44:48.859+0100] {processor.py:839} INFO - DAG(s) dict_keys(['example_dynamic_task_mapping']) retrieved from /Users/saber/airflow_project/airflow_venv/lib/python3.10/site-packages/airflow/example_dags/example_dynamic_task_mapping.py
[2025-05-16T06:44:48.901+0100] {logging_mixin.py:154} INFO - [2025-05-16T06:44:48.901+0100] {dag.py:2941} INFO - Sync 1 DAGs
[2025-05-16T06:44:48.905+0100] {logging_mixin.py:154} INFO - [2025-05-16T06:44:48.905+0100] {dag.py:3722} INFO - Setting next_dagrun for example_dynamic_task_mapping to 2022-03-04T00:00:00+00:00, run_after=2022-03-05T00:00:00+00:00
[2025-05-16T06:44:48.910+0100] {processor.py:179} INFO - Processing /Users/saber/airflow_project/airflow_venv/lib/python3.10/site-packages/airflow/example_dags/example_dynamic_task_mapping.py took 0.066 seconds
[2025-05-16T06:45:46.676+0100] {processor.py:157} INFO - Started process (PID=9201) to work on /Users/saber/airflow_project/airflow_venv/lib/python3.10/site-packages/airflow/example_dags/example_dynamic_task_mapping.py
[2025-05-16T06:45:46.677+0100] {processor.py:829} INFO - Processing file /Users/saber/airflow_project/airflow_venv/lib/python3.10/site-packages/airflow/example_dags/example_dynamic_task_mapping.py for tasks to queue
[2025-05-16T06:45:46.677+0100] {logging_mixin.py:154} INFO - [2025-05-16T06:45:46.677+0100] {dagbag.py:536} INFO - Filling up the DagBag from /Users/saber/airflow_project/airflow_venv/lib/python3.10/site-packages/airflow/example_dags/example_dynamic_task_mapping.py
[2025-05-16T06:45:46.691+0100] {processor.py:839} INFO - DAG(s) dict_keys(['example_dynamic_task_mapping']) retrieved from /Users/saber/airflow_project/airflow_venv/lib/python3.10/site-packages/airflow/example_dags/example_dynamic_task_mapping.py
[2025-05-16T06:45:46.733+0100] {logging_mixin.py:154} INFO - [2025-05-16T06:45:46.733+0100] {dag.py:2941} INFO - Sync 1 DAGs
[2025-05-16T06:45:46.737+0100] {logging_mixin.py:154} INFO - [2025-05-16T06:45:46.737+0100] {dag.py:3722} INFO - Setting next_dagrun for example_dynamic_task_mapping to 2022-03-04T00:00:00+00:00, run_after=2022-03-05T00:00:00+00:00
[2025-05-16T06:45:46.743+0100] {processor.py:179} INFO - Processing /Users/saber/airflow_project/airflow_venv/lib/python3.10/site-packages/airflow/example_dags/example_dynamic_task_mapping.py took 0.067 seconds
[2025-05-16T06:46:46.016+0100] {processor.py:157} INFO - Started process (PID=9251) to work on /Users/saber/airflow_project/airflow_venv/lib/python3.10/site-packages/airflow/example_dags/example_dynamic_task_mapping.py
[2025-05-16T06:46:46.017+0100] {processor.py:829} INFO - Processing file /Users/saber/airflow_project/airflow_venv/lib/python3.10/site-packages/airflow/example_dags/example_dynamic_task_mapping.py for tasks to queue
[2025-05-16T06:46:46.017+0100] {logging_mixin.py:154} INFO - [2025-05-16T06:46:46.017+0100] {dagbag.py:536} INFO - Filling up the DagBag from /Users/saber/airflow_project/airflow_venv/lib/python3.10/site-packages/airflow/example_dags/example_dynamic_task_mapping.py
[2025-05-16T06:46:46.031+0100] {processor.py:839} INFO - DAG(s) dict_keys(['example_dynamic_task_mapping']) retrieved from /Users/saber/airflow_project/airflow_venv/lib/python3.10/site-packages/airflow/example_dags/example_dynamic_task_mapping.py
[2025-05-16T06:46:46.073+0100] {logging_mixin.py:154} INFO - [2025-05-16T06:46:46.073+0100] {dag.py:2941} INFO - Sync 1 DAGs
[2025-05-16T06:46:46.077+0100] {logging_mixin.py:154} INFO - [2025-05-16T06:46:46.077+0100] {dag.py:3722} INFO - Setting next_dagrun for example_dynamic_task_mapping to 2022-03-04T00:00:00+00:00, run_after=2022-03-05T00:00:00+00:00
[2025-05-16T06:46:46.082+0100] {processor.py:179} INFO - Processing /Users/saber/airflow_project/airflow_venv/lib/python3.10/site-packages/airflow/example_dags/example_dynamic_task_mapping.py took 0.066 seconds
[2025-05-16T06:47:44.012+0100] {processor.py:157} INFO - Started process (PID=9300) to work on /Users/saber/airflow_project/airflow_venv/lib/python3.10/site-packages/airflow/example_dags/example_dynamic_task_mapping.py
[2025-05-16T06:47:44.012+0100] {processor.py:829} INFO - Processing file /Users/saber/airflow_project/airflow_venv/lib/python3.10/site-packages/airflow/example_dags/example_dynamic_task_mapping.py for tasks to queue
[2025-05-16T06:47:44.012+0100] {logging_mixin.py:154} INFO - [2025-05-16T06:47:44.012+0100] {dagbag.py:536} INFO - Filling up the DagBag from /Users/saber/airflow_project/airflow_venv/lib/python3.10/site-packages/airflow/example_dags/example_dynamic_task_mapping.py
[2025-05-16T06:47:44.026+0100] {processor.py:839} INFO - DAG(s) dict_keys(['example_dynamic_task_mapping']) retrieved from /Users/saber/airflow_project/airflow_venv/lib/python3.10/site-packages/airflow/example_dags/example_dynamic_task_mapping.py
[2025-05-16T06:47:44.068+0100] {logging_mixin.py:154} INFO - [2025-05-16T06:47:44.068+0100] {dag.py:2941} INFO - Sync 1 DAGs
[2025-05-16T06:47:44.072+0100] {logging_mixin.py:154} INFO - [2025-05-16T06:47:44.072+0100] {dag.py:3722} INFO - Setting next_dagrun for example_dynamic_task_mapping to 2022-03-04T00:00:00+00:00, run_after=2022-03-05T00:00:00+00:00
[2025-05-16T06:47:44.077+0100] {processor.py:179} INFO - Processing /Users/saber/airflow_project/airflow_venv/lib/python3.10/site-packages/airflow/example_dags/example_dynamic_task_mapping.py took 0.066 seconds
[2025-05-16T06:48:41.314+0100] {processor.py:157} INFO - Started process (PID=9349) to work on /Users/saber/airflow_project/airflow_venv/lib/python3.10/site-packages/airflow/example_dags/example_dynamic_task_mapping.py
[2025-05-16T06:48:41.315+0100] {processor.py:829} INFO - Processing file /Users/saber/airflow_project/airflow_venv/lib/python3.10/site-packages/airflow/example_dags/example_dynamic_task_mapping.py for tasks to queue
[2025-05-16T06:48:41.315+0100] {logging_mixin.py:154} INFO - [2025-05-16T06:48:41.315+0100] {dagbag.py:536} INFO - Filling up the DagBag from /Users/saber/airflow_project/airflow_venv/lib/python3.10/site-packages/airflow/example_dags/example_dynamic_task_mapping.py
[2025-05-16T06:48:41.329+0100] {processor.py:839} INFO - DAG(s) dict_keys(['example_dynamic_task_mapping']) retrieved from /Users/saber/airflow_project/airflow_venv/lib/python3.10/site-packages/airflow/example_dags/example_dynamic_task_mapping.py
[2025-05-16T06:48:41.371+0100] {logging_mixin.py:154} INFO - [2025-05-16T06:48:41.371+0100] {dag.py:2941} INFO - Sync 1 DAGs
[2025-05-16T06:48:41.375+0100] {logging_mixin.py:154} INFO - [2025-05-16T06:48:41.375+0100] {dag.py:3722} INFO - Setting next_dagrun for example_dynamic_task_mapping to 2022-03-04T00:00:00+00:00, run_after=2022-03-05T00:00:00+00:00
[2025-05-16T06:48:41.380+0100] {processor.py:179} INFO - Processing /Users/saber/airflow_project/airflow_venv/lib/python3.10/site-packages/airflow/example_dags/example_dynamic_task_mapping.py took 0.066 seconds
[2025-05-16T06:49:40.488+0100] {processor.py:157} INFO - Started process (PID=9400) to work on /Users/saber/airflow_project/airflow_venv/lib/python3.10/site-packages/airflow/example_dags/example_dynamic_task_mapping.py
[2025-05-16T06:49:40.488+0100] {processor.py:829} INFO - Processing file /Users/saber/airflow_project/airflow_venv/lib/python3.10/site-packages/airflow/example_dags/example_dynamic_task_mapping.py for tasks to queue
[2025-05-16T06:49:40.488+0100] {logging_mixin.py:154} INFO - [2025-05-16T06:49:40.488+0100] {dagbag.py:536} INFO - Filling up the DagBag from /Users/saber/airflow_project/airflow_venv/lib/python3.10/site-packages/airflow/example_dags/example_dynamic_task_mapping.py
[2025-05-16T06:49:40.502+0100] {processor.py:839} INFO - DAG(s) dict_keys(['example_dynamic_task_mapping']) retrieved from /Users/saber/airflow_project/airflow_venv/lib/python3.10/site-packages/airflow/example_dags/example_dynamic_task_mapping.py
[2025-05-16T06:49:40.545+0100] {logging_mixin.py:154} INFO - [2025-05-16T06:49:40.545+0100] {dag.py:2941} INFO - Sync 1 DAGs
[2025-05-16T06:49:40.549+0100] {logging_mixin.py:154} INFO - [2025-05-16T06:49:40.549+0100] {dag.py:3722} INFO - Setting next_dagrun for example_dynamic_task_mapping to 2022-03-04T00:00:00+00:00, run_after=2022-03-05T00:00:00+00:00
[2025-05-16T06:49:40.554+0100] {processor.py:179} INFO - Processing /Users/saber/airflow_project/airflow_venv/lib/python3.10/site-packages/airflow/example_dags/example_dynamic_task_mapping.py took 0.067 seconds
[2025-05-16T06:50:39.789+0100] {processor.py:157} INFO - Started process (PID=9457) to work on /Users/saber/airflow_project/airflow_venv/lib/python3.10/site-packages/airflow/example_dags/example_dynamic_task_mapping.py
[2025-05-16T06:50:39.789+0100] {processor.py:829} INFO - Processing file /Users/saber/airflow_project/airflow_venv/lib/python3.10/site-packages/airflow/example_dags/example_dynamic_task_mapping.py for tasks to queue
[2025-05-16T06:50:39.790+0100] {logging_mixin.py:154} INFO - [2025-05-16T06:50:39.790+0100] {dagbag.py:536} INFO - Filling up the DagBag from /Users/saber/airflow_project/airflow_venv/lib/python3.10/site-packages/airflow/example_dags/example_dynamic_task_mapping.py
[2025-05-16T06:50:39.804+0100] {processor.py:839} INFO - DAG(s) dict_keys(['example_dynamic_task_mapping']) retrieved from /Users/saber/airflow_project/airflow_venv/lib/python3.10/site-packages/airflow/example_dags/example_dynamic_task_mapping.py
[2025-05-16T06:50:39.846+0100] {logging_mixin.py:154} INFO - [2025-05-16T06:50:39.846+0100] {dag.py:2941} INFO - Sync 1 DAGs
[2025-05-16T06:50:39.850+0100] {logging_mixin.py:154} INFO - [2025-05-16T06:50:39.850+0100] {dag.py:3722} INFO - Setting next_dagrun for example_dynamic_task_mapping to 2022-03-04T00:00:00+00:00, run_after=2022-03-05T00:00:00+00:00
[2025-05-16T06:50:39.855+0100] {processor.py:179} INFO - Processing /Users/saber/airflow_project/airflow_venv/lib/python3.10/site-packages/airflow/example_dags/example_dynamic_task_mapping.py took 0.067 seconds
