[2025-05-16T06:37:55.689+0100] {processor.py:157} INFO - Started process (PID=8755) to work on /Users/saber/airflow_project/airflow_venv/lib/python3.10/site-packages/airflow/example_dags/example_latest_only_with_trigger.py
[2025-05-16T06:37:55.690+0100] {processor.py:829} INFO - Processing file /Users/saber/airflow_project/airflow_venv/lib/python3.10/site-packages/airflow/example_dags/example_latest_only_with_trigger.py for tasks to queue
[2025-05-16T06:37:55.690+0100] {logging_mixin.py:154} INFO - [2025-05-16T06:37:55.690+0100] {dagbag.py:536} INFO - Filling up the DagBag from /Users/saber/airflow_project/airflow_venv/lib/python3.10/site-packages/airflow/example_dags/example_latest_only_with_trigger.py
[2025-05-16T06:37:55.697+0100] {processor.py:839} INFO - DAG(s) dict_keys(['latest_only_with_trigger']) retrieved from /Users/saber/airflow_project/airflow_venv/lib/python3.10/site-packages/airflow/example_dags/example_latest_only_with_trigger.py
[2025-05-16T06:37:55.848+0100] {logging_mixin.py:154} INFO - [2025-05-16T06:37:55.848+0100] {manager.py:499} INFO - Created Permission View: %s
[2025-05-16T06:37:55.850+0100] {logging_mixin.py:154} INFO - [2025-05-16T06:37:55.850+0100] {manager.py:499} INFO - Created Permission View: %s
[2025-05-16T06:37:55.851+0100] {logging_mixin.py:154} INFO - [2025-05-16T06:37:55.851+0100] {manager.py:499} INFO - Created Permission View: %s
[2025-05-16T06:37:55.851+0100] {logging_mixin.py:154} INFO - [2025-05-16T06:37:55.851+0100] {dag.py:2941} INFO - Sync 1 DAGs
[2025-05-16T06:37:55.854+0100] {logging_mixin.py:154} INFO - [2025-05-16T06:37:55.854+0100] {dag.py:2963} INFO - Creating ORM DAG for latest_only_with_trigger
[2025-05-16T06:37:55.856+0100] {logging_mixin.py:154} INFO - [2025-05-16T06:37:55.856+0100] {dag.py:3722} INFO - Setting next_dagrun for latest_only_with_trigger to 2025-05-16T01:37:55.856011+00:00, run_after=2025-05-16T05:37:55.856011+00:00
[2025-05-16T06:37:55.860+0100] {processor.py:179} INFO - Processing /Users/saber/airflow_project/airflow_venv/lib/python3.10/site-packages/airflow/example_dags/example_latest_only_with_trigger.py took 0.171 seconds
[2025-05-16T06:38:55.143+0100] {processor.py:157} INFO - Started process (PID=8811) to work on /Users/saber/airflow_project/airflow_venv/lib/python3.10/site-packages/airflow/example_dags/example_latest_only_with_trigger.py
[2025-05-16T06:38:55.143+0100] {processor.py:829} INFO - Processing file /Users/saber/airflow_project/airflow_venv/lib/python3.10/site-packages/airflow/example_dags/example_latest_only_with_trigger.py for tasks to queue
[2025-05-16T06:38:55.144+0100] {logging_mixin.py:154} INFO - [2025-05-16T06:38:55.144+0100] {dagbag.py:536} INFO - Filling up the DagBag from /Users/saber/airflow_project/airflow_venv/lib/python3.10/site-packages/airflow/example_dags/example_latest_only_with_trigger.py
[2025-05-16T06:38:55.151+0100] {processor.py:839} INFO - DAG(s) dict_keys(['latest_only_with_trigger']) retrieved from /Users/saber/airflow_project/airflow_venv/lib/python3.10/site-packages/airflow/example_dags/example_latest_only_with_trigger.py
[2025-05-16T06:38:55.194+0100] {logging_mixin.py:154} INFO - [2025-05-16T06:38:55.194+0100] {dag.py:2941} INFO - Sync 1 DAGs
[2025-05-16T06:38:55.198+0100] {logging_mixin.py:154} INFO - [2025-05-16T06:38:55.198+0100] {dag.py:3722} INFO - Setting next_dagrun for latest_only_with_trigger to 2025-05-16T01:38:55.198650+00:00, run_after=2025-05-16T05:38:55.198650+00:00
[2025-05-16T06:38:55.203+0100] {processor.py:179} INFO - Processing /Users/saber/airflow_project/airflow_venv/lib/python3.10/site-packages/airflow/example_dags/example_latest_only_with_trigger.py took 0.060 seconds
[2025-05-16T06:39:50.377+0100] {processor.py:157} INFO - Started process (PID=8871) to work on /Users/saber/airflow_project/airflow_venv/lib/python3.10/site-packages/airflow/example_dags/example_latest_only_with_trigger.py
[2025-05-16T06:39:50.378+0100] {processor.py:829} INFO - Processing file /Users/saber/airflow_project/airflow_venv/lib/python3.10/site-packages/airflow/example_dags/example_latest_only_with_trigger.py for tasks to queue
[2025-05-16T06:39:50.378+0100] {logging_mixin.py:154} INFO - [2025-05-16T06:39:50.378+0100] {dagbag.py:536} INFO - Filling up the DagBag from /Users/saber/airflow_project/airflow_venv/lib/python3.10/site-packages/airflow/example_dags/example_latest_only_with_trigger.py
[2025-05-16T06:39:50.385+0100] {processor.py:839} INFO - DAG(s) dict_keys(['latest_only_with_trigger']) retrieved from /Users/saber/airflow_project/airflow_venv/lib/python3.10/site-packages/airflow/example_dags/example_latest_only_with_trigger.py
[2025-05-16T06:39:50.430+0100] {logging_mixin.py:154} INFO - [2025-05-16T06:39:50.430+0100] {dag.py:2941} INFO - Sync 1 DAGs
[2025-05-16T06:39:50.434+0100] {logging_mixin.py:154} INFO - [2025-05-16T06:39:50.434+0100] {dag.py:3722} INFO - Setting next_dagrun for latest_only_with_trigger to 2025-05-16T01:39:50.434860+00:00, run_after=2025-05-16T05:39:50.434860+00:00
[2025-05-16T06:39:50.439+0100] {processor.py:179} INFO - Processing /Users/saber/airflow_project/airflow_venv/lib/python3.10/site-packages/airflow/example_dags/example_latest_only_with_trigger.py took 0.062 seconds
[2025-05-16T06:40:51.001+0100] {processor.py:157} INFO - Started process (PID=8924) to work on /Users/saber/airflow_project/airflow_venv/lib/python3.10/site-packages/airflow/example_dags/example_latest_only_with_trigger.py
[2025-05-16T06:40:51.001+0100] {processor.py:829} INFO - Processing file /Users/saber/airflow_project/airflow_venv/lib/python3.10/site-packages/airflow/example_dags/example_latest_only_with_trigger.py for tasks to queue
[2025-05-16T06:40:51.002+0100] {logging_mixin.py:154} INFO - [2025-05-16T06:40:51.002+0100] {dagbag.py:536} INFO - Filling up the DagBag from /Users/saber/airflow_project/airflow_venv/lib/python3.10/site-packages/airflow/example_dags/example_latest_only_with_trigger.py
[2025-05-16T06:40:51.009+0100] {processor.py:839} INFO - DAG(s) dict_keys(['latest_only_with_trigger']) retrieved from /Users/saber/airflow_project/airflow_venv/lib/python3.10/site-packages/airflow/example_dags/example_latest_only_with_trigger.py
[2025-05-16T06:40:51.053+0100] {logging_mixin.py:154} INFO - [2025-05-16T06:40:51.053+0100] {dag.py:2941} INFO - Sync 1 DAGs
[2025-05-16T06:40:51.058+0100] {logging_mixin.py:154} INFO - [2025-05-16T06:40:51.058+0100] {dag.py:3722} INFO - Setting next_dagrun for latest_only_with_trigger to 2025-05-16T01:40:51.058178+00:00, run_after=2025-05-16T05:40:51.058178+00:00
[2025-05-16T06:40:51.062+0100] {processor.py:179} INFO - Processing /Users/saber/airflow_project/airflow_venv/lib/python3.10/site-packages/airflow/example_dags/example_latest_only_with_trigger.py took 0.062 seconds
[2025-05-16T06:41:50.306+0100] {processor.py:157} INFO - Started process (PID=8973) to work on /Users/saber/airflow_project/airflow_venv/lib/python3.10/site-packages/airflow/example_dags/example_latest_only_with_trigger.py
[2025-05-16T06:41:50.306+0100] {processor.py:829} INFO - Processing file /Users/saber/airflow_project/airflow_venv/lib/python3.10/site-packages/airflow/example_dags/example_latest_only_with_trigger.py for tasks to queue
[2025-05-16T06:41:50.307+0100] {logging_mixin.py:154} INFO - [2025-05-16T06:41:50.306+0100] {dagbag.py:536} INFO - Filling up the DagBag from /Users/saber/airflow_project/airflow_venv/lib/python3.10/site-packages/airflow/example_dags/example_latest_only_with_trigger.py
[2025-05-16T06:41:50.313+0100] {processor.py:839} INFO - DAG(s) dict_keys(['latest_only_with_trigger']) retrieved from /Users/saber/airflow_project/airflow_venv/lib/python3.10/site-packages/airflow/example_dags/example_latest_only_with_trigger.py
[2025-05-16T06:41:50.358+0100] {logging_mixin.py:154} INFO - [2025-05-16T06:41:50.358+0100] {dag.py:2941} INFO - Sync 1 DAGs
[2025-05-16T06:41:50.363+0100] {logging_mixin.py:154} INFO - [2025-05-16T06:41:50.363+0100] {dag.py:3722} INFO - Setting next_dagrun for latest_only_with_trigger to 2025-05-16T01:41:50.363315+00:00, run_after=2025-05-16T05:41:50.363315+00:00
[2025-05-16T06:41:50.367+0100] {processor.py:179} INFO - Processing /Users/saber/airflow_project/airflow_venv/lib/python3.10/site-packages/airflow/example_dags/example_latest_only_with_trigger.py took 0.062 seconds
[2025-05-16T06:42:50.054+0100] {processor.py:157} INFO - Started process (PID=9025) to work on /Users/saber/airflow_project/airflow_venv/lib/python3.10/site-packages/airflow/example_dags/example_latest_only_with_trigger.py
[2025-05-16T06:42:50.054+0100] {processor.py:829} INFO - Processing file /Users/saber/airflow_project/airflow_venv/lib/python3.10/site-packages/airflow/example_dags/example_latest_only_with_trigger.py for tasks to queue
[2025-05-16T06:42:50.054+0100] {logging_mixin.py:154} INFO - [2025-05-16T06:42:50.054+0100] {dagbag.py:536} INFO - Filling up the DagBag from /Users/saber/airflow_project/airflow_venv/lib/python3.10/site-packages/airflow/example_dags/example_latest_only_with_trigger.py
[2025-05-16T06:42:50.061+0100] {processor.py:839} INFO - DAG(s) dict_keys(['latest_only_with_trigger']) retrieved from /Users/saber/airflow_project/airflow_venv/lib/python3.10/site-packages/airflow/example_dags/example_latest_only_with_trigger.py
[2025-05-16T06:42:50.105+0100] {logging_mixin.py:154} INFO - [2025-05-16T06:42:50.105+0100] {dag.py:2941} INFO - Sync 1 DAGs
[2025-05-16T06:42:50.109+0100] {logging_mixin.py:154} INFO - [2025-05-16T06:42:50.109+0100] {dag.py:3722} INFO - Setting next_dagrun for latest_only_with_trigger to 2025-05-16T01:42:50.109525+00:00, run_after=2025-05-16T05:42:50.109525+00:00
[2025-05-16T06:42:50.114+0100] {processor.py:179} INFO - Processing /Users/saber/airflow_project/airflow_venv/lib/python3.10/site-packages/airflow/example_dags/example_latest_only_with_trigger.py took 0.060 seconds
[2025-05-16T06:43:44.686+0100] {processor.py:157} INFO - Started process (PID=9072) to work on /Users/saber/airflow_project/airflow_venv/lib/python3.10/site-packages/airflow/example_dags/example_latest_only_with_trigger.py
[2025-05-16T06:43:44.686+0100] {processor.py:829} INFO - Processing file /Users/saber/airflow_project/airflow_venv/lib/python3.10/site-packages/airflow/example_dags/example_latest_only_with_trigger.py for tasks to queue
[2025-05-16T06:43:44.687+0100] {logging_mixin.py:154} INFO - [2025-05-16T06:43:44.687+0100] {dagbag.py:536} INFO - Filling up the DagBag from /Users/saber/airflow_project/airflow_venv/lib/python3.10/site-packages/airflow/example_dags/example_latest_only_with_trigger.py
[2025-05-16T06:43:44.694+0100] {processor.py:839} INFO - DAG(s) dict_keys(['latest_only_with_trigger']) retrieved from /Users/saber/airflow_project/airflow_venv/lib/python3.10/site-packages/airflow/example_dags/example_latest_only_with_trigger.py
[2025-05-16T06:43:44.738+0100] {logging_mixin.py:154} INFO - [2025-05-16T06:43:44.738+0100] {dag.py:2941} INFO - Sync 1 DAGs
[2025-05-16T06:43:44.743+0100] {logging_mixin.py:154} INFO - [2025-05-16T06:43:44.743+0100] {dag.py:3722} INFO - Setting next_dagrun for latest_only_with_trigger to 2025-05-16T01:43:44.743128+00:00, run_after=2025-05-16T05:43:44.743128+00:00
[2025-05-16T06:43:44.747+0100] {processor.py:179} INFO - Processing /Users/saber/airflow_project/airflow_venv/lib/python3.10/site-packages/airflow/example_dags/example_latest_only_with_trigger.py took 0.061 seconds
[2025-05-16T06:44:41.920+0100] {processor.py:157} INFO - Started process (PID=9129) to work on /Users/saber/airflow_project/airflow_venv/lib/python3.10/site-packages/airflow/example_dags/example_latest_only_with_trigger.py
[2025-05-16T06:44:41.920+0100] {processor.py:829} INFO - Processing file /Users/saber/airflow_project/airflow_venv/lib/python3.10/site-packages/airflow/example_dags/example_latest_only_with_trigger.py for tasks to queue
[2025-05-16T06:44:41.921+0100] {logging_mixin.py:154} INFO - [2025-05-16T06:44:41.921+0100] {dagbag.py:536} INFO - Filling up the DagBag from /Users/saber/airflow_project/airflow_venv/lib/python3.10/site-packages/airflow/example_dags/example_latest_only_with_trigger.py
[2025-05-16T06:44:41.927+0100] {processor.py:839} INFO - DAG(s) dict_keys(['latest_only_with_trigger']) retrieved from /Users/saber/airflow_project/airflow_venv/lib/python3.10/site-packages/airflow/example_dags/example_latest_only_with_trigger.py
[2025-05-16T06:44:41.971+0100] {logging_mixin.py:154} INFO - [2025-05-16T06:44:41.971+0100] {dag.py:2941} INFO - Sync 1 DAGs
[2025-05-16T06:44:41.976+0100] {logging_mixin.py:154} INFO - [2025-05-16T06:44:41.976+0100] {dag.py:3722} INFO - Setting next_dagrun for latest_only_with_trigger to 2025-05-16T01:44:41.976178+00:00, run_after=2025-05-16T05:44:41.976178+00:00
[2025-05-16T06:44:41.980+0100] {processor.py:179} INFO - Processing /Users/saber/airflow_project/airflow_venv/lib/python3.10/site-packages/airflow/example_dags/example_latest_only_with_trigger.py took 0.061 seconds
[2025-05-16T06:45:40.660+0100] {processor.py:157} INFO - Started process (PID=9195) to work on /Users/saber/airflow_project/airflow_venv/lib/python3.10/site-packages/airflow/example_dags/example_latest_only_with_trigger.py
[2025-05-16T06:45:40.661+0100] {processor.py:829} INFO - Processing file /Users/saber/airflow_project/airflow_venv/lib/python3.10/site-packages/airflow/example_dags/example_latest_only_with_trigger.py for tasks to queue
[2025-05-16T06:45:40.661+0100] {logging_mixin.py:154} INFO - [2025-05-16T06:45:40.661+0100] {dagbag.py:536} INFO - Filling up the DagBag from /Users/saber/airflow_project/airflow_venv/lib/python3.10/site-packages/airflow/example_dags/example_latest_only_with_trigger.py
[2025-05-16T06:45:40.668+0100] {processor.py:839} INFO - DAG(s) dict_keys(['latest_only_with_trigger']) retrieved from /Users/saber/airflow_project/airflow_venv/lib/python3.10/site-packages/airflow/example_dags/example_latest_only_with_trigger.py
[2025-05-16T06:45:40.714+0100] {logging_mixin.py:154} INFO - [2025-05-16T06:45:40.714+0100] {dag.py:2941} INFO - Sync 1 DAGs
[2025-05-16T06:45:40.718+0100] {logging_mixin.py:154} INFO - [2025-05-16T06:45:40.718+0100] {dag.py:3722} INFO - Setting next_dagrun for latest_only_with_trigger to 2025-05-16T01:45:40.718735+00:00, run_after=2025-05-16T05:45:40.718735+00:00
[2025-05-16T06:45:40.723+0100] {processor.py:179} INFO - Processing /Users/saber/airflow_project/airflow_venv/lib/python3.10/site-packages/airflow/example_dags/example_latest_only_with_trigger.py took 0.063 seconds
[2025-05-16T06:46:39.922+0100] {processor.py:157} INFO - Started process (PID=9245) to work on /Users/saber/airflow_project/airflow_venv/lib/python3.10/site-packages/airflow/example_dags/example_latest_only_with_trigger.py
[2025-05-16T06:46:39.922+0100] {processor.py:829} INFO - Processing file /Users/saber/airflow_project/airflow_venv/lib/python3.10/site-packages/airflow/example_dags/example_latest_only_with_trigger.py for tasks to queue
[2025-05-16T06:46:39.923+0100] {logging_mixin.py:154} INFO - [2025-05-16T06:46:39.923+0100] {dagbag.py:536} INFO - Filling up the DagBag from /Users/saber/airflow_project/airflow_venv/lib/python3.10/site-packages/airflow/example_dags/example_latest_only_with_trigger.py
[2025-05-16T06:46:39.930+0100] {processor.py:839} INFO - DAG(s) dict_keys(['latest_only_with_trigger']) retrieved from /Users/saber/airflow_project/airflow_venv/lib/python3.10/site-packages/airflow/example_dags/example_latest_only_with_trigger.py
[2025-05-16T06:46:39.974+0100] {logging_mixin.py:154} INFO - [2025-05-16T06:46:39.974+0100] {dag.py:2941} INFO - Sync 1 DAGs
[2025-05-16T06:46:39.978+0100] {logging_mixin.py:154} INFO - [2025-05-16T06:46:39.978+0100] {dag.py:3722} INFO - Setting next_dagrun for latest_only_with_trigger to 2025-05-16T01:46:39.978434+00:00, run_after=2025-05-16T05:46:39.978434+00:00
[2025-05-16T06:46:39.983+0100] {processor.py:179} INFO - Processing /Users/saber/airflow_project/airflow_venv/lib/python3.10/site-packages/airflow/example_dags/example_latest_only_with_trigger.py took 0.061 seconds
[2025-05-16T06:47:37.708+0100] {processor.py:157} INFO - Started process (PID=9295) to work on /Users/saber/airflow_project/airflow_venv/lib/python3.10/site-packages/airflow/example_dags/example_latest_only_with_trigger.py
[2025-05-16T06:47:37.708+0100] {processor.py:829} INFO - Processing file /Users/saber/airflow_project/airflow_venv/lib/python3.10/site-packages/airflow/example_dags/example_latest_only_with_trigger.py for tasks to queue
[2025-05-16T06:47:37.709+0100] {logging_mixin.py:154} INFO - [2025-05-16T06:47:37.709+0100] {dagbag.py:536} INFO - Filling up the DagBag from /Users/saber/airflow_project/airflow_venv/lib/python3.10/site-packages/airflow/example_dags/example_latest_only_with_trigger.py
[2025-05-16T06:47:37.716+0100] {processor.py:839} INFO - DAG(s) dict_keys(['latest_only_with_trigger']) retrieved from /Users/saber/airflow_project/airflow_venv/lib/python3.10/site-packages/airflow/example_dags/example_latest_only_with_trigger.py
[2025-05-16T06:47:37.760+0100] {logging_mixin.py:154} INFO - [2025-05-16T06:47:37.760+0100] {dag.py:2941} INFO - Sync 1 DAGs
[2025-05-16T06:47:37.765+0100] {logging_mixin.py:154} INFO - [2025-05-16T06:47:37.765+0100] {dag.py:3722} INFO - Setting next_dagrun for latest_only_with_trigger to 2025-05-16T01:47:37.765005+00:00, run_after=2025-05-16T05:47:37.765005+00:00
[2025-05-16T06:47:37.769+0100] {processor.py:179} INFO - Processing /Users/saber/airflow_project/airflow_venv/lib/python3.10/site-packages/airflow/example_dags/example_latest_only_with_trigger.py took 0.062 seconds
[2025-05-16T06:48:34.824+0100] {processor.py:157} INFO - Started process (PID=9344) to work on /Users/saber/airflow_project/airflow_venv/lib/python3.10/site-packages/airflow/example_dags/example_latest_only_with_trigger.py
[2025-05-16T06:48:34.825+0100] {processor.py:829} INFO - Processing file /Users/saber/airflow_project/airflow_venv/lib/python3.10/site-packages/airflow/example_dags/example_latest_only_with_trigger.py for tasks to queue
[2025-05-16T06:48:34.825+0100] {logging_mixin.py:154} INFO - [2025-05-16T06:48:34.825+0100] {dagbag.py:536} INFO - Filling up the DagBag from /Users/saber/airflow_project/airflow_venv/lib/python3.10/site-packages/airflow/example_dags/example_latest_only_with_trigger.py
[2025-05-16T06:48:34.832+0100] {processor.py:839} INFO - DAG(s) dict_keys(['latest_only_with_trigger']) retrieved from /Users/saber/airflow_project/airflow_venv/lib/python3.10/site-packages/airflow/example_dags/example_latest_only_with_trigger.py
[2025-05-16T06:48:34.876+0100] {logging_mixin.py:154} INFO - [2025-05-16T06:48:34.876+0100] {dag.py:2941} INFO - Sync 1 DAGs
[2025-05-16T06:48:34.880+0100] {logging_mixin.py:154} INFO - [2025-05-16T06:48:34.880+0100] {dag.py:3722} INFO - Setting next_dagrun for latest_only_with_trigger to 2025-05-16T01:48:34.880428+00:00, run_after=2025-05-16T05:48:34.880428+00:00
[2025-05-16T06:48:34.885+0100] {processor.py:179} INFO - Processing /Users/saber/airflow_project/airflow_venv/lib/python3.10/site-packages/airflow/example_dags/example_latest_only_with_trigger.py took 0.061 seconds
[2025-05-16T06:49:33.549+0100] {processor.py:157} INFO - Started process (PID=9395) to work on /Users/saber/airflow_project/airflow_venv/lib/python3.10/site-packages/airflow/example_dags/example_latest_only_with_trigger.py
[2025-05-16T06:49:33.550+0100] {processor.py:829} INFO - Processing file /Users/saber/airflow_project/airflow_venv/lib/python3.10/site-packages/airflow/example_dags/example_latest_only_with_trigger.py for tasks to queue
[2025-05-16T06:49:33.550+0100] {logging_mixin.py:154} INFO - [2025-05-16T06:49:33.550+0100] {dagbag.py:536} INFO - Filling up the DagBag from /Users/saber/airflow_project/airflow_venv/lib/python3.10/site-packages/airflow/example_dags/example_latest_only_with_trigger.py
[2025-05-16T06:49:33.557+0100] {processor.py:839} INFO - DAG(s) dict_keys(['latest_only_with_trigger']) retrieved from /Users/saber/airflow_project/airflow_venv/lib/python3.10/site-packages/airflow/example_dags/example_latest_only_with_trigger.py
[2025-05-16T06:49:33.601+0100] {logging_mixin.py:154} INFO - [2025-05-16T06:49:33.601+0100] {dag.py:2941} INFO - Sync 1 DAGs
[2025-05-16T06:49:33.605+0100] {logging_mixin.py:154} INFO - [2025-05-16T06:49:33.605+0100] {dag.py:3722} INFO - Setting next_dagrun for latest_only_with_trigger to 2025-05-16T01:49:33.605881+00:00, run_after=2025-05-16T05:49:33.605881+00:00
[2025-05-16T06:49:33.610+0100] {processor.py:179} INFO - Processing /Users/saber/airflow_project/airflow_venv/lib/python3.10/site-packages/airflow/example_dags/example_latest_only_with_trigger.py took 0.061 seconds
[2025-05-16T06:50:34.341+0100] {processor.py:157} INFO - Started process (PID=9452) to work on /Users/saber/airflow_project/airflow_venv/lib/python3.10/site-packages/airflow/example_dags/example_latest_only_with_trigger.py
[2025-05-16T06:50:34.341+0100] {processor.py:829} INFO - Processing file /Users/saber/airflow_project/airflow_venv/lib/python3.10/site-packages/airflow/example_dags/example_latest_only_with_trigger.py for tasks to queue
[2025-05-16T06:50:34.342+0100] {logging_mixin.py:154} INFO - [2025-05-16T06:50:34.342+0100] {dagbag.py:536} INFO - Filling up the DagBag from /Users/saber/airflow_project/airflow_venv/lib/python3.10/site-packages/airflow/example_dags/example_latest_only_with_trigger.py
[2025-05-16T06:50:34.349+0100] {processor.py:839} INFO - DAG(s) dict_keys(['latest_only_with_trigger']) retrieved from /Users/saber/airflow_project/airflow_venv/lib/python3.10/site-packages/airflow/example_dags/example_latest_only_with_trigger.py
[2025-05-16T06:50:34.393+0100] {logging_mixin.py:154} INFO - [2025-05-16T06:50:34.393+0100] {dag.py:2941} INFO - Sync 1 DAGs
[2025-05-16T06:50:34.398+0100] {logging_mixin.py:154} INFO - [2025-05-16T06:50:34.398+0100] {dag.py:3722} INFO - Setting next_dagrun for latest_only_with_trigger to 2025-05-16T01:50:34.398126+00:00, run_after=2025-05-16T05:50:34.398126+00:00
[2025-05-16T06:50:34.402+0100] {processor.py:179} INFO - Processing /Users/saber/airflow_project/airflow_venv/lib/python3.10/site-packages/airflow/example_dags/example_latest_only_with_trigger.py took 0.062 seconds
[2025-05-16T06:51:32.418+0100] {processor.py:157} INFO - Started process (PID=9500) to work on /Users/saber/airflow_project/airflow_venv/lib/python3.10/site-packages/airflow/example_dags/example_latest_only_with_trigger.py
[2025-05-16T06:51:32.418+0100] {processor.py:829} INFO - Processing file /Users/saber/airflow_project/airflow_venv/lib/python3.10/site-packages/airflow/example_dags/example_latest_only_with_trigger.py for tasks to queue
[2025-05-16T06:51:32.419+0100] {logging_mixin.py:154} INFO - [2025-05-16T06:51:32.418+0100] {dagbag.py:536} INFO - Filling up the DagBag from /Users/saber/airflow_project/airflow_venv/lib/python3.10/site-packages/airflow/example_dags/example_latest_only_with_trigger.py
[2025-05-16T06:51:32.426+0100] {processor.py:839} INFO - DAG(s) dict_keys(['latest_only_with_trigger']) retrieved from /Users/saber/airflow_project/airflow_venv/lib/python3.10/site-packages/airflow/example_dags/example_latest_only_with_trigger.py
[2025-05-16T06:51:32.473+0100] {logging_mixin.py:154} INFO - [2025-05-16T06:51:32.473+0100] {dag.py:2941} INFO - Sync 1 DAGs
[2025-05-16T06:51:32.478+0100] {logging_mixin.py:154} INFO - [2025-05-16T06:51:32.478+0100] {dag.py:3722} INFO - Setting next_dagrun for latest_only_with_trigger to 2025-05-16T01:51:32.478064+00:00, run_after=2025-05-16T05:51:32.478064+00:00
[2025-05-16T06:51:32.483+0100] {processor.py:179} INFO - Processing /Users/saber/airflow_project/airflow_venv/lib/python3.10/site-packages/airflow/example_dags/example_latest_only_with_trigger.py took 0.065 seconds
