[2025-05-16T06:37:31.817+0100] {processor.py:157} INFO - Started process (PID=8735) to work on /Users/saber/airflow_project/airflow_venv/lib/python3.10/site-packages/airflow/example_dags/example_task_group_decorator.py
[2025-05-16T06:37:31.817+0100] {processor.py:829} INFO - Processing file /Users/saber/airflow_project/airflow_venv/lib/python3.10/site-packages/airflow/example_dags/example_task_group_decorator.py for tasks to queue
[2025-05-16T06:37:31.818+0100] {logging_mixin.py:154} INFO - [2025-05-16T06:37:31.818+0100] {dagbag.py:536} INFO - Filling up the DagBag from /Users/saber/airflow_project/airflow_venv/lib/python3.10/site-packages/airflow/example_dags/example_task_group_decorator.py
[2025-05-16T06:37:31.833+0100] {processor.py:839} INFO - DAG(s) dict_keys(['example_task_group_decorator']) retrieved from /Users/saber/airflow_project/airflow_venv/lib/python3.10/site-packages/airflow/example_dags/example_task_group_decorator.py
[2025-05-16T06:37:31.983+0100] {logging_mixin.py:154} INFO - [2025-05-16T06:37:31.983+0100] {manager.py:499} INFO - Created Permission View: %s
[2025-05-16T06:37:31.985+0100] {logging_mixin.py:154} INFO - [2025-05-16T06:37:31.985+0100] {manager.py:499} INFO - Created Permission View: %s
[2025-05-16T06:37:31.986+0100] {logging_mixin.py:154} INFO - [2025-05-16T06:37:31.986+0100] {manager.py:499} INFO - Created Permission View: %s
[2025-05-16T06:37:31.987+0100] {logging_mixin.py:154} INFO - [2025-05-16T06:37:31.986+0100] {dag.py:2941} INFO - Sync 1 DAGs
[2025-05-16T06:37:31.989+0100] {logging_mixin.py:154} INFO - [2025-05-16T06:37:31.989+0100] {dag.py:2963} INFO - Creating ORM DAG for example_task_group_decorator
[2025-05-16T06:37:31.991+0100] {logging_mixin.py:154} INFO - [2025-05-16T06:37:31.991+0100] {dag.py:3722} INFO - Setting next_dagrun for example_task_group_decorator to 2025-05-15T05:37:31.991252+00:00, run_after=2025-05-16T05:37:31.991252+00:00
[2025-05-16T06:37:31.995+0100] {processor.py:179} INFO - Processing /Users/saber/airflow_project/airflow_venv/lib/python3.10/site-packages/airflow/example_dags/example_task_group_decorator.py took 0.178 seconds
[2025-05-16T06:38:32.763+0100] {processor.py:157} INFO - Started process (PID=8793) to work on /Users/saber/airflow_project/airflow_venv/lib/python3.10/site-packages/airflow/example_dags/example_task_group_decorator.py
[2025-05-16T06:38:32.763+0100] {processor.py:829} INFO - Processing file /Users/saber/airflow_project/airflow_venv/lib/python3.10/site-packages/airflow/example_dags/example_task_group_decorator.py for tasks to queue
[2025-05-16T06:38:32.764+0100] {logging_mixin.py:154} INFO - [2025-05-16T06:38:32.764+0100] {dagbag.py:536} INFO - Filling up the DagBag from /Users/saber/airflow_project/airflow_venv/lib/python3.10/site-packages/airflow/example_dags/example_task_group_decorator.py
[2025-05-16T06:38:32.779+0100] {processor.py:839} INFO - DAG(s) dict_keys(['example_task_group_decorator']) retrieved from /Users/saber/airflow_project/airflow_venv/lib/python3.10/site-packages/airflow/example_dags/example_task_group_decorator.py
[2025-05-16T06:38:32.823+0100] {logging_mixin.py:154} INFO - [2025-05-16T06:38:32.823+0100] {dag.py:2941} INFO - Sync 1 DAGs
[2025-05-16T06:38:32.828+0100] {logging_mixin.py:154} INFO - [2025-05-16T06:38:32.827+0100] {dag.py:3722} INFO - Setting next_dagrun for example_task_group_decorator to 2025-05-15T05:38:32.827920+00:00, run_after=2025-05-16T05:38:32.827920+00:00
[2025-05-16T06:38:32.832+0100] {processor.py:179} INFO - Processing /Users/saber/airflow_project/airflow_venv/lib/python3.10/site-packages/airflow/example_dags/example_task_group_decorator.py took 0.070 seconds
[2025-05-16T06:39:29.991+0100] {processor.py:157} INFO - Started process (PID=8840) to work on /Users/saber/airflow_project/airflow_venv/lib/python3.10/site-packages/airflow/example_dags/example_task_group_decorator.py
[2025-05-16T06:39:29.991+0100] {processor.py:829} INFO - Processing file /Users/saber/airflow_project/airflow_venv/lib/python3.10/site-packages/airflow/example_dags/example_task_group_decorator.py for tasks to queue
[2025-05-16T06:39:29.992+0100] {logging_mixin.py:154} INFO - [2025-05-16T06:39:29.992+0100] {dagbag.py:536} INFO - Filling up the DagBag from /Users/saber/airflow_project/airflow_venv/lib/python3.10/site-packages/airflow/example_dags/example_task_group_decorator.py
[2025-05-16T06:39:30.007+0100] {processor.py:839} INFO - DAG(s) dict_keys(['example_task_group_decorator']) retrieved from /Users/saber/airflow_project/airflow_venv/lib/python3.10/site-packages/airflow/example_dags/example_task_group_decorator.py
[2025-05-16T06:39:30.050+0100] {logging_mixin.py:154} INFO - [2025-05-16T06:39:30.050+0100] {dag.py:2941} INFO - Sync 1 DAGs
[2025-05-16T06:39:30.055+0100] {logging_mixin.py:154} INFO - [2025-05-16T06:39:30.055+0100] {dag.py:3722} INFO - Setting next_dagrun for example_task_group_decorator to 2025-05-15T05:39:30.055034+00:00, run_after=2025-05-16T05:39:30.055034+00:00
[2025-05-16T06:39:30.060+0100] {processor.py:179} INFO - Processing /Users/saber/airflow_project/airflow_venv/lib/python3.10/site-packages/airflow/example_dags/example_task_group_decorator.py took 0.069 seconds
[2025-05-16T06:40:25.217+0100] {processor.py:157} INFO - Started process (PID=8901) to work on /Users/saber/airflow_project/airflow_venv/lib/python3.10/site-packages/airflow/example_dags/example_task_group_decorator.py
[2025-05-16T06:40:25.217+0100] {processor.py:829} INFO - Processing file /Users/saber/airflow_project/airflow_venv/lib/python3.10/site-packages/airflow/example_dags/example_task_group_decorator.py for tasks to queue
[2025-05-16T06:40:25.218+0100] {logging_mixin.py:154} INFO - [2025-05-16T06:40:25.218+0100] {dagbag.py:536} INFO - Filling up the DagBag from /Users/saber/airflow_project/airflow_venv/lib/python3.10/site-packages/airflow/example_dags/example_task_group_decorator.py
[2025-05-16T06:40:25.233+0100] {processor.py:839} INFO - DAG(s) dict_keys(['example_task_group_decorator']) retrieved from /Users/saber/airflow_project/airflow_venv/lib/python3.10/site-packages/airflow/example_dags/example_task_group_decorator.py
[2025-05-16T06:40:25.276+0100] {logging_mixin.py:154} INFO - [2025-05-16T06:40:25.276+0100] {dag.py:2941} INFO - Sync 1 DAGs
[2025-05-16T06:40:25.281+0100] {logging_mixin.py:154} INFO - [2025-05-16T06:40:25.280+0100] {dag.py:3722} INFO - Setting next_dagrun for example_task_group_decorator to 2025-05-15T05:40:25.280948+00:00, run_after=2025-05-16T05:40:25.280948+00:00
[2025-05-16T06:40:25.286+0100] {processor.py:179} INFO - Processing /Users/saber/airflow_project/airflow_venv/lib/python3.10/site-packages/airflow/example_dags/example_task_group_decorator.py took 0.069 seconds
[2025-05-16T06:41:23.365+0100] {processor.py:157} INFO - Started process (PID=8951) to work on /Users/saber/airflow_project/airflow_venv/lib/python3.10/site-packages/airflow/example_dags/example_task_group_decorator.py
[2025-05-16T06:41:23.365+0100] {processor.py:829} INFO - Processing file /Users/saber/airflow_project/airflow_venv/lib/python3.10/site-packages/airflow/example_dags/example_task_group_decorator.py for tasks to queue
[2025-05-16T06:41:23.366+0100] {logging_mixin.py:154} INFO - [2025-05-16T06:41:23.366+0100] {dagbag.py:536} INFO - Filling up the DagBag from /Users/saber/airflow_project/airflow_venv/lib/python3.10/site-packages/airflow/example_dags/example_task_group_decorator.py
[2025-05-16T06:41:23.381+0100] {processor.py:839} INFO - DAG(s) dict_keys(['example_task_group_decorator']) retrieved from /Users/saber/airflow_project/airflow_venv/lib/python3.10/site-packages/airflow/example_dags/example_task_group_decorator.py
[2025-05-16T06:41:23.425+0100] {logging_mixin.py:154} INFO - [2025-05-16T06:41:23.425+0100] {dag.py:2941} INFO - Sync 1 DAGs
[2025-05-16T06:41:23.430+0100] {logging_mixin.py:154} INFO - [2025-05-16T06:41:23.430+0100] {dag.py:3722} INFO - Setting next_dagrun for example_task_group_decorator to 2025-05-15T05:41:23.430007+00:00, run_after=2025-05-16T05:41:23.430007+00:00
[2025-05-16T06:41:23.435+0100] {processor.py:179} INFO - Processing /Users/saber/airflow_project/airflow_venv/lib/python3.10/site-packages/airflow/example_dags/example_task_group_decorator.py took 0.070 seconds
[2025-05-16T06:42:23.177+0100] {processor.py:157} INFO - Started process (PID=9002) to work on /Users/saber/airflow_project/airflow_venv/lib/python3.10/site-packages/airflow/example_dags/example_task_group_decorator.py
[2025-05-16T06:42:23.177+0100] {processor.py:829} INFO - Processing file /Users/saber/airflow_project/airflow_venv/lib/python3.10/site-packages/airflow/example_dags/example_task_group_decorator.py for tasks to queue
[2025-05-16T06:42:23.178+0100] {logging_mixin.py:154} INFO - [2025-05-16T06:42:23.178+0100] {dagbag.py:536} INFO - Filling up the DagBag from /Users/saber/airflow_project/airflow_venv/lib/python3.10/site-packages/airflow/example_dags/example_task_group_decorator.py
[2025-05-16T06:42:23.193+0100] {processor.py:839} INFO - DAG(s) dict_keys(['example_task_group_decorator']) retrieved from /Users/saber/airflow_project/airflow_venv/lib/python3.10/site-packages/airflow/example_dags/example_task_group_decorator.py
[2025-05-16T06:42:23.237+0100] {logging_mixin.py:154} INFO - [2025-05-16T06:42:23.237+0100] {dag.py:2941} INFO - Sync 1 DAGs
[2025-05-16T06:42:23.241+0100] {logging_mixin.py:154} INFO - [2025-05-16T06:42:23.241+0100] {dag.py:3722} INFO - Setting next_dagrun for example_task_group_decorator to 2025-05-15T05:42:23.241433+00:00, run_after=2025-05-16T05:42:23.241433+00:00
[2025-05-16T06:42:23.246+0100] {processor.py:179} INFO - Processing /Users/saber/airflow_project/airflow_venv/lib/python3.10/site-packages/airflow/example_dags/example_task_group_decorator.py took 0.069 seconds
[2025-05-16T06:43:20.287+0100] {processor.py:157} INFO - Started process (PID=9052) to work on /Users/saber/airflow_project/airflow_venv/lib/python3.10/site-packages/airflow/example_dags/example_task_group_decorator.py
[2025-05-16T06:43:20.287+0100] {processor.py:829} INFO - Processing file /Users/saber/airflow_project/airflow_venv/lib/python3.10/site-packages/airflow/example_dags/example_task_group_decorator.py for tasks to queue
[2025-05-16T06:43:20.287+0100] {logging_mixin.py:154} INFO - [2025-05-16T06:43:20.287+0100] {dagbag.py:536} INFO - Filling up the DagBag from /Users/saber/airflow_project/airflow_venv/lib/python3.10/site-packages/airflow/example_dags/example_task_group_decorator.py
[2025-05-16T06:43:20.303+0100] {processor.py:839} INFO - DAG(s) dict_keys(['example_task_group_decorator']) retrieved from /Users/saber/airflow_project/airflow_venv/lib/python3.10/site-packages/airflow/example_dags/example_task_group_decorator.py
[2025-05-16T06:43:20.347+0100] {logging_mixin.py:154} INFO - [2025-05-16T06:43:20.347+0100] {dag.py:2941} INFO - Sync 1 DAGs
[2025-05-16T06:43:20.351+0100] {logging_mixin.py:154} INFO - [2025-05-16T06:43:20.351+0100] {dag.py:3722} INFO - Setting next_dagrun for example_task_group_decorator to 2025-05-15T05:43:20.351468+00:00, run_after=2025-05-16T05:43:20.351468+00:00
[2025-05-16T06:43:20.356+0100] {processor.py:179} INFO - Processing /Users/saber/airflow_project/airflow_venv/lib/python3.10/site-packages/airflow/example_dags/example_task_group_decorator.py took 0.070 seconds
[2025-05-16T06:44:17.161+0100] {processor.py:157} INFO - Started process (PID=9107) to work on /Users/saber/airflow_project/airflow_venv/lib/python3.10/site-packages/airflow/example_dags/example_task_group_decorator.py
[2025-05-16T06:44:17.162+0100] {processor.py:829} INFO - Processing file /Users/saber/airflow_project/airflow_venv/lib/python3.10/site-packages/airflow/example_dags/example_task_group_decorator.py for tasks to queue
[2025-05-16T06:44:17.162+0100] {logging_mixin.py:154} INFO - [2025-05-16T06:44:17.162+0100] {dagbag.py:536} INFO - Filling up the DagBag from /Users/saber/airflow_project/airflow_venv/lib/python3.10/site-packages/airflow/example_dags/example_task_group_decorator.py
[2025-05-16T06:44:17.178+0100] {processor.py:839} INFO - DAG(s) dict_keys(['example_task_group_decorator']) retrieved from /Users/saber/airflow_project/airflow_venv/lib/python3.10/site-packages/airflow/example_dags/example_task_group_decorator.py
[2025-05-16T06:44:17.221+0100] {logging_mixin.py:154} INFO - [2025-05-16T06:44:17.221+0100] {dag.py:2941} INFO - Sync 1 DAGs
[2025-05-16T06:44:17.225+0100] {logging_mixin.py:154} INFO - [2025-05-16T06:44:17.225+0100] {dag.py:3722} INFO - Setting next_dagrun for example_task_group_decorator to 2025-05-15T05:44:17.225546+00:00, run_after=2025-05-16T05:44:17.225546+00:00
[2025-05-16T06:44:17.230+0100] {processor.py:179} INFO - Processing /Users/saber/airflow_project/airflow_venv/lib/python3.10/site-packages/airflow/example_dags/example_task_group_decorator.py took 0.069 seconds
[2025-05-16T06:45:15.871+0100] {processor.py:157} INFO - Started process (PID=9157) to work on /Users/saber/airflow_project/airflow_venv/lib/python3.10/site-packages/airflow/example_dags/example_task_group_decorator.py
[2025-05-16T06:45:15.871+0100] {processor.py:829} INFO - Processing file /Users/saber/airflow_project/airflow_venv/lib/python3.10/site-packages/airflow/example_dags/example_task_group_decorator.py for tasks to queue
[2025-05-16T06:45:15.872+0100] {logging_mixin.py:154} INFO - [2025-05-16T06:45:15.872+0100] {dagbag.py:536} INFO - Filling up the DagBag from /Users/saber/airflow_project/airflow_venv/lib/python3.10/site-packages/airflow/example_dags/example_task_group_decorator.py
[2025-05-16T06:45:15.887+0100] {processor.py:839} INFO - DAG(s) dict_keys(['example_task_group_decorator']) retrieved from /Users/saber/airflow_project/airflow_venv/lib/python3.10/site-packages/airflow/example_dags/example_task_group_decorator.py
[2025-05-16T06:45:15.932+0100] {logging_mixin.py:154} INFO - [2025-05-16T06:45:15.931+0100] {dag.py:2941} INFO - Sync 1 DAGs
[2025-05-16T06:45:15.936+0100] {logging_mixin.py:154} INFO - [2025-05-16T06:45:15.936+0100] {dag.py:3722} INFO - Setting next_dagrun for example_task_group_decorator to 2025-05-15T05:45:15.936099+00:00, run_after=2025-05-16T05:45:15.936099+00:00
[2025-05-16T06:45:15.941+0100] {processor.py:179} INFO - Processing /Users/saber/airflow_project/airflow_venv/lib/python3.10/site-packages/airflow/example_dags/example_task_group_decorator.py took 0.070 seconds
[2025-05-16T06:46:13.639+0100] {processor.py:157} INFO - Started process (PID=9224) to work on /Users/saber/airflow_project/airflow_venv/lib/python3.10/site-packages/airflow/example_dags/example_task_group_decorator.py
[2025-05-16T06:46:13.639+0100] {processor.py:829} INFO - Processing file /Users/saber/airflow_project/airflow_venv/lib/python3.10/site-packages/airflow/example_dags/example_task_group_decorator.py for tasks to queue
[2025-05-16T06:46:13.640+0100] {logging_mixin.py:154} INFO - [2025-05-16T06:46:13.640+0100] {dagbag.py:536} INFO - Filling up the DagBag from /Users/saber/airflow_project/airflow_venv/lib/python3.10/site-packages/airflow/example_dags/example_task_group_decorator.py
[2025-05-16T06:46:13.655+0100] {processor.py:839} INFO - DAG(s) dict_keys(['example_task_group_decorator']) retrieved from /Users/saber/airflow_project/airflow_venv/lib/python3.10/site-packages/airflow/example_dags/example_task_group_decorator.py
[2025-05-16T06:46:13.699+0100] {logging_mixin.py:154} INFO - [2025-05-16T06:46:13.699+0100] {dag.py:2941} INFO - Sync 1 DAGs
[2025-05-16T06:46:13.703+0100] {logging_mixin.py:154} INFO - [2025-05-16T06:46:13.703+0100] {dag.py:3722} INFO - Setting next_dagrun for example_task_group_decorator to 2025-05-15T05:46:13.703610+00:00, run_after=2025-05-16T05:46:13.703610+00:00
[2025-05-16T06:46:13.708+0100] {processor.py:179} INFO - Processing /Users/saber/airflow_project/airflow_venv/lib/python3.10/site-packages/airflow/example_dags/example_task_group_decorator.py took 0.069 seconds
[2025-05-16T06:47:13.090+0100] {processor.py:157} INFO - Started process (PID=9272) to work on /Users/saber/airflow_project/airflow_venv/lib/python3.10/site-packages/airflow/example_dags/example_task_group_decorator.py
[2025-05-16T06:47:13.091+0100] {processor.py:829} INFO - Processing file /Users/saber/airflow_project/airflow_venv/lib/python3.10/site-packages/airflow/example_dags/example_task_group_decorator.py for tasks to queue
[2025-05-16T06:47:13.091+0100] {logging_mixin.py:154} INFO - [2025-05-16T06:47:13.091+0100] {dagbag.py:536} INFO - Filling up the DagBag from /Users/saber/airflow_project/airflow_venv/lib/python3.10/site-packages/airflow/example_dags/example_task_group_decorator.py
[2025-05-16T06:47:13.107+0100] {processor.py:839} INFO - DAG(s) dict_keys(['example_task_group_decorator']) retrieved from /Users/saber/airflow_project/airflow_venv/lib/python3.10/site-packages/airflow/example_dags/example_task_group_decorator.py
[2025-05-16T06:47:13.151+0100] {logging_mixin.py:154} INFO - [2025-05-16T06:47:13.151+0100] {dag.py:2941} INFO - Sync 1 DAGs
[2025-05-16T06:47:13.155+0100] {logging_mixin.py:154} INFO - [2025-05-16T06:47:13.155+0100] {dag.py:3722} INFO - Setting next_dagrun for example_task_group_decorator to 2025-05-15T05:47:13.155472+00:00, run_after=2025-05-16T05:47:13.155472+00:00
[2025-05-16T06:47:13.160+0100] {processor.py:179} INFO - Processing /Users/saber/airflow_project/airflow_venv/lib/python3.10/site-packages/airflow/example_dags/example_task_group_decorator.py took 0.070 seconds
[2025-05-16T06:48:09.069+0100] {processor.py:157} INFO - Started process (PID=9321) to work on /Users/saber/airflow_project/airflow_venv/lib/python3.10/site-packages/airflow/example_dags/example_task_group_decorator.py
[2025-05-16T06:48:09.069+0100] {processor.py:829} INFO - Processing file /Users/saber/airflow_project/airflow_venv/lib/python3.10/site-packages/airflow/example_dags/example_task_group_decorator.py for tasks to queue
[2025-05-16T06:48:09.069+0100] {logging_mixin.py:154} INFO - [2025-05-16T06:48:09.069+0100] {dagbag.py:536} INFO - Filling up the DagBag from /Users/saber/airflow_project/airflow_venv/lib/python3.10/site-packages/airflow/example_dags/example_task_group_decorator.py
[2025-05-16T06:48:09.085+0100] {processor.py:839} INFO - DAG(s) dict_keys(['example_task_group_decorator']) retrieved from /Users/saber/airflow_project/airflow_venv/lib/python3.10/site-packages/airflow/example_dags/example_task_group_decorator.py
[2025-05-16T06:48:09.128+0100] {logging_mixin.py:154} INFO - [2025-05-16T06:48:09.128+0100] {dag.py:2941} INFO - Sync 1 DAGs
[2025-05-16T06:48:09.132+0100] {logging_mixin.py:154} INFO - [2025-05-16T06:48:09.132+0100] {dag.py:3722} INFO - Setting next_dagrun for example_task_group_decorator to 2025-05-15T05:48:09.132584+00:00, run_after=2025-05-16T05:48:09.132584+00:00
[2025-05-16T06:48:09.137+0100] {processor.py:179} INFO - Processing /Users/saber/airflow_project/airflow_venv/lib/python3.10/site-packages/airflow/example_dags/example_task_group_decorator.py took 0.069 seconds
[2025-05-16T06:49:06.824+0100] {processor.py:157} INFO - Started process (PID=9368) to work on /Users/saber/airflow_project/airflow_venv/lib/python3.10/site-packages/airflow/example_dags/example_task_group_decorator.py
[2025-05-16T06:49:06.824+0100] {processor.py:829} INFO - Processing file /Users/saber/airflow_project/airflow_venv/lib/python3.10/site-packages/airflow/example_dags/example_task_group_decorator.py for tasks to queue
[2025-05-16T06:49:06.825+0100] {logging_mixin.py:154} INFO - [2025-05-16T06:49:06.825+0100] {dagbag.py:536} INFO - Filling up the DagBag from /Users/saber/airflow_project/airflow_venv/lib/python3.10/site-packages/airflow/example_dags/example_task_group_decorator.py
[2025-05-16T06:49:06.843+0100] {processor.py:839} INFO - DAG(s) dict_keys(['example_task_group_decorator']) retrieved from /Users/saber/airflow_project/airflow_venv/lib/python3.10/site-packages/airflow/example_dags/example_task_group_decorator.py
[2025-05-16T06:49:06.892+0100] {logging_mixin.py:154} INFO - [2025-05-16T06:49:06.892+0100] {dag.py:2941} INFO - Sync 1 DAGs
[2025-05-16T06:49:06.897+0100] {logging_mixin.py:154} INFO - [2025-05-16T06:49:06.897+0100] {dag.py:3722} INFO - Setting next_dagrun for example_task_group_decorator to 2025-05-15T05:49:06.897245+00:00, run_after=2025-05-16T05:49:06.897245+00:00
[2025-05-16T06:49:06.902+0100] {processor.py:179} INFO - Processing /Users/saber/airflow_project/airflow_venv/lib/python3.10/site-packages/airflow/example_dags/example_task_group_decorator.py took 0.079 seconds
[2025-05-16T06:50:05.067+0100] {processor.py:157} INFO - Started process (PID=9419) to work on /Users/saber/airflow_project/airflow_venv/lib/python3.10/site-packages/airflow/example_dags/example_task_group_decorator.py
[2025-05-16T06:50:05.067+0100] {processor.py:829} INFO - Processing file /Users/saber/airflow_project/airflow_venv/lib/python3.10/site-packages/airflow/example_dags/example_task_group_decorator.py for tasks to queue
[2025-05-16T06:50:05.068+0100] {logging_mixin.py:154} INFO - [2025-05-16T06:50:05.068+0100] {dagbag.py:536} INFO - Filling up the DagBag from /Users/saber/airflow_project/airflow_venv/lib/python3.10/site-packages/airflow/example_dags/example_task_group_decorator.py
[2025-05-16T06:50:05.083+0100] {processor.py:839} INFO - DAG(s) dict_keys(['example_task_group_decorator']) retrieved from /Users/saber/airflow_project/airflow_venv/lib/python3.10/site-packages/airflow/example_dags/example_task_group_decorator.py
[2025-05-16T06:50:05.127+0100] {logging_mixin.py:154} INFO - [2025-05-16T06:50:05.127+0100] {dag.py:2941} INFO - Sync 1 DAGs
[2025-05-16T06:50:05.131+0100] {logging_mixin.py:154} INFO - [2025-05-16T06:50:05.131+0100] {dag.py:3722} INFO - Setting next_dagrun for example_task_group_decorator to 2025-05-15T05:50:05.131847+00:00, run_after=2025-05-16T05:50:05.131847+00:00
[2025-05-16T06:50:05.136+0100] {processor.py:179} INFO - Processing /Users/saber/airflow_project/airflow_venv/lib/python3.10/site-packages/airflow/example_dags/example_task_group_decorator.py took 0.070 seconds
[2025-05-16T06:51:04.141+0100] {processor.py:157} INFO - Started process (PID=9476) to work on /Users/saber/airflow_project/airflow_venv/lib/python3.10/site-packages/airflow/example_dags/example_task_group_decorator.py
[2025-05-16T06:51:04.141+0100] {processor.py:829} INFO - Processing file /Users/saber/airflow_project/airflow_venv/lib/python3.10/site-packages/airflow/example_dags/example_task_group_decorator.py for tasks to queue
[2025-05-16T06:51:04.142+0100] {logging_mixin.py:154} INFO - [2025-05-16T06:51:04.142+0100] {dagbag.py:536} INFO - Filling up the DagBag from /Users/saber/airflow_project/airflow_venv/lib/python3.10/site-packages/airflow/example_dags/example_task_group_decorator.py
[2025-05-16T06:51:04.158+0100] {processor.py:839} INFO - DAG(s) dict_keys(['example_task_group_decorator']) retrieved from /Users/saber/airflow_project/airflow_venv/lib/python3.10/site-packages/airflow/example_dags/example_task_group_decorator.py
[2025-05-16T06:51:04.201+0100] {logging_mixin.py:154} INFO - [2025-05-16T06:51:04.201+0100] {dag.py:2941} INFO - Sync 1 DAGs
[2025-05-16T06:51:04.205+0100] {logging_mixin.py:154} INFO - [2025-05-16T06:51:04.205+0100] {dag.py:3722} INFO - Setting next_dagrun for example_task_group_decorator to 2025-05-15T05:51:04.205567+00:00, run_after=2025-05-16T05:51:04.205567+00:00
[2025-05-16T06:51:04.210+0100] {processor.py:179} INFO - Processing /Users/saber/airflow_project/airflow_venv/lib/python3.10/site-packages/airflow/example_dags/example_task_group_decorator.py took 0.070 seconds
