[2025-05-16T06:37:56.648+0100] {processor.py:157} INFO - Started process (PID=8756) to work on /Users/saber/airflow_project/airflow_venv/lib/python3.10/site-packages/airflow/example_dags/example_latest_only.py
[2025-05-16T06:37:56.649+0100] {processor.py:829} INFO - Processing file /Users/saber/airflow_project/airflow_venv/lib/python3.10/site-packages/airflow/example_dags/example_latest_only.py for tasks to queue
[2025-05-16T06:37:56.649+0100] {logging_mixin.py:154} INFO - [2025-05-16T06:37:56.649+0100] {dagbag.py:536} INFO - Filling up the DagBag from /Users/saber/airflow_project/airflow_venv/lib/python3.10/site-packages/airflow/example_dags/example_latest_only.py
[2025-05-16T06:37:56.656+0100] {processor.py:839} INFO - DAG(s) dict_keys(['latest_only']) retrieved from /Users/saber/airflow_project/airflow_venv/lib/python3.10/site-packages/airflow/example_dags/example_latest_only.py
[2025-05-16T06:37:56.807+0100] {logging_mixin.py:154} INFO - [2025-05-16T06:37:56.806+0100] {manager.py:499} INFO - Created Permission View: %s
[2025-05-16T06:37:56.809+0100] {logging_mixin.py:154} INFO - [2025-05-16T06:37:56.809+0100] {manager.py:499} INFO - Created Permission View: %s
[2025-05-16T06:37:56.810+0100] {logging_mixin.py:154} INFO - [2025-05-16T06:37:56.810+0100] {manager.py:499} INFO - Created Permission View: %s
[2025-05-16T06:37:56.810+0100] {logging_mixin.py:154} INFO - [2025-05-16T06:37:56.810+0100] {dag.py:2941} INFO - Sync 1 DAGs
[2025-05-16T06:37:56.812+0100] {logging_mixin.py:154} INFO - [2025-05-16T06:37:56.812+0100] {dag.py:2963} INFO - Creating ORM DAG for latest_only
[2025-05-16T06:37:56.814+0100] {logging_mixin.py:154} INFO - [2025-05-16T06:37:56.814+0100] {dag.py:3722} INFO - Setting next_dagrun for latest_only to 2025-05-16T01:37:56.814630+00:00, run_after=2025-05-16T05:37:56.814630+00:00
[2025-05-16T06:37:56.818+0100] {processor.py:179} INFO - Processing /Users/saber/airflow_project/airflow_venv/lib/python3.10/site-packages/airflow/example_dags/example_latest_only.py took 0.170 seconds
[2025-05-16T06:38:56.244+0100] {processor.py:157} INFO - Started process (PID=8812) to work on /Users/saber/airflow_project/airflow_venv/lib/python3.10/site-packages/airflow/example_dags/example_latest_only.py
[2025-05-16T06:38:56.244+0100] {processor.py:829} INFO - Processing file /Users/saber/airflow_project/airflow_venv/lib/python3.10/site-packages/airflow/example_dags/example_latest_only.py for tasks to queue
[2025-05-16T06:38:56.244+0100] {logging_mixin.py:154} INFO - [2025-05-16T06:38:56.244+0100] {dagbag.py:536} INFO - Filling up the DagBag from /Users/saber/airflow_project/airflow_venv/lib/python3.10/site-packages/airflow/example_dags/example_latest_only.py
[2025-05-16T06:38:56.251+0100] {processor.py:839} INFO - DAG(s) dict_keys(['latest_only']) retrieved from /Users/saber/airflow_project/airflow_venv/lib/python3.10/site-packages/airflow/example_dags/example_latest_only.py
[2025-05-16T06:38:56.294+0100] {logging_mixin.py:154} INFO - [2025-05-16T06:38:56.294+0100] {dag.py:2941} INFO - Sync 1 DAGs
[2025-05-16T06:38:56.299+0100] {logging_mixin.py:154} INFO - [2025-05-16T06:38:56.299+0100] {dag.py:3722} INFO - Setting next_dagrun for latest_only to 2025-05-16T01:38:56.298967+00:00, run_after=2025-05-16T05:38:56.298967+00:00
[2025-05-16T06:38:56.303+0100] {processor.py:179} INFO - Processing /Users/saber/airflow_project/airflow_venv/lib/python3.10/site-packages/airflow/example_dags/example_latest_only.py took 0.060 seconds
[2025-05-16T06:39:51.854+0100] {processor.py:157} INFO - Started process (PID=8872) to work on /Users/saber/airflow_project/airflow_venv/lib/python3.10/site-packages/airflow/example_dags/example_latest_only.py
[2025-05-16T06:39:51.854+0100] {processor.py:829} INFO - Processing file /Users/saber/airflow_project/airflow_venv/lib/python3.10/site-packages/airflow/example_dags/example_latest_only.py for tasks to queue
[2025-05-16T06:39:51.855+0100] {logging_mixin.py:154} INFO - [2025-05-16T06:39:51.855+0100] {dagbag.py:536} INFO - Filling up the DagBag from /Users/saber/airflow_project/airflow_venv/lib/python3.10/site-packages/airflow/example_dags/example_latest_only.py
[2025-05-16T06:39:51.862+0100] {processor.py:839} INFO - DAG(s) dict_keys(['latest_only']) retrieved from /Users/saber/airflow_project/airflow_venv/lib/python3.10/site-packages/airflow/example_dags/example_latest_only.py
[2025-05-16T06:39:51.912+0100] {logging_mixin.py:154} INFO - [2025-05-16T06:39:51.912+0100] {dag.py:2941} INFO - Sync 1 DAGs
[2025-05-16T06:39:51.917+0100] {logging_mixin.py:154} INFO - [2025-05-16T06:39:51.917+0100] {dag.py:3722} INFO - Setting next_dagrun for latest_only to 2025-05-16T01:39:51.917735+00:00, run_after=2025-05-16T05:39:51.917735+00:00
[2025-05-16T06:39:51.922+0100] {processor.py:179} INFO - Processing /Users/saber/airflow_project/airflow_venv/lib/python3.10/site-packages/airflow/example_dags/example_latest_only.py took 0.068 seconds
[2025-05-16T06:40:52.025+0100] {processor.py:157} INFO - Started process (PID=8925) to work on /Users/saber/airflow_project/airflow_venv/lib/python3.10/site-packages/airflow/example_dags/example_latest_only.py
[2025-05-16T06:40:52.025+0100] {processor.py:829} INFO - Processing file /Users/saber/airflow_project/airflow_venv/lib/python3.10/site-packages/airflow/example_dags/example_latest_only.py for tasks to queue
[2025-05-16T06:40:52.026+0100] {logging_mixin.py:154} INFO - [2025-05-16T06:40:52.026+0100] {dagbag.py:536} INFO - Filling up the DagBag from /Users/saber/airflow_project/airflow_venv/lib/python3.10/site-packages/airflow/example_dags/example_latest_only.py
[2025-05-16T06:40:52.032+0100] {processor.py:839} INFO - DAG(s) dict_keys(['latest_only']) retrieved from /Users/saber/airflow_project/airflow_venv/lib/python3.10/site-packages/airflow/example_dags/example_latest_only.py
[2025-05-16T06:40:52.075+0100] {logging_mixin.py:154} INFO - [2025-05-16T06:40:52.075+0100] {dag.py:2941} INFO - Sync 1 DAGs
[2025-05-16T06:40:52.080+0100] {logging_mixin.py:154} INFO - [2025-05-16T06:40:52.080+0100] {dag.py:3722} INFO - Setting next_dagrun for latest_only to 2025-05-16T01:40:52.080065+00:00, run_after=2025-05-16T05:40:52.080065+00:00
[2025-05-16T06:40:52.084+0100] {processor.py:179} INFO - Processing /Users/saber/airflow_project/airflow_venv/lib/python3.10/site-packages/airflow/example_dags/example_latest_only.py took 0.059 seconds
[2025-05-16T06:41:51.783+0100] {processor.py:157} INFO - Started process (PID=8974) to work on /Users/saber/airflow_project/airflow_venv/lib/python3.10/site-packages/airflow/example_dags/example_latest_only.py
[2025-05-16T06:41:51.783+0100] {processor.py:829} INFO - Processing file /Users/saber/airflow_project/airflow_venv/lib/python3.10/site-packages/airflow/example_dags/example_latest_only.py for tasks to queue
[2025-05-16T06:41:51.784+0100] {logging_mixin.py:154} INFO - [2025-05-16T06:41:51.784+0100] {dagbag.py:536} INFO - Filling up the DagBag from /Users/saber/airflow_project/airflow_venv/lib/python3.10/site-packages/airflow/example_dags/example_latest_only.py
[2025-05-16T06:41:51.791+0100] {processor.py:839} INFO - DAG(s) dict_keys(['latest_only']) retrieved from /Users/saber/airflow_project/airflow_venv/lib/python3.10/site-packages/airflow/example_dags/example_latest_only.py
[2025-05-16T06:41:51.836+0100] {logging_mixin.py:154} INFO - [2025-05-16T06:41:51.836+0100] {dag.py:2941} INFO - Sync 1 DAGs
[2025-05-16T06:41:51.841+0100] {logging_mixin.py:154} INFO - [2025-05-16T06:41:51.841+0100] {dag.py:3722} INFO - Setting next_dagrun for latest_only to 2025-05-16T01:41:51.841037+00:00, run_after=2025-05-16T05:41:51.841037+00:00
[2025-05-16T06:41:51.845+0100] {processor.py:179} INFO - Processing /Users/saber/airflow_project/airflow_venv/lib/python3.10/site-packages/airflow/example_dags/example_latest_only.py took 0.062 seconds
[2025-05-16T06:42:51.512+0100] {processor.py:157} INFO - Started process (PID=9026) to work on /Users/saber/airflow_project/airflow_venv/lib/python3.10/site-packages/airflow/example_dags/example_latest_only.py
[2025-05-16T06:42:51.512+0100] {processor.py:829} INFO - Processing file /Users/saber/airflow_project/airflow_venv/lib/python3.10/site-packages/airflow/example_dags/example_latest_only.py for tasks to queue
[2025-05-16T06:42:51.512+0100] {logging_mixin.py:154} INFO - [2025-05-16T06:42:51.512+0100] {dagbag.py:536} INFO - Filling up the DagBag from /Users/saber/airflow_project/airflow_venv/lib/python3.10/site-packages/airflow/example_dags/example_latest_only.py
[2025-05-16T06:42:51.519+0100] {processor.py:839} INFO - DAG(s) dict_keys(['latest_only']) retrieved from /Users/saber/airflow_project/airflow_venv/lib/python3.10/site-packages/airflow/example_dags/example_latest_only.py
[2025-05-16T06:42:51.563+0100] {logging_mixin.py:154} INFO - [2025-05-16T06:42:51.563+0100] {dag.py:2941} INFO - Sync 1 DAGs
[2025-05-16T06:42:51.568+0100] {logging_mixin.py:154} INFO - [2025-05-16T06:42:51.568+0100] {dag.py:3722} INFO - Setting next_dagrun for latest_only to 2025-05-16T01:42:51.568156+00:00, run_after=2025-05-16T05:42:51.568156+00:00
[2025-05-16T06:42:51.572+0100] {processor.py:179} INFO - Processing /Users/saber/airflow_project/airflow_venv/lib/python3.10/site-packages/airflow/example_dags/example_latest_only.py took 0.061 seconds
[2025-05-16T06:43:46.146+0100] {processor.py:157} INFO - Started process (PID=9073) to work on /Users/saber/airflow_project/airflow_venv/lib/python3.10/site-packages/airflow/example_dags/example_latest_only.py
[2025-05-16T06:43:46.146+0100] {processor.py:829} INFO - Processing file /Users/saber/airflow_project/airflow_venv/lib/python3.10/site-packages/airflow/example_dags/example_latest_only.py for tasks to queue
[2025-05-16T06:43:46.147+0100] {logging_mixin.py:154} INFO - [2025-05-16T06:43:46.147+0100] {dagbag.py:536} INFO - Filling up the DagBag from /Users/saber/airflow_project/airflow_venv/lib/python3.10/site-packages/airflow/example_dags/example_latest_only.py
[2025-05-16T06:43:46.153+0100] {processor.py:839} INFO - DAG(s) dict_keys(['latest_only']) retrieved from /Users/saber/airflow_project/airflow_venv/lib/python3.10/site-packages/airflow/example_dags/example_latest_only.py
[2025-05-16T06:43:46.197+0100] {logging_mixin.py:154} INFO - [2025-05-16T06:43:46.197+0100] {dag.py:2941} INFO - Sync 1 DAGs
[2025-05-16T06:43:46.202+0100] {logging_mixin.py:154} INFO - [2025-05-16T06:43:46.202+0100] {dag.py:3722} INFO - Setting next_dagrun for latest_only to 2025-05-16T01:43:46.202392+00:00, run_after=2025-05-16T05:43:46.202392+00:00
[2025-05-16T06:43:46.207+0100] {processor.py:179} INFO - Processing /Users/saber/airflow_project/airflow_venv/lib/python3.10/site-packages/airflow/example_dags/example_latest_only.py took 0.061 seconds
[2025-05-16T06:44:43.400+0100] {processor.py:157} INFO - Started process (PID=9130) to work on /Users/saber/airflow_project/airflow_venv/lib/python3.10/site-packages/airflow/example_dags/example_latest_only.py
[2025-05-16T06:44:43.401+0100] {processor.py:829} INFO - Processing file /Users/saber/airflow_project/airflow_venv/lib/python3.10/site-packages/airflow/example_dags/example_latest_only.py for tasks to queue
[2025-05-16T06:44:43.401+0100] {logging_mixin.py:154} INFO - [2025-05-16T06:44:43.401+0100] {dagbag.py:536} INFO - Filling up the DagBag from /Users/saber/airflow_project/airflow_venv/lib/python3.10/site-packages/airflow/example_dags/example_latest_only.py
[2025-05-16T06:44:43.409+0100] {processor.py:839} INFO - DAG(s) dict_keys(['latest_only']) retrieved from /Users/saber/airflow_project/airflow_venv/lib/python3.10/site-packages/airflow/example_dags/example_latest_only.py
[2025-05-16T06:44:43.456+0100] {logging_mixin.py:154} INFO - [2025-05-16T06:44:43.455+0100] {dag.py:2941} INFO - Sync 1 DAGs
[2025-05-16T06:44:43.460+0100] {logging_mixin.py:154} INFO - [2025-05-16T06:44:43.460+0100] {dag.py:3722} INFO - Setting next_dagrun for latest_only to 2025-05-16T01:44:43.460687+00:00, run_after=2025-05-16T05:44:43.460687+00:00
[2025-05-16T06:44:43.465+0100] {processor.py:179} INFO - Processing /Users/saber/airflow_project/airflow_venv/lib/python3.10/site-packages/airflow/example_dags/example_latest_only.py took 0.065 seconds
[2025-05-16T06:45:41.291+0100] {processor.py:157} INFO - Started process (PID=9196) to work on /Users/saber/airflow_project/airflow_venv/lib/python3.10/site-packages/airflow/example_dags/example_latest_only.py
[2025-05-16T06:45:41.291+0100] {processor.py:829} INFO - Processing file /Users/saber/airflow_project/airflow_venv/lib/python3.10/site-packages/airflow/example_dags/example_latest_only.py for tasks to queue
[2025-05-16T06:45:41.292+0100] {logging_mixin.py:154} INFO - [2025-05-16T06:45:41.292+0100] {dagbag.py:536} INFO - Filling up the DagBag from /Users/saber/airflow_project/airflow_venv/lib/python3.10/site-packages/airflow/example_dags/example_latest_only.py
[2025-05-16T06:45:41.298+0100] {processor.py:839} INFO - DAG(s) dict_keys(['latest_only']) retrieved from /Users/saber/airflow_project/airflow_venv/lib/python3.10/site-packages/airflow/example_dags/example_latest_only.py
[2025-05-16T06:45:41.343+0100] {logging_mixin.py:154} INFO - [2025-05-16T06:45:41.343+0100] {dag.py:2941} INFO - Sync 1 DAGs
[2025-05-16T06:45:41.347+0100] {logging_mixin.py:154} INFO - [2025-05-16T06:45:41.347+0100] {dag.py:3722} INFO - Setting next_dagrun for latest_only to 2025-05-16T01:45:41.347865+00:00, run_after=2025-05-16T05:45:41.347865+00:00
[2025-05-16T06:45:41.352+0100] {processor.py:179} INFO - Processing /Users/saber/airflow_project/airflow_venv/lib/python3.10/site-packages/airflow/example_dags/example_latest_only.py took 0.061 seconds
[2025-05-16T06:46:41.025+0100] {processor.py:157} INFO - Started process (PID=9247) to work on /Users/saber/airflow_project/airflow_venv/lib/python3.10/site-packages/airflow/example_dags/example_latest_only.py
[2025-05-16T06:46:41.025+0100] {processor.py:829} INFO - Processing file /Users/saber/airflow_project/airflow_venv/lib/python3.10/site-packages/airflow/example_dags/example_latest_only.py for tasks to queue
[2025-05-16T06:46:41.025+0100] {logging_mixin.py:154} INFO - [2025-05-16T06:46:41.025+0100] {dagbag.py:536} INFO - Filling up the DagBag from /Users/saber/airflow_project/airflow_venv/lib/python3.10/site-packages/airflow/example_dags/example_latest_only.py
[2025-05-16T06:46:41.032+0100] {processor.py:839} INFO - DAG(s) dict_keys(['latest_only']) retrieved from /Users/saber/airflow_project/airflow_venv/lib/python3.10/site-packages/airflow/example_dags/example_latest_only.py
[2025-05-16T06:46:41.077+0100] {logging_mixin.py:154} INFO - [2025-05-16T06:46:41.077+0100] {dag.py:2941} INFO - Sync 1 DAGs
[2025-05-16T06:46:41.082+0100] {logging_mixin.py:154} INFO - [2025-05-16T06:46:41.082+0100] {dag.py:3722} INFO - Setting next_dagrun for latest_only to 2025-05-16T01:46:41.082407+00:00, run_after=2025-05-16T05:46:41.082407+00:00
[2025-05-16T06:46:41.087+0100] {processor.py:179} INFO - Processing /Users/saber/airflow_project/airflow_venv/lib/python3.10/site-packages/airflow/example_dags/example_latest_only.py took 0.062 seconds
[2025-05-16T06:47:39.176+0100] {processor.py:157} INFO - Started process (PID=9296) to work on /Users/saber/airflow_project/airflow_venv/lib/python3.10/site-packages/airflow/example_dags/example_latest_only.py
[2025-05-16T06:47:39.176+0100] {processor.py:829} INFO - Processing file /Users/saber/airflow_project/airflow_venv/lib/python3.10/site-packages/airflow/example_dags/example_latest_only.py for tasks to queue
[2025-05-16T06:47:39.177+0100] {logging_mixin.py:154} INFO - [2025-05-16T06:47:39.177+0100] {dagbag.py:536} INFO - Filling up the DagBag from /Users/saber/airflow_project/airflow_venv/lib/python3.10/site-packages/airflow/example_dags/example_latest_only.py
[2025-05-16T06:47:39.184+0100] {processor.py:839} INFO - DAG(s) dict_keys(['latest_only']) retrieved from /Users/saber/airflow_project/airflow_venv/lib/python3.10/site-packages/airflow/example_dags/example_latest_only.py
[2025-05-16T06:47:39.229+0100] {logging_mixin.py:154} INFO - [2025-05-16T06:47:39.229+0100] {dag.py:2941} INFO - Sync 1 DAGs
[2025-05-16T06:47:39.234+0100] {logging_mixin.py:154} INFO - [2025-05-16T06:47:39.234+0100] {dag.py:3722} INFO - Setting next_dagrun for latest_only to 2025-05-16T01:47:39.234159+00:00, run_after=2025-05-16T05:47:39.234159+00:00
[2025-05-16T06:47:39.238+0100] {processor.py:179} INFO - Processing /Users/saber/airflow_project/airflow_venv/lib/python3.10/site-packages/airflow/example_dags/example_latest_only.py took 0.063 seconds
[2025-05-16T06:48:35.846+0100] {processor.py:157} INFO - Started process (PID=9345) to work on /Users/saber/airflow_project/airflow_venv/lib/python3.10/site-packages/airflow/example_dags/example_latest_only.py
[2025-05-16T06:48:35.846+0100] {processor.py:829} INFO - Processing file /Users/saber/airflow_project/airflow_venv/lib/python3.10/site-packages/airflow/example_dags/example_latest_only.py for tasks to queue
[2025-05-16T06:48:35.847+0100] {logging_mixin.py:154} INFO - [2025-05-16T06:48:35.847+0100] {dagbag.py:536} INFO - Filling up the DagBag from /Users/saber/airflow_project/airflow_venv/lib/python3.10/site-packages/airflow/example_dags/example_latest_only.py
[2025-05-16T06:48:35.853+0100] {processor.py:839} INFO - DAG(s) dict_keys(['latest_only']) retrieved from /Users/saber/airflow_project/airflow_venv/lib/python3.10/site-packages/airflow/example_dags/example_latest_only.py
[2025-05-16T06:48:35.897+0100] {logging_mixin.py:154} INFO - [2025-05-16T06:48:35.897+0100] {dag.py:2941} INFO - Sync 1 DAGs
[2025-05-16T06:48:35.902+0100] {logging_mixin.py:154} INFO - [2025-05-16T06:48:35.902+0100] {dag.py:3722} INFO - Setting next_dagrun for latest_only to 2025-05-16T01:48:35.902043+00:00, run_after=2025-05-16T05:48:35.902043+00:00
[2025-05-16T06:48:35.906+0100] {processor.py:179} INFO - Processing /Users/saber/airflow_project/airflow_venv/lib/python3.10/site-packages/airflow/example_dags/example_latest_only.py took 0.061 seconds
[2025-05-16T06:49:35.024+0100] {processor.py:157} INFO - Started process (PID=9396) to work on /Users/saber/airflow_project/airflow_venv/lib/python3.10/site-packages/airflow/example_dags/example_latest_only.py
[2025-05-16T06:49:35.024+0100] {processor.py:829} INFO - Processing file /Users/saber/airflow_project/airflow_venv/lib/python3.10/site-packages/airflow/example_dags/example_latest_only.py for tasks to queue
[2025-05-16T06:49:35.024+0100] {logging_mixin.py:154} INFO - [2025-05-16T06:49:35.024+0100] {dagbag.py:536} INFO - Filling up the DagBag from /Users/saber/airflow_project/airflow_venv/lib/python3.10/site-packages/airflow/example_dags/example_latest_only.py
[2025-05-16T06:49:35.031+0100] {processor.py:839} INFO - DAG(s) dict_keys(['latest_only']) retrieved from /Users/saber/airflow_project/airflow_venv/lib/python3.10/site-packages/airflow/example_dags/example_latest_only.py
[2025-05-16T06:49:35.076+0100] {logging_mixin.py:154} INFO - [2025-05-16T06:49:35.076+0100] {dag.py:2941} INFO - Sync 1 DAGs
[2025-05-16T06:49:35.081+0100] {logging_mixin.py:154} INFO - [2025-05-16T06:49:35.081+0100] {dag.py:3722} INFO - Setting next_dagrun for latest_only to 2025-05-16T01:49:35.081336+00:00, run_after=2025-05-16T05:49:35.081336+00:00
[2025-05-16T06:49:35.086+0100] {processor.py:179} INFO - Processing /Users/saber/airflow_project/airflow_venv/lib/python3.10/site-packages/airflow/example_dags/example_latest_only.py took 0.062 seconds
[2025-05-16T06:50:34.792+0100] {processor.py:157} INFO - Started process (PID=9453) to work on /Users/saber/airflow_project/airflow_venv/lib/python3.10/site-packages/airflow/example_dags/example_latest_only.py
[2025-05-16T06:50:34.793+0100] {processor.py:829} INFO - Processing file /Users/saber/airflow_project/airflow_venv/lib/python3.10/site-packages/airflow/example_dags/example_latest_only.py for tasks to queue
[2025-05-16T06:50:34.793+0100] {logging_mixin.py:154} INFO - [2025-05-16T06:50:34.793+0100] {dagbag.py:536} INFO - Filling up the DagBag from /Users/saber/airflow_project/airflow_venv/lib/python3.10/site-packages/airflow/example_dags/example_latest_only.py
[2025-05-16T06:50:34.800+0100] {processor.py:839} INFO - DAG(s) dict_keys(['latest_only']) retrieved from /Users/saber/airflow_project/airflow_venv/lib/python3.10/site-packages/airflow/example_dags/example_latest_only.py
[2025-05-16T06:50:34.843+0100] {logging_mixin.py:154} INFO - [2025-05-16T06:50:34.843+0100] {dag.py:2941} INFO - Sync 1 DAGs
[2025-05-16T06:50:34.847+0100] {logging_mixin.py:154} INFO - [2025-05-16T06:50:34.847+0100] {dag.py:3722} INFO - Setting next_dagrun for latest_only to 2025-05-16T01:50:34.847610+00:00, run_after=2025-05-16T05:50:34.847610+00:00
[2025-05-16T06:50:34.852+0100] {processor.py:179} INFO - Processing /Users/saber/airflow_project/airflow_venv/lib/python3.10/site-packages/airflow/example_dags/example_latest_only.py took 0.060 seconds
[2025-05-16T06:51:33.506+0100] {processor.py:157} INFO - Started process (PID=9502) to work on /Users/saber/airflow_project/airflow_venv/lib/python3.10/site-packages/airflow/example_dags/example_latest_only.py
[2025-05-16T06:51:33.506+0100] {processor.py:829} INFO - Processing file /Users/saber/airflow_project/airflow_venv/lib/python3.10/site-packages/airflow/example_dags/example_latest_only.py for tasks to queue
[2025-05-16T06:51:33.506+0100] {logging_mixin.py:154} INFO - [2025-05-16T06:51:33.506+0100] {dagbag.py:536} INFO - Filling up the DagBag from /Users/saber/airflow_project/airflow_venv/lib/python3.10/site-packages/airflow/example_dags/example_latest_only.py
[2025-05-16T06:51:33.513+0100] {processor.py:839} INFO - DAG(s) dict_keys(['latest_only']) retrieved from /Users/saber/airflow_project/airflow_venv/lib/python3.10/site-packages/airflow/example_dags/example_latest_only.py
[2025-05-16T06:51:33.558+0100] {logging_mixin.py:154} INFO - [2025-05-16T06:51:33.558+0100] {dag.py:2941} INFO - Sync 1 DAGs
[2025-05-16T06:51:33.563+0100] {logging_mixin.py:154} INFO - [2025-05-16T06:51:33.563+0100] {dag.py:3722} INFO - Setting next_dagrun for latest_only to 2025-05-16T01:51:33.563223+00:00, run_after=2025-05-16T05:51:33.563223+00:00
[2025-05-16T06:51:33.568+0100] {processor.py:179} INFO - Processing /Users/saber/airflow_project/airflow_venv/lib/python3.10/site-packages/airflow/example_dags/example_latest_only.py took 0.062 seconds
