[2025-05-16T06:37:47.056+0100] {processor.py:157} INFO - Started process (PID=8749) to work on /Users/saber/airflow_project/airflow_venv/lib/python3.10/site-packages/airflow/example_dags/example_python_operator.py
[2025-05-16T06:37:47.056+0100] {processor.py:829} INFO - Processing file /Users/saber/airflow_project/airflow_venv/lib/python3.10/site-packages/airflow/example_dags/example_python_operator.py for tasks to queue
[2025-05-16T06:37:47.057+0100] {logging_mixin.py:154} INFO - [2025-05-16T06:37:47.057+0100] {dagbag.py:536} INFO - Filling up the DagBag from /Users/saber/airflow_project/airflow_venv/lib/python3.10/site-packages/airflow/example_dags/example_python_operator.py
[2025-05-16T06:37:47.072+0100] {processor.py:839} INFO - DAG(s) dict_keys(['example_python_operator']) retrieved from /Users/saber/airflow_project/airflow_venv/lib/python3.10/site-packages/airflow/example_dags/example_python_operator.py
[2025-05-16T06:37:47.222+0100] {logging_mixin.py:154} INFO - [2025-05-16T06:37:47.222+0100] {manager.py:499} INFO - Created Permission View: %s
[2025-05-16T06:37:47.224+0100] {logging_mixin.py:154} INFO - [2025-05-16T06:37:47.224+0100] {manager.py:499} INFO - Created Permission View: %s
[2025-05-16T06:37:47.225+0100] {logging_mixin.py:154} INFO - [2025-05-16T06:37:47.225+0100] {manager.py:499} INFO - Created Permission View: %s
[2025-05-16T06:37:47.225+0100] {logging_mixin.py:154} INFO - [2025-05-16T06:37:47.225+0100] {dag.py:2941} INFO - Sync 1 DAGs
[2025-05-16T06:37:47.227+0100] {logging_mixin.py:154} INFO - [2025-05-16T06:37:47.227+0100] {dag.py:2963} INFO - Creating ORM DAG for example_python_operator
[2025-05-16T06:37:47.228+0100] {logging_mixin.py:154} INFO - [2025-05-16T06:37:47.228+0100] {dag.py:3722} INFO - Setting next_dagrun for example_python_operator to None, run_after=None
[2025-05-16T06:37:47.231+0100] {processor.py:179} INFO - Processing /Users/saber/airflow_project/airflow_venv/lib/python3.10/site-packages/airflow/example_dags/example_python_operator.py took 0.176 seconds
[2025-05-16T06:38:46.667+0100] {processor.py:157} INFO - Started process (PID=8805) to work on /Users/saber/airflow_project/airflow_venv/lib/python3.10/site-packages/airflow/example_dags/example_python_operator.py
[2025-05-16T06:38:46.668+0100] {processor.py:829} INFO - Processing file /Users/saber/airflow_project/airflow_venv/lib/python3.10/site-packages/airflow/example_dags/example_python_operator.py for tasks to queue
[2025-05-16T06:38:46.668+0100] {logging_mixin.py:154} INFO - [2025-05-16T06:38:46.668+0100] {dagbag.py:536} INFO - Filling up the DagBag from /Users/saber/airflow_project/airflow_venv/lib/python3.10/site-packages/airflow/example_dags/example_python_operator.py
[2025-05-16T06:38:46.683+0100] {processor.py:839} INFO - DAG(s) dict_keys(['example_python_operator']) retrieved from /Users/saber/airflow_project/airflow_venv/lib/python3.10/site-packages/airflow/example_dags/example_python_operator.py
[2025-05-16T06:38:46.830+0100] {logging_mixin.py:154} INFO - [2025-05-16T06:38:46.830+0100] {dag.py:2941} INFO - Sync 1 DAGs
[2025-05-16T06:38:46.832+0100] {logging_mixin.py:154} INFO - [2025-05-16T06:38:46.832+0100] {dag.py:3722} INFO - Setting next_dagrun for example_python_operator to None, run_after=None
[2025-05-16T06:38:46.837+0100] {processor.py:179} INFO - Processing /Users/saber/airflow_project/airflow_venv/lib/python3.10/site-packages/airflow/example_dags/example_python_operator.py took 0.170 seconds
[2025-05-16T06:39:43.838+0100] {processor.py:157} INFO - Started process (PID=8852) to work on /Users/saber/airflow_project/airflow_venv/lib/python3.10/site-packages/airflow/example_dags/example_python_operator.py
[2025-05-16T06:39:43.838+0100] {processor.py:829} INFO - Processing file /Users/saber/airflow_project/airflow_venv/lib/python3.10/site-packages/airflow/example_dags/example_python_operator.py for tasks to queue
[2025-05-16T06:39:43.839+0100] {logging_mixin.py:154} INFO - [2025-05-16T06:39:43.839+0100] {dagbag.py:536} INFO - Filling up the DagBag from /Users/saber/airflow_project/airflow_venv/lib/python3.10/site-packages/airflow/example_dags/example_python_operator.py
[2025-05-16T06:39:43.854+0100] {processor.py:839} INFO - DAG(s) dict_keys(['example_python_operator']) retrieved from /Users/saber/airflow_project/airflow_venv/lib/python3.10/site-packages/airflow/example_dags/example_python_operator.py
[2025-05-16T06:39:44.004+0100] {logging_mixin.py:154} INFO - [2025-05-16T06:39:44.004+0100] {dag.py:2941} INFO - Sync 1 DAGs
[2025-05-16T06:39:44.006+0100] {logging_mixin.py:154} INFO - [2025-05-16T06:39:44.006+0100] {dag.py:3722} INFO - Setting next_dagrun for example_python_operator to None, run_after=None
[2025-05-16T06:39:44.011+0100] {processor.py:179} INFO - Processing /Users/saber/airflow_project/airflow_venv/lib/python3.10/site-packages/airflow/example_dags/example_python_operator.py took 0.174 seconds
[2025-05-16T06:40:43.015+0100] {processor.py:157} INFO - Started process (PID=8916) to work on /Users/saber/airflow_project/airflow_venv/lib/python3.10/site-packages/airflow/example_dags/example_python_operator.py
[2025-05-16T06:40:43.015+0100] {processor.py:829} INFO - Processing file /Users/saber/airflow_project/airflow_venv/lib/python3.10/site-packages/airflow/example_dags/example_python_operator.py for tasks to queue
[2025-05-16T06:40:43.016+0100] {logging_mixin.py:154} INFO - [2025-05-16T06:40:43.016+0100] {dagbag.py:536} INFO - Filling up the DagBag from /Users/saber/airflow_project/airflow_venv/lib/python3.10/site-packages/airflow/example_dags/example_python_operator.py
[2025-05-16T06:40:43.031+0100] {processor.py:839} INFO - DAG(s) dict_keys(['example_python_operator']) retrieved from /Users/saber/airflow_project/airflow_venv/lib/python3.10/site-packages/airflow/example_dags/example_python_operator.py
[2025-05-16T06:40:43.178+0100] {logging_mixin.py:154} INFO - [2025-05-16T06:40:43.178+0100] {dag.py:2941} INFO - Sync 1 DAGs
[2025-05-16T06:40:43.180+0100] {logging_mixin.py:154} INFO - [2025-05-16T06:40:43.180+0100] {dag.py:3722} INFO - Setting next_dagrun for example_python_operator to None, run_after=None
[2025-05-16T06:40:43.185+0100] {processor.py:179} INFO - Processing /Users/saber/airflow_project/airflow_venv/lib/python3.10/site-packages/airflow/example_dags/example_python_operator.py took 0.170 seconds
[2025-05-16T06:41:43.107+0100] {processor.py:157} INFO - Started process (PID=8967) to work on /Users/saber/airflow_project/airflow_venv/lib/python3.10/site-packages/airflow/example_dags/example_python_operator.py
[2025-05-16T06:41:43.108+0100] {processor.py:829} INFO - Processing file /Users/saber/airflow_project/airflow_venv/lib/python3.10/site-packages/airflow/example_dags/example_python_operator.py for tasks to queue
[2025-05-16T06:41:43.108+0100] {logging_mixin.py:154} INFO - [2025-05-16T06:41:43.108+0100] {dagbag.py:536} INFO - Filling up the DagBag from /Users/saber/airflow_project/airflow_venv/lib/python3.10/site-packages/airflow/example_dags/example_python_operator.py
[2025-05-16T06:41:43.124+0100] {processor.py:839} INFO - DAG(s) dict_keys(['example_python_operator']) retrieved from /Users/saber/airflow_project/airflow_venv/lib/python3.10/site-packages/airflow/example_dags/example_python_operator.py
[2025-05-16T06:41:43.281+0100] {logging_mixin.py:154} INFO - [2025-05-16T06:41:43.281+0100] {dag.py:2941} INFO - Sync 1 DAGs
[2025-05-16T06:41:43.284+0100] {logging_mixin.py:154} INFO - [2025-05-16T06:41:43.284+0100] {dag.py:3722} INFO - Setting next_dagrun for example_python_operator to None, run_after=None
[2025-05-16T06:41:43.289+0100] {processor.py:179} INFO - Processing /Users/saber/airflow_project/airflow_venv/lib/python3.10/site-packages/airflow/example_dags/example_python_operator.py took 0.181 seconds
[2025-05-16T06:42:42.094+0100] {processor.py:157} INFO - Started process (PID=9019) to work on /Users/saber/airflow_project/airflow_venv/lib/python3.10/site-packages/airflow/example_dags/example_python_operator.py
[2025-05-16T06:42:42.095+0100] {processor.py:829} INFO - Processing file /Users/saber/airflow_project/airflow_venv/lib/python3.10/site-packages/airflow/example_dags/example_python_operator.py for tasks to queue
[2025-05-16T06:42:42.096+0100] {logging_mixin.py:154} INFO - [2025-05-16T06:42:42.095+0100] {dagbag.py:536} INFO - Filling up the DagBag from /Users/saber/airflow_project/airflow_venv/lib/python3.10/site-packages/airflow/example_dags/example_python_operator.py
[2025-05-16T06:42:42.114+0100] {processor.py:839} INFO - DAG(s) dict_keys(['example_python_operator']) retrieved from /Users/saber/airflow_project/airflow_venv/lib/python3.10/site-packages/airflow/example_dags/example_python_operator.py
[2025-05-16T06:42:42.280+0100] {logging_mixin.py:154} INFO - [2025-05-16T06:42:42.279+0100] {dag.py:2941} INFO - Sync 1 DAGs
[2025-05-16T06:42:42.282+0100] {logging_mixin.py:154} INFO - [2025-05-16T06:42:42.282+0100] {dag.py:3722} INFO - Setting next_dagrun for example_python_operator to None, run_after=None
[2025-05-16T06:42:42.287+0100] {processor.py:179} INFO - Processing /Users/saber/airflow_project/airflow_venv/lib/python3.10/site-packages/airflow/example_dags/example_python_operator.py took 0.193 seconds
[2025-05-16T06:43:37.650+0100] {processor.py:157} INFO - Started process (PID=9066) to work on /Users/saber/airflow_project/airflow_venv/lib/python3.10/site-packages/airflow/example_dags/example_python_operator.py
[2025-05-16T06:43:37.651+0100] {processor.py:829} INFO - Processing file /Users/saber/airflow_project/airflow_venv/lib/python3.10/site-packages/airflow/example_dags/example_python_operator.py for tasks to queue
[2025-05-16T06:43:37.651+0100] {logging_mixin.py:154} INFO - [2025-05-16T06:43:37.651+0100] {dagbag.py:536} INFO - Filling up the DagBag from /Users/saber/airflow_project/airflow_venv/lib/python3.10/site-packages/airflow/example_dags/example_python_operator.py
[2025-05-16T06:43:37.666+0100] {processor.py:839} INFO - DAG(s) dict_keys(['example_python_operator']) retrieved from /Users/saber/airflow_project/airflow_venv/lib/python3.10/site-packages/airflow/example_dags/example_python_operator.py
[2025-05-16T06:43:37.820+0100] {logging_mixin.py:154} INFO - [2025-05-16T06:43:37.820+0100] {dag.py:2941} INFO - Sync 1 DAGs
[2025-05-16T06:43:37.822+0100] {logging_mixin.py:154} INFO - [2025-05-16T06:43:37.822+0100] {dag.py:3722} INFO - Setting next_dagrun for example_python_operator to None, run_after=None
[2025-05-16T06:43:37.827+0100] {processor.py:179} INFO - Processing /Users/saber/airflow_project/airflow_venv/lib/python3.10/site-packages/airflow/example_dags/example_python_operator.py took 0.177 seconds
[2025-05-16T06:44:35.383+0100] {processor.py:157} INFO - Started process (PID=9123) to work on /Users/saber/airflow_project/airflow_venv/lib/python3.10/site-packages/airflow/example_dags/example_python_operator.py
[2025-05-16T06:44:35.384+0100] {processor.py:829} INFO - Processing file /Users/saber/airflow_project/airflow_venv/lib/python3.10/site-packages/airflow/example_dags/example_python_operator.py for tasks to queue
[2025-05-16T06:44:35.384+0100] {logging_mixin.py:154} INFO - [2025-05-16T06:44:35.384+0100] {dagbag.py:536} INFO - Filling up the DagBag from /Users/saber/airflow_project/airflow_venv/lib/python3.10/site-packages/airflow/example_dags/example_python_operator.py
[2025-05-16T06:44:35.399+0100] {processor.py:839} INFO - DAG(s) dict_keys(['example_python_operator']) retrieved from /Users/saber/airflow_project/airflow_venv/lib/python3.10/site-packages/airflow/example_dags/example_python_operator.py
[2025-05-16T06:44:35.547+0100] {logging_mixin.py:154} INFO - [2025-05-16T06:44:35.547+0100] {dag.py:2941} INFO - Sync 1 DAGs
[2025-05-16T06:44:35.550+0100] {logging_mixin.py:154} INFO - [2025-05-16T06:44:35.550+0100] {dag.py:3722} INFO - Setting next_dagrun for example_python_operator to None, run_after=None
[2025-05-16T06:44:35.555+0100] {processor.py:179} INFO - Processing /Users/saber/airflow_project/airflow_venv/lib/python3.10/site-packages/airflow/example_dags/example_python_operator.py took 0.171 seconds
[2025-05-16T06:45:32.256+0100] {processor.py:157} INFO - Started process (PID=9187) to work on /Users/saber/airflow_project/airflow_venv/lib/python3.10/site-packages/airflow/example_dags/example_python_operator.py
[2025-05-16T06:45:32.256+0100] {processor.py:829} INFO - Processing file /Users/saber/airflow_project/airflow_venv/lib/python3.10/site-packages/airflow/example_dags/example_python_operator.py for tasks to queue
[2025-05-16T06:45:32.257+0100] {logging_mixin.py:154} INFO - [2025-05-16T06:45:32.257+0100] {dagbag.py:536} INFO - Filling up the DagBag from /Users/saber/airflow_project/airflow_venv/lib/python3.10/site-packages/airflow/example_dags/example_python_operator.py
[2025-05-16T06:45:32.272+0100] {processor.py:839} INFO - DAG(s) dict_keys(['example_python_operator']) retrieved from /Users/saber/airflow_project/airflow_venv/lib/python3.10/site-packages/airflow/example_dags/example_python_operator.py
[2025-05-16T06:45:32.420+0100] {logging_mixin.py:154} INFO - [2025-05-16T06:45:32.420+0100] {dag.py:2941} INFO - Sync 1 DAGs
[2025-05-16T06:45:32.422+0100] {logging_mixin.py:154} INFO - [2025-05-16T06:45:32.422+0100] {dag.py:3722} INFO - Setting next_dagrun for example_python_operator to None, run_after=None
[2025-05-16T06:45:32.427+0100] {processor.py:179} INFO - Processing /Users/saber/airflow_project/airflow_venv/lib/python3.10/site-packages/airflow/example_dags/example_python_operator.py took 0.172 seconds
[2025-05-16T06:46:31.540+0100] {processor.py:157} INFO - Started process (PID=9238) to work on /Users/saber/airflow_project/airflow_venv/lib/python3.10/site-packages/airflow/example_dags/example_python_operator.py
[2025-05-16T06:46:31.540+0100] {processor.py:829} INFO - Processing file /Users/saber/airflow_project/airflow_venv/lib/python3.10/site-packages/airflow/example_dags/example_python_operator.py for tasks to queue
[2025-05-16T06:46:31.541+0100] {logging_mixin.py:154} INFO - [2025-05-16T06:46:31.541+0100] {dagbag.py:536} INFO - Filling up the DagBag from /Users/saber/airflow_project/airflow_venv/lib/python3.10/site-packages/airflow/example_dags/example_python_operator.py
[2025-05-16T06:46:31.556+0100] {processor.py:839} INFO - DAG(s) dict_keys(['example_python_operator']) retrieved from /Users/saber/airflow_project/airflow_venv/lib/python3.10/site-packages/airflow/example_dags/example_python_operator.py
[2025-05-16T06:46:31.712+0100] {logging_mixin.py:154} INFO - [2025-05-16T06:46:31.712+0100] {dag.py:2941} INFO - Sync 1 DAGs
[2025-05-16T06:46:31.714+0100] {logging_mixin.py:154} INFO - [2025-05-16T06:46:31.714+0100] {dag.py:3722} INFO - Setting next_dagrun for example_python_operator to None, run_after=None
[2025-05-16T06:46:31.719+0100] {processor.py:179} INFO - Processing /Users/saber/airflow_project/airflow_venv/lib/python3.10/site-packages/airflow/example_dags/example_python_operator.py took 0.179 seconds
[2025-05-16T06:47:30.045+0100] {processor.py:157} INFO - Started process (PID=9288) to work on /Users/saber/airflow_project/airflow_venv/lib/python3.10/site-packages/airflow/example_dags/example_python_operator.py
[2025-05-16T06:47:30.045+0100] {processor.py:829} INFO - Processing file /Users/saber/airflow_project/airflow_venv/lib/python3.10/site-packages/airflow/example_dags/example_python_operator.py for tasks to queue
[2025-05-16T06:47:30.046+0100] {logging_mixin.py:154} INFO - [2025-05-16T06:47:30.046+0100] {dagbag.py:536} INFO - Filling up the DagBag from /Users/saber/airflow_project/airflow_venv/lib/python3.10/site-packages/airflow/example_dags/example_python_operator.py
[2025-05-16T06:47:30.061+0100] {processor.py:839} INFO - DAG(s) dict_keys(['example_python_operator']) retrieved from /Users/saber/airflow_project/airflow_venv/lib/python3.10/site-packages/airflow/example_dags/example_python_operator.py
[2025-05-16T06:47:30.215+0100] {logging_mixin.py:154} INFO - [2025-05-16T06:47:30.215+0100] {dag.py:2941} INFO - Sync 1 DAGs
[2025-05-16T06:47:30.217+0100] {logging_mixin.py:154} INFO - [2025-05-16T06:47:30.217+0100] {dag.py:3722} INFO - Setting next_dagrun for example_python_operator to None, run_after=None
[2025-05-16T06:47:30.222+0100] {processor.py:179} INFO - Processing /Users/saber/airflow_project/airflow_venv/lib/python3.10/site-packages/airflow/example_dags/example_python_operator.py took 0.178 seconds
[2025-05-16T06:48:26.387+0100] {processor.py:157} INFO - Started process (PID=9335) to work on /Users/saber/airflow_project/airflow_venv/lib/python3.10/site-packages/airflow/example_dags/example_python_operator.py
[2025-05-16T06:48:26.387+0100] {processor.py:829} INFO - Processing file /Users/saber/airflow_project/airflow_venv/lib/python3.10/site-packages/airflow/example_dags/example_python_operator.py for tasks to queue
[2025-05-16T06:48:26.388+0100] {logging_mixin.py:154} INFO - [2025-05-16T06:48:26.388+0100] {dagbag.py:536} INFO - Filling up the DagBag from /Users/saber/airflow_project/airflow_venv/lib/python3.10/site-packages/airflow/example_dags/example_python_operator.py
[2025-05-16T06:48:26.402+0100] {processor.py:839} INFO - DAG(s) dict_keys(['example_python_operator']) retrieved from /Users/saber/airflow_project/airflow_venv/lib/python3.10/site-packages/airflow/example_dags/example_python_operator.py
[2025-05-16T06:48:26.549+0100] {logging_mixin.py:154} INFO - [2025-05-16T06:48:26.549+0100] {dag.py:2941} INFO - Sync 1 DAGs
[2025-05-16T06:48:26.551+0100] {logging_mixin.py:154} INFO - [2025-05-16T06:48:26.551+0100] {dag.py:3722} INFO - Setting next_dagrun for example_python_operator to None, run_after=None
[2025-05-16T06:48:26.556+0100] {processor.py:179} INFO - Processing /Users/saber/airflow_project/airflow_venv/lib/python3.10/site-packages/airflow/example_dags/example_python_operator.py took 0.169 seconds
[2025-05-16T06:49:27.215+0100] {processor.py:157} INFO - Started process (PID=9388) to work on /Users/saber/airflow_project/airflow_venv/lib/python3.10/site-packages/airflow/example_dags/example_python_operator.py
[2025-05-16T06:49:27.215+0100] {processor.py:829} INFO - Processing file /Users/saber/airflow_project/airflow_venv/lib/python3.10/site-packages/airflow/example_dags/example_python_operator.py for tasks to queue
[2025-05-16T06:49:27.216+0100] {logging_mixin.py:154} INFO - [2025-05-16T06:49:27.216+0100] {dagbag.py:536} INFO - Filling up the DagBag from /Users/saber/airflow_project/airflow_venv/lib/python3.10/site-packages/airflow/example_dags/example_python_operator.py
[2025-05-16T06:49:27.233+0100] {processor.py:839} INFO - DAG(s) dict_keys(['example_python_operator']) retrieved from /Users/saber/airflow_project/airflow_venv/lib/python3.10/site-packages/airflow/example_dags/example_python_operator.py
[2025-05-16T06:49:27.399+0100] {logging_mixin.py:154} INFO - [2025-05-16T06:49:27.398+0100] {dag.py:2941} INFO - Sync 1 DAGs
[2025-05-16T06:49:27.401+0100] {logging_mixin.py:154} INFO - [2025-05-16T06:49:27.401+0100] {dag.py:3722} INFO - Setting next_dagrun for example_python_operator to None, run_after=None
[2025-05-16T06:49:27.407+0100] {processor.py:179} INFO - Processing /Users/saber/airflow_project/airflow_venv/lib/python3.10/site-packages/airflow/example_dags/example_python_operator.py took 0.192 seconds
[2025-05-16T06:50:25.834+0100] {processor.py:157} INFO - Started process (PID=9445) to work on /Users/saber/airflow_project/airflow_venv/lib/python3.10/site-packages/airflow/example_dags/example_python_operator.py
[2025-05-16T06:50:25.834+0100] {processor.py:829} INFO - Processing file /Users/saber/airflow_project/airflow_venv/lib/python3.10/site-packages/airflow/example_dags/example_python_operator.py for tasks to queue
[2025-05-16T06:50:25.835+0100] {logging_mixin.py:154} INFO - [2025-05-16T06:50:25.835+0100] {dagbag.py:536} INFO - Filling up the DagBag from /Users/saber/airflow_project/airflow_venv/lib/python3.10/site-packages/airflow/example_dags/example_python_operator.py
[2025-05-16T06:50:25.850+0100] {processor.py:839} INFO - DAG(s) dict_keys(['example_python_operator']) retrieved from /Users/saber/airflow_project/airflow_venv/lib/python3.10/site-packages/airflow/example_dags/example_python_operator.py
[2025-05-16T06:50:26.006+0100] {logging_mixin.py:154} INFO - [2025-05-16T06:50:26.006+0100] {dag.py:2941} INFO - Sync 1 DAGs
[2025-05-16T06:50:26.008+0100] {logging_mixin.py:154} INFO - [2025-05-16T06:50:26.008+0100] {dag.py:3722} INFO - Setting next_dagrun for example_python_operator to None, run_after=None
[2025-05-16T06:50:26.013+0100] {processor.py:179} INFO - Processing /Users/saber/airflow_project/airflow_venv/lib/python3.10/site-packages/airflow/example_dags/example_python_operator.py took 0.179 seconds
[2025-05-16T06:51:24.017+0100] {processor.py:157} INFO - Started process (PID=9494) to work on /Users/saber/airflow_project/airflow_venv/lib/python3.10/site-packages/airflow/example_dags/example_python_operator.py
[2025-05-16T06:51:24.018+0100] {processor.py:829} INFO - Processing file /Users/saber/airflow_project/airflow_venv/lib/python3.10/site-packages/airflow/example_dags/example_python_operator.py for tasks to queue
[2025-05-16T06:51:24.018+0100] {logging_mixin.py:154} INFO - [2025-05-16T06:51:24.018+0100] {dagbag.py:536} INFO - Filling up the DagBag from /Users/saber/airflow_project/airflow_venv/lib/python3.10/site-packages/airflow/example_dags/example_python_operator.py
[2025-05-16T06:51:24.033+0100] {processor.py:839} INFO - DAG(s) dict_keys(['example_python_operator']) retrieved from /Users/saber/airflow_project/airflow_venv/lib/python3.10/site-packages/airflow/example_dags/example_python_operator.py
[2025-05-16T06:51:24.183+0100] {logging_mixin.py:154} INFO - [2025-05-16T06:51:24.183+0100] {dag.py:2941} INFO - Sync 1 DAGs
[2025-05-16T06:51:24.185+0100] {logging_mixin.py:154} INFO - [2025-05-16T06:51:24.185+0100] {dag.py:3722} INFO - Setting next_dagrun for example_python_operator to None, run_after=None
[2025-05-16T06:51:24.190+0100] {processor.py:179} INFO - Processing /Users/saber/airflow_project/airflow_venv/lib/python3.10/site-packages/airflow/example_dags/example_python_operator.py took 0.172 seconds
