[2025-05-16T06:38:04.704+0100] {processor.py:157} INFO - Started process (PID=8763) to work on /Users/saber/airflow_project/airflow_venv/lib/python3.10/site-packages/airflow/example_dags/example_dag_decorator.py
[2025-05-16T06:38:04.704+0100] {processor.py:829} INFO - Processing file /Users/saber/airflow_project/airflow_venv/lib/python3.10/site-packages/airflow/example_dags/example_dag_decorator.py for tasks to queue
[2025-05-16T06:38:04.705+0100] {logging_mixin.py:154} INFO - [2025-05-16T06:38:04.705+0100] {dagbag.py:536} INFO - Filling up the DagBag from /Users/saber/airflow_project/airflow_venv/lib/python3.10/site-packages/airflow/example_dags/example_dag_decorator.py
[2025-05-16T06:38:04.761+0100] {processor.py:839} INFO - DAG(s) dict_keys(['example_dag_decorator']) retrieved from /Users/saber/airflow_project/airflow_venv/lib/python3.10/site-packages/airflow/example_dags/example_dag_decorator.py
[2025-05-16T06:38:04.893+0100] {logging_mixin.py:154} INFO - [2025-05-16T06:38:04.893+0100] {manager.py:499} INFO - Created Permission View: %s
[2025-05-16T06:38:04.895+0100] {logging_mixin.py:154} INFO - [2025-05-16T06:38:04.895+0100] {manager.py:499} INFO - Created Permission View: %s
[2025-05-16T06:38:04.897+0100] {logging_mixin.py:154} INFO - [2025-05-16T06:38:04.897+0100] {manager.py:499} INFO - Created Permission View: %s
[2025-05-16T06:38:04.897+0100] {logging_mixin.py:154} INFO - [2025-05-16T06:38:04.897+0100] {dag.py:2941} INFO - Sync 1 DAGs
[2025-05-16T06:38:04.900+0100] {logging_mixin.py:154} INFO - [2025-05-16T06:38:04.900+0100] {dag.py:2963} INFO - Creating ORM DAG for example_dag_decorator
[2025-05-16T06:38:04.900+0100] {logging_mixin.py:154} INFO - [2025-05-16T06:38:04.900+0100] {dag.py:3722} INFO - Setting next_dagrun for example_dag_decorator to None, run_after=None
[2025-05-16T06:38:04.904+0100] {processor.py:179} INFO - Processing /Users/saber/airflow_project/airflow_venv/lib/python3.10/site-packages/airflow/example_dags/example_dag_decorator.py took 0.200 seconds
[2025-05-16T06:39:03.170+0100] {processor.py:157} INFO - Started process (PID=8818) to work on /Users/saber/airflow_project/airflow_venv/lib/python3.10/site-packages/airflow/example_dags/example_dag_decorator.py
[2025-05-16T06:39:03.171+0100] {processor.py:829} INFO - Processing file /Users/saber/airflow_project/airflow_venv/lib/python3.10/site-packages/airflow/example_dags/example_dag_decorator.py for tasks to queue
[2025-05-16T06:39:03.171+0100] {logging_mixin.py:154} INFO - [2025-05-16T06:39:03.171+0100] {dagbag.py:536} INFO - Filling up the DagBag from /Users/saber/airflow_project/airflow_venv/lib/python3.10/site-packages/airflow/example_dags/example_dag_decorator.py
[2025-05-16T06:39:03.224+0100] {processor.py:839} INFO - DAG(s) dict_keys(['example_dag_decorator']) retrieved from /Users/saber/airflow_project/airflow_venv/lib/python3.10/site-packages/airflow/example_dags/example_dag_decorator.py
[2025-05-16T06:39:03.354+0100] {logging_mixin.py:154} INFO - [2025-05-16T06:39:03.354+0100] {dag.py:2941} INFO - Sync 1 DAGs
[2025-05-16T06:39:03.356+0100] {logging_mixin.py:154} INFO - [2025-05-16T06:39:03.356+0100] {dag.py:3722} INFO - Setting next_dagrun for example_dag_decorator to None, run_after=None
[2025-05-16T06:39:03.362+0100] {processor.py:179} INFO - Processing /Users/saber/airflow_project/airflow_venv/lib/python3.10/site-packages/airflow/example_dags/example_dag_decorator.py took 0.192 seconds
[2025-05-16T06:39:59.875+0100] {processor.py:157} INFO - Started process (PID=8882) to work on /Users/saber/airflow_project/airflow_venv/lib/python3.10/site-packages/airflow/example_dags/example_dag_decorator.py
[2025-05-16T06:39:59.875+0100] {processor.py:829} INFO - Processing file /Users/saber/airflow_project/airflow_venv/lib/python3.10/site-packages/airflow/example_dags/example_dag_decorator.py for tasks to queue
[2025-05-16T06:39:59.876+0100] {logging_mixin.py:154} INFO - [2025-05-16T06:39:59.876+0100] {dagbag.py:536} INFO - Filling up the DagBag from /Users/saber/airflow_project/airflow_venv/lib/python3.10/site-packages/airflow/example_dags/example_dag_decorator.py
[2025-05-16T06:39:59.930+0100] {processor.py:839} INFO - DAG(s) dict_keys(['example_dag_decorator']) retrieved from /Users/saber/airflow_project/airflow_venv/lib/python3.10/site-packages/airflow/example_dags/example_dag_decorator.py
[2025-05-16T06:40:00.070+0100] {logging_mixin.py:154} INFO - [2025-05-16T06:40:00.070+0100] {dag.py:2941} INFO - Sync 1 DAGs
[2025-05-16T06:40:00.072+0100] {logging_mixin.py:154} INFO - [2025-05-16T06:40:00.072+0100] {dag.py:3722} INFO - Setting next_dagrun for example_dag_decorator to None, run_after=None
[2025-05-16T06:40:00.077+0100] {processor.py:179} INFO - Processing /Users/saber/airflow_project/airflow_venv/lib/python3.10/site-packages/airflow/example_dags/example_dag_decorator.py took 0.203 seconds
[2025-05-16T06:41:00.381+0100] {processor.py:157} INFO - Started process (PID=8931) to work on /Users/saber/airflow_project/airflow_venv/lib/python3.10/site-packages/airflow/example_dags/example_dag_decorator.py
[2025-05-16T06:41:00.382+0100] {processor.py:829} INFO - Processing file /Users/saber/airflow_project/airflow_venv/lib/python3.10/site-packages/airflow/example_dags/example_dag_decorator.py for tasks to queue
[2025-05-16T06:41:00.382+0100] {logging_mixin.py:154} INFO - [2025-05-16T06:41:00.382+0100] {dagbag.py:536} INFO - Filling up the DagBag from /Users/saber/airflow_project/airflow_venv/lib/python3.10/site-packages/airflow/example_dags/example_dag_decorator.py
[2025-05-16T06:41:00.435+0100] {processor.py:839} INFO - DAG(s) dict_keys(['example_dag_decorator']) retrieved from /Users/saber/airflow_project/airflow_venv/lib/python3.10/site-packages/airflow/example_dags/example_dag_decorator.py
[2025-05-16T06:41:00.566+0100] {logging_mixin.py:154} INFO - [2025-05-16T06:41:00.566+0100] {dag.py:2941} INFO - Sync 1 DAGs
[2025-05-16T06:41:00.568+0100] {logging_mixin.py:154} INFO - [2025-05-16T06:41:00.568+0100] {dag.py:3722} INFO - Setting next_dagrun for example_dag_decorator to None, run_after=None
[2025-05-16T06:41:00.574+0100] {processor.py:179} INFO - Processing /Users/saber/airflow_project/airflow_venv/lib/python3.10/site-packages/airflow/example_dags/example_dag_decorator.py took 0.192 seconds
[2025-05-16T06:42:00.189+0100] {processor.py:157} INFO - Started process (PID=8984) to work on /Users/saber/airflow_project/airflow_venv/lib/python3.10/site-packages/airflow/example_dags/example_dag_decorator.py
[2025-05-16T06:42:00.189+0100] {processor.py:829} INFO - Processing file /Users/saber/airflow_project/airflow_venv/lib/python3.10/site-packages/airflow/example_dags/example_dag_decorator.py for tasks to queue
[2025-05-16T06:42:00.190+0100] {logging_mixin.py:154} INFO - [2025-05-16T06:42:00.190+0100] {dagbag.py:536} INFO - Filling up the DagBag from /Users/saber/airflow_project/airflow_venv/lib/python3.10/site-packages/airflow/example_dags/example_dag_decorator.py
[2025-05-16T06:42:00.244+0100] {processor.py:839} INFO - DAG(s) dict_keys(['example_dag_decorator']) retrieved from /Users/saber/airflow_project/airflow_venv/lib/python3.10/site-packages/airflow/example_dags/example_dag_decorator.py
[2025-05-16T06:42:00.376+0100] {logging_mixin.py:154} INFO - [2025-05-16T06:42:00.376+0100] {dag.py:2941} INFO - Sync 1 DAGs
[2025-05-16T06:42:00.378+0100] {logging_mixin.py:154} INFO - [2025-05-16T06:42:00.378+0100] {dag.py:3722} INFO - Setting next_dagrun for example_dag_decorator to None, run_after=None
[2025-05-16T06:42:00.383+0100] {processor.py:179} INFO - Processing /Users/saber/airflow_project/airflow_venv/lib/python3.10/site-packages/airflow/example_dags/example_dag_decorator.py took 0.195 seconds
[2025-05-16T06:42:58.080+0100] {processor.py:157} INFO - Started process (PID=9032) to work on /Users/saber/airflow_project/airflow_venv/lib/python3.10/site-packages/airflow/example_dags/example_dag_decorator.py
[2025-05-16T06:42:58.080+0100] {processor.py:829} INFO - Processing file /Users/saber/airflow_project/airflow_venv/lib/python3.10/site-packages/airflow/example_dags/example_dag_decorator.py for tasks to queue
[2025-05-16T06:42:58.081+0100] {logging_mixin.py:154} INFO - [2025-05-16T06:42:58.081+0100] {dagbag.py:536} INFO - Filling up the DagBag from /Users/saber/airflow_project/airflow_venv/lib/python3.10/site-packages/airflow/example_dags/example_dag_decorator.py
[2025-05-16T06:42:58.134+0100] {processor.py:839} INFO - DAG(s) dict_keys(['example_dag_decorator']) retrieved from /Users/saber/airflow_project/airflow_venv/lib/python3.10/site-packages/airflow/example_dags/example_dag_decorator.py
[2025-05-16T06:42:58.265+0100] {logging_mixin.py:154} INFO - [2025-05-16T06:42:58.265+0100] {dag.py:2941} INFO - Sync 1 DAGs
[2025-05-16T06:42:58.267+0100] {logging_mixin.py:154} INFO - [2025-05-16T06:42:58.267+0100] {dag.py:3722} INFO - Setting next_dagrun for example_dag_decorator to None, run_after=None
[2025-05-16T06:42:58.273+0100] {processor.py:179} INFO - Processing /Users/saber/airflow_project/airflow_venv/lib/python3.10/site-packages/airflow/example_dags/example_dag_decorator.py took 0.193 seconds
[2025-05-16T06:43:53.638+0100] {processor.py:157} INFO - Started process (PID=9080) to work on /Users/saber/airflow_project/airflow_venv/lib/python3.10/site-packages/airflow/example_dags/example_dag_decorator.py
[2025-05-16T06:43:53.639+0100] {processor.py:829} INFO - Processing file /Users/saber/airflow_project/airflow_venv/lib/python3.10/site-packages/airflow/example_dags/example_dag_decorator.py for tasks to queue
[2025-05-16T06:43:53.639+0100] {logging_mixin.py:154} INFO - [2025-05-16T06:43:53.639+0100] {dagbag.py:536} INFO - Filling up the DagBag from /Users/saber/airflow_project/airflow_venv/lib/python3.10/site-packages/airflow/example_dags/example_dag_decorator.py
[2025-05-16T06:43:53.693+0100] {processor.py:839} INFO - DAG(s) dict_keys(['example_dag_decorator']) retrieved from /Users/saber/airflow_project/airflow_venv/lib/python3.10/site-packages/airflow/example_dags/example_dag_decorator.py
[2025-05-16T06:43:53.826+0100] {logging_mixin.py:154} INFO - [2025-05-16T06:43:53.826+0100] {dag.py:2941} INFO - Sync 1 DAGs
[2025-05-16T06:43:53.829+0100] {logging_mixin.py:154} INFO - [2025-05-16T06:43:53.829+0100] {dag.py:3722} INFO - Setting next_dagrun for example_dag_decorator to None, run_after=None
[2025-05-16T06:43:53.834+0100] {processor.py:179} INFO - Processing /Users/saber/airflow_project/airflow_venv/lib/python3.10/site-packages/airflow/example_dags/example_dag_decorator.py took 0.196 seconds
[2025-05-16T06:44:51.422+0100] {processor.py:157} INFO - Started process (PID=9136) to work on /Users/saber/airflow_project/airflow_venv/lib/python3.10/site-packages/airflow/example_dags/example_dag_decorator.py
[2025-05-16T06:44:51.422+0100] {processor.py:829} INFO - Processing file /Users/saber/airflow_project/airflow_venv/lib/python3.10/site-packages/airflow/example_dags/example_dag_decorator.py for tasks to queue
[2025-05-16T06:44:51.422+0100] {logging_mixin.py:154} INFO - [2025-05-16T06:44:51.422+0100] {dagbag.py:536} INFO - Filling up the DagBag from /Users/saber/airflow_project/airflow_venv/lib/python3.10/site-packages/airflow/example_dags/example_dag_decorator.py
[2025-05-16T06:44:51.476+0100] {processor.py:839} INFO - DAG(s) dict_keys(['example_dag_decorator']) retrieved from /Users/saber/airflow_project/airflow_venv/lib/python3.10/site-packages/airflow/example_dags/example_dag_decorator.py
[2025-05-16T06:44:51.606+0100] {logging_mixin.py:154} INFO - [2025-05-16T06:44:51.606+0100] {dag.py:2941} INFO - Sync 1 DAGs
[2025-05-16T06:44:51.608+0100] {logging_mixin.py:154} INFO - [2025-05-16T06:44:51.608+0100] {dag.py:3722} INFO - Setting next_dagrun for example_dag_decorator to None, run_after=None
[2025-05-16T06:44:51.614+0100] {processor.py:179} INFO - Processing /Users/saber/airflow_project/airflow_venv/lib/python3.10/site-packages/airflow/example_dags/example_dag_decorator.py took 0.193 seconds
[2025-05-16T06:45:49.611+0100] {processor.py:157} INFO - Started process (PID=9203) to work on /Users/saber/airflow_project/airflow_venv/lib/python3.10/site-packages/airflow/example_dags/example_dag_decorator.py
[2025-05-16T06:45:49.611+0100] {processor.py:829} INFO - Processing file /Users/saber/airflow_project/airflow_venv/lib/python3.10/site-packages/airflow/example_dags/example_dag_decorator.py for tasks to queue
[2025-05-16T06:45:49.612+0100] {logging_mixin.py:154} INFO - [2025-05-16T06:45:49.612+0100] {dagbag.py:536} INFO - Filling up the DagBag from /Users/saber/airflow_project/airflow_venv/lib/python3.10/site-packages/airflow/example_dags/example_dag_decorator.py
[2025-05-16T06:45:49.665+0100] {processor.py:839} INFO - DAG(s) dict_keys(['example_dag_decorator']) retrieved from /Users/saber/airflow_project/airflow_venv/lib/python3.10/site-packages/airflow/example_dags/example_dag_decorator.py
[2025-05-16T06:45:49.797+0100] {logging_mixin.py:154} INFO - [2025-05-16T06:45:49.797+0100] {dag.py:2941} INFO - Sync 1 DAGs
[2025-05-16T06:45:49.799+0100] {logging_mixin.py:154} INFO - [2025-05-16T06:45:49.799+0100] {dag.py:3722} INFO - Setting next_dagrun for example_dag_decorator to None, run_after=None
[2025-05-16T06:45:49.805+0100] {processor.py:179} INFO - Processing /Users/saber/airflow_project/airflow_venv/lib/python3.10/site-packages/airflow/example_dags/example_dag_decorator.py took 0.194 seconds
[2025-05-16T06:46:47.928+0100] {processor.py:157} INFO - Started process (PID=9253) to work on /Users/saber/airflow_project/airflow_venv/lib/python3.10/site-packages/airflow/example_dags/example_dag_decorator.py
[2025-05-16T06:46:47.928+0100] {processor.py:829} INFO - Processing file /Users/saber/airflow_project/airflow_venv/lib/python3.10/site-packages/airflow/example_dags/example_dag_decorator.py for tasks to queue
[2025-05-16T06:46:47.928+0100] {logging_mixin.py:154} INFO - [2025-05-16T06:46:47.928+0100] {dagbag.py:536} INFO - Filling up the DagBag from /Users/saber/airflow_project/airflow_venv/lib/python3.10/site-packages/airflow/example_dags/example_dag_decorator.py
[2025-05-16T06:46:47.982+0100] {processor.py:839} INFO - DAG(s) dict_keys(['example_dag_decorator']) retrieved from /Users/saber/airflow_project/airflow_venv/lib/python3.10/site-packages/airflow/example_dags/example_dag_decorator.py
[2025-05-16T06:46:48.113+0100] {logging_mixin.py:154} INFO - [2025-05-16T06:46:48.113+0100] {dag.py:2941} INFO - Sync 1 DAGs
[2025-05-16T06:46:48.115+0100] {logging_mixin.py:154} INFO - [2025-05-16T06:46:48.115+0100] {dag.py:3722} INFO - Setting next_dagrun for example_dag_decorator to None, run_after=None
[2025-05-16T06:46:48.121+0100] {processor.py:179} INFO - Processing /Users/saber/airflow_project/airflow_venv/lib/python3.10/site-packages/airflow/example_dags/example_dag_decorator.py took 0.193 seconds
[2025-05-16T06:47:46.548+0100] {processor.py:157} INFO - Started process (PID=9302) to work on /Users/saber/airflow_project/airflow_venv/lib/python3.10/site-packages/airflow/example_dags/example_dag_decorator.py
[2025-05-16T06:47:46.548+0100] {processor.py:829} INFO - Processing file /Users/saber/airflow_project/airflow_venv/lib/python3.10/site-packages/airflow/example_dags/example_dag_decorator.py for tasks to queue
[2025-05-16T06:47:46.549+0100] {logging_mixin.py:154} INFO - [2025-05-16T06:47:46.549+0100] {dagbag.py:536} INFO - Filling up the DagBag from /Users/saber/airflow_project/airflow_venv/lib/python3.10/site-packages/airflow/example_dags/example_dag_decorator.py
[2025-05-16T06:47:46.609+0100] {processor.py:839} INFO - DAG(s) dict_keys(['example_dag_decorator']) retrieved from /Users/saber/airflow_project/airflow_venv/lib/python3.10/site-packages/airflow/example_dags/example_dag_decorator.py
[2025-05-16T06:47:46.745+0100] {logging_mixin.py:154} INFO - [2025-05-16T06:47:46.745+0100] {dag.py:2941} INFO - Sync 1 DAGs
[2025-05-16T06:47:46.747+0100] {logging_mixin.py:154} INFO - [2025-05-16T06:47:46.747+0100] {dag.py:3722} INFO - Setting next_dagrun for example_dag_decorator to None, run_after=None
[2025-05-16T06:47:46.753+0100] {processor.py:179} INFO - Processing /Users/saber/airflow_project/airflow_venv/lib/python3.10/site-packages/airflow/example_dags/example_dag_decorator.py took 0.205 seconds
[2025-05-16T06:48:44.254+0100] {processor.py:157} INFO - Started process (PID=9351) to work on /Users/saber/airflow_project/airflow_venv/lib/python3.10/site-packages/airflow/example_dags/example_dag_decorator.py
[2025-05-16T06:48:44.255+0100] {processor.py:829} INFO - Processing file /Users/saber/airflow_project/airflow_venv/lib/python3.10/site-packages/airflow/example_dags/example_dag_decorator.py for tasks to queue
[2025-05-16T06:48:44.255+0100] {logging_mixin.py:154} INFO - [2025-05-16T06:48:44.255+0100] {dagbag.py:536} INFO - Filling up the DagBag from /Users/saber/airflow_project/airflow_venv/lib/python3.10/site-packages/airflow/example_dags/example_dag_decorator.py
[2025-05-16T06:48:44.308+0100] {processor.py:839} INFO - DAG(s) dict_keys(['example_dag_decorator']) retrieved from /Users/saber/airflow_project/airflow_venv/lib/python3.10/site-packages/airflow/example_dags/example_dag_decorator.py
[2025-05-16T06:48:44.439+0100] {logging_mixin.py:154} INFO - [2025-05-16T06:48:44.439+0100] {dag.py:2941} INFO - Sync 1 DAGs
[2025-05-16T06:48:44.441+0100] {logging_mixin.py:154} INFO - [2025-05-16T06:48:44.441+0100] {dag.py:3722} INFO - Setting next_dagrun for example_dag_decorator to None, run_after=None
[2025-05-16T06:48:44.447+0100] {processor.py:179} INFO - Processing /Users/saber/airflow_project/airflow_venv/lib/python3.10/site-packages/airflow/example_dags/example_dag_decorator.py took 0.193 seconds
[2025-05-16T06:49:42.524+0100] {processor.py:157} INFO - Started process (PID=9402) to work on /Users/saber/airflow_project/airflow_venv/lib/python3.10/site-packages/airflow/example_dags/example_dag_decorator.py
[2025-05-16T06:49:42.525+0100] {processor.py:829} INFO - Processing file /Users/saber/airflow_project/airflow_venv/lib/python3.10/site-packages/airflow/example_dags/example_dag_decorator.py for tasks to queue
[2025-05-16T06:49:42.525+0100] {logging_mixin.py:154} INFO - [2025-05-16T06:49:42.525+0100] {dagbag.py:536} INFO - Filling up the DagBag from /Users/saber/airflow_project/airflow_venv/lib/python3.10/site-packages/airflow/example_dags/example_dag_decorator.py
[2025-05-16T06:49:42.578+0100] {processor.py:839} INFO - DAG(s) dict_keys(['example_dag_decorator']) retrieved from /Users/saber/airflow_project/airflow_venv/lib/python3.10/site-packages/airflow/example_dags/example_dag_decorator.py
[2025-05-16T06:49:42.709+0100] {logging_mixin.py:154} INFO - [2025-05-16T06:49:42.708+0100] {dag.py:2941} INFO - Sync 1 DAGs
[2025-05-16T06:49:42.711+0100] {logging_mixin.py:154} INFO - [2025-05-16T06:49:42.711+0100] {dag.py:3722} INFO - Setting next_dagrun for example_dag_decorator to None, run_after=None
[2025-05-16T06:49:42.716+0100] {processor.py:179} INFO - Processing /Users/saber/airflow_project/airflow_venv/lib/python3.10/site-packages/airflow/example_dags/example_dag_decorator.py took 0.192 seconds
[2025-05-16T06:50:42.729+0100] {processor.py:157} INFO - Started process (PID=9459) to work on /Users/saber/airflow_project/airflow_venv/lib/python3.10/site-packages/airflow/example_dags/example_dag_decorator.py
[2025-05-16T06:50:42.729+0100] {processor.py:829} INFO - Processing file /Users/saber/airflow_project/airflow_venv/lib/python3.10/site-packages/airflow/example_dags/example_dag_decorator.py for tasks to queue
[2025-05-16T06:50:42.730+0100] {logging_mixin.py:154} INFO - [2025-05-16T06:50:42.730+0100] {dagbag.py:536} INFO - Filling up the DagBag from /Users/saber/airflow_project/airflow_venv/lib/python3.10/site-packages/airflow/example_dags/example_dag_decorator.py
[2025-05-16T06:50:42.784+0100] {processor.py:839} INFO - DAG(s) dict_keys(['example_dag_decorator']) retrieved from /Users/saber/airflow_project/airflow_venv/lib/python3.10/site-packages/airflow/example_dags/example_dag_decorator.py
[2025-05-16T06:50:42.917+0100] {logging_mixin.py:154} INFO - [2025-05-16T06:50:42.916+0100] {dag.py:2941} INFO - Sync 1 DAGs
[2025-05-16T06:50:42.919+0100] {logging_mixin.py:154} INFO - [2025-05-16T06:50:42.919+0100] {dag.py:3722} INFO - Setting next_dagrun for example_dag_decorator to None, run_after=None
[2025-05-16T06:50:42.924+0100] {processor.py:179} INFO - Processing /Users/saber/airflow_project/airflow_venv/lib/python3.10/site-packages/airflow/example_dags/example_dag_decorator.py took 0.195 seconds
