[2025-05-16T06:37:34.245+0100] {processor.py:157} INFO - Started process (PID=8740) to work on /Users/saber/airflow_project/airflow_venv/lib/python3.10/site-packages/airflow/example_dags/example_subdag_operator.py
[2025-05-16T06:37:34.246+0100] {processor.py:829} INFO - Processing file /Users/saber/airflow_project/airflow_venv/lib/python3.10/site-packages/airflow/example_dags/example_subdag_operator.py for tasks to queue
[2025-05-16T06:37:34.246+0100] {logging_mixin.py:154} INFO - [2025-05-16T06:37:34.246+0100] {dagbag.py:536} INFO - Filling up the DagBag from /Users/saber/airflow_project/airflow_venv/lib/python3.10/site-packages/airflow/example_dags/example_subdag_operator.py
[2025-05-16T06:37:34.285+0100] {processor.py:839} INFO - DAG(s) dict_keys(['example_subdag_operator.section-1', 'example_subdag_operator.section-2', 'example_subdag_operator']) retrieved from /Users/saber/airflow_project/airflow_venv/lib/python3.10/site-packages/airflow/example_dags/example_subdag_operator.py
[2025-05-16T06:37:34.410+0100] {logging_mixin.py:154} INFO - [2025-05-16T06:37:34.410+0100] {manager.py:499} INFO - Created Permission View: %s
[2025-05-16T06:37:34.412+0100] {logging_mixin.py:154} INFO - [2025-05-16T06:37:34.412+0100] {manager.py:499} INFO - Created Permission View: %s
[2025-05-16T06:37:34.414+0100] {logging_mixin.py:154} INFO - [2025-05-16T06:37:34.413+0100] {manager.py:499} INFO - Created Permission View: %s
[2025-05-16T06:37:34.414+0100] {logging_mixin.py:154} INFO - [2025-05-16T06:37:34.414+0100] {dag.py:2941} INFO - Sync 3 DAGs
[2025-05-16T06:37:34.416+0100] {logging_mixin.py:154} INFO - [2025-05-16T06:37:34.416+0100] {dag.py:2963} INFO - Creating ORM DAG for example_subdag_operator.section-2
[2025-05-16T06:37:34.416+0100] {logging_mixin.py:154} INFO - [2025-05-16T06:37:34.416+0100] {dag.py:2963} INFO - Creating ORM DAG for example_subdag_operator.section-1
[2025-05-16T06:37:34.416+0100] {logging_mixin.py:154} INFO - [2025-05-16T06:37:34.416+0100] {dag.py:2963} INFO - Creating ORM DAG for example_subdag_operator
[2025-05-16T06:37:34.419+0100] {logging_mixin.py:154} INFO - [2025-05-16T06:37:34.419+0100] {dag.py:3722} INFO - Setting next_dagrun for example_subdag_operator to 2022-01-01T00:00:00+00:00, run_after=2022-01-01T00:00:00+00:00
[2025-05-16T06:37:34.419+0100] {logging_mixin.py:154} INFO - [2025-05-16T06:37:34.419+0100] {dag.py:3722} INFO - Setting next_dagrun for example_subdag_operator.section-1 to None, run_after=None
[2025-05-16T06:37:34.419+0100] {logging_mixin.py:154} INFO - [2025-05-16T06:37:34.419+0100] {dag.py:3722} INFO - Setting next_dagrun for example_subdag_operator.section-2 to None, run_after=None
[2025-05-16T06:37:34.420+0100] {logging_mixin.py:154} INFO - [2025-05-16T06:37:34.420+0100] {dag.py:2941} INFO - Sync 2 DAGs
[2025-05-16T06:37:34.421+0100] {logging_mixin.py:154} INFO - [2025-05-16T06:37:34.421+0100] {dag.py:3722} INFO - Setting next_dagrun for example_subdag_operator.section-1 to None, run_after=None
[2025-05-16T06:37:34.422+0100] {logging_mixin.py:154} INFO - [2025-05-16T06:37:34.422+0100] {dag.py:3722} INFO - Setting next_dagrun for example_subdag_operator.section-2 to None, run_after=None
[2025-05-16T06:37:34.425+0100] {processor.py:179} INFO - Processing /Users/saber/airflow_project/airflow_venv/lib/python3.10/site-packages/airflow/example_dags/example_subdag_operator.py took 0.180 seconds
[2025-05-16T06:38:34.718+0100] {processor.py:157} INFO - Started process (PID=8795) to work on /Users/saber/airflow_project/airflow_venv/lib/python3.10/site-packages/airflow/example_dags/example_subdag_operator.py
[2025-05-16T06:38:34.718+0100] {processor.py:829} INFO - Processing file /Users/saber/airflow_project/airflow_venv/lib/python3.10/site-packages/airflow/example_dags/example_subdag_operator.py for tasks to queue
[2025-05-16T06:38:34.718+0100] {logging_mixin.py:154} INFO - [2025-05-16T06:38:34.718+0100] {dagbag.py:536} INFO - Filling up the DagBag from /Users/saber/airflow_project/airflow_venv/lib/python3.10/site-packages/airflow/example_dags/example_subdag_operator.py
[2025-05-16T06:38:34.756+0100] {processor.py:839} INFO - DAG(s) dict_keys(['example_subdag_operator.section-1', 'example_subdag_operator.section-2', 'example_subdag_operator']) retrieved from /Users/saber/airflow_project/airflow_venv/lib/python3.10/site-packages/airflow/example_dags/example_subdag_operator.py
[2025-05-16T06:38:34.774+0100] {logging_mixin.py:154} INFO - [2025-05-16T06:38:34.774+0100] {dag.py:2941} INFO - Sync 3 DAGs
[2025-05-16T06:38:34.778+0100] {logging_mixin.py:154} INFO - [2025-05-16T06:38:34.778+0100] {dag.py:3722} INFO - Setting next_dagrun for example_subdag_operator to 2022-01-01T00:00:00+00:00, run_after=2022-01-01T00:00:00+00:00
[2025-05-16T06:38:34.779+0100] {logging_mixin.py:154} INFO - [2025-05-16T06:38:34.779+0100] {dag.py:3722} INFO - Setting next_dagrun for example_subdag_operator.section-1 to None, run_after=None
[2025-05-16T06:38:34.779+0100] {logging_mixin.py:154} INFO - [2025-05-16T06:38:34.779+0100] {dag.py:3722} INFO - Setting next_dagrun for example_subdag_operator.section-2 to None, run_after=None
[2025-05-16T06:38:34.781+0100] {logging_mixin.py:154} INFO - [2025-05-16T06:38:34.781+0100] {dag.py:2941} INFO - Sync 2 DAGs
[2025-05-16T06:38:34.781+0100] {logging_mixin.py:154} INFO - [2025-05-16T06:38:34.781+0100] {dag.py:3722} INFO - Setting next_dagrun for example_subdag_operator.section-1 to None, run_after=None
[2025-05-16T06:38:34.781+0100] {logging_mixin.py:154} INFO - [2025-05-16T06:38:34.781+0100] {dag.py:3722} INFO - Setting next_dagrun for example_subdag_operator.section-2 to None, run_after=None
[2025-05-16T06:38:34.784+0100] {processor.py:179} INFO - Processing /Users/saber/airflow_project/airflow_venv/lib/python3.10/site-packages/airflow/example_dags/example_subdag_operator.py took 0.067 seconds
[2025-05-16T06:39:32.920+0100] {processor.py:157} INFO - Started process (PID=8843) to work on /Users/saber/airflow_project/airflow_venv/lib/python3.10/site-packages/airflow/example_dags/example_subdag_operator.py
[2025-05-16T06:39:32.920+0100] {processor.py:829} INFO - Processing file /Users/saber/airflow_project/airflow_venv/lib/python3.10/site-packages/airflow/example_dags/example_subdag_operator.py for tasks to queue
[2025-05-16T06:39:32.921+0100] {logging_mixin.py:154} INFO - [2025-05-16T06:39:32.921+0100] {dagbag.py:536} INFO - Filling up the DagBag from /Users/saber/airflow_project/airflow_venv/lib/python3.10/site-packages/airflow/example_dags/example_subdag_operator.py
[2025-05-16T06:39:32.959+0100] {processor.py:839} INFO - DAG(s) dict_keys(['example_subdag_operator.section-1', 'example_subdag_operator.section-2', 'example_subdag_operator']) retrieved from /Users/saber/airflow_project/airflow_venv/lib/python3.10/site-packages/airflow/example_dags/example_subdag_operator.py
[2025-05-16T06:39:32.977+0100] {logging_mixin.py:154} INFO - [2025-05-16T06:39:32.977+0100] {dag.py:2941} INFO - Sync 3 DAGs
[2025-05-16T06:39:32.982+0100] {logging_mixin.py:154} INFO - [2025-05-16T06:39:32.981+0100] {dag.py:3722} INFO - Setting next_dagrun for example_subdag_operator to 2022-01-01T00:00:00+00:00, run_after=2022-01-01T00:00:00+00:00
[2025-05-16T06:39:32.982+0100] {logging_mixin.py:154} INFO - [2025-05-16T06:39:32.982+0100] {dag.py:3722} INFO - Setting next_dagrun for example_subdag_operator.section-1 to None, run_after=None
[2025-05-16T06:39:32.982+0100] {logging_mixin.py:154} INFO - [2025-05-16T06:39:32.982+0100] {dag.py:3722} INFO - Setting next_dagrun for example_subdag_operator.section-2 to None, run_after=None
[2025-05-16T06:39:32.984+0100] {logging_mixin.py:154} INFO - [2025-05-16T06:39:32.984+0100] {dag.py:2941} INFO - Sync 2 DAGs
[2025-05-16T06:39:32.984+0100] {logging_mixin.py:154} INFO - [2025-05-16T06:39:32.984+0100] {dag.py:3722} INFO - Setting next_dagrun for example_subdag_operator.section-1 to None, run_after=None
[2025-05-16T06:39:32.985+0100] {logging_mixin.py:154} INFO - [2025-05-16T06:39:32.985+0100] {dag.py:3722} INFO - Setting next_dagrun for example_subdag_operator.section-2 to None, run_after=None
[2025-05-16T06:39:32.988+0100] {processor.py:179} INFO - Processing /Users/saber/airflow_project/airflow_venv/lib/python3.10/site-packages/airflow/example_dags/example_subdag_operator.py took 0.068 seconds
[2025-05-16T06:40:27.740+0100] {processor.py:157} INFO - Started process (PID=8903) to work on /Users/saber/airflow_project/airflow_venv/lib/python3.10/site-packages/airflow/example_dags/example_subdag_operator.py
[2025-05-16T06:40:27.740+0100] {processor.py:829} INFO - Processing file /Users/saber/airflow_project/airflow_venv/lib/python3.10/site-packages/airflow/example_dags/example_subdag_operator.py for tasks to queue
[2025-05-16T06:40:27.741+0100] {logging_mixin.py:154} INFO - [2025-05-16T06:40:27.741+0100] {dagbag.py:536} INFO - Filling up the DagBag from /Users/saber/airflow_project/airflow_venv/lib/python3.10/site-packages/airflow/example_dags/example_subdag_operator.py
[2025-05-16T06:40:27.778+0100] {processor.py:839} INFO - DAG(s) dict_keys(['example_subdag_operator.section-1', 'example_subdag_operator.section-2', 'example_subdag_operator']) retrieved from /Users/saber/airflow_project/airflow_venv/lib/python3.10/site-packages/airflow/example_dags/example_subdag_operator.py
[2025-05-16T06:40:27.797+0100] {logging_mixin.py:154} INFO - [2025-05-16T06:40:27.797+0100] {dag.py:2941} INFO - Sync 3 DAGs
[2025-05-16T06:40:27.801+0100] {logging_mixin.py:154} INFO - [2025-05-16T06:40:27.801+0100] {dag.py:3722} INFO - Setting next_dagrun for example_subdag_operator to 2022-01-01T00:00:00+00:00, run_after=2022-01-01T00:00:00+00:00
[2025-05-16T06:40:27.801+0100] {logging_mixin.py:154} INFO - [2025-05-16T06:40:27.801+0100] {dag.py:3722} INFO - Setting next_dagrun for example_subdag_operator.section-1 to None, run_after=None
[2025-05-16T06:40:27.802+0100] {logging_mixin.py:154} INFO - [2025-05-16T06:40:27.802+0100] {dag.py:3722} INFO - Setting next_dagrun for example_subdag_operator.section-2 to None, run_after=None
[2025-05-16T06:40:27.803+0100] {logging_mixin.py:154} INFO - [2025-05-16T06:40:27.803+0100] {dag.py:2941} INFO - Sync 2 DAGs
[2025-05-16T06:40:27.804+0100] {logging_mixin.py:154} INFO - [2025-05-16T06:40:27.804+0100] {dag.py:3722} INFO - Setting next_dagrun for example_subdag_operator.section-1 to None, run_after=None
[2025-05-16T06:40:27.804+0100] {logging_mixin.py:154} INFO - [2025-05-16T06:40:27.804+0100] {dag.py:3722} INFO - Setting next_dagrun for example_subdag_operator.section-2 to None, run_after=None
[2025-05-16T06:40:27.807+0100] {processor.py:179} INFO - Processing /Users/saber/airflow_project/airflow_venv/lib/python3.10/site-packages/airflow/example_dags/example_subdag_operator.py took 0.067 seconds
[2025-05-16T06:41:26.293+0100] {processor.py:157} INFO - Started process (PID=8953) to work on /Users/saber/airflow_project/airflow_venv/lib/python3.10/site-packages/airflow/example_dags/example_subdag_operator.py
[2025-05-16T06:41:26.293+0100] {processor.py:829} INFO - Processing file /Users/saber/airflow_project/airflow_venv/lib/python3.10/site-packages/airflow/example_dags/example_subdag_operator.py for tasks to queue
[2025-05-16T06:41:26.294+0100] {logging_mixin.py:154} INFO - [2025-05-16T06:41:26.294+0100] {dagbag.py:536} INFO - Filling up the DagBag from /Users/saber/airflow_project/airflow_venv/lib/python3.10/site-packages/airflow/example_dags/example_subdag_operator.py
[2025-05-16T06:41:26.331+0100] {processor.py:839} INFO - DAG(s) dict_keys(['example_subdag_operator.section-1', 'example_subdag_operator.section-2', 'example_subdag_operator']) retrieved from /Users/saber/airflow_project/airflow_venv/lib/python3.10/site-packages/airflow/example_dags/example_subdag_operator.py
[2025-05-16T06:41:26.350+0100] {logging_mixin.py:154} INFO - [2025-05-16T06:41:26.350+0100] {dag.py:2941} INFO - Sync 3 DAGs
[2025-05-16T06:41:26.354+0100] {logging_mixin.py:154} INFO - [2025-05-16T06:41:26.354+0100] {dag.py:3722} INFO - Setting next_dagrun for example_subdag_operator to 2022-01-01T00:00:00+00:00, run_after=2022-01-01T00:00:00+00:00
[2025-05-16T06:41:26.355+0100] {logging_mixin.py:154} INFO - [2025-05-16T06:41:26.355+0100] {dag.py:3722} INFO - Setting next_dagrun for example_subdag_operator.section-1 to None, run_after=None
[2025-05-16T06:41:26.355+0100] {logging_mixin.py:154} INFO - [2025-05-16T06:41:26.355+0100] {dag.py:3722} INFO - Setting next_dagrun for example_subdag_operator.section-2 to None, run_after=None
[2025-05-16T06:41:26.356+0100] {logging_mixin.py:154} INFO - [2025-05-16T06:41:26.356+0100] {dag.py:2941} INFO - Sync 2 DAGs
[2025-05-16T06:41:26.357+0100] {logging_mixin.py:154} INFO - [2025-05-16T06:41:26.357+0100] {dag.py:3722} INFO - Setting next_dagrun for example_subdag_operator.section-1 to None, run_after=None
[2025-05-16T06:41:26.357+0100] {logging_mixin.py:154} INFO - [2025-05-16T06:41:26.357+0100] {dag.py:3722} INFO - Setting next_dagrun for example_subdag_operator.section-2 to None, run_after=None
[2025-05-16T06:41:26.360+0100] {processor.py:179} INFO - Processing /Users/saber/airflow_project/airflow_venv/lib/python3.10/site-packages/airflow/example_dags/example_subdag_operator.py took 0.067 seconds
[2025-05-16T06:42:25.270+0100] {processor.py:157} INFO - Started process (PID=9004) to work on /Users/saber/airflow_project/airflow_venv/lib/python3.10/site-packages/airflow/example_dags/example_subdag_operator.py
[2025-05-16T06:42:25.270+0100] {processor.py:829} INFO - Processing file /Users/saber/airflow_project/airflow_venv/lib/python3.10/site-packages/airflow/example_dags/example_subdag_operator.py for tasks to queue
[2025-05-16T06:42:25.271+0100] {logging_mixin.py:154} INFO - [2025-05-16T06:42:25.271+0100] {dagbag.py:536} INFO - Filling up the DagBag from /Users/saber/airflow_project/airflow_venv/lib/python3.10/site-packages/airflow/example_dags/example_subdag_operator.py
[2025-05-16T06:42:25.310+0100] {processor.py:839} INFO - DAG(s) dict_keys(['example_subdag_operator.section-1', 'example_subdag_operator.section-2', 'example_subdag_operator']) retrieved from /Users/saber/airflow_project/airflow_venv/lib/python3.10/site-packages/airflow/example_dags/example_subdag_operator.py
[2025-05-16T06:42:25.328+0100] {logging_mixin.py:154} INFO - [2025-05-16T06:42:25.328+0100] {dag.py:2941} INFO - Sync 3 DAGs
[2025-05-16T06:42:25.332+0100] {logging_mixin.py:154} INFO - [2025-05-16T06:42:25.332+0100] {dag.py:3722} INFO - Setting next_dagrun for example_subdag_operator to 2022-01-01T00:00:00+00:00, run_after=2022-01-01T00:00:00+00:00
[2025-05-16T06:42:25.333+0100] {logging_mixin.py:154} INFO - [2025-05-16T06:42:25.333+0100] {dag.py:3722} INFO - Setting next_dagrun for example_subdag_operator.section-1 to None, run_after=None
[2025-05-16T06:42:25.333+0100] {logging_mixin.py:154} INFO - [2025-05-16T06:42:25.333+0100] {dag.py:3722} INFO - Setting next_dagrun for example_subdag_operator.section-2 to None, run_after=None
[2025-05-16T06:42:25.335+0100] {logging_mixin.py:154} INFO - [2025-05-16T06:42:25.335+0100] {dag.py:2941} INFO - Sync 2 DAGs
[2025-05-16T06:42:25.335+0100] {logging_mixin.py:154} INFO - [2025-05-16T06:42:25.335+0100] {dag.py:3722} INFO - Setting next_dagrun for example_subdag_operator.section-1 to None, run_after=None
[2025-05-16T06:42:25.335+0100] {logging_mixin.py:154} INFO - [2025-05-16T06:42:25.335+0100] {dag.py:3722} INFO - Setting next_dagrun for example_subdag_operator.section-2 to None, run_after=None
[2025-05-16T06:42:25.339+0100] {processor.py:179} INFO - Processing /Users/saber/airflow_project/airflow_venv/lib/python3.10/site-packages/airflow/example_dags/example_subdag_operator.py took 0.069 seconds
[2025-05-16T06:43:22.801+0100] {processor.py:157} INFO - Started process (PID=9054) to work on /Users/saber/airflow_project/airflow_venv/lib/python3.10/site-packages/airflow/example_dags/example_subdag_operator.py
[2025-05-16T06:43:22.801+0100] {processor.py:829} INFO - Processing file /Users/saber/airflow_project/airflow_venv/lib/python3.10/site-packages/airflow/example_dags/example_subdag_operator.py for tasks to queue
[2025-05-16T06:43:22.802+0100] {logging_mixin.py:154} INFO - [2025-05-16T06:43:22.802+0100] {dagbag.py:536} INFO - Filling up the DagBag from /Users/saber/airflow_project/airflow_venv/lib/python3.10/site-packages/airflow/example_dags/example_subdag_operator.py
[2025-05-16T06:43:22.840+0100] {processor.py:839} INFO - DAG(s) dict_keys(['example_subdag_operator.section-1', 'example_subdag_operator.section-2', 'example_subdag_operator']) retrieved from /Users/saber/airflow_project/airflow_venv/lib/python3.10/site-packages/airflow/example_dags/example_subdag_operator.py
[2025-05-16T06:43:22.859+0100] {logging_mixin.py:154} INFO - [2025-05-16T06:43:22.859+0100] {dag.py:2941} INFO - Sync 3 DAGs
[2025-05-16T06:43:22.863+0100] {logging_mixin.py:154} INFO - [2025-05-16T06:43:22.863+0100] {dag.py:3722} INFO - Setting next_dagrun for example_subdag_operator to 2022-01-01T00:00:00+00:00, run_after=2022-01-01T00:00:00+00:00
[2025-05-16T06:43:22.864+0100] {logging_mixin.py:154} INFO - [2025-05-16T06:43:22.864+0100] {dag.py:3722} INFO - Setting next_dagrun for example_subdag_operator.section-1 to None, run_after=None
[2025-05-16T06:43:22.864+0100] {logging_mixin.py:154} INFO - [2025-05-16T06:43:22.864+0100] {dag.py:3722} INFO - Setting next_dagrun for example_subdag_operator.section-2 to None, run_after=None
[2025-05-16T06:43:22.865+0100] {logging_mixin.py:154} INFO - [2025-05-16T06:43:22.865+0100] {dag.py:2941} INFO - Sync 2 DAGs
[2025-05-16T06:43:22.866+0100] {logging_mixin.py:154} INFO - [2025-05-16T06:43:22.866+0100] {dag.py:3722} INFO - Setting next_dagrun for example_subdag_operator.section-1 to None, run_after=None
[2025-05-16T06:43:22.866+0100] {logging_mixin.py:154} INFO - [2025-05-16T06:43:22.866+0100] {dag.py:3722} INFO - Setting next_dagrun for example_subdag_operator.section-2 to None, run_after=None
[2025-05-16T06:43:22.869+0100] {processor.py:179} INFO - Processing /Users/saber/airflow_project/airflow_venv/lib/python3.10/site-packages/airflow/example_dags/example_subdag_operator.py took 0.068 seconds
[2025-05-16T06:44:20.081+0100] {processor.py:157} INFO - Started process (PID=9109) to work on /Users/saber/airflow_project/airflow_venv/lib/python3.10/site-packages/airflow/example_dags/example_subdag_operator.py
[2025-05-16T06:44:20.081+0100] {processor.py:829} INFO - Processing file /Users/saber/airflow_project/airflow_venv/lib/python3.10/site-packages/airflow/example_dags/example_subdag_operator.py for tasks to queue
[2025-05-16T06:44:20.081+0100] {logging_mixin.py:154} INFO - [2025-05-16T06:44:20.081+0100] {dagbag.py:536} INFO - Filling up the DagBag from /Users/saber/airflow_project/airflow_venv/lib/python3.10/site-packages/airflow/example_dags/example_subdag_operator.py
[2025-05-16T06:44:20.119+0100] {processor.py:839} INFO - DAG(s) dict_keys(['example_subdag_operator.section-1', 'example_subdag_operator.section-2', 'example_subdag_operator']) retrieved from /Users/saber/airflow_project/airflow_venv/lib/python3.10/site-packages/airflow/example_dags/example_subdag_operator.py
[2025-05-16T06:44:20.138+0100] {logging_mixin.py:154} INFO - [2025-05-16T06:44:20.138+0100] {dag.py:2941} INFO - Sync 3 DAGs
[2025-05-16T06:44:20.142+0100] {logging_mixin.py:154} INFO - [2025-05-16T06:44:20.142+0100] {dag.py:3722} INFO - Setting next_dagrun for example_subdag_operator to 2022-01-01T00:00:00+00:00, run_after=2022-01-01T00:00:00+00:00
[2025-05-16T06:44:20.143+0100] {logging_mixin.py:154} INFO - [2025-05-16T06:44:20.143+0100] {dag.py:3722} INFO - Setting next_dagrun for example_subdag_operator.section-1 to None, run_after=None
[2025-05-16T06:44:20.143+0100] {logging_mixin.py:154} INFO - [2025-05-16T06:44:20.143+0100] {dag.py:3722} INFO - Setting next_dagrun for example_subdag_operator.section-2 to None, run_after=None
[2025-05-16T06:44:20.144+0100] {logging_mixin.py:154} INFO - [2025-05-16T06:44:20.144+0100] {dag.py:2941} INFO - Sync 2 DAGs
[2025-05-16T06:44:20.145+0100] {logging_mixin.py:154} INFO - [2025-05-16T06:44:20.145+0100] {dag.py:3722} INFO - Setting next_dagrun for example_subdag_operator.section-1 to None, run_after=None
[2025-05-16T06:44:20.145+0100] {logging_mixin.py:154} INFO - [2025-05-16T06:44:20.145+0100] {dag.py:3722} INFO - Setting next_dagrun for example_subdag_operator.section-2 to None, run_after=None
[2025-05-16T06:44:20.148+0100] {processor.py:179} INFO - Processing /Users/saber/airflow_project/airflow_venv/lib/python3.10/site-packages/airflow/example_dags/example_subdag_operator.py took 0.068 seconds
[2025-05-16T06:45:18.811+0100] {processor.py:157} INFO - Started process (PID=9159) to work on /Users/saber/airflow_project/airflow_venv/lib/python3.10/site-packages/airflow/example_dags/example_subdag_operator.py
[2025-05-16T06:45:18.811+0100] {processor.py:829} INFO - Processing file /Users/saber/airflow_project/airflow_venv/lib/python3.10/site-packages/airflow/example_dags/example_subdag_operator.py for tasks to queue
[2025-05-16T06:45:18.812+0100] {logging_mixin.py:154} INFO - [2025-05-16T06:45:18.812+0100] {dagbag.py:536} INFO - Filling up the DagBag from /Users/saber/airflow_project/airflow_venv/lib/python3.10/site-packages/airflow/example_dags/example_subdag_operator.py
[2025-05-16T06:45:18.849+0100] {processor.py:839} INFO - DAG(s) dict_keys(['example_subdag_operator.section-1', 'example_subdag_operator.section-2', 'example_subdag_operator']) retrieved from /Users/saber/airflow_project/airflow_venv/lib/python3.10/site-packages/airflow/example_dags/example_subdag_operator.py
[2025-05-16T06:45:18.869+0100] {logging_mixin.py:154} INFO - [2025-05-16T06:45:18.869+0100] {dag.py:2941} INFO - Sync 3 DAGs
[2025-05-16T06:45:18.873+0100] {logging_mixin.py:154} INFO - [2025-05-16T06:45:18.873+0100] {dag.py:3722} INFO - Setting next_dagrun for example_subdag_operator to 2022-01-01T00:00:00+00:00, run_after=2022-01-01T00:00:00+00:00
[2025-05-16T06:45:18.874+0100] {logging_mixin.py:154} INFO - [2025-05-16T06:45:18.874+0100] {dag.py:3722} INFO - Setting next_dagrun for example_subdag_operator.section-1 to None, run_after=None
[2025-05-16T06:45:18.874+0100] {logging_mixin.py:154} INFO - [2025-05-16T06:45:18.874+0100] {dag.py:3722} INFO - Setting next_dagrun for example_subdag_operator.section-2 to None, run_after=None
[2025-05-16T06:45:18.875+0100] {logging_mixin.py:154} INFO - [2025-05-16T06:45:18.875+0100] {dag.py:2941} INFO - Sync 2 DAGs
[2025-05-16T06:45:18.876+0100] {logging_mixin.py:154} INFO - [2025-05-16T06:45:18.876+0100] {dag.py:3722} INFO - Setting next_dagrun for example_subdag_operator.section-1 to None, run_after=None
[2025-05-16T06:45:18.876+0100] {logging_mixin.py:154} INFO - [2025-05-16T06:45:18.876+0100] {dag.py:3722} INFO - Setting next_dagrun for example_subdag_operator.section-2 to None, run_after=None
[2025-05-16T06:45:18.879+0100] {processor.py:179} INFO - Processing /Users/saber/airflow_project/airflow_venv/lib/python3.10/site-packages/airflow/example_dags/example_subdag_operator.py took 0.068 seconds
[2025-05-16T06:46:16.336+0100] {processor.py:157} INFO - Started process (PID=9226) to work on /Users/saber/airflow_project/airflow_venv/lib/python3.10/site-packages/airflow/example_dags/example_subdag_operator.py
[2025-05-16T06:46:16.336+0100] {processor.py:829} INFO - Processing file /Users/saber/airflow_project/airflow_venv/lib/python3.10/site-packages/airflow/example_dags/example_subdag_operator.py for tasks to queue
[2025-05-16T06:46:16.337+0100] {logging_mixin.py:154} INFO - [2025-05-16T06:46:16.337+0100] {dagbag.py:536} INFO - Filling up the DagBag from /Users/saber/airflow_project/airflow_venv/lib/python3.10/site-packages/airflow/example_dags/example_subdag_operator.py
[2025-05-16T06:46:16.374+0100] {processor.py:839} INFO - DAG(s) dict_keys(['example_subdag_operator.section-1', 'example_subdag_operator.section-2', 'example_subdag_operator']) retrieved from /Users/saber/airflow_project/airflow_venv/lib/python3.10/site-packages/airflow/example_dags/example_subdag_operator.py
[2025-05-16T06:46:16.393+0100] {logging_mixin.py:154} INFO - [2025-05-16T06:46:16.393+0100] {dag.py:2941} INFO - Sync 3 DAGs
[2025-05-16T06:46:16.397+0100] {logging_mixin.py:154} INFO - [2025-05-16T06:46:16.397+0100] {dag.py:3722} INFO - Setting next_dagrun for example_subdag_operator to 2022-01-01T00:00:00+00:00, run_after=2022-01-01T00:00:00+00:00
[2025-05-16T06:46:16.398+0100] {logging_mixin.py:154} INFO - [2025-05-16T06:46:16.398+0100] {dag.py:3722} INFO - Setting next_dagrun for example_subdag_operator.section-1 to None, run_after=None
[2025-05-16T06:46:16.398+0100] {logging_mixin.py:154} INFO - [2025-05-16T06:46:16.398+0100] {dag.py:3722} INFO - Setting next_dagrun for example_subdag_operator.section-2 to None, run_after=None
[2025-05-16T06:46:16.399+0100] {logging_mixin.py:154} INFO - [2025-05-16T06:46:16.399+0100] {dag.py:2941} INFO - Sync 2 DAGs
[2025-05-16T06:46:16.400+0100] {logging_mixin.py:154} INFO - [2025-05-16T06:46:16.400+0100] {dag.py:3722} INFO - Setting next_dagrun for example_subdag_operator.section-1 to None, run_after=None
[2025-05-16T06:46:16.400+0100] {logging_mixin.py:154} INFO - [2025-05-16T06:46:16.400+0100] {dag.py:3722} INFO - Setting next_dagrun for example_subdag_operator.section-2 to None, run_after=None
[2025-05-16T06:46:16.403+0100] {processor.py:179} INFO - Processing /Users/saber/airflow_project/airflow_venv/lib/python3.10/site-packages/airflow/example_dags/example_subdag_operator.py took 0.068 seconds
[2025-05-16T06:47:14.254+0100] {processor.py:157} INFO - Started process (PID=9274) to work on /Users/saber/airflow_project/airflow_venv/lib/python3.10/site-packages/airflow/example_dags/example_subdag_operator.py
[2025-05-16T06:47:14.254+0100] {processor.py:829} INFO - Processing file /Users/saber/airflow_project/airflow_venv/lib/python3.10/site-packages/airflow/example_dags/example_subdag_operator.py for tasks to queue
[2025-05-16T06:47:14.255+0100] {logging_mixin.py:154} INFO - [2025-05-16T06:47:14.255+0100] {dagbag.py:536} INFO - Filling up the DagBag from /Users/saber/airflow_project/airflow_venv/lib/python3.10/site-packages/airflow/example_dags/example_subdag_operator.py
[2025-05-16T06:47:14.292+0100] {processor.py:839} INFO - DAG(s) dict_keys(['example_subdag_operator.section-1', 'example_subdag_operator.section-2', 'example_subdag_operator']) retrieved from /Users/saber/airflow_project/airflow_venv/lib/python3.10/site-packages/airflow/example_dags/example_subdag_operator.py
[2025-05-16T06:47:14.311+0100] {logging_mixin.py:154} INFO - [2025-05-16T06:47:14.311+0100] {dag.py:2941} INFO - Sync 3 DAGs
[2025-05-16T06:47:14.315+0100] {logging_mixin.py:154} INFO - [2025-05-16T06:47:14.315+0100] {dag.py:3722} INFO - Setting next_dagrun for example_subdag_operator to 2022-01-01T00:00:00+00:00, run_after=2022-01-01T00:00:00+00:00
[2025-05-16T06:47:14.316+0100] {logging_mixin.py:154} INFO - [2025-05-16T06:47:14.316+0100] {dag.py:3722} INFO - Setting next_dagrun for example_subdag_operator.section-1 to None, run_after=None
[2025-05-16T06:47:14.316+0100] {logging_mixin.py:154} INFO - [2025-05-16T06:47:14.316+0100] {dag.py:3722} INFO - Setting next_dagrun for example_subdag_operator.section-2 to None, run_after=None
[2025-05-16T06:47:14.317+0100] {logging_mixin.py:154} INFO - [2025-05-16T06:47:14.317+0100] {dag.py:2941} INFO - Sync 2 DAGs
[2025-05-16T06:47:14.318+0100] {logging_mixin.py:154} INFO - [2025-05-16T06:47:14.318+0100] {dag.py:3722} INFO - Setting next_dagrun for example_subdag_operator.section-1 to None, run_after=None
[2025-05-16T06:47:14.318+0100] {logging_mixin.py:154} INFO - [2025-05-16T06:47:14.318+0100] {dag.py:3722} INFO - Setting next_dagrun for example_subdag_operator.section-2 to None, run_after=None
[2025-05-16T06:47:14.321+0100] {processor.py:179} INFO - Processing /Users/saber/airflow_project/airflow_venv/lib/python3.10/site-packages/airflow/example_dags/example_subdag_operator.py took 0.068 seconds
[2025-05-16T06:48:11.996+0100] {processor.py:157} INFO - Started process (PID=9323) to work on /Users/saber/airflow_project/airflow_venv/lib/python3.10/site-packages/airflow/example_dags/example_subdag_operator.py
[2025-05-16T06:48:11.996+0100] {processor.py:829} INFO - Processing file /Users/saber/airflow_project/airflow_venv/lib/python3.10/site-packages/airflow/example_dags/example_subdag_operator.py for tasks to queue
[2025-05-16T06:48:11.997+0100] {logging_mixin.py:154} INFO - [2025-05-16T06:48:11.997+0100] {dagbag.py:536} INFO - Filling up the DagBag from /Users/saber/airflow_project/airflow_venv/lib/python3.10/site-packages/airflow/example_dags/example_subdag_operator.py
[2025-05-16T06:48:12.034+0100] {processor.py:839} INFO - DAG(s) dict_keys(['example_subdag_operator.section-1', 'example_subdag_operator.section-2', 'example_subdag_operator']) retrieved from /Users/saber/airflow_project/airflow_venv/lib/python3.10/site-packages/airflow/example_dags/example_subdag_operator.py
[2025-05-16T06:48:12.053+0100] {logging_mixin.py:154} INFO - [2025-05-16T06:48:12.053+0100] {dag.py:2941} INFO - Sync 3 DAGs
[2025-05-16T06:48:12.057+0100] {logging_mixin.py:154} INFO - [2025-05-16T06:48:12.057+0100] {dag.py:3722} INFO - Setting next_dagrun for example_subdag_operator to 2022-01-01T00:00:00+00:00, run_after=2022-01-01T00:00:00+00:00
[2025-05-16T06:48:12.058+0100] {logging_mixin.py:154} INFO - [2025-05-16T06:48:12.058+0100] {dag.py:3722} INFO - Setting next_dagrun for example_subdag_operator.section-1 to None, run_after=None
[2025-05-16T06:48:12.058+0100] {logging_mixin.py:154} INFO - [2025-05-16T06:48:12.058+0100] {dag.py:3722} INFO - Setting next_dagrun for example_subdag_operator.section-2 to None, run_after=None
[2025-05-16T06:48:12.059+0100] {logging_mixin.py:154} INFO - [2025-05-16T06:48:12.059+0100] {dag.py:2941} INFO - Sync 2 DAGs
[2025-05-16T06:48:12.060+0100] {logging_mixin.py:154} INFO - [2025-05-16T06:48:12.060+0100] {dag.py:3722} INFO - Setting next_dagrun for example_subdag_operator.section-1 to None, run_after=None
[2025-05-16T06:48:12.060+0100] {logging_mixin.py:154} INFO - [2025-05-16T06:48:12.060+0100] {dag.py:3722} INFO - Setting next_dagrun for example_subdag_operator.section-2 to None, run_after=None
[2025-05-16T06:48:12.063+0100] {processor.py:179} INFO - Processing /Users/saber/airflow_project/airflow_venv/lib/python3.10/site-packages/airflow/example_dags/example_subdag_operator.py took 0.068 seconds
[2025-05-16T06:49:09.315+0100] {processor.py:157} INFO - Started process (PID=9373) to work on /Users/saber/airflow_project/airflow_venv/lib/python3.10/site-packages/airflow/example_dags/example_subdag_operator.py
[2025-05-16T06:49:09.315+0100] {processor.py:829} INFO - Processing file /Users/saber/airflow_project/airflow_venv/lib/python3.10/site-packages/airflow/example_dags/example_subdag_operator.py for tasks to queue
[2025-05-16T06:49:09.316+0100] {logging_mixin.py:154} INFO - [2025-05-16T06:49:09.315+0100] {dagbag.py:536} INFO - Filling up the DagBag from /Users/saber/airflow_project/airflow_venv/lib/python3.10/site-packages/airflow/example_dags/example_subdag_operator.py
[2025-05-16T06:49:09.353+0100] {processor.py:839} INFO - DAG(s) dict_keys(['example_subdag_operator.section-1', 'example_subdag_operator.section-2', 'example_subdag_operator']) retrieved from /Users/saber/airflow_project/airflow_venv/lib/python3.10/site-packages/airflow/example_dags/example_subdag_operator.py
[2025-05-16T06:49:09.372+0100] {logging_mixin.py:154} INFO - [2025-05-16T06:49:09.372+0100] {dag.py:2941} INFO - Sync 3 DAGs
[2025-05-16T06:49:09.376+0100] {logging_mixin.py:154} INFO - [2025-05-16T06:49:09.376+0100] {dag.py:3722} INFO - Setting next_dagrun for example_subdag_operator to 2022-01-01T00:00:00+00:00, run_after=2022-01-01T00:00:00+00:00
[2025-05-16T06:49:09.376+0100] {logging_mixin.py:154} INFO - [2025-05-16T06:49:09.376+0100] {dag.py:3722} INFO - Setting next_dagrun for example_subdag_operator.section-1 to None, run_after=None
[2025-05-16T06:49:09.377+0100] {logging_mixin.py:154} INFO - [2025-05-16T06:49:09.377+0100] {dag.py:3722} INFO - Setting next_dagrun for example_subdag_operator.section-2 to None, run_after=None
[2025-05-16T06:49:09.378+0100] {logging_mixin.py:154} INFO - [2025-05-16T06:49:09.378+0100] {dag.py:2941} INFO - Sync 2 DAGs
[2025-05-16T06:49:09.379+0100] {logging_mixin.py:154} INFO - [2025-05-16T06:49:09.379+0100] {dag.py:3722} INFO - Setting next_dagrun for example_subdag_operator.section-1 to None, run_after=None
[2025-05-16T06:49:09.379+0100] {logging_mixin.py:154} INFO - [2025-05-16T06:49:09.379+0100] {dag.py:3722} INFO - Setting next_dagrun for example_subdag_operator.section-2 to None, run_after=None
[2025-05-16T06:49:09.382+0100] {processor.py:179} INFO - Processing /Users/saber/airflow_project/airflow_venv/lib/python3.10/site-packages/airflow/example_dags/example_subdag_operator.py took 0.068 seconds
[2025-05-16T06:50:06.953+0100] {processor.py:157} INFO - Started process (PID=9421) to work on /Users/saber/airflow_project/airflow_venv/lib/python3.10/site-packages/airflow/example_dags/example_subdag_operator.py
[2025-05-16T06:50:06.953+0100] {processor.py:829} INFO - Processing file /Users/saber/airflow_project/airflow_venv/lib/python3.10/site-packages/airflow/example_dags/example_subdag_operator.py for tasks to queue
[2025-05-16T06:50:06.954+0100] {logging_mixin.py:154} INFO - [2025-05-16T06:50:06.954+0100] {dagbag.py:536} INFO - Filling up the DagBag from /Users/saber/airflow_project/airflow_venv/lib/python3.10/site-packages/airflow/example_dags/example_subdag_operator.py
[2025-05-16T06:50:06.992+0100] {processor.py:839} INFO - DAG(s) dict_keys(['example_subdag_operator.section-1', 'example_subdag_operator.section-2', 'example_subdag_operator']) retrieved from /Users/saber/airflow_project/airflow_venv/lib/python3.10/site-packages/airflow/example_dags/example_subdag_operator.py
[2025-05-16T06:50:07.010+0100] {logging_mixin.py:154} INFO - [2025-05-16T06:50:07.010+0100] {dag.py:2941} INFO - Sync 3 DAGs
[2025-05-16T06:50:07.014+0100] {logging_mixin.py:154} INFO - [2025-05-16T06:50:07.014+0100] {dag.py:3722} INFO - Setting next_dagrun for example_subdag_operator to 2022-01-01T00:00:00+00:00, run_after=2022-01-01T00:00:00+00:00
[2025-05-16T06:50:07.015+0100] {logging_mixin.py:154} INFO - [2025-05-16T06:50:07.015+0100] {dag.py:3722} INFO - Setting next_dagrun for example_subdag_operator.section-1 to None, run_after=None
[2025-05-16T06:50:07.015+0100] {logging_mixin.py:154} INFO - [2025-05-16T06:50:07.015+0100] {dag.py:3722} INFO - Setting next_dagrun for example_subdag_operator.section-2 to None, run_after=None
[2025-05-16T06:50:07.017+0100] {logging_mixin.py:154} INFO - [2025-05-16T06:50:07.016+0100] {dag.py:2941} INFO - Sync 2 DAGs
[2025-05-16T06:50:07.017+0100] {logging_mixin.py:154} INFO - [2025-05-16T06:50:07.017+0100] {dag.py:3722} INFO - Setting next_dagrun for example_subdag_operator.section-1 to None, run_after=None
[2025-05-16T06:50:07.017+0100] {logging_mixin.py:154} INFO - [2025-05-16T06:50:07.017+0100] {dag.py:3722} INFO - Setting next_dagrun for example_subdag_operator.section-2 to None, run_after=None
[2025-05-16T06:50:07.020+0100] {processor.py:179} INFO - Processing /Users/saber/airflow_project/airflow_venv/lib/python3.10/site-packages/airflow/example_dags/example_subdag_operator.py took 0.068 seconds
[2025-05-16T06:51:06.181+0100] {processor.py:157} INFO - Started process (PID=9478) to work on /Users/saber/airflow_project/airflow_venv/lib/python3.10/site-packages/airflow/example_dags/example_subdag_operator.py
[2025-05-16T06:51:06.182+0100] {processor.py:829} INFO - Processing file /Users/saber/airflow_project/airflow_venv/lib/python3.10/site-packages/airflow/example_dags/example_subdag_operator.py for tasks to queue
[2025-05-16T06:51:06.182+0100] {logging_mixin.py:154} INFO - [2025-05-16T06:51:06.182+0100] {dagbag.py:536} INFO - Filling up the DagBag from /Users/saber/airflow_project/airflow_venv/lib/python3.10/site-packages/airflow/example_dags/example_subdag_operator.py
[2025-05-16T06:51:06.221+0100] {processor.py:839} INFO - DAG(s) dict_keys(['example_subdag_operator.section-1', 'example_subdag_operator.section-2', 'example_subdag_operator']) retrieved from /Users/saber/airflow_project/airflow_venv/lib/python3.10/site-packages/airflow/example_dags/example_subdag_operator.py
[2025-05-16T06:51:06.239+0100] {logging_mixin.py:154} INFO - [2025-05-16T06:51:06.239+0100] {dag.py:2941} INFO - Sync 3 DAGs
[2025-05-16T06:51:06.244+0100] {logging_mixin.py:154} INFO - [2025-05-16T06:51:06.244+0100] {dag.py:3722} INFO - Setting next_dagrun for example_subdag_operator to 2022-01-01T00:00:00+00:00, run_after=2022-01-01T00:00:00+00:00
[2025-05-16T06:51:06.244+0100] {logging_mixin.py:154} INFO - [2025-05-16T06:51:06.244+0100] {dag.py:3722} INFO - Setting next_dagrun for example_subdag_operator.section-1 to None, run_after=None
[2025-05-16T06:51:06.245+0100] {logging_mixin.py:154} INFO - [2025-05-16T06:51:06.245+0100] {dag.py:3722} INFO - Setting next_dagrun for example_subdag_operator.section-2 to None, run_after=None
[2025-05-16T06:51:06.246+0100] {logging_mixin.py:154} INFO - [2025-05-16T06:51:06.246+0100] {dag.py:2941} INFO - Sync 2 DAGs
[2025-05-16T06:51:06.247+0100] {logging_mixin.py:154} INFO - [2025-05-16T06:51:06.247+0100] {dag.py:3722} INFO - Setting next_dagrun for example_subdag_operator.section-1 to None, run_after=None
[2025-05-16T06:51:06.247+0100] {logging_mixin.py:154} INFO - [2025-05-16T06:51:06.247+0100] {dag.py:3722} INFO - Setting next_dagrun for example_subdag_operator.section-2 to None, run_after=None
[2025-05-16T06:51:06.250+0100] {processor.py:179} INFO - Processing /Users/saber/airflow_project/airflow_venv/lib/python3.10/site-packages/airflow/example_dags/example_subdag_operator.py took 0.069 seconds
