[2025-05-16T06:37:27.970+0100] {processor.py:157} INFO - Started process (PID=8732) to work on /Users/saber/airflow_project/airflow_venv/lib/python3.10/site-packages/airflow/example_dags/example_trigger_target_dag.py
[2025-05-16T06:37:27.971+0100] {processor.py:829} INFO - Processing file /Users/saber/airflow_project/airflow_venv/lib/python3.10/site-packages/airflow/example_dags/example_trigger_target_dag.py for tasks to queue
[2025-05-16T06:37:27.971+0100] {logging_mixin.py:154} INFO - [2025-05-16T06:37:27.971+0100] {dagbag.py:536} INFO - Filling up the DagBag from /Users/saber/airflow_project/airflow_venv/lib/python3.10/site-packages/airflow/example_dags/example_trigger_target_dag.py
[2025-05-16T06:37:27.985+0100] {processor.py:839} INFO - DAG(s) dict_keys(['example_trigger_target_dag']) retrieved from /Users/saber/airflow_project/airflow_venv/lib/python3.10/site-packages/airflow/example_dags/example_trigger_target_dag.py
[2025-05-16T06:37:28.133+0100] {logging_mixin.py:154} INFO - [2025-05-16T06:37:28.133+0100] {manager.py:499} INFO - Created Permission View: %s
[2025-05-16T06:37:28.135+0100] {logging_mixin.py:154} INFO - [2025-05-16T06:37:28.135+0100] {manager.py:499} INFO - Created Permission View: %s
[2025-05-16T06:37:28.136+0100] {logging_mixin.py:154} INFO - [2025-05-16T06:37:28.136+0100] {manager.py:499} INFO - Created Permission View: %s
[2025-05-16T06:37:28.136+0100] {logging_mixin.py:154} INFO - [2025-05-16T06:37:28.136+0100] {dag.py:2941} INFO - Sync 1 DAGs
[2025-05-16T06:37:28.138+0100] {logging_mixin.py:154} INFO - [2025-05-16T06:37:28.138+0100] {dag.py:2963} INFO - Creating ORM DAG for example_trigger_target_dag
[2025-05-16T06:37:28.139+0100] {logging_mixin.py:154} INFO - [2025-05-16T06:37:28.139+0100] {dag.py:3722} INFO - Setting next_dagrun for example_trigger_target_dag to None, run_after=None
[2025-05-16T06:37:28.142+0100] {processor.py:179} INFO - Processing /Users/saber/airflow_project/airflow_venv/lib/python3.10/site-packages/airflow/example_dags/example_trigger_target_dag.py took 0.172 seconds
[2025-05-16T06:38:29.285+0100] {processor.py:157} INFO - Started process (PID=8789) to work on /Users/saber/airflow_project/airflow_venv/lib/python3.10/site-packages/airflow/example_dags/example_trigger_target_dag.py
[2025-05-16T06:38:29.286+0100] {processor.py:829} INFO - Processing file /Users/saber/airflow_project/airflow_venv/lib/python3.10/site-packages/airflow/example_dags/example_trigger_target_dag.py for tasks to queue
[2025-05-16T06:38:29.286+0100] {logging_mixin.py:154} INFO - [2025-05-16T06:38:29.286+0100] {dagbag.py:536} INFO - Filling up the DagBag from /Users/saber/airflow_project/airflow_venv/lib/python3.10/site-packages/airflow/example_dags/example_trigger_target_dag.py
[2025-05-16T06:38:29.301+0100] {processor.py:839} INFO - DAG(s) dict_keys(['example_trigger_target_dag']) retrieved from /Users/saber/airflow_project/airflow_venv/lib/python3.10/site-packages/airflow/example_dags/example_trigger_target_dag.py
[2025-05-16T06:38:29.343+0100] {logging_mixin.py:154} INFO - [2025-05-16T06:38:29.343+0100] {dag.py:2941} INFO - Sync 1 DAGs
[2025-05-16T06:38:29.346+0100] {logging_mixin.py:154} INFO - [2025-05-16T06:38:29.346+0100] {dag.py:3722} INFO - Setting next_dagrun for example_trigger_target_dag to None, run_after=None
[2025-05-16T06:38:29.350+0100] {processor.py:179} INFO - Processing /Users/saber/airflow_project/airflow_venv/lib/python3.10/site-packages/airflow/example_dags/example_trigger_target_dag.py took 0.065 seconds
[2025-05-16T06:39:26.017+0100] {processor.py:157} INFO - Started process (PID=8837) to work on /Users/saber/airflow_project/airflow_venv/lib/python3.10/site-packages/airflow/example_dags/example_trigger_target_dag.py
[2025-05-16T06:39:26.017+0100] {processor.py:829} INFO - Processing file /Users/saber/airflow_project/airflow_venv/lib/python3.10/site-packages/airflow/example_dags/example_trigger_target_dag.py for tasks to queue
[2025-05-16T06:39:26.018+0100] {logging_mixin.py:154} INFO - [2025-05-16T06:39:26.018+0100] {dagbag.py:536} INFO - Filling up the DagBag from /Users/saber/airflow_project/airflow_venv/lib/python3.10/site-packages/airflow/example_dags/example_trigger_target_dag.py
[2025-05-16T06:39:26.032+0100] {processor.py:839} INFO - DAG(s) dict_keys(['example_trigger_target_dag']) retrieved from /Users/saber/airflow_project/airflow_venv/lib/python3.10/site-packages/airflow/example_dags/example_trigger_target_dag.py
[2025-05-16T06:39:26.075+0100] {logging_mixin.py:154} INFO - [2025-05-16T06:39:26.075+0100] {dag.py:2941} INFO - Sync 1 DAGs
[2025-05-16T06:39:26.077+0100] {logging_mixin.py:154} INFO - [2025-05-16T06:39:26.077+0100] {dag.py:3722} INFO - Setting next_dagrun for example_trigger_target_dag to None, run_after=None
[2025-05-16T06:39:26.082+0100] {processor.py:179} INFO - Processing /Users/saber/airflow_project/airflow_venv/lib/python3.10/site-packages/airflow/example_dags/example_trigger_target_dag.py took 0.066 seconds
[2025-05-16T06:40:20.817+0100] {processor.py:157} INFO - Started process (PID=8898) to work on /Users/saber/airflow_project/airflow_venv/lib/python3.10/site-packages/airflow/example_dags/example_trigger_target_dag.py
[2025-05-16T06:40:20.818+0100] {processor.py:829} INFO - Processing file /Users/saber/airflow_project/airflow_venv/lib/python3.10/site-packages/airflow/example_dags/example_trigger_target_dag.py for tasks to queue
[2025-05-16T06:40:20.818+0100] {logging_mixin.py:154} INFO - [2025-05-16T06:40:20.818+0100] {dagbag.py:536} INFO - Filling up the DagBag from /Users/saber/airflow_project/airflow_venv/lib/python3.10/site-packages/airflow/example_dags/example_trigger_target_dag.py
[2025-05-16T06:40:20.832+0100] {processor.py:839} INFO - DAG(s) dict_keys(['example_trigger_target_dag']) retrieved from /Users/saber/airflow_project/airflow_venv/lib/python3.10/site-packages/airflow/example_dags/example_trigger_target_dag.py
[2025-05-16T06:40:20.874+0100] {logging_mixin.py:154} INFO - [2025-05-16T06:40:20.874+0100] {dag.py:2941} INFO - Sync 1 DAGs
[2025-05-16T06:40:20.877+0100] {logging_mixin.py:154} INFO - [2025-05-16T06:40:20.877+0100] {dag.py:3722} INFO - Setting next_dagrun for example_trigger_target_dag to None, run_after=None
[2025-05-16T06:40:20.881+0100] {processor.py:179} INFO - Processing /Users/saber/airflow_project/airflow_venv/lib/python3.10/site-packages/airflow/example_dags/example_trigger_target_dag.py took 0.064 seconds
[2025-05-16T06:41:19.381+0100] {processor.py:157} INFO - Started process (PID=8946) to work on /Users/saber/airflow_project/airflow_venv/lib/python3.10/site-packages/airflow/example_dags/example_trigger_target_dag.py
[2025-05-16T06:41:19.381+0100] {processor.py:829} INFO - Processing file /Users/saber/airflow_project/airflow_venv/lib/python3.10/site-packages/airflow/example_dags/example_trigger_target_dag.py for tasks to queue
[2025-05-16T06:41:19.382+0100] {logging_mixin.py:154} INFO - [2025-05-16T06:41:19.382+0100] {dagbag.py:536} INFO - Filling up the DagBag from /Users/saber/airflow_project/airflow_venv/lib/python3.10/site-packages/airflow/example_dags/example_trigger_target_dag.py
[2025-05-16T06:41:19.396+0100] {processor.py:839} INFO - DAG(s) dict_keys(['example_trigger_target_dag']) retrieved from /Users/saber/airflow_project/airflow_venv/lib/python3.10/site-packages/airflow/example_dags/example_trigger_target_dag.py
[2025-05-16T06:41:19.438+0100] {logging_mixin.py:154} INFO - [2025-05-16T06:41:19.438+0100] {dag.py:2941} INFO - Sync 1 DAGs
[2025-05-16T06:41:19.440+0100] {logging_mixin.py:154} INFO - [2025-05-16T06:41:19.440+0100] {dag.py:3722} INFO - Setting next_dagrun for example_trigger_target_dag to None, run_after=None
[2025-05-16T06:41:19.445+0100] {processor.py:179} INFO - Processing /Users/saber/airflow_project/airflow_venv/lib/python3.10/site-packages/airflow/example_dags/example_trigger_target_dag.py took 0.064 seconds
[2025-05-16T06:42:20.678+0100] {processor.py:157} INFO - Started process (PID=8999) to work on /Users/saber/airflow_project/airflow_venv/lib/python3.10/site-packages/airflow/example_dags/example_trigger_target_dag.py
[2025-05-16T06:42:20.679+0100] {processor.py:829} INFO - Processing file /Users/saber/airflow_project/airflow_venv/lib/python3.10/site-packages/airflow/example_dags/example_trigger_target_dag.py for tasks to queue
[2025-05-16T06:42:20.679+0100] {logging_mixin.py:154} INFO - [2025-05-16T06:42:20.679+0100] {dagbag.py:536} INFO - Filling up the DagBag from /Users/saber/airflow_project/airflow_venv/lib/python3.10/site-packages/airflow/example_dags/example_trigger_target_dag.py
[2025-05-16T06:42:20.695+0100] {processor.py:839} INFO - DAG(s) dict_keys(['example_trigger_target_dag']) retrieved from /Users/saber/airflow_project/airflow_venv/lib/python3.10/site-packages/airflow/example_dags/example_trigger_target_dag.py
[2025-05-16T06:42:20.743+0100] {logging_mixin.py:154} INFO - [2025-05-16T06:42:20.742+0100] {dag.py:2941} INFO - Sync 1 DAGs
[2025-05-16T06:42:20.745+0100] {logging_mixin.py:154} INFO - [2025-05-16T06:42:20.745+0100] {dag.py:3722} INFO - Setting next_dagrun for example_trigger_target_dag to None, run_after=None
[2025-05-16T06:42:20.750+0100] {processor.py:179} INFO - Processing /Users/saber/airflow_project/airflow_venv/lib/python3.10/site-packages/airflow/example_dags/example_trigger_target_dag.py took 0.072 seconds
[2025-05-16T06:43:15.839+0100] {processor.py:157} INFO - Started process (PID=9048) to work on /Users/saber/airflow_project/airflow_venv/lib/python3.10/site-packages/airflow/example_dags/example_trigger_target_dag.py
[2025-05-16T06:43:15.839+0100] {processor.py:829} INFO - Processing file /Users/saber/airflow_project/airflow_venv/lib/python3.10/site-packages/airflow/example_dags/example_trigger_target_dag.py for tasks to queue
[2025-05-16T06:43:15.840+0100] {logging_mixin.py:154} INFO - [2025-05-16T06:43:15.840+0100] {dagbag.py:536} INFO - Filling up the DagBag from /Users/saber/airflow_project/airflow_venv/lib/python3.10/site-packages/airflow/example_dags/example_trigger_target_dag.py
[2025-05-16T06:43:15.854+0100] {processor.py:839} INFO - DAG(s) dict_keys(['example_trigger_target_dag']) retrieved from /Users/saber/airflow_project/airflow_venv/lib/python3.10/site-packages/airflow/example_dags/example_trigger_target_dag.py
[2025-05-16T06:43:15.897+0100] {logging_mixin.py:154} INFO - [2025-05-16T06:43:15.897+0100] {dag.py:2941} INFO - Sync 1 DAGs
[2025-05-16T06:43:15.899+0100] {logging_mixin.py:154} INFO - [2025-05-16T06:43:15.899+0100] {dag.py:3722} INFO - Setting next_dagrun for example_trigger_target_dag to None, run_after=None
[2025-05-16T06:43:15.904+0100] {processor.py:179} INFO - Processing /Users/saber/airflow_project/airflow_venv/lib/python3.10/site-packages/airflow/example_dags/example_trigger_target_dag.py took 0.065 seconds
[2025-05-16T06:44:14.049+0100] {processor.py:157} INFO - Started process (PID=9104) to work on /Users/saber/airflow_project/airflow_venv/lib/python3.10/site-packages/airflow/example_dags/example_trigger_target_dag.py
[2025-05-16T06:44:14.049+0100] {processor.py:829} INFO - Processing file /Users/saber/airflow_project/airflow_venv/lib/python3.10/site-packages/airflow/example_dags/example_trigger_target_dag.py for tasks to queue
[2025-05-16T06:44:14.050+0100] {logging_mixin.py:154} INFO - [2025-05-16T06:44:14.050+0100] {dagbag.py:536} INFO - Filling up the DagBag from /Users/saber/airflow_project/airflow_venv/lib/python3.10/site-packages/airflow/example_dags/example_trigger_target_dag.py
[2025-05-16T06:44:14.065+0100] {processor.py:839} INFO - DAG(s) dict_keys(['example_trigger_target_dag']) retrieved from /Users/saber/airflow_project/airflow_venv/lib/python3.10/site-packages/airflow/example_dags/example_trigger_target_dag.py
[2025-05-16T06:44:14.113+0100] {logging_mixin.py:154} INFO - [2025-05-16T06:44:14.113+0100] {dag.py:2941} INFO - Sync 1 DAGs
[2025-05-16T06:44:14.116+0100] {logging_mixin.py:154} INFO - [2025-05-16T06:44:14.116+0100] {dag.py:3722} INFO - Setting next_dagrun for example_trigger_target_dag to None, run_after=None
[2025-05-16T06:44:14.120+0100] {processor.py:179} INFO - Processing /Users/saber/airflow_project/airflow_venv/lib/python3.10/site-packages/airflow/example_dags/example_trigger_target_dag.py took 0.072 seconds
[2025-05-16T06:45:12.478+0100] {processor.py:157} INFO - Started process (PID=9154) to work on /Users/saber/airflow_project/airflow_venv/lib/python3.10/site-packages/airflow/example_dags/example_trigger_target_dag.py
[2025-05-16T06:45:12.478+0100] {processor.py:829} INFO - Processing file /Users/saber/airflow_project/airflow_venv/lib/python3.10/site-packages/airflow/example_dags/example_trigger_target_dag.py for tasks to queue
[2025-05-16T06:45:12.478+0100] {logging_mixin.py:154} INFO - [2025-05-16T06:45:12.478+0100] {dagbag.py:536} INFO - Filling up the DagBag from /Users/saber/airflow_project/airflow_venv/lib/python3.10/site-packages/airflow/example_dags/example_trigger_target_dag.py
[2025-05-16T06:45:12.493+0100] {processor.py:839} INFO - DAG(s) dict_keys(['example_trigger_target_dag']) retrieved from /Users/saber/airflow_project/airflow_venv/lib/python3.10/site-packages/airflow/example_dags/example_trigger_target_dag.py
[2025-05-16T06:45:12.535+0100] {logging_mixin.py:154} INFO - [2025-05-16T06:45:12.535+0100] {dag.py:2941} INFO - Sync 1 DAGs
[2025-05-16T06:45:12.537+0100] {logging_mixin.py:154} INFO - [2025-05-16T06:45:12.537+0100] {dag.py:3722} INFO - Setting next_dagrun for example_trigger_target_dag to None, run_after=None
[2025-05-16T06:45:12.542+0100] {processor.py:179} INFO - Processing /Users/saber/airflow_project/airflow_venv/lib/python3.10/site-packages/airflow/example_dags/example_trigger_target_dag.py took 0.064 seconds
[2025-05-16T06:46:10.055+0100] {processor.py:157} INFO - Started process (PID=9221) to work on /Users/saber/airflow_project/airflow_venv/lib/python3.10/site-packages/airflow/example_dags/example_trigger_target_dag.py
[2025-05-16T06:46:10.055+0100] {processor.py:829} INFO - Processing file /Users/saber/airflow_project/airflow_venv/lib/python3.10/site-packages/airflow/example_dags/example_trigger_target_dag.py for tasks to queue
[2025-05-16T06:46:10.056+0100] {logging_mixin.py:154} INFO - [2025-05-16T06:46:10.056+0100] {dagbag.py:536} INFO - Filling up the DagBag from /Users/saber/airflow_project/airflow_venv/lib/python3.10/site-packages/airflow/example_dags/example_trigger_target_dag.py
[2025-05-16T06:46:10.070+0100] {processor.py:839} INFO - DAG(s) dict_keys(['example_trigger_target_dag']) retrieved from /Users/saber/airflow_project/airflow_venv/lib/python3.10/site-packages/airflow/example_dags/example_trigger_target_dag.py
[2025-05-16T06:46:10.113+0100] {logging_mixin.py:154} INFO - [2025-05-16T06:46:10.113+0100] {dag.py:2941} INFO - Sync 1 DAGs
[2025-05-16T06:46:10.116+0100] {logging_mixin.py:154} INFO - [2025-05-16T06:46:10.116+0100] {dag.py:3722} INFO - Setting next_dagrun for example_trigger_target_dag to None, run_after=None
[2025-05-16T06:46:10.121+0100] {processor.py:179} INFO - Processing /Users/saber/airflow_project/airflow_venv/lib/python3.10/site-packages/airflow/example_dags/example_trigger_target_dag.py took 0.067 seconds
[2025-05-16T06:47:09.672+0100] {processor.py:157} INFO - Started process (PID=9269) to work on /Users/saber/airflow_project/airflow_venv/lib/python3.10/site-packages/airflow/example_dags/example_trigger_target_dag.py
[2025-05-16T06:47:09.672+0100] {processor.py:829} INFO - Processing file /Users/saber/airflow_project/airflow_venv/lib/python3.10/site-packages/airflow/example_dags/example_trigger_target_dag.py for tasks to queue
[2025-05-16T06:47:09.673+0100] {logging_mixin.py:154} INFO - [2025-05-16T06:47:09.673+0100] {dagbag.py:536} INFO - Filling up the DagBag from /Users/saber/airflow_project/airflow_venv/lib/python3.10/site-packages/airflow/example_dags/example_trigger_target_dag.py
[2025-05-16T06:47:09.688+0100] {processor.py:839} INFO - DAG(s) dict_keys(['example_trigger_target_dag']) retrieved from /Users/saber/airflow_project/airflow_venv/lib/python3.10/site-packages/airflow/example_dags/example_trigger_target_dag.py
[2025-05-16T06:47:09.732+0100] {logging_mixin.py:154} INFO - [2025-05-16T06:47:09.732+0100] {dag.py:2941} INFO - Sync 1 DAGs
[2025-05-16T06:47:09.734+0100] {logging_mixin.py:154} INFO - [2025-05-16T06:47:09.734+0100] {dag.py:3722} INFO - Setting next_dagrun for example_trigger_target_dag to None, run_after=None
[2025-05-16T06:47:09.739+0100] {processor.py:179} INFO - Processing /Users/saber/airflow_project/airflow_venv/lib/python3.10/site-packages/airflow/example_dags/example_trigger_target_dag.py took 0.068 seconds
[2025-05-16T06:48:06.025+0100] {processor.py:157} INFO - Started process (PID=9318) to work on /Users/saber/airflow_project/airflow_venv/lib/python3.10/site-packages/airflow/example_dags/example_trigger_target_dag.py
[2025-05-16T06:48:06.025+0100] {processor.py:829} INFO - Processing file /Users/saber/airflow_project/airflow_venv/lib/python3.10/site-packages/airflow/example_dags/example_trigger_target_dag.py for tasks to queue
[2025-05-16T06:48:06.026+0100] {logging_mixin.py:154} INFO - [2025-05-16T06:48:06.026+0100] {dagbag.py:536} INFO - Filling up the DagBag from /Users/saber/airflow_project/airflow_venv/lib/python3.10/site-packages/airflow/example_dags/example_trigger_target_dag.py
[2025-05-16T06:48:06.040+0100] {processor.py:839} INFO - DAG(s) dict_keys(['example_trigger_target_dag']) retrieved from /Users/saber/airflow_project/airflow_venv/lib/python3.10/site-packages/airflow/example_dags/example_trigger_target_dag.py
[2025-05-16T06:48:06.082+0100] {logging_mixin.py:154} INFO - [2025-05-16T06:48:06.082+0100] {dag.py:2941} INFO - Sync 1 DAGs
[2025-05-16T06:48:06.084+0100] {logging_mixin.py:154} INFO - [2025-05-16T06:48:06.084+0100] {dag.py:3722} INFO - Setting next_dagrun for example_trigger_target_dag to None, run_after=None
[2025-05-16T06:48:06.089+0100] {processor.py:179} INFO - Processing /Users/saber/airflow_project/airflow_venv/lib/python3.10/site-packages/airflow/example_dags/example_trigger_target_dag.py took 0.064 seconds
[2025-05-16T06:49:02.389+0100] {processor.py:157} INFO - Started process (PID=9365) to work on /Users/saber/airflow_project/airflow_venv/lib/python3.10/site-packages/airflow/example_dags/example_trigger_target_dag.py
[2025-05-16T06:49:02.389+0100] {processor.py:829} INFO - Processing file /Users/saber/airflow_project/airflow_venv/lib/python3.10/site-packages/airflow/example_dags/example_trigger_target_dag.py for tasks to queue
[2025-05-16T06:49:02.389+0100] {logging_mixin.py:154} INFO - [2025-05-16T06:49:02.389+0100] {dagbag.py:536} INFO - Filling up the DagBag from /Users/saber/airflow_project/airflow_venv/lib/python3.10/site-packages/airflow/example_dags/example_trigger_target_dag.py
[2025-05-16T06:49:02.404+0100] {processor.py:839} INFO - DAG(s) dict_keys(['example_trigger_target_dag']) retrieved from /Users/saber/airflow_project/airflow_venv/lib/python3.10/site-packages/airflow/example_dags/example_trigger_target_dag.py
[2025-05-16T06:49:02.445+0100] {logging_mixin.py:154} INFO - [2025-05-16T06:49:02.445+0100] {dag.py:2941} INFO - Sync 1 DAGs
[2025-05-16T06:49:02.447+0100] {logging_mixin.py:154} INFO - [2025-05-16T06:49:02.447+0100] {dag.py:3722} INFO - Setting next_dagrun for example_trigger_target_dag to None, run_after=None
[2025-05-16T06:49:02.453+0100] {processor.py:179} INFO - Processing /Users/saber/airflow_project/airflow_venv/lib/python3.10/site-packages/airflow/example_dags/example_trigger_target_dag.py took 0.065 seconds
[2025-05-16T06:50:01.538+0100] {processor.py:157} INFO - Started process (PID=9416) to work on /Users/saber/airflow_project/airflow_venv/lib/python3.10/site-packages/airflow/example_dags/example_trigger_target_dag.py
[2025-05-16T06:50:01.538+0100] {processor.py:829} INFO - Processing file /Users/saber/airflow_project/airflow_venv/lib/python3.10/site-packages/airflow/example_dags/example_trigger_target_dag.py for tasks to queue
[2025-05-16T06:50:01.539+0100] {logging_mixin.py:154} INFO - [2025-05-16T06:50:01.539+0100] {dagbag.py:536} INFO - Filling up the DagBag from /Users/saber/airflow_project/airflow_venv/lib/python3.10/site-packages/airflow/example_dags/example_trigger_target_dag.py
[2025-05-16T06:50:01.553+0100] {processor.py:839} INFO - DAG(s) dict_keys(['example_trigger_target_dag']) retrieved from /Users/saber/airflow_project/airflow_venv/lib/python3.10/site-packages/airflow/example_dags/example_trigger_target_dag.py
[2025-05-16T06:50:01.595+0100] {logging_mixin.py:154} INFO - [2025-05-16T06:50:01.595+0100] {dag.py:2941} INFO - Sync 1 DAGs
[2025-05-16T06:50:01.597+0100] {logging_mixin.py:154} INFO - [2025-05-16T06:50:01.597+0100] {dag.py:3722} INFO - Setting next_dagrun for example_trigger_target_dag to None, run_after=None
[2025-05-16T06:50:01.602+0100] {processor.py:179} INFO - Processing /Users/saber/airflow_project/airflow_venv/lib/python3.10/site-packages/airflow/example_dags/example_trigger_target_dag.py took 0.064 seconds
[2025-05-16T06:51:00.155+0100] {processor.py:157} INFO - Started process (PID=9473) to work on /Users/saber/airflow_project/airflow_venv/lib/python3.10/site-packages/airflow/example_dags/example_trigger_target_dag.py
[2025-05-16T06:51:00.155+0100] {processor.py:829} INFO - Processing file /Users/saber/airflow_project/airflow_venv/lib/python3.10/site-packages/airflow/example_dags/example_trigger_target_dag.py for tasks to queue
[2025-05-16T06:51:00.156+0100] {logging_mixin.py:154} INFO - [2025-05-16T06:51:00.156+0100] {dagbag.py:536} INFO - Filling up the DagBag from /Users/saber/airflow_project/airflow_venv/lib/python3.10/site-packages/airflow/example_dags/example_trigger_target_dag.py
[2025-05-16T06:51:00.170+0100] {processor.py:839} INFO - DAG(s) dict_keys(['example_trigger_target_dag']) retrieved from /Users/saber/airflow_project/airflow_venv/lib/python3.10/site-packages/airflow/example_dags/example_trigger_target_dag.py
[2025-05-16T06:51:00.212+0100] {logging_mixin.py:154} INFO - [2025-05-16T06:51:00.212+0100] {dag.py:2941} INFO - Sync 1 DAGs
[2025-05-16T06:51:00.215+0100] {logging_mixin.py:154} INFO - [2025-05-16T06:51:00.215+0100] {dag.py:3722} INFO - Setting next_dagrun for example_trigger_target_dag to None, run_after=None
[2025-05-16T06:51:00.219+0100] {processor.py:179} INFO - Processing /Users/saber/airflow_project/airflow_venv/lib/python3.10/site-packages/airflow/example_dags/example_trigger_target_dag.py took 0.065 seconds
