[2025-05-16T06:37:07.320+0100] {processor.py:157} INFO - Started process (PID=8713) to work on /Users/saber/airflow_project/airflow_venv/lib/python3.10/site-packages/airflow/example_dags/tutorial_taskflow_api.py
[2025-05-16T06:37:07.321+0100] {processor.py:829} INFO - Processing file /Users/saber/airflow_project/airflow_venv/lib/python3.10/site-packages/airflow/example_dags/tutorial_taskflow_api.py for tasks to queue
[2025-05-16T06:37:07.321+0100] {logging_mixin.py:154} INFO - [2025-05-16T06:37:07.321+0100] {dagbag.py:536} INFO - Filling up the DagBag from /Users/saber/airflow_project/airflow_venv/lib/python3.10/site-packages/airflow/example_dags/tutorial_taskflow_api.py
[2025-05-16T06:37:07.337+0100] {processor.py:839} INFO - DAG(s) dict_keys(['tutorial_taskflow_api']) retrieved from /Users/saber/airflow_project/airflow_venv/lib/python3.10/site-packages/airflow/example_dags/tutorial_taskflow_api.py
[2025-05-16T06:37:07.504+0100] {logging_mixin.py:154} INFO - [2025-05-16T06:37:07.504+0100] {manager.py:499} INFO - Created Permission View: %s
[2025-05-16T06:37:07.506+0100] {logging_mixin.py:154} INFO - [2025-05-16T06:37:07.506+0100] {manager.py:499} INFO - Created Permission View: %s
[2025-05-16T06:37:07.507+0100] {logging_mixin.py:154} INFO - [2025-05-16T06:37:07.507+0100] {manager.py:499} INFO - Created Permission View: %s
[2025-05-16T06:37:07.507+0100] {logging_mixin.py:154} INFO - [2025-05-16T06:37:07.507+0100] {dag.py:2941} INFO - Sync 1 DAGs
[2025-05-16T06:37:07.510+0100] {logging_mixin.py:154} INFO - [2025-05-16T06:37:07.510+0100] {dag.py:2963} INFO - Creating ORM DAG for tutorial_taskflow_api
[2025-05-16T06:37:07.510+0100] {logging_mixin.py:154} INFO - [2025-05-16T06:37:07.510+0100] {dag.py:3722} INFO - Setting next_dagrun for tutorial_taskflow_api to None, run_after=None
[2025-05-16T06:37:07.514+0100] {processor.py:179} INFO - Processing /Users/saber/airflow_project/airflow_venv/lib/python3.10/site-packages/airflow/example_dags/tutorial_taskflow_api.py took 0.194 seconds
[2025-05-16T06:37:20.596+0100] {processor.py:157} INFO - Started process (PID=8727) to work on /Users/saber/airflow_project/airflow_venv/lib/python3.10/site-packages/airflow/example_dags/tutorial_taskflow_api.py
[2025-05-16T06:37:20.597+0100] {processor.py:829} INFO - Processing file /Users/saber/airflow_project/airflow_venv/lib/python3.10/site-packages/airflow/example_dags/tutorial_taskflow_api.py for tasks to queue
[2025-05-16T06:37:20.597+0100] {logging_mixin.py:154} INFO - [2025-05-16T06:37:20.597+0100] {dagbag.py:536} INFO - Filling up the DagBag from /Users/saber/airflow_project/airflow_venv/lib/python3.10/site-packages/airflow/example_dags/tutorial_taskflow_api.py
[2025-05-16T06:37:20.611+0100] {processor.py:839} INFO - DAG(s) dict_keys(['tutorial_taskflow_api']) retrieved from /Users/saber/airflow_project/airflow_venv/lib/python3.10/site-packages/airflow/example_dags/tutorial_taskflow_api.py
[2025-05-16T06:37:20.622+0100] {logging_mixin.py:154} INFO - [2025-05-16T06:37:20.622+0100] {dag.py:2941} INFO - Sync 1 DAGs
[2025-05-16T06:37:20.643+0100] {logging_mixin.py:154} INFO - [2025-05-16T06:37:20.643+0100] {dag.py:3722} INFO - Setting next_dagrun for tutorial_taskflow_api to None, run_after=None
[2025-05-16T06:37:20.648+0100] {processor.py:179} INFO - Processing /Users/saber/airflow_project/airflow_venv/lib/python3.10/site-packages/airflow/example_dags/tutorial_taskflow_api.py took 0.052 seconds
[2025-05-16T06:38:23.814+0100] {processor.py:157} INFO - Started process (PID=8778) to work on /Users/saber/airflow_project/airflow_venv/lib/python3.10/site-packages/airflow/example_dags/tutorial_taskflow_api.py
[2025-05-16T06:38:23.814+0100] {processor.py:829} INFO - Processing file /Users/saber/airflow_project/airflow_venv/lib/python3.10/site-packages/airflow/example_dags/tutorial_taskflow_api.py for tasks to queue
[2025-05-16T06:38:23.815+0100] {logging_mixin.py:154} INFO - [2025-05-16T06:38:23.815+0100] {dagbag.py:536} INFO - Filling up the DagBag from /Users/saber/airflow_project/airflow_venv/lib/python3.10/site-packages/airflow/example_dags/tutorial_taskflow_api.py
[2025-05-16T06:38:23.829+0100] {processor.py:839} INFO - DAG(s) dict_keys(['tutorial_taskflow_api']) retrieved from /Users/saber/airflow_project/airflow_venv/lib/python3.10/site-packages/airflow/example_dags/tutorial_taskflow_api.py
[2025-05-16T06:38:23.871+0100] {logging_mixin.py:154} INFO - [2025-05-16T06:38:23.871+0100] {dag.py:2941} INFO - Sync 1 DAGs
[2025-05-16T06:38:23.873+0100] {logging_mixin.py:154} INFO - [2025-05-16T06:38:23.873+0100] {dag.py:3722} INFO - Setting next_dagrun for tutorial_taskflow_api to None, run_after=None
[2025-05-16T06:38:23.878+0100] {processor.py:179} INFO - Processing /Users/saber/airflow_project/airflow_venv/lib/python3.10/site-packages/airflow/example_dags/tutorial_taskflow_api.py took 0.064 seconds
[2025-05-16T06:39:19.543+0100] {processor.py:157} INFO - Started process (PID=8832) to work on /Users/saber/airflow_project/airflow_venv/lib/python3.10/site-packages/airflow/example_dags/tutorial_taskflow_api.py
[2025-05-16T06:39:19.543+0100] {processor.py:829} INFO - Processing file /Users/saber/airflow_project/airflow_venv/lib/python3.10/site-packages/airflow/example_dags/tutorial_taskflow_api.py for tasks to queue
[2025-05-16T06:39:19.544+0100] {logging_mixin.py:154} INFO - [2025-05-16T06:39:19.543+0100] {dagbag.py:536} INFO - Filling up the DagBag from /Users/saber/airflow_project/airflow_venv/lib/python3.10/site-packages/airflow/example_dags/tutorial_taskflow_api.py
[2025-05-16T06:39:19.557+0100] {processor.py:839} INFO - DAG(s) dict_keys(['tutorial_taskflow_api']) retrieved from /Users/saber/airflow_project/airflow_venv/lib/python3.10/site-packages/airflow/example_dags/tutorial_taskflow_api.py
[2025-05-16T06:39:19.599+0100] {logging_mixin.py:154} INFO - [2025-05-16T06:39:19.599+0100] {dag.py:2941} INFO - Sync 1 DAGs
[2025-05-16T06:39:19.602+0100] {logging_mixin.py:154} INFO - [2025-05-16T06:39:19.602+0100] {dag.py:3722} INFO - Setting next_dagrun for tutorial_taskflow_api to None, run_after=None
[2025-05-16T06:39:19.606+0100] {processor.py:179} INFO - Processing /Users/saber/airflow_project/airflow_venv/lib/python3.10/site-packages/airflow/example_dags/tutorial_taskflow_api.py took 0.064 seconds
[2025-05-16T06:40:14.147+0100] {processor.py:157} INFO - Started process (PID=8893) to work on /Users/saber/airflow_project/airflow_venv/lib/python3.10/site-packages/airflow/example_dags/tutorial_taskflow_api.py
[2025-05-16T06:40:14.147+0100] {processor.py:829} INFO - Processing file /Users/saber/airflow_project/airflow_venv/lib/python3.10/site-packages/airflow/example_dags/tutorial_taskflow_api.py for tasks to queue
[2025-05-16T06:40:14.148+0100] {logging_mixin.py:154} INFO - [2025-05-16T06:40:14.148+0100] {dagbag.py:536} INFO - Filling up the DagBag from /Users/saber/airflow_project/airflow_venv/lib/python3.10/site-packages/airflow/example_dags/tutorial_taskflow_api.py
[2025-05-16T06:40:14.164+0100] {processor.py:839} INFO - DAG(s) dict_keys(['tutorial_taskflow_api']) retrieved from /Users/saber/airflow_project/airflow_venv/lib/python3.10/site-packages/airflow/example_dags/tutorial_taskflow_api.py
[2025-05-16T06:40:14.210+0100] {logging_mixin.py:154} INFO - [2025-05-16T06:40:14.210+0100] {dag.py:2941} INFO - Sync 1 DAGs
[2025-05-16T06:40:14.213+0100] {logging_mixin.py:154} INFO - [2025-05-16T06:40:14.213+0100] {dag.py:3722} INFO - Setting next_dagrun for tutorial_taskflow_api to None, run_after=None
[2025-05-16T06:40:14.218+0100] {processor.py:179} INFO - Processing /Users/saber/airflow_project/airflow_venv/lib/python3.10/site-packages/airflow/example_dags/tutorial_taskflow_api.py took 0.071 seconds
[2025-05-16T06:41:12.901+0100] {processor.py:157} INFO - Started process (PID=8941) to work on /Users/saber/airflow_project/airflow_venv/lib/python3.10/site-packages/airflow/example_dags/tutorial_taskflow_api.py
[2025-05-16T06:41:12.901+0100] {processor.py:829} INFO - Processing file /Users/saber/airflow_project/airflow_venv/lib/python3.10/site-packages/airflow/example_dags/tutorial_taskflow_api.py for tasks to queue
[2025-05-16T06:41:12.901+0100] {logging_mixin.py:154} INFO - [2025-05-16T06:41:12.901+0100] {dagbag.py:536} INFO - Filling up the DagBag from /Users/saber/airflow_project/airflow_venv/lib/python3.10/site-packages/airflow/example_dags/tutorial_taskflow_api.py
[2025-05-16T06:41:12.915+0100] {processor.py:839} INFO - DAG(s) dict_keys(['tutorial_taskflow_api']) retrieved from /Users/saber/airflow_project/airflow_venv/lib/python3.10/site-packages/airflow/example_dags/tutorial_taskflow_api.py
[2025-05-16T06:41:12.957+0100] {logging_mixin.py:154} INFO - [2025-05-16T06:41:12.957+0100] {dag.py:2941} INFO - Sync 1 DAGs
[2025-05-16T06:41:12.959+0100] {logging_mixin.py:154} INFO - [2025-05-16T06:41:12.959+0100] {dag.py:3722} INFO - Setting next_dagrun for tutorial_taskflow_api to None, run_after=None
[2025-05-16T06:41:12.964+0100] {processor.py:179} INFO - Processing /Users/saber/airflow_project/airflow_venv/lib/python3.10/site-packages/airflow/example_dags/tutorial_taskflow_api.py took 0.064 seconds
[2025-05-16T06:42:14.144+0100] {processor.py:157} INFO - Started process (PID=8994) to work on /Users/saber/airflow_project/airflow_venv/lib/python3.10/site-packages/airflow/example_dags/tutorial_taskflow_api.py
[2025-05-16T06:42:14.144+0100] {processor.py:829} INFO - Processing file /Users/saber/airflow_project/airflow_venv/lib/python3.10/site-packages/airflow/example_dags/tutorial_taskflow_api.py for tasks to queue
[2025-05-16T06:42:14.145+0100] {logging_mixin.py:154} INFO - [2025-05-16T06:42:14.145+0100] {dagbag.py:536} INFO - Filling up the DagBag from /Users/saber/airflow_project/airflow_venv/lib/python3.10/site-packages/airflow/example_dags/tutorial_taskflow_api.py
[2025-05-16T06:42:14.159+0100] {processor.py:839} INFO - DAG(s) dict_keys(['tutorial_taskflow_api']) retrieved from /Users/saber/airflow_project/airflow_venv/lib/python3.10/site-packages/airflow/example_dags/tutorial_taskflow_api.py
[2025-05-16T06:42:14.200+0100] {logging_mixin.py:154} INFO - [2025-05-16T06:42:14.200+0100] {dag.py:2941} INFO - Sync 1 DAGs
[2025-05-16T06:42:14.203+0100] {logging_mixin.py:154} INFO - [2025-05-16T06:42:14.203+0100] {dag.py:3722} INFO - Setting next_dagrun for tutorial_taskflow_api to None, run_after=None
[2025-05-16T06:42:14.207+0100] {processor.py:179} INFO - Processing /Users/saber/airflow_project/airflow_venv/lib/python3.10/site-packages/airflow/example_dags/tutorial_taskflow_api.py took 0.064 seconds
[2025-05-16T06:43:10.387+0100] {processor.py:157} INFO - Started process (PID=9043) to work on /Users/saber/airflow_project/airflow_venv/lib/python3.10/site-packages/airflow/example_dags/tutorial_taskflow_api.py
[2025-05-16T06:43:10.387+0100] {processor.py:829} INFO - Processing file /Users/saber/airflow_project/airflow_venv/lib/python3.10/site-packages/airflow/example_dags/tutorial_taskflow_api.py for tasks to queue
[2025-05-16T06:43:10.388+0100] {logging_mixin.py:154} INFO - [2025-05-16T06:43:10.388+0100] {dagbag.py:536} INFO - Filling up the DagBag from /Users/saber/airflow_project/airflow_venv/lib/python3.10/site-packages/airflow/example_dags/tutorial_taskflow_api.py
[2025-05-16T06:43:10.402+0100] {processor.py:839} INFO - DAG(s) dict_keys(['tutorial_taskflow_api']) retrieved from /Users/saber/airflow_project/airflow_venv/lib/python3.10/site-packages/airflow/example_dags/tutorial_taskflow_api.py
[2025-05-16T06:43:10.444+0100] {logging_mixin.py:154} INFO - [2025-05-16T06:43:10.444+0100] {dag.py:2941} INFO - Sync 1 DAGs
[2025-05-16T06:43:10.446+0100] {logging_mixin.py:154} INFO - [2025-05-16T06:43:10.446+0100] {dag.py:3722} INFO - Setting next_dagrun for tutorial_taskflow_api to None, run_after=None
[2025-05-16T06:43:10.451+0100] {processor.py:179} INFO - Processing /Users/saber/airflow_project/airflow_venv/lib/python3.10/site-packages/airflow/example_dags/tutorial_taskflow_api.py took 0.064 seconds
[2025-05-16T06:44:07.530+0100] {processor.py:157} INFO - Started process (PID=9099) to work on /Users/saber/airflow_project/airflow_venv/lib/python3.10/site-packages/airflow/example_dags/tutorial_taskflow_api.py
[2025-05-16T06:44:07.530+0100] {processor.py:829} INFO - Processing file /Users/saber/airflow_project/airflow_venv/lib/python3.10/site-packages/airflow/example_dags/tutorial_taskflow_api.py for tasks to queue
[2025-05-16T06:44:07.531+0100] {logging_mixin.py:154} INFO - [2025-05-16T06:44:07.531+0100] {dagbag.py:536} INFO - Filling up the DagBag from /Users/saber/airflow_project/airflow_venv/lib/python3.10/site-packages/airflow/example_dags/tutorial_taskflow_api.py
[2025-05-16T06:44:07.545+0100] {processor.py:839} INFO - DAG(s) dict_keys(['tutorial_taskflow_api']) retrieved from /Users/saber/airflow_project/airflow_venv/lib/python3.10/site-packages/airflow/example_dags/tutorial_taskflow_api.py
[2025-05-16T06:44:07.587+0100] {logging_mixin.py:154} INFO - [2025-05-16T06:44:07.587+0100] {dag.py:2941} INFO - Sync 1 DAGs
[2025-05-16T06:44:07.589+0100] {logging_mixin.py:154} INFO - [2025-05-16T06:44:07.589+0100] {dag.py:3722} INFO - Setting next_dagrun for tutorial_taskflow_api to None, run_after=None
[2025-05-16T06:44:07.594+0100] {processor.py:179} INFO - Processing /Users/saber/airflow_project/airflow_venv/lib/python3.10/site-packages/airflow/example_dags/tutorial_taskflow_api.py took 0.064 seconds
[2025-05-16T06:45:06.390+0100] {processor.py:157} INFO - Started process (PID=9148) to work on /Users/saber/airflow_project/airflow_venv/lib/python3.10/site-packages/airflow/example_dags/tutorial_taskflow_api.py
[2025-05-16T06:45:06.391+0100] {processor.py:829} INFO - Processing file /Users/saber/airflow_project/airflow_venv/lib/python3.10/site-packages/airflow/example_dags/tutorial_taskflow_api.py for tasks to queue
[2025-05-16T06:45:06.391+0100] {logging_mixin.py:154} INFO - [2025-05-16T06:45:06.391+0100] {dagbag.py:536} INFO - Filling up the DagBag from /Users/saber/airflow_project/airflow_venv/lib/python3.10/site-packages/airflow/example_dags/tutorial_taskflow_api.py
[2025-05-16T06:45:06.405+0100] {processor.py:839} INFO - DAG(s) dict_keys(['tutorial_taskflow_api']) retrieved from /Users/saber/airflow_project/airflow_venv/lib/python3.10/site-packages/airflow/example_dags/tutorial_taskflow_api.py
[2025-05-16T06:45:06.447+0100] {logging_mixin.py:154} INFO - [2025-05-16T06:45:06.447+0100] {dag.py:2941} INFO - Sync 1 DAGs
[2025-05-16T06:45:06.450+0100] {logging_mixin.py:154} INFO - [2025-05-16T06:45:06.450+0100] {dag.py:3722} INFO - Setting next_dagrun for tutorial_taskflow_api to None, run_after=None
[2025-05-16T06:45:06.454+0100] {processor.py:179} INFO - Processing /Users/saber/airflow_project/airflow_venv/lib/python3.10/site-packages/airflow/example_dags/tutorial_taskflow_api.py took 0.064 seconds
[2025-05-16T06:46:03.071+0100] {processor.py:157} INFO - Started process (PID=9215) to work on /Users/saber/airflow_project/airflow_venv/lib/python3.10/site-packages/airflow/example_dags/tutorial_taskflow_api.py
[2025-05-16T06:46:03.071+0100] {processor.py:829} INFO - Processing file /Users/saber/airflow_project/airflow_venv/lib/python3.10/site-packages/airflow/example_dags/tutorial_taskflow_api.py for tasks to queue
[2025-05-16T06:46:03.072+0100] {logging_mixin.py:154} INFO - [2025-05-16T06:46:03.071+0100] {dagbag.py:536} INFO - Filling up the DagBag from /Users/saber/airflow_project/airflow_venv/lib/python3.10/site-packages/airflow/example_dags/tutorial_taskflow_api.py
[2025-05-16T06:46:03.085+0100] {processor.py:839} INFO - DAG(s) dict_keys(['tutorial_taskflow_api']) retrieved from /Users/saber/airflow_project/airflow_venv/lib/python3.10/site-packages/airflow/example_dags/tutorial_taskflow_api.py
[2025-05-16T06:46:03.128+0100] {logging_mixin.py:154} INFO - [2025-05-16T06:46:03.128+0100] {dag.py:2941} INFO - Sync 1 DAGs
[2025-05-16T06:46:03.130+0100] {logging_mixin.py:154} INFO - [2025-05-16T06:46:03.130+0100] {dag.py:3722} INFO - Setting next_dagrun for tutorial_taskflow_api to None, run_after=None
[2025-05-16T06:46:03.135+0100] {processor.py:179} INFO - Processing /Users/saber/airflow_project/airflow_venv/lib/python3.10/site-packages/airflow/example_dags/tutorial_taskflow_api.py took 0.065 seconds
[2025-05-16T06:47:02.842+0100] {processor.py:157} INFO - Started process (PID=9264) to work on /Users/saber/airflow_project/airflow_venv/lib/python3.10/site-packages/airflow/example_dags/tutorial_taskflow_api.py
[2025-05-16T06:47:02.842+0100] {processor.py:829} INFO - Processing file /Users/saber/airflow_project/airflow_venv/lib/python3.10/site-packages/airflow/example_dags/tutorial_taskflow_api.py for tasks to queue
[2025-05-16T06:47:02.843+0100] {logging_mixin.py:154} INFO - [2025-05-16T06:47:02.843+0100] {dagbag.py:536} INFO - Filling up the DagBag from /Users/saber/airflow_project/airflow_venv/lib/python3.10/site-packages/airflow/example_dags/tutorial_taskflow_api.py
[2025-05-16T06:47:02.857+0100] {processor.py:839} INFO - DAG(s) dict_keys(['tutorial_taskflow_api']) retrieved from /Users/saber/airflow_project/airflow_venv/lib/python3.10/site-packages/airflow/example_dags/tutorial_taskflow_api.py
[2025-05-16T06:47:02.900+0100] {logging_mixin.py:154} INFO - [2025-05-16T06:47:02.900+0100] {dag.py:2941} INFO - Sync 1 DAGs
[2025-05-16T06:47:02.902+0100] {logging_mixin.py:154} INFO - [2025-05-16T06:47:02.902+0100] {dag.py:3722} INFO - Setting next_dagrun for tutorial_taskflow_api to None, run_after=None
[2025-05-16T06:47:02.907+0100] {processor.py:179} INFO - Processing /Users/saber/airflow_project/airflow_venv/lib/python3.10/site-packages/airflow/example_dags/tutorial_taskflow_api.py took 0.065 seconds
[2025-05-16T06:47:59.505+0100] {processor.py:157} INFO - Started process (PID=9313) to work on /Users/saber/airflow_project/airflow_venv/lib/python3.10/site-packages/airflow/example_dags/tutorial_taskflow_api.py
[2025-05-16T06:47:59.505+0100] {processor.py:829} INFO - Processing file /Users/saber/airflow_project/airflow_venv/lib/python3.10/site-packages/airflow/example_dags/tutorial_taskflow_api.py for tasks to queue
[2025-05-16T06:47:59.506+0100] {logging_mixin.py:154} INFO - [2025-05-16T06:47:59.506+0100] {dagbag.py:536} INFO - Filling up the DagBag from /Users/saber/airflow_project/airflow_venv/lib/python3.10/site-packages/airflow/example_dags/tutorial_taskflow_api.py
[2025-05-16T06:47:59.519+0100] {processor.py:839} INFO - DAG(s) dict_keys(['tutorial_taskflow_api']) retrieved from /Users/saber/airflow_project/airflow_venv/lib/python3.10/site-packages/airflow/example_dags/tutorial_taskflow_api.py
[2025-05-16T06:47:59.561+0100] {logging_mixin.py:154} INFO - [2025-05-16T06:47:59.561+0100] {dag.py:2941} INFO - Sync 1 DAGs
[2025-05-16T06:47:59.564+0100] {logging_mixin.py:154} INFO - [2025-05-16T06:47:59.564+0100] {dag.py:3722} INFO - Setting next_dagrun for tutorial_taskflow_api to None, run_after=None
[2025-05-16T06:47:59.568+0100] {processor.py:179} INFO - Processing /Users/saber/airflow_project/airflow_venv/lib/python3.10/site-packages/airflow/example_dags/tutorial_taskflow_api.py took 0.064 seconds
[2025-05-16T06:48:56.224+0100] {processor.py:157} INFO - Started process (PID=9360) to work on /Users/saber/airflow_project/airflow_venv/lib/python3.10/site-packages/airflow/example_dags/tutorial_taskflow_api.py
[2025-05-16T06:48:56.224+0100] {processor.py:829} INFO - Processing file /Users/saber/airflow_project/airflow_venv/lib/python3.10/site-packages/airflow/example_dags/tutorial_taskflow_api.py for tasks to queue
[2025-05-16T06:48:56.225+0100] {logging_mixin.py:154} INFO - [2025-05-16T06:48:56.225+0100] {dagbag.py:536} INFO - Filling up the DagBag from /Users/saber/airflow_project/airflow_venv/lib/python3.10/site-packages/airflow/example_dags/tutorial_taskflow_api.py
[2025-05-16T06:48:56.238+0100] {processor.py:839} INFO - DAG(s) dict_keys(['tutorial_taskflow_api']) retrieved from /Users/saber/airflow_project/airflow_venv/lib/python3.10/site-packages/airflow/example_dags/tutorial_taskflow_api.py
[2025-05-16T06:48:56.280+0100] {logging_mixin.py:154} INFO - [2025-05-16T06:48:56.280+0100] {dag.py:2941} INFO - Sync 1 DAGs
[2025-05-16T06:48:56.283+0100] {logging_mixin.py:154} INFO - [2025-05-16T06:48:56.283+0100] {dag.py:3722} INFO - Setting next_dagrun for tutorial_taskflow_api to None, run_after=None
[2025-05-16T06:48:56.287+0100] {processor.py:179} INFO - Processing /Users/saber/airflow_project/airflow_venv/lib/python3.10/site-packages/airflow/example_dags/tutorial_taskflow_api.py took 0.064 seconds
[2025-05-16T06:49:54.611+0100] {processor.py:157} INFO - Started process (PID=9411) to work on /Users/saber/airflow_project/airflow_venv/lib/python3.10/site-packages/airflow/example_dags/tutorial_taskflow_api.py
[2025-05-16T06:49:54.611+0100] {processor.py:829} INFO - Processing file /Users/saber/airflow_project/airflow_venv/lib/python3.10/site-packages/airflow/example_dags/tutorial_taskflow_api.py for tasks to queue
[2025-05-16T06:49:54.612+0100] {logging_mixin.py:154} INFO - [2025-05-16T06:49:54.612+0100] {dagbag.py:536} INFO - Filling up the DagBag from /Users/saber/airflow_project/airflow_venv/lib/python3.10/site-packages/airflow/example_dags/tutorial_taskflow_api.py
[2025-05-16T06:49:54.626+0100] {processor.py:839} INFO - DAG(s) dict_keys(['tutorial_taskflow_api']) retrieved from /Users/saber/airflow_project/airflow_venv/lib/python3.10/site-packages/airflow/example_dags/tutorial_taskflow_api.py
[2025-05-16T06:49:54.668+0100] {logging_mixin.py:154} INFO - [2025-05-16T06:49:54.668+0100] {dag.py:2941} INFO - Sync 1 DAGs
[2025-05-16T06:49:54.670+0100] {logging_mixin.py:154} INFO - [2025-05-16T06:49:54.670+0100] {dag.py:3722} INFO - Setting next_dagrun for tutorial_taskflow_api to None, run_after=None
[2025-05-16T06:49:54.675+0100] {processor.py:179} INFO - Processing /Users/saber/airflow_project/airflow_venv/lib/python3.10/site-packages/airflow/example_dags/tutorial_taskflow_api.py took 0.064 seconds
[2025-05-16T06:50:53.629+0100] {processor.py:157} INFO - Started process (PID=9468) to work on /Users/saber/airflow_project/airflow_venv/lib/python3.10/site-packages/airflow/example_dags/tutorial_taskflow_api.py
[2025-05-16T06:50:53.630+0100] {processor.py:829} INFO - Processing file /Users/saber/airflow_project/airflow_venv/lib/python3.10/site-packages/airflow/example_dags/tutorial_taskflow_api.py for tasks to queue
[2025-05-16T06:50:53.630+0100] {logging_mixin.py:154} INFO - [2025-05-16T06:50:53.630+0100] {dagbag.py:536} INFO - Filling up the DagBag from /Users/saber/airflow_project/airflow_venv/lib/python3.10/site-packages/airflow/example_dags/tutorial_taskflow_api.py
[2025-05-16T06:50:53.644+0100] {processor.py:839} INFO - DAG(s) dict_keys(['tutorial_taskflow_api']) retrieved from /Users/saber/airflow_project/airflow_venv/lib/python3.10/site-packages/airflow/example_dags/tutorial_taskflow_api.py
[2025-05-16T06:50:53.687+0100] {logging_mixin.py:154} INFO - [2025-05-16T06:50:53.687+0100] {dag.py:2941} INFO - Sync 1 DAGs
[2025-05-16T06:50:53.689+0100] {logging_mixin.py:154} INFO - [2025-05-16T06:50:53.689+0100] {dag.py:3722} INFO - Setting next_dagrun for tutorial_taskflow_api to None, run_after=None
[2025-05-16T06:50:53.694+0100] {processor.py:179} INFO - Processing /Users/saber/airflow_project/airflow_venv/lib/python3.10/site-packages/airflow/example_dags/tutorial_taskflow_api.py took 0.065 seconds
