[2025-05-16T06:33:51.648+0100] {processor.py:157} INFO - Started process (PID=8495) to work on /Users/saber/airflow_project/airflow_venv/lib/python3.10/site-packages/airflow/example_dags/tutorial_taskflow_api_virtualenv.py
[2025-05-16T06:33:51.648+0100] {processor.py:829} INFO - Processing file /Users/saber/airflow_project/airflow_venv/lib/python3.10/site-packages/airflow/example_dags/tutorial_taskflow_api_virtualenv.py for tasks to queue
[2025-05-16T06:33:51.649+0100] {logging_mixin.py:154} INFO - [2025-05-16T06:33:51.649+0100] {dagbag.py:536} INFO - Filling up the DagBag from /Users/saber/airflow_project/airflow_venv/lib/python3.10/site-packages/airflow/example_dags/tutorial_taskflow_api_virtualenv.py
[2025-05-16T06:33:51.663+0100] {processor.py:839} INFO - DAG(s) dict_keys(['tutorial_taskflow_api_virtualenv']) retrieved from /Users/saber/airflow_project/airflow_venv/lib/python3.10/site-packages/airflow/example_dags/tutorial_taskflow_api_virtualenv.py
[2025-05-16T06:33:51.811+0100] {logging_mixin.py:154} INFO - [2025-05-16T06:33:51.810+0100] {manager.py:499} INFO - Created Permission View: %s
[2025-05-16T06:33:51.812+0100] {logging_mixin.py:154} INFO - [2025-05-16T06:33:51.812+0100] {manager.py:499} INFO - Created Permission View: %s
[2025-05-16T06:33:51.814+0100] {logging_mixin.py:154} INFO - [2025-05-16T06:33:51.814+0100] {manager.py:499} INFO - Created Permission View: %s
[2025-05-16T06:33:51.814+0100] {logging_mixin.py:154} INFO - [2025-05-16T06:33:51.814+0100] {dag.py:2941} INFO - Sync 1 DAGs
[2025-05-16T06:33:51.816+0100] {logging_mixin.py:154} INFO - [2025-05-16T06:33:51.816+0100] {dag.py:2963} INFO - Creating ORM DAG for tutorial_taskflow_api_virtualenv
[2025-05-16T06:33:51.816+0100] {logging_mixin.py:154} INFO - [2025-05-16T06:33:51.816+0100] {dag.py:3722} INFO - Setting next_dagrun for tutorial_taskflow_api_virtualenv to None, run_after=None
[2025-05-16T06:33:51.820+0100] {processor.py:179} INFO - Processing /Users/saber/airflow_project/airflow_venv/lib/python3.10/site-packages/airflow/example_dags/tutorial_taskflow_api_virtualenv.py took 0.172 seconds
[2025-05-16T06:37:05.861+0100] {processor.py:157} INFO - Started process (PID=8712) to work on /Users/saber/airflow_project/airflow_venv/lib/python3.10/site-packages/airflow/example_dags/tutorial_taskflow_api_virtualenv.py
[2025-05-16T06:37:05.861+0100] {processor.py:829} INFO - Processing file /Users/saber/airflow_project/airflow_venv/lib/python3.10/site-packages/airflow/example_dags/tutorial_taskflow_api_virtualenv.py for tasks to queue
[2025-05-16T06:37:05.861+0100] {logging_mixin.py:154} INFO - [2025-05-16T06:37:05.861+0100] {dagbag.py:536} INFO - Filling up the DagBag from /Users/saber/airflow_project/airflow_venv/lib/python3.10/site-packages/airflow/example_dags/tutorial_taskflow_api_virtualenv.py
[2025-05-16T06:37:05.875+0100] {processor.py:839} INFO - DAG(s) dict_keys(['tutorial_taskflow_api_virtualenv']) retrieved from /Users/saber/airflow_project/airflow_venv/lib/python3.10/site-packages/airflow/example_dags/tutorial_taskflow_api_virtualenv.py
[2025-05-16T06:37:05.920+0100] {logging_mixin.py:154} INFO - [2025-05-16T06:37:05.920+0100] {dag.py:2941} INFO - Sync 1 DAGs
[2025-05-16T06:37:05.923+0100] {logging_mixin.py:154} INFO - [2025-05-16T06:37:05.923+0100] {dag.py:3722} INFO - Setting next_dagrun for tutorial_taskflow_api_virtualenv to None, run_after=None
[2025-05-16T06:37:05.928+0100] {processor.py:179} INFO - Processing /Users/saber/airflow_project/airflow_venv/lib/python3.10/site-packages/airflow/example_dags/tutorial_taskflow_api_virtualenv.py took 0.067 seconds
[2025-05-16T06:37:19.127+0100] {processor.py:157} INFO - Started process (PID=8726) to work on /Users/saber/airflow_project/airflow_venv/lib/python3.10/site-packages/airflow/example_dags/tutorial_taskflow_api_virtualenv.py
[2025-05-16T06:37:19.127+0100] {processor.py:829} INFO - Processing file /Users/saber/airflow_project/airflow_venv/lib/python3.10/site-packages/airflow/example_dags/tutorial_taskflow_api_virtualenv.py for tasks to queue
[2025-05-16T06:37:19.128+0100] {logging_mixin.py:154} INFO - [2025-05-16T06:37:19.128+0100] {dagbag.py:536} INFO - Filling up the DagBag from /Users/saber/airflow_project/airflow_venv/lib/python3.10/site-packages/airflow/example_dags/tutorial_taskflow_api_virtualenv.py
[2025-05-16T06:37:19.142+0100] {processor.py:839} INFO - DAG(s) dict_keys(['tutorial_taskflow_api_virtualenv']) retrieved from /Users/saber/airflow_project/airflow_venv/lib/python3.10/site-packages/airflow/example_dags/tutorial_taskflow_api_virtualenv.py
[2025-05-16T06:37:19.185+0100] {logging_mixin.py:154} INFO - [2025-05-16T06:37:19.185+0100] {dag.py:2941} INFO - Sync 1 DAGs
[2025-05-16T06:37:19.187+0100] {logging_mixin.py:154} INFO - [2025-05-16T06:37:19.187+0100] {dag.py:3722} INFO - Setting next_dagrun for tutorial_taskflow_api_virtualenv to None, run_after=None
[2025-05-16T06:37:19.192+0100] {processor.py:179} INFO - Processing /Users/saber/airflow_project/airflow_venv/lib/python3.10/site-packages/airflow/example_dags/tutorial_taskflow_api_virtualenv.py took 0.065 seconds
[2025-05-16T06:38:22.729+0100] {processor.py:157} INFO - Started process (PID=8777) to work on /Users/saber/airflow_project/airflow_venv/lib/python3.10/site-packages/airflow/example_dags/tutorial_taskflow_api_virtualenv.py
[2025-05-16T06:38:22.730+0100] {processor.py:829} INFO - Processing file /Users/saber/airflow_project/airflow_venv/lib/python3.10/site-packages/airflow/example_dags/tutorial_taskflow_api_virtualenv.py for tasks to queue
[2025-05-16T06:38:22.730+0100] {logging_mixin.py:154} INFO - [2025-05-16T06:38:22.730+0100] {dagbag.py:536} INFO - Filling up the DagBag from /Users/saber/airflow_project/airflow_venv/lib/python3.10/site-packages/airflow/example_dags/tutorial_taskflow_api_virtualenv.py
[2025-05-16T06:38:22.744+0100] {processor.py:839} INFO - DAG(s) dict_keys(['tutorial_taskflow_api_virtualenv']) retrieved from /Users/saber/airflow_project/airflow_venv/lib/python3.10/site-packages/airflow/example_dags/tutorial_taskflow_api_virtualenv.py
[2025-05-16T06:38:22.788+0100] {logging_mixin.py:154} INFO - [2025-05-16T06:38:22.788+0100] {dag.py:2941} INFO - Sync 1 DAGs
[2025-05-16T06:38:22.790+0100] {logging_mixin.py:154} INFO - [2025-05-16T06:38:22.790+0100] {dag.py:3722} INFO - Setting next_dagrun for tutorial_taskflow_api_virtualenv to None, run_after=None
[2025-05-16T06:38:22.795+0100] {processor.py:179} INFO - Processing /Users/saber/airflow_project/airflow_venv/lib/python3.10/site-packages/airflow/example_dags/tutorial_taskflow_api_virtualenv.py took 0.066 seconds
[2025-05-16T06:39:18.070+0100] {processor.py:157} INFO - Started process (PID=8831) to work on /Users/saber/airflow_project/airflow_venv/lib/python3.10/site-packages/airflow/example_dags/tutorial_taskflow_api_virtualenv.py
[2025-05-16T06:39:18.071+0100] {processor.py:829} INFO - Processing file /Users/saber/airflow_project/airflow_venv/lib/python3.10/site-packages/airflow/example_dags/tutorial_taskflow_api_virtualenv.py for tasks to queue
[2025-05-16T06:39:18.071+0100] {logging_mixin.py:154} INFO - [2025-05-16T06:39:18.071+0100] {dagbag.py:536} INFO - Filling up the DagBag from /Users/saber/airflow_project/airflow_venv/lib/python3.10/site-packages/airflow/example_dags/tutorial_taskflow_api_virtualenv.py
[2025-05-16T06:39:18.085+0100] {processor.py:839} INFO - DAG(s) dict_keys(['tutorial_taskflow_api_virtualenv']) retrieved from /Users/saber/airflow_project/airflow_venv/lib/python3.10/site-packages/airflow/example_dags/tutorial_taskflow_api_virtualenv.py
[2025-05-16T06:39:18.127+0100] {logging_mixin.py:154} INFO - [2025-05-16T06:39:18.127+0100] {dag.py:2941} INFO - Sync 1 DAGs
[2025-05-16T06:39:18.129+0100] {logging_mixin.py:154} INFO - [2025-05-16T06:39:18.129+0100] {dag.py:3722} INFO - Setting next_dagrun for tutorial_taskflow_api_virtualenv to None, run_after=None
[2025-05-16T06:39:18.134+0100] {processor.py:179} INFO - Processing /Users/saber/airflow_project/airflow_venv/lib/python3.10/site-packages/airflow/example_dags/tutorial_taskflow_api_virtualenv.py took 0.064 seconds
[2025-05-16T06:40:13.405+0100] {processor.py:157} INFO - Started process (PID=8892) to work on /Users/saber/airflow_project/airflow_venv/lib/python3.10/site-packages/airflow/example_dags/tutorial_taskflow_api_virtualenv.py
[2025-05-16T06:40:13.406+0100] {processor.py:829} INFO - Processing file /Users/saber/airflow_project/airflow_venv/lib/python3.10/site-packages/airflow/example_dags/tutorial_taskflow_api_virtualenv.py for tasks to queue
[2025-05-16T06:40:13.406+0100] {logging_mixin.py:154} INFO - [2025-05-16T06:40:13.406+0100] {dagbag.py:536} INFO - Filling up the DagBag from /Users/saber/airflow_project/airflow_venv/lib/python3.10/site-packages/airflow/example_dags/tutorial_taskflow_api_virtualenv.py
[2025-05-16T06:40:13.420+0100] {processor.py:839} INFO - DAG(s) dict_keys(['tutorial_taskflow_api_virtualenv']) retrieved from /Users/saber/airflow_project/airflow_venv/lib/python3.10/site-packages/airflow/example_dags/tutorial_taskflow_api_virtualenv.py
[2025-05-16T06:40:13.463+0100] {logging_mixin.py:154} INFO - [2025-05-16T06:40:13.463+0100] {dag.py:2941} INFO - Sync 1 DAGs
[2025-05-16T06:40:13.466+0100] {logging_mixin.py:154} INFO - [2025-05-16T06:40:13.466+0100] {dag.py:3722} INFO - Setting next_dagrun for tutorial_taskflow_api_virtualenv to None, run_after=None
[2025-05-16T06:40:13.471+0100] {processor.py:179} INFO - Processing /Users/saber/airflow_project/airflow_venv/lib/python3.10/site-packages/airflow/example_dags/tutorial_taskflow_api_virtualenv.py took 0.066 seconds
[2025-05-16T06:41:11.438+0100] {processor.py:157} INFO - Started process (PID=8940) to work on /Users/saber/airflow_project/airflow_venv/lib/python3.10/site-packages/airflow/example_dags/tutorial_taskflow_api_virtualenv.py
[2025-05-16T06:41:11.439+0100] {processor.py:829} INFO - Processing file /Users/saber/airflow_project/airflow_venv/lib/python3.10/site-packages/airflow/example_dags/tutorial_taskflow_api_virtualenv.py for tasks to queue
[2025-05-16T06:41:11.439+0100] {logging_mixin.py:154} INFO - [2025-05-16T06:41:11.439+0100] {dagbag.py:536} INFO - Filling up the DagBag from /Users/saber/airflow_project/airflow_venv/lib/python3.10/site-packages/airflow/example_dags/tutorial_taskflow_api_virtualenv.py
[2025-05-16T06:41:11.453+0100] {processor.py:839} INFO - DAG(s) dict_keys(['tutorial_taskflow_api_virtualenv']) retrieved from /Users/saber/airflow_project/airflow_venv/lib/python3.10/site-packages/airflow/example_dags/tutorial_taskflow_api_virtualenv.py
[2025-05-16T06:41:11.495+0100] {logging_mixin.py:154} INFO - [2025-05-16T06:41:11.495+0100] {dag.py:2941} INFO - Sync 1 DAGs
[2025-05-16T06:41:11.497+0100] {logging_mixin.py:154} INFO - [2025-05-16T06:41:11.497+0100] {dag.py:3722} INFO - Setting next_dagrun for tutorial_taskflow_api_virtualenv to None, run_after=None
[2025-05-16T06:41:11.502+0100] {processor.py:179} INFO - Processing /Users/saber/airflow_project/airflow_venv/lib/python3.10/site-packages/airflow/example_dags/tutorial_taskflow_api_virtualenv.py took 0.064 seconds
[2025-05-16T06:42:12.673+0100] {processor.py:157} INFO - Started process (PID=8993) to work on /Users/saber/airflow_project/airflow_venv/lib/python3.10/site-packages/airflow/example_dags/tutorial_taskflow_api_virtualenv.py
[2025-05-16T06:42:12.673+0100] {processor.py:829} INFO - Processing file /Users/saber/airflow_project/airflow_venv/lib/python3.10/site-packages/airflow/example_dags/tutorial_taskflow_api_virtualenv.py for tasks to queue
[2025-05-16T06:42:12.674+0100] {logging_mixin.py:154} INFO - [2025-05-16T06:42:12.674+0100] {dagbag.py:536} INFO - Filling up the DagBag from /Users/saber/airflow_project/airflow_venv/lib/python3.10/site-packages/airflow/example_dags/tutorial_taskflow_api_virtualenv.py
[2025-05-16T06:42:12.688+0100] {processor.py:839} INFO - DAG(s) dict_keys(['tutorial_taskflow_api_virtualenv']) retrieved from /Users/saber/airflow_project/airflow_venv/lib/python3.10/site-packages/airflow/example_dags/tutorial_taskflow_api_virtualenv.py
[2025-05-16T06:42:12.729+0100] {logging_mixin.py:154} INFO - [2025-05-16T06:42:12.729+0100] {dag.py:2941} INFO - Sync 1 DAGs
[2025-05-16T06:42:12.732+0100] {logging_mixin.py:154} INFO - [2025-05-16T06:42:12.732+0100] {dag.py:3722} INFO - Setting next_dagrun for tutorial_taskflow_api_virtualenv to None, run_after=None
[2025-05-16T06:42:12.736+0100] {processor.py:179} INFO - Processing /Users/saber/airflow_project/airflow_venv/lib/python3.10/site-packages/airflow/example_dags/tutorial_taskflow_api_virtualenv.py took 0.064 seconds
[2025-05-16T06:43:09.026+0100] {processor.py:157} INFO - Started process (PID=9042) to work on /Users/saber/airflow_project/airflow_venv/lib/python3.10/site-packages/airflow/example_dags/tutorial_taskflow_api_virtualenv.py
[2025-05-16T06:43:09.027+0100] {processor.py:829} INFO - Processing file /Users/saber/airflow_project/airflow_venv/lib/python3.10/site-packages/airflow/example_dags/tutorial_taskflow_api_virtualenv.py for tasks to queue
[2025-05-16T06:43:09.027+0100] {logging_mixin.py:154} INFO - [2025-05-16T06:43:09.027+0100] {dagbag.py:536} INFO - Filling up the DagBag from /Users/saber/airflow_project/airflow_venv/lib/python3.10/site-packages/airflow/example_dags/tutorial_taskflow_api_virtualenv.py
[2025-05-16T06:43:09.043+0100] {processor.py:839} INFO - DAG(s) dict_keys(['tutorial_taskflow_api_virtualenv']) retrieved from /Users/saber/airflow_project/airflow_venv/lib/python3.10/site-packages/airflow/example_dags/tutorial_taskflow_api_virtualenv.py
[2025-05-16T06:43:09.089+0100] {logging_mixin.py:154} INFO - [2025-05-16T06:43:09.089+0100] {dag.py:2941} INFO - Sync 1 DAGs
[2025-05-16T06:43:09.092+0100] {logging_mixin.py:154} INFO - [2025-05-16T06:43:09.092+0100] {dag.py:3722} INFO - Setting next_dagrun for tutorial_taskflow_api_virtualenv to None, run_after=None
[2025-05-16T06:43:09.097+0100] {processor.py:179} INFO - Processing /Users/saber/airflow_project/airflow_venv/lib/python3.10/site-packages/airflow/example_dags/tutorial_taskflow_api_virtualenv.py took 0.071 seconds
[2025-05-16T06:44:06.068+0100] {processor.py:157} INFO - Started process (PID=9098) to work on /Users/saber/airflow_project/airflow_venv/lib/python3.10/site-packages/airflow/example_dags/tutorial_taskflow_api_virtualenv.py
[2025-05-16T06:44:06.068+0100] {processor.py:829} INFO - Processing file /Users/saber/airflow_project/airflow_venv/lib/python3.10/site-packages/airflow/example_dags/tutorial_taskflow_api_virtualenv.py for tasks to queue
[2025-05-16T06:44:06.069+0100] {logging_mixin.py:154} INFO - [2025-05-16T06:44:06.069+0100] {dagbag.py:536} INFO - Filling up the DagBag from /Users/saber/airflow_project/airflow_venv/lib/python3.10/site-packages/airflow/example_dags/tutorial_taskflow_api_virtualenv.py
[2025-05-16T06:44:06.083+0100] {processor.py:839} INFO - DAG(s) dict_keys(['tutorial_taskflow_api_virtualenv']) retrieved from /Users/saber/airflow_project/airflow_venv/lib/python3.10/site-packages/airflow/example_dags/tutorial_taskflow_api_virtualenv.py
[2025-05-16T06:44:06.125+0100] {logging_mixin.py:154} INFO - [2025-05-16T06:44:06.124+0100] {dag.py:2941} INFO - Sync 1 DAGs
[2025-05-16T06:44:06.127+0100] {logging_mixin.py:154} INFO - [2025-05-16T06:44:06.127+0100] {dag.py:3722} INFO - Setting next_dagrun for tutorial_taskflow_api_virtualenv to None, run_after=None
[2025-05-16T06:44:06.132+0100] {processor.py:179} INFO - Processing /Users/saber/airflow_project/airflow_venv/lib/python3.10/site-packages/airflow/example_dags/tutorial_taskflow_api_virtualenv.py took 0.064 seconds
[2025-05-16T06:45:04.929+0100] {processor.py:157} INFO - Started process (PID=9147) to work on /Users/saber/airflow_project/airflow_venv/lib/python3.10/site-packages/airflow/example_dags/tutorial_taskflow_api_virtualenv.py
[2025-05-16T06:45:04.930+0100] {processor.py:829} INFO - Processing file /Users/saber/airflow_project/airflow_venv/lib/python3.10/site-packages/airflow/example_dags/tutorial_taskflow_api_virtualenv.py for tasks to queue
[2025-05-16T06:45:04.930+0100] {logging_mixin.py:154} INFO - [2025-05-16T06:45:04.930+0100] {dagbag.py:536} INFO - Filling up the DagBag from /Users/saber/airflow_project/airflow_venv/lib/python3.10/site-packages/airflow/example_dags/tutorial_taskflow_api_virtualenv.py
[2025-05-16T06:45:04.944+0100] {processor.py:839} INFO - DAG(s) dict_keys(['tutorial_taskflow_api_virtualenv']) retrieved from /Users/saber/airflow_project/airflow_venv/lib/python3.10/site-packages/airflow/example_dags/tutorial_taskflow_api_virtualenv.py
[2025-05-16T06:45:04.986+0100] {logging_mixin.py:154} INFO - [2025-05-16T06:45:04.986+0100] {dag.py:2941} INFO - Sync 1 DAGs
[2025-05-16T06:45:04.989+0100] {logging_mixin.py:154} INFO - [2025-05-16T06:45:04.988+0100] {dag.py:3722} INFO - Setting next_dagrun for tutorial_taskflow_api_virtualenv to None, run_after=None
[2025-05-16T06:45:04.993+0100] {processor.py:179} INFO - Processing /Users/saber/airflow_project/airflow_venv/lib/python3.10/site-packages/airflow/example_dags/tutorial_taskflow_api_virtualenv.py took 0.064 seconds
[2025-05-16T06:46:01.939+0100] {processor.py:157} INFO - Started process (PID=9214) to work on /Users/saber/airflow_project/airflow_venv/lib/python3.10/site-packages/airflow/example_dags/tutorial_taskflow_api_virtualenv.py
[2025-05-16T06:46:01.939+0100] {processor.py:829} INFO - Processing file /Users/saber/airflow_project/airflow_venv/lib/python3.10/site-packages/airflow/example_dags/tutorial_taskflow_api_virtualenv.py for tasks to queue
[2025-05-16T06:46:01.939+0100] {logging_mixin.py:154} INFO - [2025-05-16T06:46:01.939+0100] {dagbag.py:536} INFO - Filling up the DagBag from /Users/saber/airflow_project/airflow_venv/lib/python3.10/site-packages/airflow/example_dags/tutorial_taskflow_api_virtualenv.py
[2025-05-16T06:46:01.953+0100] {processor.py:839} INFO - DAG(s) dict_keys(['tutorial_taskflow_api_virtualenv']) retrieved from /Users/saber/airflow_project/airflow_venv/lib/python3.10/site-packages/airflow/example_dags/tutorial_taskflow_api_virtualenv.py
[2025-05-16T06:46:01.996+0100] {logging_mixin.py:154} INFO - [2025-05-16T06:46:01.996+0100] {dag.py:2941} INFO - Sync 1 DAGs
[2025-05-16T06:46:01.998+0100] {logging_mixin.py:154} INFO - [2025-05-16T06:46:01.998+0100] {dag.py:3722} INFO - Setting next_dagrun for tutorial_taskflow_api_virtualenv to None, run_after=None
[2025-05-16T06:46:02.003+0100] {processor.py:179} INFO - Processing /Users/saber/airflow_project/airflow_venv/lib/python3.10/site-packages/airflow/example_dags/tutorial_taskflow_api_virtualenv.py took 0.064 seconds
[2025-05-16T06:47:01.458+0100] {processor.py:157} INFO - Started process (PID=9263) to work on /Users/saber/airflow_project/airflow_venv/lib/python3.10/site-packages/airflow/example_dags/tutorial_taskflow_api_virtualenv.py
[2025-05-16T06:47:01.459+0100] {processor.py:829} INFO - Processing file /Users/saber/airflow_project/airflow_venv/lib/python3.10/site-packages/airflow/example_dags/tutorial_taskflow_api_virtualenv.py for tasks to queue
[2025-05-16T06:47:01.459+0100] {logging_mixin.py:154} INFO - [2025-05-16T06:47:01.459+0100] {dagbag.py:536} INFO - Filling up the DagBag from /Users/saber/airflow_project/airflow_venv/lib/python3.10/site-packages/airflow/example_dags/tutorial_taskflow_api_virtualenv.py
[2025-05-16T06:47:01.474+0100] {processor.py:839} INFO - DAG(s) dict_keys(['tutorial_taskflow_api_virtualenv']) retrieved from /Users/saber/airflow_project/airflow_venv/lib/python3.10/site-packages/airflow/example_dags/tutorial_taskflow_api_virtualenv.py
[2025-05-16T06:47:01.518+0100] {logging_mixin.py:154} INFO - [2025-05-16T06:47:01.518+0100] {dag.py:2941} INFO - Sync 1 DAGs
[2025-05-16T06:47:01.521+0100] {logging_mixin.py:154} INFO - [2025-05-16T06:47:01.521+0100] {dag.py:3722} INFO - Setting next_dagrun for tutorial_taskflow_api_virtualenv to None, run_after=None
[2025-05-16T06:47:01.525+0100] {processor.py:179} INFO - Processing /Users/saber/airflow_project/airflow_venv/lib/python3.10/site-packages/airflow/example_dags/tutorial_taskflow_api_virtualenv.py took 0.067 seconds
[2025-05-16T06:47:58.648+0100] {processor.py:157} INFO - Started process (PID=9312) to work on /Users/saber/airflow_project/airflow_venv/lib/python3.10/site-packages/airflow/example_dags/tutorial_taskflow_api_virtualenv.py
[2025-05-16T06:47:58.648+0100] {processor.py:829} INFO - Processing file /Users/saber/airflow_project/airflow_venv/lib/python3.10/site-packages/airflow/example_dags/tutorial_taskflow_api_virtualenv.py for tasks to queue
[2025-05-16T06:47:58.649+0100] {logging_mixin.py:154} INFO - [2025-05-16T06:47:58.649+0100] {dagbag.py:536} INFO - Filling up the DagBag from /Users/saber/airflow_project/airflow_venv/lib/python3.10/site-packages/airflow/example_dags/tutorial_taskflow_api_virtualenv.py
[2025-05-16T06:47:58.663+0100] {processor.py:839} INFO - DAG(s) dict_keys(['tutorial_taskflow_api_virtualenv']) retrieved from /Users/saber/airflow_project/airflow_venv/lib/python3.10/site-packages/airflow/example_dags/tutorial_taskflow_api_virtualenv.py
[2025-05-16T06:47:58.705+0100] {logging_mixin.py:154} INFO - [2025-05-16T06:47:58.705+0100] {dag.py:2941} INFO - Sync 1 DAGs
[2025-05-16T06:47:58.707+0100] {logging_mixin.py:154} INFO - [2025-05-16T06:47:58.707+0100] {dag.py:3722} INFO - Setting next_dagrun for tutorial_taskflow_api_virtualenv to None, run_after=None
[2025-05-16T06:47:58.712+0100] {processor.py:179} INFO - Processing /Users/saber/airflow_project/airflow_venv/lib/python3.10/site-packages/airflow/example_dags/tutorial_taskflow_api_virtualenv.py took 0.064 seconds
[2025-05-16T06:48:54.775+0100] {processor.py:157} INFO - Started process (PID=9359) to work on /Users/saber/airflow_project/airflow_venv/lib/python3.10/site-packages/airflow/example_dags/tutorial_taskflow_api_virtualenv.py
[2025-05-16T06:48:54.775+0100] {processor.py:829} INFO - Processing file /Users/saber/airflow_project/airflow_venv/lib/python3.10/site-packages/airflow/example_dags/tutorial_taskflow_api_virtualenv.py for tasks to queue
[2025-05-16T06:48:54.775+0100] {logging_mixin.py:154} INFO - [2025-05-16T06:48:54.775+0100] {dagbag.py:536} INFO - Filling up the DagBag from /Users/saber/airflow_project/airflow_venv/lib/python3.10/site-packages/airflow/example_dags/tutorial_taskflow_api_virtualenv.py
[2025-05-16T06:48:54.789+0100] {processor.py:839} INFO - DAG(s) dict_keys(['tutorial_taskflow_api_virtualenv']) retrieved from /Users/saber/airflow_project/airflow_venv/lib/python3.10/site-packages/airflow/example_dags/tutorial_taskflow_api_virtualenv.py
[2025-05-16T06:48:54.831+0100] {logging_mixin.py:154} INFO - [2025-05-16T06:48:54.831+0100] {dag.py:2941} INFO - Sync 1 DAGs
[2025-05-16T06:48:54.834+0100] {logging_mixin.py:154} INFO - [2025-05-16T06:48:54.834+0100] {dag.py:3722} INFO - Setting next_dagrun for tutorial_taskflow_api_virtualenv to None, run_after=None
[2025-05-16T06:48:54.838+0100] {processor.py:179} INFO - Processing /Users/saber/airflow_project/airflow_venv/lib/python3.10/site-packages/airflow/example_dags/tutorial_taskflow_api_virtualenv.py took 0.064 seconds
[2025-05-16T06:49:53.142+0100] {processor.py:157} INFO - Started process (PID=9410) to work on /Users/saber/airflow_project/airflow_venv/lib/python3.10/site-packages/airflow/example_dags/tutorial_taskflow_api_virtualenv.py
[2025-05-16T06:49:53.143+0100] {processor.py:829} INFO - Processing file /Users/saber/airflow_project/airflow_venv/lib/python3.10/site-packages/airflow/example_dags/tutorial_taskflow_api_virtualenv.py for tasks to queue
[2025-05-16T06:49:53.143+0100] {logging_mixin.py:154} INFO - [2025-05-16T06:49:53.143+0100] {dagbag.py:536} INFO - Filling up the DagBag from /Users/saber/airflow_project/airflow_venv/lib/python3.10/site-packages/airflow/example_dags/tutorial_taskflow_api_virtualenv.py
[2025-05-16T06:49:53.157+0100] {processor.py:839} INFO - DAG(s) dict_keys(['tutorial_taskflow_api_virtualenv']) retrieved from /Users/saber/airflow_project/airflow_venv/lib/python3.10/site-packages/airflow/example_dags/tutorial_taskflow_api_virtualenv.py
[2025-05-16T06:49:53.200+0100] {logging_mixin.py:154} INFO - [2025-05-16T06:49:53.200+0100] {dag.py:2941} INFO - Sync 1 DAGs
[2025-05-16T06:49:53.202+0100] {logging_mixin.py:154} INFO - [2025-05-16T06:49:53.202+0100] {dag.py:3722} INFO - Setting next_dagrun for tutorial_taskflow_api_virtualenv to None, run_after=None
[2025-05-16T06:49:53.207+0100] {processor.py:179} INFO - Processing /Users/saber/airflow_project/airflow_venv/lib/python3.10/site-packages/airflow/example_dags/tutorial_taskflow_api_virtualenv.py took 0.065 seconds
[2025-05-16T06:50:52.163+0100] {processor.py:157} INFO - Started process (PID=9467) to work on /Users/saber/airflow_project/airflow_venv/lib/python3.10/site-packages/airflow/example_dags/tutorial_taskflow_api_virtualenv.py
[2025-05-16T06:50:52.164+0100] {processor.py:829} INFO - Processing file /Users/saber/airflow_project/airflow_venv/lib/python3.10/site-packages/airflow/example_dags/tutorial_taskflow_api_virtualenv.py for tasks to queue
[2025-05-16T06:50:52.164+0100] {logging_mixin.py:154} INFO - [2025-05-16T06:50:52.164+0100] {dagbag.py:536} INFO - Filling up the DagBag from /Users/saber/airflow_project/airflow_venv/lib/python3.10/site-packages/airflow/example_dags/tutorial_taskflow_api_virtualenv.py
[2025-05-16T06:50:52.178+0100] {processor.py:839} INFO - DAG(s) dict_keys(['tutorial_taskflow_api_virtualenv']) retrieved from /Users/saber/airflow_project/airflow_venv/lib/python3.10/site-packages/airflow/example_dags/tutorial_taskflow_api_virtualenv.py
[2025-05-16T06:50:52.221+0100] {logging_mixin.py:154} INFO - [2025-05-16T06:50:52.221+0100] {dag.py:2941} INFO - Sync 1 DAGs
[2025-05-16T06:50:52.224+0100] {logging_mixin.py:154} INFO - [2025-05-16T06:50:52.224+0100] {dag.py:3722} INFO - Setting next_dagrun for tutorial_taskflow_api_virtualenv to None, run_after=None
[2025-05-16T06:50:52.228+0100] {processor.py:179} INFO - Processing /Users/saber/airflow_project/airflow_venv/lib/python3.10/site-packages/airflow/example_dags/tutorial_taskflow_api_virtualenv.py took 0.065 seconds
