[2025-05-16T06:33:51.184+0100] {processor.py:157} INFO - Started process (PID=8494) to work on /Users/saber/airflow_project/airflow_venv/lib/python3.10/site-packages/airflow/example_dags/plugins/event_listener.py
[2025-05-16T06:33:51.184+0100] {processor.py:829} INFO - Processing file /Users/saber/airflow_project/airflow_venv/lib/python3.10/site-packages/airflow/example_dags/plugins/event_listener.py for tasks to queue
[2025-05-16T06:33:51.185+0100] {logging_mixin.py:154} INFO - [2025-05-16T06:33:51.185+0100] {dagbag.py:536} INFO - Filling up the DagBag from /Users/saber/airflow_project/airflow_venv/lib/python3.10/site-packages/airflow/example_dags/plugins/event_listener.py
[2025-05-16T06:33:51.185+0100] {processor.py:841} WARNING - No viable dags retrieved from /Users/saber/airflow_project/airflow_venv/lib/python3.10/site-packages/airflow/example_dags/plugins/event_listener.py
[2025-05-16T06:33:51.219+0100] {processor.py:179} INFO - Processing /Users/saber/airflow_project/airflow_venv/lib/python3.10/site-packages/airflow/example_dags/plugins/event_listener.py took 0.035 seconds
[2025-05-16T06:37:04.413+0100] {processor.py:157} INFO - Started process (PID=8709) to work on /Users/saber/airflow_project/airflow_venv/lib/python3.10/site-packages/airflow/example_dags/plugins/event_listener.py
[2025-05-16T06:37:04.413+0100] {processor.py:829} INFO - Processing file /Users/saber/airflow_project/airflow_venv/lib/python3.10/site-packages/airflow/example_dags/plugins/event_listener.py for tasks to queue
[2025-05-16T06:37:04.414+0100] {logging_mixin.py:154} INFO - [2025-05-16T06:37:04.414+0100] {dagbag.py:536} INFO - Filling up the DagBag from /Users/saber/airflow_project/airflow_venv/lib/python3.10/site-packages/airflow/example_dags/plugins/event_listener.py
[2025-05-16T06:37:04.414+0100] {processor.py:841} WARNING - No viable dags retrieved from /Users/saber/airflow_project/airflow_venv/lib/python3.10/site-packages/airflow/example_dags/plugins/event_listener.py
[2025-05-16T06:37:04.453+0100] {processor.py:179} INFO - Processing /Users/saber/airflow_project/airflow_venv/lib/python3.10/site-packages/airflow/example_dags/plugins/event_listener.py took 0.040 seconds
[2025-05-16T06:37:17.692+0100] {processor.py:157} INFO - Started process (PID=8725) to work on /Users/saber/airflow_project/airflow_venv/lib/python3.10/site-packages/airflow/example_dags/plugins/event_listener.py
[2025-05-16T06:37:17.692+0100] {processor.py:829} INFO - Processing file /Users/saber/airflow_project/airflow_venv/lib/python3.10/site-packages/airflow/example_dags/plugins/event_listener.py for tasks to queue
[2025-05-16T06:37:17.693+0100] {logging_mixin.py:154} INFO - [2025-05-16T06:37:17.693+0100] {dagbag.py:536} INFO - Filling up the DagBag from /Users/saber/airflow_project/airflow_venv/lib/python3.10/site-packages/airflow/example_dags/plugins/event_listener.py
[2025-05-16T06:37:17.693+0100] {processor.py:841} WARNING - No viable dags retrieved from /Users/saber/airflow_project/airflow_venv/lib/python3.10/site-packages/airflow/example_dags/plugins/event_listener.py
[2025-05-16T06:37:17.727+0100] {processor.py:179} INFO - Processing /Users/saber/airflow_project/airflow_venv/lib/python3.10/site-packages/airflow/example_dags/plugins/event_listener.py took 0.036 seconds
[2025-05-16T06:38:21.280+0100] {processor.py:157} INFO - Started process (PID=8776) to work on /Users/saber/airflow_project/airflow_venv/lib/python3.10/site-packages/airflow/example_dags/plugins/event_listener.py
[2025-05-16T06:38:21.280+0100] {processor.py:829} INFO - Processing file /Users/saber/airflow_project/airflow_venv/lib/python3.10/site-packages/airflow/example_dags/plugins/event_listener.py for tasks to queue
[2025-05-16T06:38:21.281+0100] {logging_mixin.py:154} INFO - [2025-05-16T06:38:21.281+0100] {dagbag.py:536} INFO - Filling up the DagBag from /Users/saber/airflow_project/airflow_venv/lib/python3.10/site-packages/airflow/example_dags/plugins/event_listener.py
[2025-05-16T06:38:21.281+0100] {processor.py:841} WARNING - No viable dags retrieved from /Users/saber/airflow_project/airflow_venv/lib/python3.10/site-packages/airflow/example_dags/plugins/event_listener.py
[2025-05-16T06:38:21.315+0100] {processor.py:179} INFO - Processing /Users/saber/airflow_project/airflow_venv/lib/python3.10/site-packages/airflow/example_dags/plugins/event_listener.py took 0.036 seconds
[2025-05-16T06:39:17.666+0100] {processor.py:157} INFO - Started process (PID=8830) to work on /Users/saber/airflow_project/airflow_venv/lib/python3.10/site-packages/airflow/example_dags/plugins/event_listener.py
[2025-05-16T06:39:17.666+0100] {processor.py:829} INFO - Processing file /Users/saber/airflow_project/airflow_venv/lib/python3.10/site-packages/airflow/example_dags/plugins/event_listener.py for tasks to queue
[2025-05-16T06:39:17.667+0100] {logging_mixin.py:154} INFO - [2025-05-16T06:39:17.667+0100] {dagbag.py:536} INFO - Filling up the DagBag from /Users/saber/airflow_project/airflow_venv/lib/python3.10/site-packages/airflow/example_dags/plugins/event_listener.py
[2025-05-16T06:39:17.667+0100] {processor.py:841} WARNING - No viable dags retrieved from /Users/saber/airflow_project/airflow_venv/lib/python3.10/site-packages/airflow/example_dags/plugins/event_listener.py
[2025-05-16T06:39:17.701+0100] {processor.py:179} INFO - Processing /Users/saber/airflow_project/airflow_venv/lib/python3.10/site-packages/airflow/example_dags/plugins/event_listener.py took 0.035 seconds
[2025-05-16T06:40:11.961+0100] {processor.py:157} INFO - Started process (PID=8891) to work on /Users/saber/airflow_project/airflow_venv/lib/python3.10/site-packages/airflow/example_dags/plugins/event_listener.py
[2025-05-16T06:40:11.961+0100] {processor.py:829} INFO - Processing file /Users/saber/airflow_project/airflow_venv/lib/python3.10/site-packages/airflow/example_dags/plugins/event_listener.py for tasks to queue
[2025-05-16T06:40:11.962+0100] {logging_mixin.py:154} INFO - [2025-05-16T06:40:11.962+0100] {dagbag.py:536} INFO - Filling up the DagBag from /Users/saber/airflow_project/airflow_venv/lib/python3.10/site-packages/airflow/example_dags/plugins/event_listener.py
[2025-05-16T06:40:11.962+0100] {processor.py:841} WARNING - No viable dags retrieved from /Users/saber/airflow_project/airflow_venv/lib/python3.10/site-packages/airflow/example_dags/plugins/event_listener.py
[2025-05-16T06:40:11.996+0100] {processor.py:179} INFO - Processing /Users/saber/airflow_project/airflow_venv/lib/python3.10/site-packages/airflow/example_dags/plugins/event_listener.py took 0.035 seconds
[2025-05-16T06:41:10.328+0100] {processor.py:157} INFO - Started process (PID=8939) to work on /Users/saber/airflow_project/airflow_venv/lib/python3.10/site-packages/airflow/example_dags/plugins/event_listener.py
[2025-05-16T06:41:10.328+0100] {processor.py:829} INFO - Processing file /Users/saber/airflow_project/airflow_venv/lib/python3.10/site-packages/airflow/example_dags/plugins/event_listener.py for tasks to queue
[2025-05-16T06:41:10.329+0100] {logging_mixin.py:154} INFO - [2025-05-16T06:41:10.329+0100] {dagbag.py:536} INFO - Filling up the DagBag from /Users/saber/airflow_project/airflow_venv/lib/python3.10/site-packages/airflow/example_dags/plugins/event_listener.py
[2025-05-16T06:41:10.329+0100] {processor.py:841} WARNING - No viable dags retrieved from /Users/saber/airflow_project/airflow_venv/lib/python3.10/site-packages/airflow/example_dags/plugins/event_listener.py
[2025-05-16T06:41:10.364+0100] {processor.py:179} INFO - Processing /Users/saber/airflow_project/airflow_venv/lib/python3.10/site-packages/airflow/example_dags/plugins/event_listener.py took 0.036 seconds
[2025-05-16T06:42:11.224+0100] {processor.py:157} INFO - Started process (PID=8992) to work on /Users/saber/airflow_project/airflow_venv/lib/python3.10/site-packages/airflow/example_dags/plugins/event_listener.py
[2025-05-16T06:42:11.224+0100] {processor.py:829} INFO - Processing file /Users/saber/airflow_project/airflow_venv/lib/python3.10/site-packages/airflow/example_dags/plugins/event_listener.py for tasks to queue
[2025-05-16T06:42:11.225+0100] {logging_mixin.py:154} INFO - [2025-05-16T06:42:11.224+0100] {dagbag.py:536} INFO - Filling up the DagBag from /Users/saber/airflow_project/airflow_venv/lib/python3.10/site-packages/airflow/example_dags/plugins/event_listener.py
[2025-05-16T06:42:11.225+0100] {processor.py:841} WARNING - No viable dags retrieved from /Users/saber/airflow_project/airflow_venv/lib/python3.10/site-packages/airflow/example_dags/plugins/event_listener.py
[2025-05-16T06:42:11.259+0100] {processor.py:179} INFO - Processing /Users/saber/airflow_project/airflow_venv/lib/python3.10/site-packages/airflow/example_dags/plugins/event_listener.py took 0.035 seconds
[2025-05-16T06:43:07.537+0100] {processor.py:157} INFO - Started process (PID=9041) to work on /Users/saber/airflow_project/airflow_venv/lib/python3.10/site-packages/airflow/example_dags/plugins/event_listener.py
[2025-05-16T06:43:07.537+0100] {processor.py:829} INFO - Processing file /Users/saber/airflow_project/airflow_venv/lib/python3.10/site-packages/airflow/example_dags/plugins/event_listener.py for tasks to queue
[2025-05-16T06:43:07.537+0100] {logging_mixin.py:154} INFO - [2025-05-16T06:43:07.537+0100] {dagbag.py:536} INFO - Filling up the DagBag from /Users/saber/airflow_project/airflow_venv/lib/python3.10/site-packages/airflow/example_dags/plugins/event_listener.py
[2025-05-16T06:43:07.538+0100] {processor.py:841} WARNING - No viable dags retrieved from /Users/saber/airflow_project/airflow_venv/lib/python3.10/site-packages/airflow/example_dags/plugins/event_listener.py
[2025-05-16T06:43:07.572+0100] {processor.py:179} INFO - Processing /Users/saber/airflow_project/airflow_venv/lib/python3.10/site-packages/airflow/example_dags/plugins/event_listener.py took 0.035 seconds
[2025-05-16T06:44:04.622+0100] {processor.py:157} INFO - Started process (PID=9097) to work on /Users/saber/airflow_project/airflow_venv/lib/python3.10/site-packages/airflow/example_dags/plugins/event_listener.py
[2025-05-16T06:44:04.622+0100] {processor.py:829} INFO - Processing file /Users/saber/airflow_project/airflow_venv/lib/python3.10/site-packages/airflow/example_dags/plugins/event_listener.py for tasks to queue
[2025-05-16T06:44:04.623+0100] {logging_mixin.py:154} INFO - [2025-05-16T06:44:04.623+0100] {dagbag.py:536} INFO - Filling up the DagBag from /Users/saber/airflow_project/airflow_venv/lib/python3.10/site-packages/airflow/example_dags/plugins/event_listener.py
[2025-05-16T06:44:04.623+0100] {processor.py:841} WARNING - No viable dags retrieved from /Users/saber/airflow_project/airflow_venv/lib/python3.10/site-packages/airflow/example_dags/plugins/event_listener.py
[2025-05-16T06:44:04.657+0100] {processor.py:179} INFO - Processing /Users/saber/airflow_project/airflow_venv/lib/python3.10/site-packages/airflow/example_dags/plugins/event_listener.py took 0.035 seconds
[2025-05-16T06:45:03.487+0100] {processor.py:157} INFO - Started process (PID=9146) to work on /Users/saber/airflow_project/airflow_venv/lib/python3.10/site-packages/airflow/example_dags/plugins/event_listener.py
[2025-05-16T06:45:03.488+0100] {processor.py:829} INFO - Processing file /Users/saber/airflow_project/airflow_venv/lib/python3.10/site-packages/airflow/example_dags/plugins/event_listener.py for tasks to queue
[2025-05-16T06:45:03.488+0100] {logging_mixin.py:154} INFO - [2025-05-16T06:45:03.488+0100] {dagbag.py:536} INFO - Filling up the DagBag from /Users/saber/airflow_project/airflow_venv/lib/python3.10/site-packages/airflow/example_dags/plugins/event_listener.py
[2025-05-16T06:45:03.489+0100] {processor.py:841} WARNING - No viable dags retrieved from /Users/saber/airflow_project/airflow_venv/lib/python3.10/site-packages/airflow/example_dags/plugins/event_listener.py
[2025-05-16T06:45:03.522+0100] {processor.py:179} INFO - Processing /Users/saber/airflow_project/airflow_venv/lib/python3.10/site-packages/airflow/example_dags/plugins/event_listener.py took 0.035 seconds
[2025-05-16T06:46:00.501+0100] {processor.py:157} INFO - Started process (PID=9213) to work on /Users/saber/airflow_project/airflow_venv/lib/python3.10/site-packages/airflow/example_dags/plugins/event_listener.py
[2025-05-16T06:46:00.501+0100] {processor.py:829} INFO - Processing file /Users/saber/airflow_project/airflow_venv/lib/python3.10/site-packages/airflow/example_dags/plugins/event_listener.py for tasks to queue
[2025-05-16T06:46:00.502+0100] {logging_mixin.py:154} INFO - [2025-05-16T06:46:00.502+0100] {dagbag.py:536} INFO - Filling up the DagBag from /Users/saber/airflow_project/airflow_venv/lib/python3.10/site-packages/airflow/example_dags/plugins/event_listener.py
[2025-05-16T06:46:00.502+0100] {processor.py:841} WARNING - No viable dags retrieved from /Users/saber/airflow_project/airflow_venv/lib/python3.10/site-packages/airflow/example_dags/plugins/event_listener.py
[2025-05-16T06:46:00.536+0100] {processor.py:179} INFO - Processing /Users/saber/airflow_project/airflow_venv/lib/python3.10/site-packages/airflow/example_dags/plugins/event_listener.py took 0.036 seconds
[2025-05-16T06:46:59.997+0100] {processor.py:157} INFO - Started process (PID=9262) to work on /Users/saber/airflow_project/airflow_venv/lib/python3.10/site-packages/airflow/example_dags/plugins/event_listener.py
[2025-05-16T06:46:59.997+0100] {processor.py:829} INFO - Processing file /Users/saber/airflow_project/airflow_venv/lib/python3.10/site-packages/airflow/example_dags/plugins/event_listener.py for tasks to queue
[2025-05-16T06:46:59.998+0100] {logging_mixin.py:154} INFO - [2025-05-16T06:46:59.998+0100] {dagbag.py:536} INFO - Filling up the DagBag from /Users/saber/airflow_project/airflow_venv/lib/python3.10/site-packages/airflow/example_dags/plugins/event_listener.py
[2025-05-16T06:46:59.998+0100] {processor.py:841} WARNING - No viable dags retrieved from /Users/saber/airflow_project/airflow_venv/lib/python3.10/site-packages/airflow/example_dags/plugins/event_listener.py
[2025-05-16T06:47:00.035+0100] {processor.py:179} INFO - Processing /Users/saber/airflow_project/airflow_venv/lib/python3.10/site-packages/airflow/example_dags/plugins/event_listener.py took 0.038 seconds
[2025-05-16T06:47:57.655+0100] {processor.py:157} INFO - Started process (PID=9311) to work on /Users/saber/airflow_project/airflow_venv/lib/python3.10/site-packages/airflow/example_dags/plugins/event_listener.py
[2025-05-16T06:47:57.656+0100] {processor.py:829} INFO - Processing file /Users/saber/airflow_project/airflow_venv/lib/python3.10/site-packages/airflow/example_dags/plugins/event_listener.py for tasks to queue
[2025-05-16T06:47:57.656+0100] {logging_mixin.py:154} INFO - [2025-05-16T06:47:57.656+0100] {dagbag.py:536} INFO - Filling up the DagBag from /Users/saber/airflow_project/airflow_venv/lib/python3.10/site-packages/airflow/example_dags/plugins/event_listener.py
[2025-05-16T06:47:57.657+0100] {processor.py:841} WARNING - No viable dags retrieved from /Users/saber/airflow_project/airflow_venv/lib/python3.10/site-packages/airflow/example_dags/plugins/event_listener.py
[2025-05-16T06:47:57.690+0100] {processor.py:179} INFO - Processing /Users/saber/airflow_project/airflow_venv/lib/python3.10/site-packages/airflow/example_dags/plugins/event_listener.py took 0.035 seconds
[2025-05-16T06:48:53.335+0100] {processor.py:157} INFO - Started process (PID=9358) to work on /Users/saber/airflow_project/airflow_venv/lib/python3.10/site-packages/airflow/example_dags/plugins/event_listener.py
[2025-05-16T06:48:53.335+0100] {processor.py:829} INFO - Processing file /Users/saber/airflow_project/airflow_venv/lib/python3.10/site-packages/airflow/example_dags/plugins/event_listener.py for tasks to queue
[2025-05-16T06:48:53.336+0100] {logging_mixin.py:154} INFO - [2025-05-16T06:48:53.336+0100] {dagbag.py:536} INFO - Filling up the DagBag from /Users/saber/airflow_project/airflow_venv/lib/python3.10/site-packages/airflow/example_dags/plugins/event_listener.py
[2025-05-16T06:48:53.336+0100] {processor.py:841} WARNING - No viable dags retrieved from /Users/saber/airflow_project/airflow_venv/lib/python3.10/site-packages/airflow/example_dags/plugins/event_listener.py
[2025-05-16T06:48:53.370+0100] {processor.py:179} INFO - Processing /Users/saber/airflow_project/airflow_venv/lib/python3.10/site-packages/airflow/example_dags/plugins/event_listener.py took 0.035 seconds
[2025-05-16T06:49:52.518+0100] {processor.py:157} INFO - Started process (PID=9409) to work on /Users/saber/airflow_project/airflow_venv/lib/python3.10/site-packages/airflow/example_dags/plugins/event_listener.py
[2025-05-16T06:49:52.518+0100] {processor.py:829} INFO - Processing file /Users/saber/airflow_project/airflow_venv/lib/python3.10/site-packages/airflow/example_dags/plugins/event_listener.py for tasks to queue
[2025-05-16T06:49:52.519+0100] {logging_mixin.py:154} INFO - [2025-05-16T06:49:52.519+0100] {dagbag.py:536} INFO - Filling up the DagBag from /Users/saber/airflow_project/airflow_venv/lib/python3.10/site-packages/airflow/example_dags/plugins/event_listener.py
[2025-05-16T06:49:52.519+0100] {processor.py:841} WARNING - No viable dags retrieved from /Users/saber/airflow_project/airflow_venv/lib/python3.10/site-packages/airflow/example_dags/plugins/event_listener.py
[2025-05-16T06:49:52.553+0100] {processor.py:179} INFO - Processing /Users/saber/airflow_project/airflow_venv/lib/python3.10/site-packages/airflow/example_dags/plugins/event_listener.py took 0.035 seconds
[2025-05-16T06:50:50.693+0100] {processor.py:157} INFO - Started process (PID=9466) to work on /Users/saber/airflow_project/airflow_venv/lib/python3.10/site-packages/airflow/example_dags/plugins/event_listener.py
[2025-05-16T06:50:50.693+0100] {processor.py:829} INFO - Processing file /Users/saber/airflow_project/airflow_venv/lib/python3.10/site-packages/airflow/example_dags/plugins/event_listener.py for tasks to queue
[2025-05-16T06:50:50.694+0100] {logging_mixin.py:154} INFO - [2025-05-16T06:50:50.694+0100] {dagbag.py:536} INFO - Filling up the DagBag from /Users/saber/airflow_project/airflow_venv/lib/python3.10/site-packages/airflow/example_dags/plugins/event_listener.py
[2025-05-16T06:50:50.694+0100] {processor.py:841} WARNING - No viable dags retrieved from /Users/saber/airflow_project/airflow_venv/lib/python3.10/site-packages/airflow/example_dags/plugins/event_listener.py
[2025-05-16T06:50:50.728+0100] {processor.py:179} INFO - Processing /Users/saber/airflow_project/airflow_venv/lib/python3.10/site-packages/airflow/example_dags/plugins/event_listener.py took 0.036 seconds
