[2025-05-16T06:33:49.807+0100] {processor.py:157} INFO - Started process (PID=8492) to work on /Users/saber/airflow_project/airflow_venv/lib/python3.10/site-packages/airflow/example_dags/plugins/listener_plugin.py
[2025-05-16T06:33:49.807+0100] {processor.py:829} INFO - Processing file /Users/saber/airflow_project/airflow_venv/lib/python3.10/site-packages/airflow/example_dags/plugins/listener_plugin.py for tasks to queue
[2025-05-16T06:33:49.808+0100] {logging_mixin.py:154} INFO - [2025-05-16T06:33:49.808+0100] {dagbag.py:536} INFO - Filling up the DagBag from /Users/saber/airflow_project/airflow_venv/lib/python3.10/site-packages/airflow/example_dags/plugins/listener_plugin.py
[2025-05-16T06:33:49.808+0100] {processor.py:841} WARNING - No viable dags retrieved from /Users/saber/airflow_project/airflow_venv/lib/python3.10/site-packages/airflow/example_dags/plugins/listener_plugin.py
[2025-05-16T06:33:49.841+0100] {processor.py:179} INFO - Processing /Users/saber/airflow_project/airflow_venv/lib/python3.10/site-packages/airflow/example_dags/plugins/listener_plugin.py took 0.035 seconds
[2025-05-16T06:37:02.964+0100] {processor.py:157} INFO - Started process (PID=8707) to work on /Users/saber/airflow_project/airflow_venv/lib/python3.10/site-packages/airflow/example_dags/plugins/listener_plugin.py
[2025-05-16T06:37:02.964+0100] {processor.py:829} INFO - Processing file /Users/saber/airflow_project/airflow_venv/lib/python3.10/site-packages/airflow/example_dags/plugins/listener_plugin.py for tasks to queue
[2025-05-16T06:37:02.965+0100] {logging_mixin.py:154} INFO - [2025-05-16T06:37:02.965+0100] {dagbag.py:536} INFO - Filling up the DagBag from /Users/saber/airflow_project/airflow_venv/lib/python3.10/site-packages/airflow/example_dags/plugins/listener_plugin.py
[2025-05-16T06:37:02.966+0100] {processor.py:841} WARNING - No viable dags retrieved from /Users/saber/airflow_project/airflow_venv/lib/python3.10/site-packages/airflow/example_dags/plugins/listener_plugin.py
[2025-05-16T06:37:03.004+0100] {processor.py:179} INFO - Processing /Users/saber/airflow_project/airflow_venv/lib/python3.10/site-packages/airflow/example_dags/plugins/listener_plugin.py took 0.040 seconds
[2025-05-16T06:37:16.239+0100] {processor.py:157} INFO - Started process (PID=8724) to work on /Users/saber/airflow_project/airflow_venv/lib/python3.10/site-packages/airflow/example_dags/plugins/listener_plugin.py
[2025-05-16T06:37:16.239+0100] {processor.py:829} INFO - Processing file /Users/saber/airflow_project/airflow_venv/lib/python3.10/site-packages/airflow/example_dags/plugins/listener_plugin.py for tasks to queue
[2025-05-16T06:37:16.239+0100] {logging_mixin.py:154} INFO - [2025-05-16T06:37:16.239+0100] {dagbag.py:536} INFO - Filling up the DagBag from /Users/saber/airflow_project/airflow_venv/lib/python3.10/site-packages/airflow/example_dags/plugins/listener_plugin.py
[2025-05-16T06:37:16.240+0100] {processor.py:841} WARNING - No viable dags retrieved from /Users/saber/airflow_project/airflow_venv/lib/python3.10/site-packages/airflow/example_dags/plugins/listener_plugin.py
[2025-05-16T06:37:16.274+0100] {processor.py:179} INFO - Processing /Users/saber/airflow_project/airflow_venv/lib/python3.10/site-packages/airflow/example_dags/plugins/listener_plugin.py took 0.035 seconds
[2025-05-16T06:38:19.851+0100] {processor.py:157} INFO - Started process (PID=8775) to work on /Users/saber/airflow_project/airflow_venv/lib/python3.10/site-packages/airflow/example_dags/plugins/listener_plugin.py
[2025-05-16T06:38:19.851+0100] {processor.py:829} INFO - Processing file /Users/saber/airflow_project/airflow_venv/lib/python3.10/site-packages/airflow/example_dags/plugins/listener_plugin.py for tasks to queue
[2025-05-16T06:38:19.852+0100] {logging_mixin.py:154} INFO - [2025-05-16T06:38:19.852+0100] {dagbag.py:536} INFO - Filling up the DagBag from /Users/saber/airflow_project/airflow_venv/lib/python3.10/site-packages/airflow/example_dags/plugins/listener_plugin.py
[2025-05-16T06:38:19.852+0100] {processor.py:841} WARNING - No viable dags retrieved from /Users/saber/airflow_project/airflow_venv/lib/python3.10/site-packages/airflow/example_dags/plugins/listener_plugin.py
[2025-05-16T06:38:19.887+0100] {processor.py:179} INFO - Processing /Users/saber/airflow_project/airflow_venv/lib/python3.10/site-packages/airflow/example_dags/plugins/listener_plugin.py took 0.036 seconds
[2025-05-16T06:39:16.211+0100] {processor.py:157} INFO - Started process (PID=8829) to work on /Users/saber/airflow_project/airflow_venv/lib/python3.10/site-packages/airflow/example_dags/plugins/listener_plugin.py
[2025-05-16T06:39:16.211+0100] {processor.py:829} INFO - Processing file /Users/saber/airflow_project/airflow_venv/lib/python3.10/site-packages/airflow/example_dags/plugins/listener_plugin.py for tasks to queue
[2025-05-16T06:39:16.212+0100] {logging_mixin.py:154} INFO - [2025-05-16T06:39:16.212+0100] {dagbag.py:536} INFO - Filling up the DagBag from /Users/saber/airflow_project/airflow_venv/lib/python3.10/site-packages/airflow/example_dags/plugins/listener_plugin.py
[2025-05-16T06:39:16.212+0100] {processor.py:841} WARNING - No viable dags retrieved from /Users/saber/airflow_project/airflow_venv/lib/python3.10/site-packages/airflow/example_dags/plugins/listener_plugin.py
[2025-05-16T06:39:16.246+0100] {processor.py:179} INFO - Processing /Users/saber/airflow_project/airflow_venv/lib/python3.10/site-packages/airflow/example_dags/plugins/listener_plugin.py took 0.035 seconds
[2025-05-16T06:40:10.520+0100] {processor.py:157} INFO - Started process (PID=8890) to work on /Users/saber/airflow_project/airflow_venv/lib/python3.10/site-packages/airflow/example_dags/plugins/listener_plugin.py
[2025-05-16T06:40:10.520+0100] {processor.py:829} INFO - Processing file /Users/saber/airflow_project/airflow_venv/lib/python3.10/site-packages/airflow/example_dags/plugins/listener_plugin.py for tasks to queue
[2025-05-16T06:40:10.521+0100] {logging_mixin.py:154} INFO - [2025-05-16T06:40:10.520+0100] {dagbag.py:536} INFO - Filling up the DagBag from /Users/saber/airflow_project/airflow_venv/lib/python3.10/site-packages/airflow/example_dags/plugins/listener_plugin.py
[2025-05-16T06:40:10.521+0100] {processor.py:841} WARNING - No viable dags retrieved from /Users/saber/airflow_project/airflow_venv/lib/python3.10/site-packages/airflow/example_dags/plugins/listener_plugin.py
[2025-05-16T06:40:10.555+0100] {processor.py:179} INFO - Processing /Users/saber/airflow_project/airflow_venv/lib/python3.10/site-packages/airflow/example_dags/plugins/listener_plugin.py took 0.036 seconds
[2025-05-16T06:41:08.877+0100] {processor.py:157} INFO - Started process (PID=8938) to work on /Users/saber/airflow_project/airflow_venv/lib/python3.10/site-packages/airflow/example_dags/plugins/listener_plugin.py
[2025-05-16T06:41:08.877+0100] {processor.py:829} INFO - Processing file /Users/saber/airflow_project/airflow_venv/lib/python3.10/site-packages/airflow/example_dags/plugins/listener_plugin.py for tasks to queue
[2025-05-16T06:41:08.877+0100] {logging_mixin.py:154} INFO - [2025-05-16T06:41:08.877+0100] {dagbag.py:536} INFO - Filling up the DagBag from /Users/saber/airflow_project/airflow_venv/lib/python3.10/site-packages/airflow/example_dags/plugins/listener_plugin.py
[2025-05-16T06:41:08.878+0100] {processor.py:841} WARNING - No viable dags retrieved from /Users/saber/airflow_project/airflow_venv/lib/python3.10/site-packages/airflow/example_dags/plugins/listener_plugin.py
[2025-05-16T06:41:08.911+0100] {processor.py:179} INFO - Processing /Users/saber/airflow_project/airflow_venv/lib/python3.10/site-packages/airflow/example_dags/plugins/listener_plugin.py took 0.035 seconds
[2025-05-16T06:42:10.100+0100] {processor.py:157} INFO - Started process (PID=8991) to work on /Users/saber/airflow_project/airflow_venv/lib/python3.10/site-packages/airflow/example_dags/plugins/listener_plugin.py
[2025-05-16T06:42:10.100+0100] {processor.py:829} INFO - Processing file /Users/saber/airflow_project/airflow_venv/lib/python3.10/site-packages/airflow/example_dags/plugins/listener_plugin.py for tasks to queue
[2025-05-16T06:42:10.101+0100] {logging_mixin.py:154} INFO - [2025-05-16T06:42:10.101+0100] {dagbag.py:536} INFO - Filling up the DagBag from /Users/saber/airflow_project/airflow_venv/lib/python3.10/site-packages/airflow/example_dags/plugins/listener_plugin.py
[2025-05-16T06:42:10.101+0100] {processor.py:841} WARNING - No viable dags retrieved from /Users/saber/airflow_project/airflow_venv/lib/python3.10/site-packages/airflow/example_dags/plugins/listener_plugin.py
[2025-05-16T06:42:10.135+0100] {processor.py:179} INFO - Processing /Users/saber/airflow_project/airflow_venv/lib/python3.10/site-packages/airflow/example_dags/plugins/listener_plugin.py took 0.035 seconds
[2025-05-16T06:43:07.074+0100] {processor.py:157} INFO - Started process (PID=9040) to work on /Users/saber/airflow_project/airflow_venv/lib/python3.10/site-packages/airflow/example_dags/plugins/listener_plugin.py
[2025-05-16T06:43:07.074+0100] {processor.py:829} INFO - Processing file /Users/saber/airflow_project/airflow_venv/lib/python3.10/site-packages/airflow/example_dags/plugins/listener_plugin.py for tasks to queue
[2025-05-16T06:43:07.075+0100] {logging_mixin.py:154} INFO - [2025-05-16T06:43:07.075+0100] {dagbag.py:536} INFO - Filling up the DagBag from /Users/saber/airflow_project/airflow_venv/lib/python3.10/site-packages/airflow/example_dags/plugins/listener_plugin.py
[2025-05-16T06:43:07.076+0100] {processor.py:841} WARNING - No viable dags retrieved from /Users/saber/airflow_project/airflow_venv/lib/python3.10/site-packages/airflow/example_dags/plugins/listener_plugin.py
[2025-05-16T06:43:07.110+0100] {processor.py:179} INFO - Processing /Users/saber/airflow_project/airflow_venv/lib/python3.10/site-packages/airflow/example_dags/plugins/listener_plugin.py took 0.036 seconds
[2025-05-16T06:44:03.506+0100] {processor.py:157} INFO - Started process (PID=9096) to work on /Users/saber/airflow_project/airflow_venv/lib/python3.10/site-packages/airflow/example_dags/plugins/listener_plugin.py
[2025-05-16T06:44:03.506+0100] {processor.py:829} INFO - Processing file /Users/saber/airflow_project/airflow_venv/lib/python3.10/site-packages/airflow/example_dags/plugins/listener_plugin.py for tasks to queue
[2025-05-16T06:44:03.506+0100] {logging_mixin.py:154} INFO - [2025-05-16T06:44:03.506+0100] {dagbag.py:536} INFO - Filling up the DagBag from /Users/saber/airflow_project/airflow_venv/lib/python3.10/site-packages/airflow/example_dags/plugins/listener_plugin.py
[2025-05-16T06:44:03.507+0100] {processor.py:841} WARNING - No viable dags retrieved from /Users/saber/airflow_project/airflow_venv/lib/python3.10/site-packages/airflow/example_dags/plugins/listener_plugin.py
[2025-05-16T06:44:03.541+0100] {processor.py:179} INFO - Processing /Users/saber/airflow_project/airflow_venv/lib/python3.10/site-packages/airflow/example_dags/plugins/listener_plugin.py took 0.036 seconds
[2025-05-16T06:45:02.044+0100] {processor.py:157} INFO - Started process (PID=9145) to work on /Users/saber/airflow_project/airflow_venv/lib/python3.10/site-packages/airflow/example_dags/plugins/listener_plugin.py
[2025-05-16T06:45:02.045+0100] {processor.py:829} INFO - Processing file /Users/saber/airflow_project/airflow_venv/lib/python3.10/site-packages/airflow/example_dags/plugins/listener_plugin.py for tasks to queue
[2025-05-16T06:45:02.045+0100] {logging_mixin.py:154} INFO - [2025-05-16T06:45:02.045+0100] {dagbag.py:536} INFO - Filling up the DagBag from /Users/saber/airflow_project/airflow_venv/lib/python3.10/site-packages/airflow/example_dags/plugins/listener_plugin.py
[2025-05-16T06:45:02.046+0100] {processor.py:841} WARNING - No viable dags retrieved from /Users/saber/airflow_project/airflow_venv/lib/python3.10/site-packages/airflow/example_dags/plugins/listener_plugin.py
[2025-05-16T06:45:02.080+0100] {processor.py:179} INFO - Processing /Users/saber/airflow_project/airflow_venv/lib/python3.10/site-packages/airflow/example_dags/plugins/listener_plugin.py took 0.036 seconds
[2025-05-16T06:45:59.064+0100] {processor.py:157} INFO - Started process (PID=9212) to work on /Users/saber/airflow_project/airflow_venv/lib/python3.10/site-packages/airflow/example_dags/plugins/listener_plugin.py
[2025-05-16T06:45:59.064+0100] {processor.py:829} INFO - Processing file /Users/saber/airflow_project/airflow_venv/lib/python3.10/site-packages/airflow/example_dags/plugins/listener_plugin.py for tasks to queue
[2025-05-16T06:45:59.065+0100] {logging_mixin.py:154} INFO - [2025-05-16T06:45:59.065+0100] {dagbag.py:536} INFO - Filling up the DagBag from /Users/saber/airflow_project/airflow_venv/lib/python3.10/site-packages/airflow/example_dags/plugins/listener_plugin.py
[2025-05-16T06:45:59.065+0100] {processor.py:841} WARNING - No viable dags retrieved from /Users/saber/airflow_project/airflow_venv/lib/python3.10/site-packages/airflow/example_dags/plugins/listener_plugin.py
[2025-05-16T06:45:59.099+0100] {processor.py:179} INFO - Processing /Users/saber/airflow_project/airflow_venv/lib/python3.10/site-packages/airflow/example_dags/plugins/listener_plugin.py took 0.036 seconds
[2025-05-16T06:46:58.555+0100] {processor.py:157} INFO - Started process (PID=9261) to work on /Users/saber/airflow_project/airflow_venv/lib/python3.10/site-packages/airflow/example_dags/plugins/listener_plugin.py
[2025-05-16T06:46:58.556+0100] {processor.py:829} INFO - Processing file /Users/saber/airflow_project/airflow_venv/lib/python3.10/site-packages/airflow/example_dags/plugins/listener_plugin.py for tasks to queue
[2025-05-16T06:46:58.556+0100] {logging_mixin.py:154} INFO - [2025-05-16T06:46:58.556+0100] {dagbag.py:536} INFO - Filling up the DagBag from /Users/saber/airflow_project/airflow_venv/lib/python3.10/site-packages/airflow/example_dags/plugins/listener_plugin.py
[2025-05-16T06:46:58.557+0100] {processor.py:841} WARNING - No viable dags retrieved from /Users/saber/airflow_project/airflow_venv/lib/python3.10/site-packages/airflow/example_dags/plugins/listener_plugin.py
[2025-05-16T06:46:58.591+0100] {processor.py:179} INFO - Processing /Users/saber/airflow_project/airflow_venv/lib/python3.10/site-packages/airflow/example_dags/plugins/listener_plugin.py took 0.036 seconds
[2025-05-16T06:47:56.538+0100] {processor.py:157} INFO - Started process (PID=9310) to work on /Users/saber/airflow_project/airflow_venv/lib/python3.10/site-packages/airflow/example_dags/plugins/listener_plugin.py
[2025-05-16T06:47:56.538+0100] {processor.py:829} INFO - Processing file /Users/saber/airflow_project/airflow_venv/lib/python3.10/site-packages/airflow/example_dags/plugins/listener_plugin.py for tasks to queue
[2025-05-16T06:47:56.539+0100] {logging_mixin.py:154} INFO - [2025-05-16T06:47:56.539+0100] {dagbag.py:536} INFO - Filling up the DagBag from /Users/saber/airflow_project/airflow_venv/lib/python3.10/site-packages/airflow/example_dags/plugins/listener_plugin.py
[2025-05-16T06:47:56.539+0100] {processor.py:841} WARNING - No viable dags retrieved from /Users/saber/airflow_project/airflow_venv/lib/python3.10/site-packages/airflow/example_dags/plugins/listener_plugin.py
[2025-05-16T06:47:56.573+0100] {processor.py:179} INFO - Processing /Users/saber/airflow_project/airflow_venv/lib/python3.10/site-packages/airflow/example_dags/plugins/listener_plugin.py took 0.035 seconds
[2025-05-16T06:48:51.895+0100] {processor.py:157} INFO - Started process (PID=9357) to work on /Users/saber/airflow_project/airflow_venv/lib/python3.10/site-packages/airflow/example_dags/plugins/listener_plugin.py
[2025-05-16T06:48:51.895+0100] {processor.py:829} INFO - Processing file /Users/saber/airflow_project/airflow_venv/lib/python3.10/site-packages/airflow/example_dags/plugins/listener_plugin.py for tasks to queue
[2025-05-16T06:48:51.895+0100] {logging_mixin.py:154} INFO - [2025-05-16T06:48:51.895+0100] {dagbag.py:536} INFO - Filling up the DagBag from /Users/saber/airflow_project/airflow_venv/lib/python3.10/site-packages/airflow/example_dags/plugins/listener_plugin.py
[2025-05-16T06:48:51.896+0100] {processor.py:841} WARNING - No viable dags retrieved from /Users/saber/airflow_project/airflow_venv/lib/python3.10/site-packages/airflow/example_dags/plugins/listener_plugin.py
[2025-05-16T06:48:51.933+0100] {processor.py:179} INFO - Processing /Users/saber/airflow_project/airflow_venv/lib/python3.10/site-packages/airflow/example_dags/plugins/listener_plugin.py took 0.039 seconds
[2025-05-16T06:49:51.075+0100] {processor.py:157} INFO - Started process (PID=9408) to work on /Users/saber/airflow_project/airflow_venv/lib/python3.10/site-packages/airflow/example_dags/plugins/listener_plugin.py
[2025-05-16T06:49:51.075+0100] {processor.py:829} INFO - Processing file /Users/saber/airflow_project/airflow_venv/lib/python3.10/site-packages/airflow/example_dags/plugins/listener_plugin.py for tasks to queue
[2025-05-16T06:49:51.076+0100] {logging_mixin.py:154} INFO - [2025-05-16T06:49:51.076+0100] {dagbag.py:536} INFO - Filling up the DagBag from /Users/saber/airflow_project/airflow_venv/lib/python3.10/site-packages/airflow/example_dags/plugins/listener_plugin.py
[2025-05-16T06:49:51.076+0100] {processor.py:841} WARNING - No viable dags retrieved from /Users/saber/airflow_project/airflow_venv/lib/python3.10/site-packages/airflow/example_dags/plugins/listener_plugin.py
[2025-05-16T06:49:51.110+0100] {processor.py:179} INFO - Processing /Users/saber/airflow_project/airflow_venv/lib/python3.10/site-packages/airflow/example_dags/plugins/listener_plugin.py took 0.035 seconds
[2025-05-16T06:50:50.231+0100] {processor.py:157} INFO - Started process (PID=9465) to work on /Users/saber/airflow_project/airflow_venv/lib/python3.10/site-packages/airflow/example_dags/plugins/listener_plugin.py
[2025-05-16T06:50:50.231+0100] {processor.py:829} INFO - Processing file /Users/saber/airflow_project/airflow_venv/lib/python3.10/site-packages/airflow/example_dags/plugins/listener_plugin.py for tasks to queue
[2025-05-16T06:50:50.232+0100] {logging_mixin.py:154} INFO - [2025-05-16T06:50:50.232+0100] {dagbag.py:536} INFO - Filling up the DagBag from /Users/saber/airflow_project/airflow_venv/lib/python3.10/site-packages/airflow/example_dags/plugins/listener_plugin.py
[2025-05-16T06:50:50.232+0100] {processor.py:841} WARNING - No viable dags retrieved from /Users/saber/airflow_project/airflow_venv/lib/python3.10/site-packages/airflow/example_dags/plugins/listener_plugin.py
[2025-05-16T06:50:50.267+0100] {processor.py:179} INFO - Processing /Users/saber/airflow_project/airflow_venv/lib/python3.10/site-packages/airflow/example_dags/plugins/listener_plugin.py took 0.036 seconds
