[2025-05-16T06:33:48.402+0100] {processor.py:157} INFO - Started process (PID=8489) to work on /Users/saber/airflow_project/airflow_venv/lib/python3.10/site-packages/airflow/example_dags/plugins/workday.py
[2025-05-16T06:33:48.402+0100] {processor.py:829} INFO - Processing file /Users/saber/airflow_project/airflow_venv/lib/python3.10/site-packages/airflow/example_dags/plugins/workday.py for tasks to queue
[2025-05-16T06:33:48.403+0100] {logging_mixin.py:154} INFO - [2025-05-16T06:33:48.403+0100] {dagbag.py:536} INFO - Filling up the DagBag from /Users/saber/airflow_project/airflow_venv/lib/python3.10/site-packages/airflow/example_dags/plugins/workday.py
[2025-05-16T06:33:48.403+0100] {logging_mixin.py:154} INFO - [2025-05-16T06:33:48.403+0100] {workday.py:36} WARNING - Could not import pandas. Holidays will not be considered.
[2025-05-16T06:33:48.403+0100] {processor.py:841} WARNING - No viable dags retrieved from /Users/saber/airflow_project/airflow_venv/lib/python3.10/site-packages/airflow/example_dags/plugins/workday.py
[2025-05-16T06:33:48.437+0100] {processor.py:179} INFO - Processing /Users/saber/airflow_project/airflow_venv/lib/python3.10/site-packages/airflow/example_dags/plugins/workday.py took 0.035 seconds
[2025-05-16T06:37:01.540+0100] {processor.py:157} INFO - Started process (PID=8705) to work on /Users/saber/airflow_project/airflow_venv/lib/python3.10/site-packages/airflow/example_dags/plugins/workday.py
[2025-05-16T06:37:01.540+0100] {processor.py:829} INFO - Processing file /Users/saber/airflow_project/airflow_venv/lib/python3.10/site-packages/airflow/example_dags/plugins/workday.py for tasks to queue
[2025-05-16T06:37:01.541+0100] {logging_mixin.py:154} INFO - [2025-05-16T06:37:01.541+0100] {dagbag.py:536} INFO - Filling up the DagBag from /Users/saber/airflow_project/airflow_venv/lib/python3.10/site-packages/airflow/example_dags/plugins/workday.py
[2025-05-16T06:37:01.541+0100] {logging_mixin.py:154} INFO - [2025-05-16T06:37:01.541+0100] {workday.py:36} WARNING - Could not import pandas. Holidays will not be considered.
[2025-05-16T06:37:01.541+0100] {processor.py:841} WARNING - No viable dags retrieved from /Users/saber/airflow_project/airflow_venv/lib/python3.10/site-packages/airflow/example_dags/plugins/workday.py
[2025-05-16T06:37:01.576+0100] {processor.py:179} INFO - Processing /Users/saber/airflow_project/airflow_venv/lib/python3.10/site-packages/airflow/example_dags/plugins/workday.py took 0.036 seconds
[2025-05-16T06:37:14.778+0100] {processor.py:157} INFO - Started process (PID=8723) to work on /Users/saber/airflow_project/airflow_venv/lib/python3.10/site-packages/airflow/example_dags/plugins/workday.py
[2025-05-16T06:37:14.779+0100] {processor.py:829} INFO - Processing file /Users/saber/airflow_project/airflow_venv/lib/python3.10/site-packages/airflow/example_dags/plugins/workday.py for tasks to queue
[2025-05-16T06:37:14.779+0100] {logging_mixin.py:154} INFO - [2025-05-16T06:37:14.779+0100] {dagbag.py:536} INFO - Filling up the DagBag from /Users/saber/airflow_project/airflow_venv/lib/python3.10/site-packages/airflow/example_dags/plugins/workday.py
[2025-05-16T06:37:14.780+0100] {logging_mixin.py:154} INFO - [2025-05-16T06:37:14.779+0100] {workday.py:36} WARNING - Could not import pandas. Holidays will not be considered.
[2025-05-16T06:37:14.780+0100] {processor.py:841} WARNING - No viable dags retrieved from /Users/saber/airflow_project/airflow_venv/lib/python3.10/site-packages/airflow/example_dags/plugins/workday.py
[2025-05-16T06:37:14.813+0100] {processor.py:179} INFO - Processing /Users/saber/airflow_project/airflow_venv/lib/python3.10/site-packages/airflow/example_dags/plugins/workday.py took 0.035 seconds
[2025-05-16T06:38:18.408+0100] {processor.py:157} INFO - Started process (PID=8774) to work on /Users/saber/airflow_project/airflow_venv/lib/python3.10/site-packages/airflow/example_dags/plugins/workday.py
[2025-05-16T06:38:18.408+0100] {processor.py:829} INFO - Processing file /Users/saber/airflow_project/airflow_venv/lib/python3.10/site-packages/airflow/example_dags/plugins/workday.py for tasks to queue
[2025-05-16T06:38:18.409+0100] {logging_mixin.py:154} INFO - [2025-05-16T06:38:18.409+0100] {dagbag.py:536} INFO - Filling up the DagBag from /Users/saber/airflow_project/airflow_venv/lib/python3.10/site-packages/airflow/example_dags/plugins/workday.py
[2025-05-16T06:38:18.409+0100] {logging_mixin.py:154} INFO - [2025-05-16T06:38:18.409+0100] {workday.py:36} WARNING - Could not import pandas. Holidays will not be considered.
[2025-05-16T06:38:18.409+0100] {processor.py:841} WARNING - No viable dags retrieved from /Users/saber/airflow_project/airflow_venv/lib/python3.10/site-packages/airflow/example_dags/plugins/workday.py
[2025-05-16T06:38:18.444+0100] {processor.py:179} INFO - Processing /Users/saber/airflow_project/airflow_venv/lib/python3.10/site-packages/airflow/example_dags/plugins/workday.py took 0.037 seconds
[2025-05-16T06:39:15.128+0100] {processor.py:157} INFO - Started process (PID=8828) to work on /Users/saber/airflow_project/airflow_venv/lib/python3.10/site-packages/airflow/example_dags/plugins/workday.py
[2025-05-16T06:39:15.128+0100] {processor.py:829} INFO - Processing file /Users/saber/airflow_project/airflow_venv/lib/python3.10/site-packages/airflow/example_dags/plugins/workday.py for tasks to queue
[2025-05-16T06:39:15.129+0100] {logging_mixin.py:154} INFO - [2025-05-16T06:39:15.129+0100] {dagbag.py:536} INFO - Filling up the DagBag from /Users/saber/airflow_project/airflow_venv/lib/python3.10/site-packages/airflow/example_dags/plugins/workday.py
[2025-05-16T06:39:15.129+0100] {logging_mixin.py:154} INFO - [2025-05-16T06:39:15.129+0100] {workday.py:36} WARNING - Could not import pandas. Holidays will not be considered.
[2025-05-16T06:39:15.129+0100] {processor.py:841} WARNING - No viable dags retrieved from /Users/saber/airflow_project/airflow_venv/lib/python3.10/site-packages/airflow/example_dags/plugins/workday.py
[2025-05-16T06:39:15.163+0100] {processor.py:179} INFO - Processing /Users/saber/airflow_project/airflow_venv/lib/python3.10/site-packages/airflow/example_dags/plugins/workday.py took 0.035 seconds
[2025-05-16T06:40:09.692+0100] {processor.py:157} INFO - Started process (PID=8889) to work on /Users/saber/airflow_project/airflow_venv/lib/python3.10/site-packages/airflow/example_dags/plugins/workday.py
[2025-05-16T06:40:09.693+0100] {processor.py:829} INFO - Processing file /Users/saber/airflow_project/airflow_venv/lib/python3.10/site-packages/airflow/example_dags/plugins/workday.py for tasks to queue
[2025-05-16T06:40:09.693+0100] {logging_mixin.py:154} INFO - [2025-05-16T06:40:09.693+0100] {dagbag.py:536} INFO - Filling up the DagBag from /Users/saber/airflow_project/airflow_venv/lib/python3.10/site-packages/airflow/example_dags/plugins/workday.py
[2025-05-16T06:40:09.694+0100] {logging_mixin.py:154} INFO - [2025-05-16T06:40:09.694+0100] {workday.py:36} WARNING - Could not import pandas. Holidays will not be considered.
[2025-05-16T06:40:09.694+0100] {processor.py:841} WARNING - No viable dags retrieved from /Users/saber/airflow_project/airflow_venv/lib/python3.10/site-packages/airflow/example_dags/plugins/workday.py
[2025-05-16T06:40:09.727+0100] {processor.py:179} INFO - Processing /Users/saber/airflow_project/airflow_venv/lib/python3.10/site-packages/airflow/example_dags/plugins/workday.py took 0.035 seconds
[2025-05-16T06:41:07.444+0100] {processor.py:157} INFO - Started process (PID=8937) to work on /Users/saber/airflow_project/airflow_venv/lib/python3.10/site-packages/airflow/example_dags/plugins/workday.py
[2025-05-16T06:41:07.445+0100] {processor.py:829} INFO - Processing file /Users/saber/airflow_project/airflow_venv/lib/python3.10/site-packages/airflow/example_dags/plugins/workday.py for tasks to queue
[2025-05-16T06:41:07.445+0100] {logging_mixin.py:154} INFO - [2025-05-16T06:41:07.445+0100] {dagbag.py:536} INFO - Filling up the DagBag from /Users/saber/airflow_project/airflow_venv/lib/python3.10/site-packages/airflow/example_dags/plugins/workday.py
[2025-05-16T06:41:07.446+0100] {logging_mixin.py:154} INFO - [2025-05-16T06:41:07.446+0100] {workday.py:36} WARNING - Could not import pandas. Holidays will not be considered.
[2025-05-16T06:41:07.446+0100] {processor.py:841} WARNING - No viable dags retrieved from /Users/saber/airflow_project/airflow_venv/lib/python3.10/site-packages/airflow/example_dags/plugins/workday.py
[2025-05-16T06:41:07.479+0100] {processor.py:179} INFO - Processing /Users/saber/airflow_project/airflow_venv/lib/python3.10/site-packages/airflow/example_dags/plugins/workday.py took 0.035 seconds
[2025-05-16T06:42:08.665+0100] {processor.py:157} INFO - Started process (PID=8990) to work on /Users/saber/airflow_project/airflow_venv/lib/python3.10/site-packages/airflow/example_dags/plugins/workday.py
[2025-05-16T06:42:08.665+0100] {processor.py:829} INFO - Processing file /Users/saber/airflow_project/airflow_venv/lib/python3.10/site-packages/airflow/example_dags/plugins/workday.py for tasks to queue
[2025-05-16T06:42:08.666+0100] {logging_mixin.py:154} INFO - [2025-05-16T06:42:08.666+0100] {dagbag.py:536} INFO - Filling up the DagBag from /Users/saber/airflow_project/airflow_venv/lib/python3.10/site-packages/airflow/example_dags/plugins/workday.py
[2025-05-16T06:42:08.666+0100] {logging_mixin.py:154} INFO - [2025-05-16T06:42:08.666+0100] {workday.py:36} WARNING - Could not import pandas. Holidays will not be considered.
[2025-05-16T06:42:08.666+0100] {processor.py:841} WARNING - No viable dags retrieved from /Users/saber/airflow_project/airflow_venv/lib/python3.10/site-packages/airflow/example_dags/plugins/workday.py
[2025-05-16T06:42:08.701+0100] {processor.py:179} INFO - Processing /Users/saber/airflow_project/airflow_venv/lib/python3.10/site-packages/airflow/example_dags/plugins/workday.py took 0.036 seconds
[2025-05-16T06:43:06.388+0100] {processor.py:157} INFO - Started process (PID=9039) to work on /Users/saber/airflow_project/airflow_venv/lib/python3.10/site-packages/airflow/example_dags/plugins/workday.py
[2025-05-16T06:43:06.388+0100] {processor.py:829} INFO - Processing file /Users/saber/airflow_project/airflow_venv/lib/python3.10/site-packages/airflow/example_dags/plugins/workday.py for tasks to queue
[2025-05-16T06:43:06.389+0100] {logging_mixin.py:154} INFO - [2025-05-16T06:43:06.388+0100] {dagbag.py:536} INFO - Filling up the DagBag from /Users/saber/airflow_project/airflow_venv/lib/python3.10/site-packages/airflow/example_dags/plugins/workday.py
[2025-05-16T06:43:06.389+0100] {logging_mixin.py:154} INFO - [2025-05-16T06:43:06.389+0100] {workday.py:36} WARNING - Could not import pandas. Holidays will not be considered.
[2025-05-16T06:43:06.389+0100] {processor.py:841} WARNING - No viable dags retrieved from /Users/saber/airflow_project/airflow_venv/lib/python3.10/site-packages/airflow/example_dags/plugins/workday.py
[2025-05-16T06:43:06.423+0100] {processor.py:179} INFO - Processing /Users/saber/airflow_project/airflow_venv/lib/python3.10/site-packages/airflow/example_dags/plugins/workday.py took 0.035 seconds
[2025-05-16T06:44:02.066+0100] {processor.py:157} INFO - Started process (PID=9095) to work on /Users/saber/airflow_project/airflow_venv/lib/python3.10/site-packages/airflow/example_dags/plugins/workday.py
[2025-05-16T06:44:02.066+0100] {processor.py:829} INFO - Processing file /Users/saber/airflow_project/airflow_venv/lib/python3.10/site-packages/airflow/example_dags/plugins/workday.py for tasks to queue
[2025-05-16T06:44:02.067+0100] {logging_mixin.py:154} INFO - [2025-05-16T06:44:02.067+0100] {dagbag.py:536} INFO - Filling up the DagBag from /Users/saber/airflow_project/airflow_venv/lib/python3.10/site-packages/airflow/example_dags/plugins/workday.py
[2025-05-16T06:44:02.067+0100] {logging_mixin.py:154} INFO - [2025-05-16T06:44:02.067+0100] {workday.py:36} WARNING - Could not import pandas. Holidays will not be considered.
[2025-05-16T06:44:02.067+0100] {processor.py:841} WARNING - No viable dags retrieved from /Users/saber/airflow_project/airflow_venv/lib/python3.10/site-packages/airflow/example_dags/plugins/workday.py
[2025-05-16T06:44:02.101+0100] {processor.py:179} INFO - Processing /Users/saber/airflow_project/airflow_venv/lib/python3.10/site-packages/airflow/example_dags/plugins/workday.py took 0.035 seconds
[2025-05-16T06:45:01.178+0100] {processor.py:157} INFO - Started process (PID=9144) to work on /Users/saber/airflow_project/airflow_venv/lib/python3.10/site-packages/airflow/example_dags/plugins/workday.py
[2025-05-16T06:45:01.178+0100] {processor.py:829} INFO - Processing file /Users/saber/airflow_project/airflow_venv/lib/python3.10/site-packages/airflow/example_dags/plugins/workday.py for tasks to queue
[2025-05-16T06:45:01.178+0100] {logging_mixin.py:154} INFO - [2025-05-16T06:45:01.178+0100] {dagbag.py:536} INFO - Filling up the DagBag from /Users/saber/airflow_project/airflow_venv/lib/python3.10/site-packages/airflow/example_dags/plugins/workday.py
[2025-05-16T06:45:01.179+0100] {logging_mixin.py:154} INFO - [2025-05-16T06:45:01.179+0100] {workday.py:36} WARNING - Could not import pandas. Holidays will not be considered.
[2025-05-16T06:45:01.179+0100] {processor.py:841} WARNING - No viable dags retrieved from /Users/saber/airflow_project/airflow_venv/lib/python3.10/site-packages/airflow/example_dags/plugins/workday.py
[2025-05-16T06:45:01.213+0100] {processor.py:179} INFO - Processing /Users/saber/airflow_project/airflow_venv/lib/python3.10/site-packages/airflow/example_dags/plugins/workday.py took 0.035 seconds
[2025-05-16T06:45:57.622+0100] {processor.py:157} INFO - Started process (PID=9211) to work on /Users/saber/airflow_project/airflow_venv/lib/python3.10/site-packages/airflow/example_dags/plugins/workday.py
[2025-05-16T06:45:57.623+0100] {processor.py:829} INFO - Processing file /Users/saber/airflow_project/airflow_venv/lib/python3.10/site-packages/airflow/example_dags/plugins/workday.py for tasks to queue
[2025-05-16T06:45:57.623+0100] {logging_mixin.py:154} INFO - [2025-05-16T06:45:57.623+0100] {dagbag.py:536} INFO - Filling up the DagBag from /Users/saber/airflow_project/airflow_venv/lib/python3.10/site-packages/airflow/example_dags/plugins/workday.py
[2025-05-16T06:45:57.623+0100] {logging_mixin.py:154} INFO - [2025-05-16T06:45:57.623+0100] {workday.py:36} WARNING - Could not import pandas. Holidays will not be considered.
[2025-05-16T06:45:57.624+0100] {processor.py:841} WARNING - No viable dags retrieved from /Users/saber/airflow_project/airflow_venv/lib/python3.10/site-packages/airflow/example_dags/plugins/workday.py
[2025-05-16T06:45:57.657+0100] {processor.py:179} INFO - Processing /Users/saber/airflow_project/airflow_venv/lib/python3.10/site-packages/airflow/example_dags/plugins/workday.py took 0.035 seconds
[2025-05-16T06:46:57.386+0100] {processor.py:157} INFO - Started process (PID=9260) to work on /Users/saber/airflow_project/airflow_venv/lib/python3.10/site-packages/airflow/example_dags/plugins/workday.py
[2025-05-16T06:46:57.387+0100] {processor.py:829} INFO - Processing file /Users/saber/airflow_project/airflow_venv/lib/python3.10/site-packages/airflow/example_dags/plugins/workday.py for tasks to queue
[2025-05-16T06:46:57.387+0100] {logging_mixin.py:154} INFO - [2025-05-16T06:46:57.387+0100] {dagbag.py:536} INFO - Filling up the DagBag from /Users/saber/airflow_project/airflow_venv/lib/python3.10/site-packages/airflow/example_dags/plugins/workday.py
[2025-05-16T06:46:57.388+0100] {logging_mixin.py:154} INFO - [2025-05-16T06:46:57.388+0100] {workday.py:36} WARNING - Could not import pandas. Holidays will not be considered.
[2025-05-16T06:46:57.388+0100] {processor.py:841} WARNING - No viable dags retrieved from /Users/saber/airflow_project/airflow_venv/lib/python3.10/site-packages/airflow/example_dags/plugins/workday.py
[2025-05-16T06:46:57.424+0100] {processor.py:179} INFO - Processing /Users/saber/airflow_project/airflow_venv/lib/python3.10/site-packages/airflow/example_dags/plugins/workday.py took 0.038 seconds
[2025-05-16T06:47:55.093+0100] {processor.py:157} INFO - Started process (PID=9309) to work on /Users/saber/airflow_project/airflow_venv/lib/python3.10/site-packages/airflow/example_dags/plugins/workday.py
[2025-05-16T06:47:55.093+0100] {processor.py:829} INFO - Processing file /Users/saber/airflow_project/airflow_venv/lib/python3.10/site-packages/airflow/example_dags/plugins/workday.py for tasks to queue
[2025-05-16T06:47:55.094+0100] {logging_mixin.py:154} INFO - [2025-05-16T06:47:55.094+0100] {dagbag.py:536} INFO - Filling up the DagBag from /Users/saber/airflow_project/airflow_venv/lib/python3.10/site-packages/airflow/example_dags/plugins/workday.py
[2025-05-16T06:47:55.094+0100] {logging_mixin.py:154} INFO - [2025-05-16T06:47:55.094+0100] {workday.py:36} WARNING - Could not import pandas. Holidays will not be considered.
[2025-05-16T06:47:55.094+0100] {processor.py:841} WARNING - No viable dags retrieved from /Users/saber/airflow_project/airflow_venv/lib/python3.10/site-packages/airflow/example_dags/plugins/workday.py
[2025-05-16T06:47:55.128+0100] {processor.py:179} INFO - Processing /Users/saber/airflow_project/airflow_venv/lib/python3.10/site-packages/airflow/example_dags/plugins/workday.py took 0.035 seconds
[2025-05-16T06:48:50.453+0100] {processor.py:157} INFO - Started process (PID=9356) to work on /Users/saber/airflow_project/airflow_venv/lib/python3.10/site-packages/airflow/example_dags/plugins/workday.py
[2025-05-16T06:48:50.453+0100] {processor.py:829} INFO - Processing file /Users/saber/airflow_project/airflow_venv/lib/python3.10/site-packages/airflow/example_dags/plugins/workday.py for tasks to queue
[2025-05-16T06:48:50.454+0100] {logging_mixin.py:154} INFO - [2025-05-16T06:48:50.453+0100] {dagbag.py:536} INFO - Filling up the DagBag from /Users/saber/airflow_project/airflow_venv/lib/python3.10/site-packages/airflow/example_dags/plugins/workday.py
[2025-05-16T06:48:50.454+0100] {logging_mixin.py:154} INFO - [2025-05-16T06:48:50.454+0100] {workday.py:36} WARNING - Could not import pandas. Holidays will not be considered.
[2025-05-16T06:48:50.454+0100] {processor.py:841} WARNING - No viable dags retrieved from /Users/saber/airflow_project/airflow_venv/lib/python3.10/site-packages/airflow/example_dags/plugins/workday.py
[2025-05-16T06:48:50.488+0100] {processor.py:179} INFO - Processing /Users/saber/airflow_project/airflow_venv/lib/python3.10/site-packages/airflow/example_dags/plugins/workday.py took 0.036 seconds
[2025-05-16T06:49:50.025+0100] {processor.py:157} INFO - Started process (PID=9407) to work on /Users/saber/airflow_project/airflow_venv/lib/python3.10/site-packages/airflow/example_dags/plugins/workday.py
[2025-05-16T06:49:50.025+0100] {processor.py:829} INFO - Processing file /Users/saber/airflow_project/airflow_venv/lib/python3.10/site-packages/airflow/example_dags/plugins/workday.py for tasks to queue
[2025-05-16T06:49:50.026+0100] {logging_mixin.py:154} INFO - [2025-05-16T06:49:50.026+0100] {dagbag.py:536} INFO - Filling up the DagBag from /Users/saber/airflow_project/airflow_venv/lib/python3.10/site-packages/airflow/example_dags/plugins/workday.py
[2025-05-16T06:49:50.026+0100] {logging_mixin.py:154} INFO - [2025-05-16T06:49:50.026+0100] {workday.py:36} WARNING - Could not import pandas. Holidays will not be considered.
[2025-05-16T06:49:50.026+0100] {processor.py:841} WARNING - No viable dags retrieved from /Users/saber/airflow_project/airflow_venv/lib/python3.10/site-packages/airflow/example_dags/plugins/workday.py
[2025-05-16T06:49:50.060+0100] {processor.py:179} INFO - Processing /Users/saber/airflow_project/airflow_venv/lib/python3.10/site-packages/airflow/example_dags/plugins/workday.py took 0.035 seconds
[2025-05-16T06:50:48.795+0100] {processor.py:157} INFO - Started process (PID=9464) to work on /Users/saber/airflow_project/airflow_venv/lib/python3.10/site-packages/airflow/example_dags/plugins/workday.py
[2025-05-16T06:50:48.795+0100] {processor.py:829} INFO - Processing file /Users/saber/airflow_project/airflow_venv/lib/python3.10/site-packages/airflow/example_dags/plugins/workday.py for tasks to queue
[2025-05-16T06:50:48.796+0100] {logging_mixin.py:154} INFO - [2025-05-16T06:50:48.796+0100] {dagbag.py:536} INFO - Filling up the DagBag from /Users/saber/airflow_project/airflow_venv/lib/python3.10/site-packages/airflow/example_dags/plugins/workday.py
[2025-05-16T06:50:48.796+0100] {logging_mixin.py:154} INFO - [2025-05-16T06:50:48.796+0100] {workday.py:36} WARNING - Could not import pandas. Holidays will not be considered.
[2025-05-16T06:50:48.796+0100] {processor.py:841} WARNING - No viable dags retrieved from /Users/saber/airflow_project/airflow_venv/lib/python3.10/site-packages/airflow/example_dags/plugins/workday.py
[2025-05-16T06:50:48.830+0100] {processor.py:179} INFO - Processing /Users/saber/airflow_project/airflow_venv/lib/python3.10/site-packages/airflow/example_dags/plugins/workday.py took 0.036 seconds
